In file included from [01m[K/home/matylda-hayne/mtrx3760_p2/MTRX3760_PROJECT_2/ros2_ws/src/battery/src/battery_node.cpp:1[m[K:
[01m[K/home/matylda-hayne/mtrx3760_p2/MTRX3760_PROJECT_2/ros2_ws/src/battery/include/battery/battery_node.h:11:10:[m[K [01;31m[Kfatal error: [m[Kshared_interfaces/srv/charging.hpp: No such file or directory
   11 | #include [01;31m[K"shared_interfaces/srv/charging.hpp"[m[K
      |          [01;31m[K^~~~~~~~~~~~~~~~~~~~~~~~~~~~~~~~~~~~[m[K
compilation terminated.
gmake[2]: *** [CMakeFiles/battery_node.dir/build.make:76: CMakeFiles/battery_node.dir/src/battery_node.cpp.o] Error 1
gmake[1]: *** [CMakeFiles/Makefile2:137: CMakeFiles/battery_node.dir/all] Error 2
gmake: *** [Makefile:146: all] Error 2
