-- The C compiler identification is GNU 13.3.0
-- The CXX compiler identification is GNU 13.3.0
-- Detecting C compiler ABI info
-- Detecting C compiler ABI info - done
-- Check for working C compiler: /usr/bin/cc - skipped
-- Detecting C compile features
-- Detecting C compile features - done
-- Detecting CXX compiler ABI info
-- Detecting CXX compiler ABI info - done
-- Check for working CXX compiler: /usr/bin/c++ - skipped
-- Detecting CXX compile features
-- Detecting CXX compile features - done
-- Found ament_cmake: 2.5.4 (/opt/ros/jazzy/share/ament_cmake/cmake)
-- Found Python3: /usr/bin/python3 (found version "3.12.3") found components: Interpreter 
-- Found rclcpp: 28.1.11 (/opt/ros/jazzy/share/rclcpp/cmake)
-- Found rosidl_generator_c: 4.6.6 (/opt/ros/jazzy/share/rosidl_generator_c/cmake)
-- Found rosidl_generator_cpp: 4.6.6 (/opt/ros/jazzy/share/rosidl_generator_cpp/cmake)
-- Using all available rosidl_typesupport_c: rosidl_typesupport_fastrtps_c;rosidl_typesupport_introspection_c
-- Using all available rosidl_typesupport_cpp: rosidl_typesupport_fastrtps_cpp;rosidl_typesupport_introspection_cpp
-- Found rmw_implementation_cmake: 7.3.2 (/opt/ros/jazzy/share/rmw_implementation_cmake/cmake)
-- Found rmw_fastrtps_cpp: 8.4.3 (/opt/ros/jazzy/share/rmw_fastrtps_cpp/cmake)
-- Found OpenSSL: /usr/lib/x86_64-linux-gnu/libcrypto.so (found version "3.0.13")  
-- Found FastRTPS: /opt/ros/jazzy/include (Required is at least version "2.13") 
-- Using RMW implementation 'rmw_fastrtps_cpp' as default
-- Found rclcpp_action: 28.1.11 (/opt/ros/jazzy/share/rclcpp_action/cmake)
-- Found nav2_msgs: 1.3.7 (/opt/ros/jazzy/share/nav2_msgs/cmake)
-- Found tf2: 0.36.14 (/opt/ros/jazzy/share/tf2/cmake)
-- Found tf2_geometry_msgs: 0.36.14 (/opt/ros/jazzy/share/tf2_geometry_msgs/cmake)
-- Found eigen3_cmake_module: 0.3.0 (/opt/ros/jazzy/share/eigen3_cmake_module/cmake)
-- Found Eigen3: TRUE (found version "3.4.0") 
-- Ensuring Eigen3 include directory is part of orocos-kdl CMake target
-- Configuring done (1.3s)
-- Generating done (0.0s)
-- Build files have been written to: /home/matylda-hayne/mtrx3760_p2/MTRX3760_PROJECT_2/ros2_ws/src/build/navigation
[ 28%] [32mBuilding CXX object CMakeFiles/navigator.dir/src/navigation_node.cpp.o[0m
[ 57%] [32mBuilding CXX object CMakeFiles/navigator.dir/src/exploration/frontier_selector.cpp.o[0m
[ 57%] [32mBuilding CXX object CMakeFiles/navigator.dir/src/exploration/frontier_clusterer.cpp.o[0m
[ 85%] [32mBuilding CXX object CMakeFiles/navigator.dir/src/modes/explore_mode.cpp.o[0m
[ 85%] [32mBuilding CXX object CMakeFiles/navigator.dir/src/exploration/frontier_detector.cpp.o[0m
[ 28%] [32mBuilding CXX object CMakeFiles/navigator.dir/src/main.cpp.o[0m
[01m[K/home/matylda-hayne/mtrx3760_p2/MTRX3760_PROJECT_2/ros2_ws/src/navigation/src/navigation_node.cpp:[m[K In constructor â€˜[01m[KNavigator::[01;32m[KNavigator[m[K()[m[Kâ€™:
[01m[K/home/matylda-hayne/mtrx3760_p2/MTRX3760_PROJECT_2/ros2_ws/src/navigation/src/navigation_node.cpp:27:41:[m[K [01;31m[Kerror: [m[Kâ€˜[01m[KGoToPointMode[m[Kâ€™ was not declared in this scope
   27 |         current_mode = std::make_unique<[01;31m[KGoToPointMode[m[K>(this);
      |                                         [01;31m[K^~~~~~~~~~~~~[m[K
[01m[K/home/matylda-hayne/mtrx3760_p2/MTRX3760_PROJECT_2/ros2_ws/src/navigation/src/navigation_node.cpp:27:55:[m[K [01;31m[Kerror: [m[Kno matching function for call to â€˜[01m[Kmake_unique<<expression error> >(Navigator*)[m[Kâ€™
   27 |         current_mode = [01;31m[Kstd::make_unique<GoToPointMode>(this)[m[K;
      |                        [01;31m[K~~~~~~~~~~~~~~~~~~~~~~~~~~~~~~~^~~~~~[m[K
In file included from [01m[K/usr/include/c++/13/memory:78[m[K,
                 from [01m[K/opt/ros/jazzy/include/rclcpp/rclcpp/rclcpp.hpp:169[m[K,
                 from [01m[K/home/matylda-hayne/mtrx3760_p2/MTRX3760_PROJECT_2/ros2_ws/src/navigation/include/navigation/navigation_node.hpp:16[m[K,
                 from [01m[K/home/matylda-hayne/mtrx3760_p2/MTRX3760_PROJECT_2/ros2_ws/src/navigation/src/navigation_node.cpp:1[m[K:
[01m[K/usr/include/c++/13/bits/unique_ptr.h:1069:5:[m[K [01;36m[Knote: [m[Kcandidate: â€˜[01m[Ktemplate<class _Tp, class ... _Args> std::__detail::__unique_ptr_t<_Tp> std::[01;32m[Kmake_unique[m[K(_Args&& ...)[m[Kâ€™
 1069 |     [01;36m[Kmake_unique[m[K(_Args&&... __args)
      |     [01;36m[K^~~~~~~~~~~[m[K
[01m[K/usr/include/c++/13/bits/unique_ptr.h:1069:5:[m[K [01;36m[Knote: [m[K  template argument deduction/substitution failed:
[01m[K/home/matylda-hayne/mtrx3760_p2/MTRX3760_PROJECT_2/ros2_ws/src/navigation/src/navigation_node.cpp:27:55:[m[K [01;31m[Kerror: [m[Ktemplate argument 1 is invalid
   27 |         current_mode = [01;31m[Kstd::make_unique<GoToPointMode>(this)[m[K;
      |                        [01;31m[K~~~~~~~~~~~~~~~~~~~~~~~~~~~~~~~^~~~~~[m[K
[01m[K/usr/include/c++/13/bits/unique_ptr.h:1084:5:[m[K [01;36m[Knote: [m[Kcandidate: â€˜[01m[Ktemplate<class _Tp> std::__detail::__unique_ptr_array_t<_Tp> std::[01;32m[Kmake_unique[m[K(size_t)[m[Kâ€™
 1084 |     [01;36m[Kmake_unique[m[K(size_t __num)
      |     [01;36m[K^~~~~~~~~~~[m[K
[01m[K/usr/include/c++/13/bits/unique_ptr.h:1084:5:[m[K [01;36m[Knote: [m[K  template argument deduction/substitution failed:
[01m[K/home/matylda-hayne/mtrx3760_p2/MTRX3760_PROJECT_2/ros2_ws/src/navigation/src/navigation_node.cpp:27:55:[m[K [01;31m[Kerror: [m[Ktemplate argument 1 is invalid
   27 |         current_mode = [01;31m[Kstd::make_unique<GoToPointMode>(this)[m[K;
      |                        [01;31m[K~~~~~~~~~~~~~~~~~~~~~~~~~~~~~~~^~~~~~[m[K
[01m[K/usr/include/c++/13/bits/unique_ptr.h:1094:5:[m[K [01;36m[Knote: [m[Kcandidate: â€˜[01m[Ktemplate<class _Tp, class ... _Args> std::__detail::__invalid_make_unique_t<_Tp> std::[01;32m[Kmake_unique[m[K(_Args&& ...)[m[Kâ€™ (deleted)
 1094 |     [01;36m[Kmake_unique[m[K(_Args&&...) = delete;
      |     [01;36m[K^~~~~~~~~~~[m[K
[01m[K/usr/include/c++/13/bits/unique_ptr.h:1094:5:[m[K [01;36m[Knote: [m[K  template argument deduction/substitution failed:
[01m[K/home/matylda-hayne/mtrx3760_p2/MTRX3760_PROJECT_2/ros2_ws/src/navigation/src/navigation_node.cpp:27:55:[m[K [01;31m[Kerror: [m[Ktemplate argument 1 is invalid
   27 |         current_mode = [01;31m[Kstd::make_unique<GoToPointMode>(this)[m[K;
      |                        [01;31m[K~~~~~~~~~~~~~~~~~~~~~~~~~~~~~~~^~~~~~[m[K
[01m[K/home/matylda-hayne/mtrx3760_p2/MTRX3760_PROJECT_2/ros2_ws/src/navigation/src/navigation_node.cpp:29:53:[m[K [01;31m[Kerror: [m[Kcannot convert â€˜[01m[Kstd::__detail::__unique_ptr_t<ExploreMode>[m[Kâ€™ to â€˜[01m[KExploreMode*[m[Kâ€™ in assignment
   29 |         current_mode = [01;31m[Kstd::make_unique<ExploreMode>(this)[m[K;
      |                        [01;31m[K~~~~~~~~~~~~~~~~~~~~~~~~~~~~~^~~~~~[m[K
      |                                                     [01;31m[K|[m[K
      |                                                     [01;31m[Kstd::__detail::__unique_ptr_t<ExploreMode>[m[K
[01m[K/home/matylda-hayne/mtrx3760_p2/MTRX3760_PROJECT_2/ros2_ws/src/navigation/src/navigation_node.cpp:37:5:[m[K [01;31m[Kerror: [m[Kâ€˜[01m[Knav_mode_srv_[m[Kâ€™ was not declared in this scope
   37 |     [01;31m[Knav_mode_srv_[m[K = this->create_service<shared_interfaces::srv::NavigationMode>(
      |     [01;31m[K^~~~~~~~~~~~~[m[K
[01m[K/home/matylda-hayne/mtrx3760_p2/MTRX3760_PROJECT_2/ros2_ws/src/navigation/src/navigation_node.cpp:37:42:[m[K [01;31m[Kerror: [m[Kâ€˜[01m[Kshared_interfaces[m[Kâ€™ was not declared in this scope; did you mean â€˜[01m[Krcl_interfaces[m[Kâ€™?
   37 |     nav_mode_srv_ = this->create_service<[01;31m[Kshared_interfaces[m[K::srv::NavigationMode>(
      |                                          [01;31m[K^~~~~~~~~~~~~~~~~[m[K
      |                                          [32m[Krcl_interfaces[m[K
[01m[K/home/matylda-hayne/mtrx3760_p2/MTRX3760_PROJECT_2/ros2_ws/src/navigation/src/navigation_node.cpp:37:27:[m[K [01;31m[Kerror: [m[Kparse error in template argument list
   37 |     nav_mode_srv_ = this->[01;31m[Kcreate_service<shared_interfaces::srv::NavigationMode>[m[K(
      |                           [01;31m[K^~~~~~~~~~~~~~~~~~~~~~~~~~~~~~~~~~~~~~~~~~~~~~~~~~~~~~[m[K
[01m[K/home/matylda-hayne/mtrx3760_p2/MTRX3760_PROJECT_2/ros2_ws/src/navigation/src/navigation_node.cpp:39:31:[m[K [01;31m[Kerror: [m[Kâ€˜[01m[KgoalServiceCallback[m[Kâ€™ is not a member of â€˜[01m[KNavigator[m[Kâ€™
   39 |         std::bind(&Navigator::[01;31m[KgoalServiceCallback[m[K, this,
      |                               [01;31m[K^~~~~~~~~~~~~~~~~~~[m[K
gmake[2]: *** [CMakeFiles/navigator.dir/build.make:90: CMakeFiles/navigator.dir/src/navigation_node.cpp.o] Error 1
gmake[1]: *** [CMakeFiles/Makefile2:137: CMakeFiles/navigator.dir/all] Error 2
gmake: *** [Makefile:146: all] Error 2
