[0.012s] Invoking command in '/home/matylda-hayne/mtrx3760_p2/MTRX3760_PROJECT_2/ros2_ws/src/build/navigation': CMAKE_PREFIX_PATH=${CMAKE_PREFIX_PATH}:/home/matylda-hayne/turtlebot3_ws/install/turtlebot3_teleop:/home/matylda-hayne/turtlebot3_ws/install/turtlebot3_example:/opt/ros/jazzy DEBUGINFOD_URLS=https://debuginfod.ubuntu.com /usr/bin/cmake /home/matylda-hayne/mtrx3760_p2/MTRX3760_PROJECT_2/ros2_ws/src/navigation -DCMAKE_INSTALL_PREFIX=/home/matylda-hayne/mtrx3760_p2/MTRX3760_PROJECT_2/ros2_ws/src/install/navigation
[0.056s] -- The C compiler identification is GNU 13.3.0
[0.096s] -- The CXX compiler identification is GNU 13.3.0
[0.110s] -- Detecting C compiler ABI info
[0.195s] -- Detecting C compiler ABI info - done
[0.201s] -- Check for working C compiler: /usr/bin/cc - skipped
[0.201s] -- Detecting C compile features
[0.201s] -- Detecting C compile features - done
[0.210s] -- Detecting CXX compiler ABI info
[0.292s] -- Detecting CXX compiler ABI info - done
[0.299s] -- Check for working CXX compiler: /usr/bin/c++ - skipped
[0.299s] -- Detecting CXX compile features
[0.300s] -- Detecting CXX compile features - done
[0.304s] -- Found ament_cmake: 2.5.4 (/opt/ros/jazzy/share/ament_cmake/cmake)
[0.439s] -- Found Python3: /usr/bin/python3 (found version "3.12.3") found components: Interpreter 
[0.546s] -- Found rclcpp: 28.1.11 (/opt/ros/jazzy/share/rclcpp/cmake)
[0.586s] -- Found rosidl_generator_c: 4.6.6 (/opt/ros/jazzy/share/rosidl_generator_c/cmake)
[0.599s] -- Found rosidl_generator_cpp: 4.6.6 (/opt/ros/jazzy/share/rosidl_generator_cpp/cmake)
[0.618s] -- Using all available rosidl_typesupport_c: rosidl_typesupport_fastrtps_c;rosidl_typesupport_introspection_c
[0.640s] -- Using all available rosidl_typesupport_cpp: rosidl_typesupport_fastrtps_cpp;rosidl_typesupport_introspection_cpp
[0.714s] -- Found rmw_implementation_cmake: 7.3.2 (/opt/ros/jazzy/share/rmw_implementation_cmake/cmake)
[0.718s] -- Found rmw_fastrtps_cpp: 8.4.3 (/opt/ros/jazzy/share/rmw_fastrtps_cpp/cmake)
[0.803s] -- Found OpenSSL: /usr/lib/x86_64-linux-gnu/libcrypto.so (found version "3.0.13")  
[0.831s] -- Found FastRTPS: /opt/ros/jazzy/include (Required is at least version "2.13") 
[0.856s] -- Using RMW implementation 'rmw_fastrtps_cpp' as default
[0.937s] -- Found rclcpp_action: 28.1.11 (/opt/ros/jazzy/share/rclcpp_action/cmake)
[0.974s] -- Found nav2_msgs: 1.3.7 (/opt/ros/jazzy/share/nav2_msgs/cmake)
[1.155s] -- Found tf2: 0.36.14 (/opt/ros/jazzy/share/tf2/cmake)
[1.162s] -- Found tf2_geometry_msgs: 0.36.14 (/opt/ros/jazzy/share/tf2_geometry_msgs/cmake)
[1.183s] -- Found eigen3_cmake_module: 0.3.0 (/opt/ros/jazzy/share/eigen3_cmake_module/cmake)
[1.184s] -- Found Eigen3: TRUE (found version "3.4.0") 
[1.185s] -- Ensuring Eigen3 include directory is part of orocos-kdl CMake target
[1.348s] -- Configuring done (1.3s)
[1.360s] -- Generating done (0.0s)
[1.363s] -- Build files have been written to: /home/matylda-hayne/mtrx3760_p2/MTRX3760_PROJECT_2/ros2_ws/src/build/navigation
[1.371s] Invoked command in '/home/matylda-hayne/mtrx3760_p2/MTRX3760_PROJECT_2/ros2_ws/src/build/navigation' returned '0': CMAKE_PREFIX_PATH=${CMAKE_PREFIX_PATH}:/home/matylda-hayne/turtlebot3_ws/install/turtlebot3_teleop:/home/matylda-hayne/turtlebot3_ws/install/turtlebot3_example:/opt/ros/jazzy DEBUGINFOD_URLS=https://debuginfod.ubuntu.com /usr/bin/cmake /home/matylda-hayne/mtrx3760_p2/MTRX3760_PROJECT_2/ros2_ws/src/navigation -DCMAKE_INSTALL_PREFIX=/home/matylda-hayne/mtrx3760_p2/MTRX3760_PROJECT_2/ros2_ws/src/install/navigation
[1.372s] Invoking command in '/home/matylda-hayne/mtrx3760_p2/MTRX3760_PROJECT_2/ros2_ws/src/build/navigation': CMAKE_PREFIX_PATH=${CMAKE_PREFIX_PATH}:/home/matylda-hayne/turtlebot3_ws/install/turtlebot3_teleop:/home/matylda-hayne/turtlebot3_ws/install/turtlebot3_example:/opt/ros/jazzy DEBUGINFOD_URLS=https://debuginfod.ubuntu.com /usr/bin/cmake --build /home/matylda-hayne/mtrx3760_p2/MTRX3760_PROJECT_2/ros2_ws/src/build/navigation -- -j20 -l20
[1.423s] [ 28%] [32mBuilding CXX object CMakeFiles/navigator.dir/src/navigation_node.cpp.o[0m
[1.423s] [ 57%] [32mBuilding CXX object CMakeFiles/navigator.dir/src/exploration/frontier_selector.cpp.o[0m
[1.423s] [ 57%] [32mBuilding CXX object CMakeFiles/navigator.dir/src/exploration/frontier_clusterer.cpp.o[0m
[1.424s] [ 85%] [32mBuilding CXX object CMakeFiles/navigator.dir/src/modes/explore_mode.cpp.o[0m
[1.424s] [ 85%] [32mBuilding CXX object CMakeFiles/navigator.dir/src/exploration/frontier_detector.cpp.o[0m
[1.425s] [ 28%] [32mBuilding CXX object CMakeFiles/navigator.dir/src/main.cpp.o[0m
[3.206s] [01m[K/home/matylda-hayne/mtrx3760_p2/MTRX3760_PROJECT_2/ros2_ws/src/navigation/src/navigation_node.cpp:[m[K In constructor â€˜[01m[KNavigator::[01;32m[KNavigator[m[K()[m[Kâ€™:
[3.206s] [01m[K/home/matylda-hayne/mtrx3760_p2/MTRX3760_PROJECT_2/ros2_ws/src/navigation/src/navigation_node.cpp:27:41:[m[K [01;31m[Kerror: [m[Kâ€˜[01m[KGoToPointMode[m[Kâ€™ was not declared in this scope
[3.206s]    27 |         current_mode = std::make_unique<[01;31m[KGoToPointMode[m[K>(this);
[3.206s]       |                                         [01;31m[K^~~~~~~~~~~~~[m[K
[3.206s] [01m[K/home/matylda-hayne/mtrx3760_p2/MTRX3760_PROJECT_2/ros2_ws/src/navigation/src/navigation_node.cpp:27:55:[m[K [01;31m[Kerror: [m[Kno matching function for call to â€˜[01m[Kmake_unique<<expression error> >(Navigator*)[m[Kâ€™
[3.206s]    27 |         current_mode = [01;31m[Kstd::make_unique<GoToPointMode>(this)[m[K;
[3.206s]       |                        [01;31m[K~~~~~~~~~~~~~~~~~~~~~~~~~~~~~~~^~~~~~[m[K
[3.207s] In file included from [01m[K/usr/include/c++/13/memory:78[m[K,
[3.207s]                  from [01m[K/opt/ros/jazzy/include/rclcpp/rclcpp/rclcpp.hpp:169[m[K,
[3.207s]                  from [01m[K/home/matylda-hayne/mtrx3760_p2/MTRX3760_PROJECT_2/ros2_ws/src/navigation/include/navigation/navigation_node.hpp:16[m[K,
[3.207s]                  from [01m[K/home/matylda-hayne/mtrx3760_p2/MTRX3760_PROJECT_2/ros2_ws/src/navigation/src/navigation_node.cpp:1[m[K:
[3.207s] [01m[K/usr/include/c++/13/bits/unique_ptr.h:1069:5:[m[K [01;36m[Knote: [m[Kcandidate: â€˜[01m[Ktemplate<class _Tp, class ... _Args> std::__detail::__unique_ptr_t<_Tp> std::[01;32m[Kmake_unique[m[K(_Args&& ...)[m[Kâ€™
[3.207s]  1069 |     [01;36m[Kmake_unique[m[K(_Args&&... __args)
[3.207s]       |     [01;36m[K^~~~~~~~~~~[m[K
[3.207s] [01m[K/usr/include/c++/13/bits/unique_ptr.h:1069:5:[m[K [01;36m[Knote: [m[K  template argument deduction/substitution failed:
[3.207s] [01m[K/home/matylda-hayne/mtrx3760_p2/MTRX3760_PROJECT_2/ros2_ws/src/navigation/src/navigation_node.cpp:27:55:[m[K [01;31m[Kerror: [m[Ktemplate argument 1 is invalid
[3.207s]    27 |         current_mode = [01;31m[Kstd::make_unique<GoToPointMode>(this)[m[K;
[3.207s]       |                        [01;31m[K~~~~~~~~~~~~~~~~~~~~~~~~~~~~~~~^~~~~~[m[K
[3.207s] [01m[K/usr/include/c++/13/bits/unique_ptr.h:1084:5:[m[K [01;36m[Knote: [m[Kcandidate: â€˜[01m[Ktemplate<class _Tp> std::__detail::__unique_ptr_array_t<_Tp> std::[01;32m[Kmake_unique[m[K(size_t)[m[Kâ€™
[3.208s]  1084 |     [01;36m[Kmake_unique[m[K(size_t __num)
[3.208s]       |     [01;36m[K^~~~~~~~~~~[m[K
[3.208s] [01m[K/usr/include/c++/13/bits/unique_ptr.h:1084:5:[m[K [01;36m[Knote: [m[K  template argument deduction/substitution failed:
[3.208s] [01m[K/home/matylda-hayne/mtrx3760_p2/MTRX3760_PROJECT_2/ros2_ws/src/navigation/src/navigation_node.cpp:27:55:[m[K [01;31m[Kerror: [m[Ktemplate argument 1 is invalid
[3.208s]    27 |         current_mode = [01;31m[Kstd::make_unique<GoToPointMode>(this)[m[K;
[3.208s]       |                        [01;31m[K~~~~~~~~~~~~~~~~~~~~~~~~~~~~~~~^~~~~~[m[K
[3.208s] [01m[K/usr/include/c++/13/bits/unique_ptr.h:1094:5:[m[K [01;36m[Knote: [m[Kcandidate: â€˜[01m[Ktemplate<class _Tp, class ... _Args> std::__detail::__invalid_make_unique_t<_Tp> std::[01;32m[Kmake_unique[m[K(_Args&& ...)[m[Kâ€™ (deleted)
[3.208s]  1094 |     [01;36m[Kmake_unique[m[K(_Args&&...) = delete;
[3.208s]       |     [01;36m[K^~~~~~~~~~~[m[K
[3.208s] [01m[K/usr/include/c++/13/bits/unique_ptr.h:1094:5:[m[K [01;36m[Knote: [m[K  template argument deduction/substitution failed:
[3.208s] [01m[K/home/matylda-hayne/mtrx3760_p2/MTRX3760_PROJECT_2/ros2_ws/src/navigation/src/navigation_node.cpp:27:55:[m[K [01;31m[Kerror: [m[Ktemplate argument 1 is invalid
[3.208s]    27 |         current_mode = [01;31m[Kstd::make_unique<GoToPointMode>(this)[m[K;
[3.208s]       |                        [01;31m[K~~~~~~~~~~~~~~~~~~~~~~~~~~~~~~~^~~~~~[m[K
[3.210s] [01m[K/home/matylda-hayne/mtrx3760_p2/MTRX3760_PROJECT_2/ros2_ws/src/navigation/src/navigation_node.cpp:29:53:[m[K [01;31m[Kerror: [m[Kcannot convert â€˜[01m[Kstd::__detail::__unique_ptr_t<ExploreMode>[m[Kâ€™ to â€˜[01m[KExploreMode*[m[Kâ€™ in assignment
[3.210s]    29 |         current_mode = [01;31m[Kstd::make_unique<ExploreMode>(this)[m[K;
[3.210s]       |                        [01;31m[K~~~~~~~~~~~~~~~~~~~~~~~~~~~~~^~~~~~[m[K
[3.210s]       |                                                     [01;31m[K|[m[K
[3.210s]       |                                                     [01;31m[Kstd::__detail::__unique_ptr_t<ExploreMode>[m[K
[3.218s] [01m[K/home/matylda-hayne/mtrx3760_p2/MTRX3760_PROJECT_2/ros2_ws/src/navigation/src/navigation_node.cpp:37:5:[m[K [01;31m[Kerror: [m[Kâ€˜[01m[Knav_mode_srv_[m[Kâ€™ was not declared in this scope
[3.218s]    37 |     [01;31m[Knav_mode_srv_[m[K = this->create_service<shared_interfaces::srv::NavigationMode>(
[3.218s]       |     [01;31m[K^~~~~~~~~~~~~[m[K
[3.228s] [01m[K/home/matylda-hayne/mtrx3760_p2/MTRX3760_PROJECT_2/ros2_ws/src/navigation/src/navigation_node.cpp:37:42:[m[K [01;31m[Kerror: [m[Kâ€˜[01m[Kshared_interfaces[m[Kâ€™ was not declared in this scope; did you mean â€˜[01m[Krcl_interfaces[m[Kâ€™?
[3.228s]    37 |     nav_mode_srv_ = this->create_service<[01;31m[Kshared_interfaces[m[K::srv::NavigationMode>(
[3.228s]       |                                          [01;31m[K^~~~~~~~~~~~~~~~~[m[K
[3.228s]       |                                          [32m[Krcl_interfaces[m[K
[3.228s] [01m[K/home/matylda-hayne/mtrx3760_p2/MTRX3760_PROJECT_2/ros2_ws/src/navigation/src/navigation_node.cpp:37:27:[m[K [01;31m[Kerror: [m[Kparse error in template argument list
[3.229s]    37 |     nav_mode_srv_ = this->[01;31m[Kcreate_service<shared_interfaces::srv::NavigationMode>[m[K(
[3.229s]       |                           [01;31m[K^~~~~~~~~~~~~~~~~~~~~~~~~~~~~~~~~~~~~~~~~~~~~~~~~~~~~~[m[K
[3.229s] [01m[K/home/matylda-hayne/mtrx3760_p2/MTRX3760_PROJECT_2/ros2_ws/src/navigation/src/navigation_node.cpp:39:31:[m[K [01;31m[Kerror: [m[Kâ€˜[01m[KgoalServiceCallback[m[Kâ€™ is not a member of â€˜[01m[KNavigator[m[Kâ€™
[3.229s]    39 |         std::bind(&Navigator::[01;31m[KgoalServiceCallback[m[K, this,
[3.229s]       |                               [01;31m[K^~~~~~~~~~~~~~~~~~~[m[K
[7.116s] gmake[2]: *** [CMakeFiles/navigator.dir/build.make:90: CMakeFiles/navigator.dir/src/navigation_node.cpp.o] Error 1
[7.116s] gmake[1]: *** [CMakeFiles/Makefile2:137: CMakeFiles/navigator.dir/all] Error 2
[7.116s] gmake: *** [Makefile:146: all] Error 2
[7.118s] Invoked command in '/home/matylda-hayne/mtrx3760_p2/MTRX3760_PROJECT_2/ros2_ws/src/build/navigation' returned '2': CMAKE_PREFIX_PATH=${CMAKE_PREFIX_PATH}:/home/matylda-hayne/turtlebot3_ws/install/turtlebot3_teleop:/home/matylda-hayne/turtlebot3_ws/install/turtlebot3_example:/opt/ros/jazzy DEBUGINFOD_URLS=https://debuginfod.ubuntu.com /usr/bin/cmake --build /home/matylda-hayne/mtrx3760_p2/MTRX3760_PROJECT_2/ros2_ws/src/build/navigation -- -j20 -l20
