[0.013s] Invoking command in '/home/matylda-hayne/mtrx3760_p2/MTRX3760_PROJECT_2/build/robot': CMAKE_PREFIX_PATH=${CMAKE_PREFIX_PATH}:/home/matylda-hayne/turtlebot3_ws/install/turtlebot3_teleop:/home/matylda-hayne/turtlebot3_ws/install/turtlebot3_example:/opt/ros/jazzy DEBUGINFOD_URLS=https://debuginfod.ubuntu.com /usr/bin/cmake --build /home/matylda-hayne/mtrx3760_p2/MTRX3760_PROJECT_2/build/robot -- -j20 -l20
[0.066s] [ 25%] Built target robot_node
[0.069s] [ 33%] [32mBuilding CXX object CMakeFiles/robot_gui.dir/src/robot_gui.cpp.o[0m
[0.424s] [01m[K/home/matylda-hayne/mtrx3760_p2/MTRX3760_PROJECT_2/ros2_ws/src/robot/src/robot_gui.cpp:[m[K In function â€˜[01m[Kint[01;32m[K main[m[K()[m[Kâ€™:
[0.424s] [01m[K/home/matylda-hayne/mtrx3760_p2/MTRX3760_PROJECT_2/ros2_ws/src/robot/src/robot_gui.cpp:139:5:[m[K [01;31m[Kerror: [m[Kâ€˜[01m[Ktd[m[Kâ€™ has not been declared
[0.424s]   139 |     [01;31m[Ktd[m[K::string font_path = package_share_dir + "/resources/Roboto-Regular.ttf";
[0.424s]       |     [01;31m[K^~[m[K
[0.432s] [01m[K/home/matylda-hayne/mtrx3760_p2/MTRX3760_PROJECT_2/ros2_ws/src/robot/src/robot_gui.cpp:140:34:[m[K [01;31m[Kerror: [m[Kâ€˜[01m[Kfont_path[m[Kâ€™ was not declared in this scope
[0.432s]   140 |     if (!std::filesystem::exists([01;31m[Kfont_path[m[K)) {
[0.433s]       |                                  [01;31m[K^~~~~~~~~[m[K
[0.439s] [01m[K/home/matylda-hayne/mtrx3760_p2/MTRX3760_PROJECT_2/ros2_ws/src/robot/src/robot_gui.cpp:143:57:[m[K [01;31m[Kerror: [m[Kâ€˜[01m[Kfont_path[m[Kâ€™ was not declared in this scope
[0.439s]   143 |     ImFont* default_font = io.Fonts->AddFontFromFileTTF([01;31m[Kfont_path[m[K.c_str(), 18.0f);
[0.439s]       |                                                         [01;31m[K^~~~~~~~~[m[K
[0.440s] [01m[K/home/matylda-hayne/mtrx3760_p2/MTRX3760_PROJECT_2/ros2_ws/src/robot/src/robot_gui.cpp:149:13:[m[K [01;35m[Kwarning: [m[Kunused variable â€˜[01m[Kbig_font[m[Kâ€™ [[01;35m[K]8;;https://gcc.gnu.org/onlinedocs/gcc/Warning-Options.html#index-Wunused-variable-Wunused-variable]8;;[m[K]
[0.440s]   149 |     ImFont* [01;35m[Kbig_font[m[K = io.Fonts->AddFontFromFileTTF(font_path.c_str(), 28.0f);
[0.440s]       |             [01;35m[K^~~~~~~~[m[K
[0.518s] gmake[2]: *** [CMakeFiles/robot_gui.dir/build.make:76: CMakeFiles/robot_gui.dir/src/robot_gui.cpp.o] Error 1
[0.518s] gmake[1]: *** [CMakeFiles/Makefile2:165: CMakeFiles/robot_gui.dir/all] Error 2
[0.519s] gmake: *** [Makefile:146: all] Error 2
[0.521s] Invoked command in '/home/matylda-hayne/mtrx3760_p2/MTRX3760_PROJECT_2/build/robot' returned '2': CMAKE_PREFIX_PATH=${CMAKE_PREFIX_PATH}:/home/matylda-hayne/turtlebot3_ws/install/turtlebot3_teleop:/home/matylda-hayne/turtlebot3_ws/install/turtlebot3_example:/opt/ros/jazzy DEBUGINFOD_URLS=https://debuginfod.ubuntu.com /usr/bin/cmake --build /home/matylda-hayne/mtrx3760_p2/MTRX3760_PROJECT_2/build/robot -- -j20 -l20
