[0.013s] Invoking command in '/home/matylda-hayne/mtrx3760_p2/MTRX3760_PROJECT_2/build/user_interface': AMENT_PREFIX_PATH=/home/matylda-hayne/mtrx3760_p2/MTRX3760_PROJECT_2/install/shared_interfaces:${AMENT_PREFIX_PATH} CMAKE_PREFIX_PATH=/home/matylda-hayne/mtrx3760_p2/MTRX3760_PROJECT_2/install/shared_interfaces:/home/matylda-hayne/turtlebot3_ws/install/turtlebot3:/home/matylda-hayne/turtlebot3_ws/install/turtlebot3_simulations:/home/matylda-hayne/turtlebot3_ws/install/turtlebot3_bringup:/home/matylda-hayne/turtlebot3_ws/install/turtlebot3_node:/home/matylda-hayne/turtlebot3_ws/install/turtlebot3_navigation2:/home/matylda-hayne/turtlebot3_ws/install/turtlebot3_fake_node:/home/matylda-hayne/turtlebot3_ws/install/turtlebot3_msgs:/home/matylda-hayne/turtlebot3_ws/install/turtlebot3_gazebo:/home/matylda-hayne/turtlebot3_ws/install/turtlebot3_description:/home/matylda-hayne/turtlebot3_ws/install/turtlebot3_cartographer:/home/matylda-hayne/turtlebot3_ws/install/dynamixel_sdk_examples:/home/matylda-hayne/turtlebot3_ws/install/dynamixel_sdk_custom_interfaces:/home/matylda-hayne/turtlebot3_ws/install/dynamixel_sdk:/home/matylda-hayne/install/turtlebot_maze_solver:/home/matylda-hayne/install/polygon_plugins:/home/matylda-hayne/install/polygon_base:/home/matylda-hayne/mtrx3760_ws/install/turtlebot_maze_solver:/opt/ros/jazzy/opt/gz_sim_vendor:/opt/ros/jazzy/opt/gz_sensors_vendor:/opt/ros/jazzy/opt/gz_physics_vendor:/opt/ros/jazzy/opt/sdformat_vendor:/opt/ros/jazzy/opt/gz_gui_vendor:/opt/ros/jazzy/opt/gz_transport_vendor:/opt/ros/jazzy/opt/gz_rendering_vendor:/opt/ros/jazzy/opt/gz_plugin_vendor:/opt/ros/jazzy/opt/gz_fuel_tools_vendor:/opt/ros/jazzy/opt/gz_msgs_vendor:/opt/ros/jazzy/opt/gz_common_vendor:/opt/ros/jazzy/opt/gz_math_vendor:/opt/ros/jazzy/opt/gz_utils_vendor:/opt/ros/jazzy/opt/gz_tools_vendor:/opt/ros/jazzy/opt/gz_ogre_next_vendor:/opt/ros/jazzy/opt/gz_dartsim_vendor:/opt/ros/jazzy/opt/gz_cmake_vendor:/home/matylda-hayne/turtlebot3_ws/install/turtlebot3_teleop:/home/matylda-hayne/turtlebot3_ws/install/turtlebot3_example:/opt/ros/jazzy DEBUGINFOD_URLS=https://debuginfod.ubuntu.com LD_LIBRARY_PATH=/home/matylda-hayne/mtrx3760_p2/MTRX3760_PROJECT_2/install/shared_interfaces/lib:${LD_LIBRARY_PATH} PYTHONPATH=/home/matylda-hayne/mtrx3760_p2/MTRX3760_PROJECT_2/install/shared_interfaces/lib/python3.12/site-packages:${PYTHONPATH} /usr/bin/cmake --build /home/matylda-hayne/mtrx3760_p2/MTRX3760_PROJECT_2/build/user_interface -- -j20 -l20
[0.087s] [ 11%] [32mBuilding CXX object CMakeFiles/user_interface.dir/src/user_interface.cpp.o[0m
[1.758s] In file included from [01m[K/home/matylda-hayne/mtrx3760_p2/MTRX3760_PROJECT_2/ros2_ws/src/user_interface/src/user_interface.cpp:29[m[K:
[1.758s] [01m[K/home/matylda-hayne/mtrx3760_p2/MTRX3760_PROJECT_2/ros2_ws/src/user_interface/vendor/stb/stb_image_write.h:[m[K In function â€˜[01m[Kint[01;32m[K stbi_write_bmp_to_func[m[K(void (*)(void*, void*, int), void*, int, int, int, const void*)[m[Kâ€™:
[1.758s] [01m[K/home/matylda-hayne/mtrx3760_p2/MTRX3760_PROJECT_2/ros2_ws/src/user_interface/vendor/stb/stb_image_write.h:514:32:[m[K [01;35m[Kwarning: [m[Kmissing initializer for member â€˜[01m[Kstbi__write_context::context[m[Kâ€™ [[01;35m[K]8;;https://gcc.gnu.org/onlinedocs/gcc/Warning-Options.html#index-Wmissing-field-initializers-Wmissing-field-initializers]8;;[m[K]
[1.759s]   514 |    stbi__write_context s = { 0 [01;35m[K}[m[K;
[1.759s]       |                                [01;35m[K^[m[K
[1.759s] [01m[K/home/matylda-hayne/mtrx3760_p2/MTRX3760_PROJECT_2/ros2_ws/src/user_interface/vendor/stb/stb_image_write.h:514:32:[m[K [01;35m[Kwarning: [m[Kmissing initializer for member â€˜[01m[Kstbi__write_context::buffer[m[Kâ€™ [[01;35m[K]8;;https://gcc.gnu.org/onlinedocs/gcc/Warning-Options.html#index-Wmissing-field-initializers-Wmissing-field-initializers]8;;[m[K]
[1.759s] [01m[K/home/matylda-hayne/mtrx3760_p2/MTRX3760_PROJECT_2/ros2_ws/src/user_interface/vendor/stb/stb_image_write.h:514:32:[m[K [01;35m[Kwarning: [m[Kmissing initializer for member â€˜[01m[Kstbi__write_context::buf_used[m[Kâ€™ [[01;35m[K]8;;https://gcc.gnu.org/onlinedocs/gcc/Warning-Options.html#index-Wmissing-field-initializers-Wmissing-field-initializers]8;;[m[K]
[1.759s] [01m[K/home/matylda-hayne/mtrx3760_p2/MTRX3760_PROJECT_2/ros2_ws/src/user_interface/vendor/stb/stb_image_write.h:[m[K In function â€˜[01m[Kint[01;32m[K stbi_write_bmp[m[K(const char*, int, int, int, const void*)[m[Kâ€™:
[1.759s] [01m[K/home/matylda-hayne/mtrx3760_p2/MTRX3760_PROJECT_2/ros2_ws/src/user_interface/vendor/stb/stb_image_write.h:522:32:[m[K [01;35m[Kwarning: [m[Kmissing initializer for member â€˜[01m[Kstbi__write_context::context[m[Kâ€™ [[01;35m[K]8;;https://gcc.gnu.org/onlinedocs/gcc/Warning-Options.html#index-Wmissing-field-initializers-Wmissing-field-initializers]8;;[m[K]
[1.759s]   522 |    stbi__write_context s = { 0 [01;35m[K}[m[K;
[1.759s]       |                                [01;35m[K^[m[K
[1.759s] [01m[K/home/matylda-hayne/mtrx3760_p2/MTRX3760_PROJECT_2/ros2_ws/src/user_interface/vendor/stb/stb_image_write.h:522:32:[m[K [01;35m[Kwarning: [m[Kmissing initializer for member â€˜[01m[Kstbi__write_context::buffer[m[Kâ€™ [[01;35m[K]8;;https://gcc.gnu.org/onlinedocs/gcc/Warning-Options.html#index-Wmissing-field-initializers-Wmissing-field-initializers]8;;[m[K]
[1.759s] [01m[K/home/matylda-hayne/mtrx3760_p2/MTRX3760_PROJECT_2/ros2_ws/src/user_interface/vendor/stb/stb_image_write.h:522:32:[m[K [01;35m[Kwarning: [m[Kmissing initializer for member â€˜[01m[Kstbi__write_context::buf_used[m[Kâ€™ [[01;35m[K]8;;https://gcc.gnu.org/onlinedocs/gcc/Warning-Options.html#index-Wmissing-field-initializers-Wmissing-field-initializers]8;;[m[K]
[1.760s] [01m[K/home/matylda-hayne/mtrx3760_p2/MTRX3760_PROJECT_2/ros2_ws/src/user_interface/vendor/stb/stb_image_write.h:[m[K In function â€˜[01m[Kint[01;32m[K stbi_write_tga_to_func[m[K(void (*)(void*, void*, int), void*, int, int, int, const void*)[m[Kâ€™:
[1.760s] [01m[K/home/matylda-hayne/mtrx3760_p2/MTRX3760_PROJECT_2/ros2_ws/src/user_interface/vendor/stb/stb_image_write.h:613:32:[m[K [01;35m[Kwarning: [m[Kmissing initializer for member â€˜[01m[Kstbi__write_context::context[m[Kâ€™ [[01;35m[K]8;;https://gcc.gnu.org/onlinedocs/gcc/Warning-Options.html#index-Wmissing-field-initializers-Wmissing-field-initializers]8;;[m[K]
[1.760s]   613 |    stbi__write_context s = { 0 [01;35m[K}[m[K;
[1.760s]       |                                [01;35m[K^[m[K
[1.760s] [01m[K/home/matylda-hayne/mtrx3760_p2/MTRX3760_PROJECT_2/ros2_ws/src/user_interface/vendor/stb/stb_image_write.h:613:32:[m[K [01;35m[Kwarning: [m[Kmissing initializer for member â€˜[01m[Kstbi__write_context::buffer[m[Kâ€™ [[01;35m[K]8;;https://gcc.gnu.org/onlinedocs/gcc/Warning-Options.html#index-Wmissing-field-initializers-Wmissing-field-initializers]8;;[m[K]
[1.760s] [01m[K/home/matylda-hayne/mtrx3760_p2/MTRX3760_PROJECT_2/ros2_ws/src/user_interface/vendor/stb/stb_image_write.h:613:32:[m[K [01;35m[Kwarning: [m[Kmissing initializer for member â€˜[01m[Kstbi__write_context::buf_used[m[Kâ€™ [[01;35m[K]8;;https://gcc.gnu.org/onlinedocs/gcc/Warning-Options.html#index-Wmissing-field-initializers-Wmissing-field-initializers]8;;[m[K]
[1.760s] [01m[K/home/matylda-hayne/mtrx3760_p2/MTRX3760_PROJECT_2/ros2_ws/src/user_interface/vendor/stb/stb_image_write.h:[m[K In function â€˜[01m[Kint[01;32m[K stbi_write_tga[m[K(const char*, int, int, int, const void*)[m[Kâ€™:
[1.760s] [01m[K/home/matylda-hayne/mtrx3760_p2/MTRX3760_PROJECT_2/ros2_ws/src/user_interface/vendor/stb/stb_image_write.h:621:32:[m[K [01;35m[Kwarning: [m[Kmissing initializer for member â€˜[01m[Kstbi__write_context::context[m[Kâ€™ [[01;35m[K]8;;https://gcc.gnu.org/onlinedocs/gcc/Warning-Options.html#index-Wmissing-field-initializers-Wmissing-field-initializers]8;;[m[K]
[1.760s]   621 |    stbi__write_context s = { 0 [01;35m[K}[m[K;
[1.760s]       |                                [01;35m[K^[m[K
[1.760s] [01m[K/home/matylda-hayne/mtrx3760_p2/MTRX3760_PROJECT_2/ros2_ws/src/user_interface/vendor/stb/stb_image_write.h:621:32:[m[K [01;35m[Kwarning: [m[Kmissing initializer for member â€˜[01m[Kstbi__write_context::buffer[m[Kâ€™ [[01;35m[K]8;;https://gcc.gnu.org/onlinedocs/gcc/Warning-Options.html#index-Wmissing-field-initializers-Wmissing-field-initializers]8;;[m[K]
[1.760s] [01m[K/home/matylda-hayne/mtrx3760_p2/MTRX3760_PROJECT_2/ros2_ws/src/user_interface/vendor/stb/stb_image_write.h:621:32:[m[K [01;35m[Kwarning: [m[Kmissing initializer for member â€˜[01m[Kstbi__write_context::buf_used[m[Kâ€™ [[01;35m[K]8;;https://gcc.gnu.org/onlinedocs/gcc/Warning-Options.html#index-Wmissing-field-initializers-Wmissing-field-initializers]8;;[m[K]
[1.760s] [01m[K/home/matylda-hayne/mtrx3760_p2/MTRX3760_PROJECT_2/ros2_ws/src/user_interface/vendor/stb/stb_image_write.h:[m[K In function â€˜[01m[Kint[01;32m[K stbi_write_hdr_to_func[m[K(void (*)(void*, void*, int), void*, int, int, int, const float*)[m[Kâ€™:
[1.760s] [01m[K/home/matylda-hayne/mtrx3760_p2/MTRX3760_PROJECT_2/ros2_ws/src/user_interface/vendor/stb/stb_image_write.h:789:32:[m[K [01;35m[Kwarning: [m[Kmissing initializer for member â€˜[01m[Kstbi__write_context::context[m[Kâ€™ [[01;35m[K]8;;https://gcc.gnu.org/onlinedocs/gcc/Warning-Options.html#index-Wmissing-field-initializers-Wmissing-field-initializers]8;;[m[K]
[1.760s]   789 |    stbi__write_context s = { 0 [01;35m[K}[m[K;
[1.760s]       |                                [01;35m[K^[m[K
[1.760s] [01m[K/home/matylda-hayne/mtrx3760_p2/MTRX3760_PROJECT_2/ros2_ws/src/user_interface/vendor/stb/stb_image_write.h:789:32:[m[K [01;35m[Kwarning: [m[Kmissing initializer for member â€˜[01m[Kstbi__write_context::buffer[m[Kâ€™ [[01;35m[K]8;;https://gcc.gnu.org/onlinedocs/gcc/Warning-Options.html#index-Wmissing-field-initializers-Wmissing-field-initializers]8;;[m[K]
[1.761s] [01m[K/home/matylda-hayne/mtrx3760_p2/MTRX3760_PROJECT_2/ros2_ws/src/user_interface/vendor/stb/stb_image_write.h:789:32:[m[K [01;35m[Kwarning: [m[Kmissing initializer for member â€˜[01m[Kstbi__write_context::buf_used[m[Kâ€™ [[01;35m[K]8;;https://gcc.gnu.org/onlinedocs/gcc/Warning-Options.html#index-Wmissing-field-initializers-Wmissing-field-initializers]8;;[m[K]
[1.761s] [01m[K/home/matylda-hayne/mtrx3760_p2/MTRX3760_PROJECT_2/ros2_ws/src/user_interface/vendor/stb/stb_image_write.h:[m[K In function â€˜[01m[Kint[01;32m[K stbi_write_hdr[m[K(const char*, int, int, int, const float*)[m[Kâ€™:
[1.761s] [01m[K/home/matylda-hayne/mtrx3760_p2/MTRX3760_PROJECT_2/ros2_ws/src/user_interface/vendor/stb/stb_image_write.h:796:32:[m[K [01;35m[Kwarning: [m[Kmissing initializer for member â€˜[01m[Kstbi__write_context::context[m[Kâ€™ [[01;35m[K]8;;https://gcc.gnu.org/onlinedocs/gcc/Warning-Options.html#index-Wmissing-field-initializers-Wmissing-field-initializers]8;;[m[K]
[1.761s]   796 |    stbi__write_context s = { 0 [01;35m[K}[m[K;
[1.761s]       |                                [01;35m[K^[m[K
[1.761s] [01m[K/home/matylda-hayne/mtrx3760_p2/MTRX3760_PROJECT_2/ros2_ws/src/user_interface/vendor/stb/stb_image_write.h:796:32:[m[K [01;35m[Kwarning: [m[Kmissing initializer for member â€˜[01m[Kstbi__write_context::buffer[m[Kâ€™ [[01;35m[K]8;;https://gcc.gnu.org/onlinedocs/gcc/Warning-Options.html#index-Wmissing-field-initializers-Wmissing-field-initializers]8;;[m[K]
[1.761s] [01m[K/home/matylda-hayne/mtrx3760_p2/MTRX3760_PROJECT_2/ros2_ws/src/user_interface/vendor/stb/stb_image_write.h:796:32:[m[K [01;35m[Kwarning: [m[Kmissing initializer for member â€˜[01m[Kstbi__write_context::buf_used[m[Kâ€™ [[01;35m[K]8;;https://gcc.gnu.org/onlinedocs/gcc/Warning-Options.html#index-Wmissing-field-initializers-Wmissing-field-initializers]8;;[m[K]
[1.769s] [01m[K/home/matylda-hayne/mtrx3760_p2/MTRX3760_PROJECT_2/ros2_ws/src/user_interface/vendor/stb/stb_image_write.h:[m[K In function â€˜[01m[Kint[01;32m[K stbi_write_jpg_to_func[m[K(void (*)(void*, void*, int), void*, int, int, int, const void*, int)[m[Kâ€™:
[1.769s] [01m[K/home/matylda-hayne/mtrx3760_p2/MTRX3760_PROJECT_2/ros2_ws/src/user_interface/vendor/stb/stb_image_write.h:1609:32:[m[K [01;35m[Kwarning: [m[Kmissing initializer for member â€˜[01m[Kstbi__write_context::context[m[Kâ€™ [[01;35m[K]8;;https://gcc.gnu.org/onlinedocs/gcc/Warning-Options.html#index-Wmissing-field-initializers-Wmissing-field-initializers]8;;[m[K]
[1.769s]  1609 |    stbi__write_context s = { 0 [01;35m[K}[m[K;
[1.769s]       |                                [01;35m[K^[m[K
[1.769s] [01m[K/home/matylda-hayne/mtrx3760_p2/MTRX3760_PROJECT_2/ros2_ws/src/user_interface/vendor/stb/stb_image_write.h:1609:32:[m[K [01;35m[Kwarning: [m[Kmissing initializer for member â€˜[01m[Kstbi__write_context::buffer[m[Kâ€™ [[01;35m[K]8;;https://gcc.gnu.org/onlinedocs/gcc/Warning-Options.html#index-Wmissing-field-initializers-Wmissing-field-initializers]8;;[m[K]
[1.769s] [01m[K/home/matylda-hayne/mtrx3760_p2/MTRX3760_PROJECT_2/ros2_ws/src/user_interface/vendor/stb/stb_image_write.h:1609:32:[m[K [01;35m[Kwarning: [m[Kmissing initializer for member â€˜[01m[Kstbi__write_context::buf_used[m[Kâ€™ [[01;35m[K]8;;https://gcc.gnu.org/onlinedocs/gcc/Warning-Options.html#index-Wmissing-field-initializers-Wmissing-field-initializers]8;;[m[K]
[1.769s] [01m[K/home/matylda-hayne/mtrx3760_p2/MTRX3760_PROJECT_2/ros2_ws/src/user_interface/vendor/stb/stb_image_write.h:[m[K In function â€˜[01m[Kint[01;32m[K stbi_write_jpg[m[K(const char*, int, int, int, const void*, int)[m[Kâ€™:
[1.769s] [01m[K/home/matylda-hayne/mtrx3760_p2/MTRX3760_PROJECT_2/ros2_ws/src/user_interface/vendor/stb/stb_image_write.h:1618:32:[m[K [01;35m[Kwarning: [m[Kmissing initializer for member â€˜[01m[Kstbi__write_context::context[m[Kâ€™ [[01;35m[K]8;;https://gcc.gnu.org/onlinedocs/gcc/Warning-Options.html#index-Wmissing-field-initializers-Wmissing-field-initializers]8;;[m[K]
[1.769s]  1618 |    stbi__write_context s = { 0 [01;35m[K}[m[K;
[1.769s]       |                                [01;35m[K^[m[K
[1.769s] [01m[K/home/matylda-hayne/mtrx3760_p2/MTRX3760_PROJECT_2/ros2_ws/src/user_interface/vendor/stb/stb_image_write.h:1618:32:[m[K [01;35m[Kwarning: [m[Kmissing initializer for member â€˜[01m[Kstbi__write_context::buffer[m[Kâ€™ [[01;35m[K]8;;https://gcc.gnu.org/onlinedocs/gcc/Warning-Options.html#index-Wmissing-field-initializers-Wmissing-field-initializers]8;;[m[K]
[1.769s] [01m[K/home/matylda-hayne/mtrx3760_p2/MTRX3760_PROJECT_2/ros2_ws/src/user_interface/vendor/stb/stb_image_write.h:1618:32:[m[K [01;35m[Kwarning: [m[Kmissing initializer for member â€˜[01m[Kstbi__write_context::buf_used[m[Kâ€™ [[01;35m[K]8;;https://gcc.gnu.org/onlinedocs/gcc/Warning-Options.html#index-Wmissing-field-initializers-Wmissing-field-initializers]8;;[m[K]
[1.789s] [01m[K/home/matylda-hayne/mtrx3760_p2/MTRX3760_PROJECT_2/ros2_ws/src/user_interface/src/user_interface.cpp:[m[K In function â€˜[01m[Kvoid[01;32m[K LoadPascalResources[m[K(const std::string&, std::string&, std::string&, std::string&)[m[Kâ€™:
[1.789s] [01m[K/home/matylda-hayne/mtrx3760_p2/MTRX3760_PROJECT_2/ros2_ws/src/user_interface/src/user_interface.cpp:408:10:[m[K [01;31m[Kerror: [m[Kâ€˜[01m[KLoadTextFile[m[Kâ€™ was not declared in this scope
[1.789s]   408 |     if (![01;31m[KLoadTextFile[m[K(share_dir + "/resources/pascal_intro.txt", intro_text))
[1.790s]       |          [01;31m[K^~~~~~~~~~~~[m[K
[1.799s] [01m[K/home/matylda-hayne/mtrx3760_p2/MTRX3760_PROJECT_2/ros2_ws/src/user_interface/src/user_interface.cpp:411:10:[m[K [01;31m[Kerror: [m[Kâ€˜[01m[KLoadTextFile[m[Kâ€™ was not declared in this scope
[1.799s]   411 |     if (![01;31m[KLoadTextFile[m[K(share_dir + "/resources/pascal_serial.txt", serial_text))
[1.800s]       |          [01;31m[K^~~~~~~~~~~~[m[K
[1.803s] [01m[K/home/matylda-hayne/mtrx3760_p2/MTRX3760_PROJECT_2/ros2_ws/src/user_interface/src/user_interface.cpp:[m[K At global scope:
[1.803s] [01m[K/home/matylda-hayne/mtrx3760_p2/MTRX3760_PROJECT_2/ros2_ws/src/user_interface/src/user_interface.cpp:506:56:[m[K [01;31m[Kerror: [m[Kâ€˜[01m[KRobotTypeClient[m[Kâ€™ has not been declared
[1.803s]   506 | void HandleBootupRequest(rclcpp::Node::SharedPtr node, [01;31m[KRobotTypeClient[m[K::SharedPtr client,
[1.803s]       |                                                        [01;31m[K^~~~~~~~~~~~~~~[m[K
[1.803s] [01m[K/home/matylda-hayne/mtrx3760_p2/MTRX3760_PROJECT_2/ros2_ws/src/user_interface/src/user_interface.cpp:506:83:[m[K [01;31m[Kerror: [m[Kexpected â€˜[01m[K,[m[Kâ€™ or â€˜[01m[K...[m[Kâ€™ before â€˜[01m[Kclient[m[Kâ€™
[1.803s]   506 | void HandleBootupRequest(rclcpp::Node::SharedPtr node, RobotTypeClient::SharedPtr [01;31m[Kclient[m[K,
[1.803s]       |                                                                                   [01;31m[K^~~~~~[m[K
[1.818s] [01m[K/home/matylda-hayne/mtrx3760_p2/MTRX3760_PROJECT_2/ros2_ws/src/user_interface/src/user_interface.cpp:[m[K In function â€˜[01m[Kvoid[01;32m[K HandleBootupRequest[m[K(rclcpp::Node::SharedPtr, int)[m[Kâ€™:
[1.818s] [01m[K/home/matylda-hayne/mtrx3760_p2/MTRX3760_PROJECT_2/ros2_ws/src/user_interface/src/user_interface.cpp:510:5:[m[K [01;31m[Kerror: [m[Kâ€˜[01m[Kflagged_startup[m[Kâ€™ was not declared in this scope
[1.818s]   510 |     [01;31m[Kflagged_startup[m[K = true;
[1.818s]       |     [01;31m[K^~~~~~~~~~~~~~~[m[K
[1.829s] [01m[K/home/matylda-hayne/mtrx3760_p2/MTRX3760_PROJECT_2/ros2_ws/src/user_interface/src/user_interface.cpp:511:5:[m[K [01;31m[Kerror: [m[Kâ€˜[01m[Kmode_locked[m[Kâ€™ was not declared in this scope
[1.830s]   511 |     [01;31m[Kmode_locked[m[K = false;
[1.830s]       |     [01;31m[K^~~~~~~~~~~[m[K
[1.836s] [01m[K/home/matylda-hayne/mtrx3760_p2/MTRX3760_PROJECT_2/ros2_ws/src/user_interface/src/user_interface.cpp:516:10:[m[K [01;31m[Kerror: [m[Kâ€˜[01m[Kclient[m[Kâ€™ was not declared in this scope
[1.836s]   516 |     if (![01;31m[Kclient[m[K->wait_for_service(std::chrono::seconds(1))) {
[1.836s]       |          [01;31m[K^~~~~~[m[K
[1.842s] [01m[K/home/matylda-hayne/mtrx3760_p2/MTRX3760_PROJECT_2/ros2_ws/src/user_interface/src/user_interface.cpp:521:5:[m[K [01;31m[Kerror: [m[Kâ€˜[01m[Kclient[m[Kâ€™ was not declared in this scope
[1.842s]   521 |     [01;31m[Kclient[m[K->async_send_request(request, [&](RobotTypeClient::SharedFuture future) {
[1.842s]       |     [01;31m[K^~~~~~[m[K
[1.849s] [01m[K/home/matylda-hayne/mtrx3760_p2/MTRX3760_PROJECT_2/ros2_ws/src/user_interface/src/user_interface.cpp:521:32:[m[K [01;31m[Kerror: [m[Kâ€˜[01m[Krequest[m[Kâ€™ was not declared in this scope
[1.849s]   521 |     client->async_send_request([01;31m[Krequest[m[K, [&](RobotTypeClient::SharedFuture future) {
[1.849s]       |                                [01;31m[K^~~~~~~[m[K
[1.849s] [01m[K/home/matylda-hayne/mtrx3760_p2/MTRX3760_PROJECT_2/ros2_ws/src/user_interface/src/user_interface.cpp:521:45:[m[K [01;31m[Kerror: [m[Kâ€˜[01m[KRobotTypeClient[m[Kâ€™ has not been declared
[1.849s]   521 |     client->async_send_request(request, [&]([01;31m[KRobotTypeClient[m[K::SharedFuture future) {
[1.849s]       |                                             [01;31m[K^~~~~~~~~~~~~~~[m[K
[1.849s] [01m[K/home/matylda-hayne/mtrx3760_p2/MTRX3760_PROJECT_2/ros2_ws/src/user_interface/src/user_interface.cpp:521:75:[m[K [01;31m[Kerror: [m[Kexpected â€˜[01m[K,[m[Kâ€™ or â€˜[01m[K...[m[Kâ€™ before â€˜[01m[Kfuture[m[Kâ€™
[1.850s]   521 |     client->async_send_request(request, [&](RobotTypeClient::SharedFuture [01;31m[Kfuture[m[K) {
[1.850s]       |                                                                           [01;31m[K^~~~~~[m[K
[1.850s] [01m[K/home/matylda-hayne/mtrx3760_p2/MTRX3760_PROJECT_2/ros2_ws/src/user_interface/src/user_interface.cpp:[m[K In lambda function:
[1.850s] [01m[K/home/matylda-hayne/mtrx3760_p2/MTRX3760_PROJECT_2/ros2_ws/src/user_interface/src/user_interface.cpp:522:20:[m[K [01;31m[Kerror: [m[Kâ€˜[01m[Kfuture[m[Kâ€™ was not declared in this scope; did you mean â€˜[01m[Kstd::future[m[Kâ€™?
[1.850s]   522 |         auto res = [01;31m[Kfuture[m[K.get();
[1.850s]       |                    [01;31m[K^~~~~~[m[K
[1.850s]       |                    [32m[Kstd::future[m[K
[1.850s] In file included from [01m[K/opt/ros/jazzy/include/rclcpp/rclcpp/executors.hpp:18[m[K,
[1.850s]                  from [01m[K/opt/ros/jazzy/include/rclcpp/rclcpp/rclcpp.hpp:172[m[K,
[1.851s]                  from [01m[K/home/matylda-hayne/mtrx3760_p2/MTRX3760_PROJECT_2/ros2_ws/src/user_interface/src/user_interface.cpp:13[m[K:
[1.851s] [01m[K/usr/include/c++/13/future:137:11:[m[K [01;36m[Knote: [m[Kâ€˜[01m[Kstd::future[m[Kâ€™ declared here
[1.851s]   137 |     class [01;36m[Kfuture[m[K;
[1.851s]       |           [01;36m[K^~~~~~[m[K
[1.871s] [01m[K/home/matylda-hayne/mtrx3760_p2/MTRX3760_PROJECT_2/ros2_ws/src/user_interface/src/user_interface.cpp:529:13:[m[K [01;31m[Kerror: [m[Kâ€˜[01m[Ksequence_number[m[Kâ€™ was not declared in this scope
[1.871s]   529 |             [01;31m[Ksequence_number[m[K++;
[1.872s]       |             [01;31m[K^~~~~~~~~~~~~~~[m[K
[1.872s] [01m[K/home/matylda-hayne/mtrx3760_p2/MTRX3760_PROJECT_2/ros2_ws/src/user_interface/src/user_interface.cpp:521:62:[m[K [01;35m[Kwarning: [m[Kunused parameter â€˜[01m[KSharedFuture[m[Kâ€™ [[01;35m[K]8;;https://gcc.gnu.org/onlinedocs/gcc/Warning-Options.html#index-Wunused-parameter-Wunused-parameter]8;;[m[K]
[1.872s]   521 |     client->async_send_request(request, [&]([01;35m[KRobotTypeClient::SharedFuture[m[K future) {
[1.872s]       |                                             [01;35m[K~~~~~~~~~~~~~~~~~^~~~~~~~~~~~[m[K
[1.872s] [01m[K/home/matylda-hayne/mtrx3760_p2/MTRX3760_PROJECT_2/ros2_ws/src/user_interface/src/user_interface.cpp:[m[K In function â€˜[01m[Kvoid[01;32m[K HandleBootupRequest[m[K(rclcpp::Node::SharedPtr, int)[m[Kâ€™:
[1.872s] [01m[K/home/matylda-hayne/mtrx3760_p2/MTRX3760_PROJECT_2/ros2_ws/src/user_interface/src/user_interface.cpp:506:73:[m[K [01;35m[Kwarning: [m[Kunused parameter â€˜[01m[KSharedPtr[m[Kâ€™ [[01;35m[K]8;;https://gcc.gnu.org/onlinedocs/gcc/Warning-Options.html#index-Wunused-parameter-Wunused-parameter]8;;[m[K]
[1.872s]   506 | void HandleBootupRequest(rclcpp::Node::SharedPtr node, [01;35m[KRobotTypeClient::SharedPtr[m[K client,
[1.872s]       |                                                        [01;35m[K~~~~~~~~~~~~~~~~~^~~~~~~~~[m[K
[1.873s] [01m[K/home/matylda-hayne/mtrx3760_p2/MTRX3760_PROJECT_2/ros2_ws/src/user_interface/src/user_interface.cpp:[m[K At global scope:
[1.873s] [01m[K/home/matylda-hayne/mtrx3760_p2/MTRX3760_PROJECT_2/ros2_ws/src/user_interface/src/user_interface.cpp:551:5:[m[K [01;31m[Kerror: [m[Kâ€˜[01m[KRobotTypeClient[m[Kâ€™ has not been declared
[1.873s]   551 |     [01;31m[KRobotTypeClient[m[K::SharedPtr client,
[1.874s]       |     [01;31m[K^~~~~~~~~~~~~~~[m[K
[1.874s] [01m[K/home/matylda-hayne/mtrx3760_p2/MTRX3760_PROJECT_2/ros2_ws/src/user_interface/src/user_interface.cpp:551:32:[m[K [01;31m[Kerror: [m[Kexpected â€˜[01m[K,[m[Kâ€™ or â€˜[01m[K...[m[Kâ€™ before â€˜[01m[Kclient[m[Kâ€™
[1.874s]   551 |     RobotTypeClient::SharedPtr [01;31m[Kclient[m[K,
[1.874s]       |                                [01;31m[K^~~~~~[m[K
[1.880s] [01m[K/home/matylda-hayne/mtrx3760_p2/MTRX3760_PROJECT_2/ros2_ws/src/user_interface/src/user_interface.cpp:[m[K In function â€˜[01m[Kvoid[01;32m[K SendRobotRequest[m[K(rclcpp::Node::SharedPtr, int)[m[Kâ€™:
[1.880s] [01m[K/home/matylda-hayne/mtrx3760_p2/MTRX3760_PROJECT_2/ros2_ws/src/user_interface/src/user_interface.cpp:555:10:[m[K [01;31m[Kerror: [m[Kâ€˜[01m[Kclient[m[Kâ€™ was not declared in this scope
[1.880s]   555 |     if (![01;31m[Kclient[m[K->wait_for_service(std::chrono::seconds(1))) {
[1.880s]       |          [01;31m[K^~~~~~[m[K
[1.885s] [01m[K/home/matylda-hayne/mtrx3760_p2/MTRX3760_PROJECT_2/ros2_ws/src/user_interface/src/user_interface.cpp:560:5:[m[K [01;31m[Kerror: [m[Kâ€˜[01m[Kclient[m[Kâ€™ was not declared in this scope
[1.885s]   560 |     [01;31m[Kclient[m[K->async_send_request(request, [node, &sequence_number](RobotTypeClient::SharedFuture future) {
[1.885s]       |     [01;31m[K^~~~~~[m[K
[1.890s] [01m[K/home/matylda-hayne/mtrx3760_p2/MTRX3760_PROJECT_2/ros2_ws/src/user_interface/src/user_interface.cpp:560:32:[m[K [01;31m[Kerror: [m[Kâ€˜[01m[Krequest[m[Kâ€™ was not declared in this scope
[1.890s]   560 |     client->async_send_request([01;31m[Krequest[m[K, [node, &sequence_number](RobotTypeClient::SharedFuture future) {
[1.890s]       |                                [01;31m[K^~~~~~~[m[K
[1.904s] [01m[K/home/matylda-hayne/mtrx3760_p2/MTRX3760_PROJECT_2/ros2_ws/src/user_interface/src/user_interface.cpp:560:49:[m[K [01;31m[Kerror: [m[Kâ€˜[01m[Ksequence_number[m[Kâ€™ was not declared in this scope
[1.904s]   560 |     client->async_send_request(request, [node, &[01;31m[Ksequence_number[m[K](RobotTypeClient::SharedFuture future) {
[1.904s]       |                                                 [01;31m[K^~~~~~~~~~~~~~~[m[K
[1.904s] [01m[K/home/matylda-hayne/mtrx3760_p2/MTRX3760_PROJECT_2/ros2_ws/src/user_interface/src/user_interface.cpp:560:66:[m[K [01;31m[Kerror: [m[Kâ€˜[01m[KRobotTypeClient[m[Kâ€™ has not been declared
[1.904s]   560 |     client->async_send_request(request, [node, &sequence_number]([01;31m[KRobotTypeClient[m[K::SharedFuture future) {
[1.904s]       |                                                                  [01;31m[K^~~~~~~~~~~~~~~[m[K
[1.904s] [01m[K/home/matylda-hayne/mtrx3760_p2/MTRX3760_PROJECT_2/ros2_ws/src/user_interface/src/user_interface.cpp:560:96:[m[K [01;31m[Kerror: [m[Kexpected â€˜[01m[K,[m[Kâ€™ or â€˜[01m[K...[m[Kâ€™ before â€˜[01m[Kfuture[m[Kâ€™
[1.904s]   560 |     client->async_send_request(request, [node, &sequence_number](RobotTypeClient::SharedFuture [01;31m[Kfuture[m[K) {
[1.905s]       |                                                                                                [01;31m[K^~~~~~[m[K
[1.905s] [01m[K/home/matylda-hayne/mtrx3760_p2/MTRX3760_PROJECT_2/ros2_ws/src/user_interface/src/user_interface.cpp:[m[K In lambda function:
[1.905s] [01m[K/home/matylda-hayne/mtrx3760_p2/MTRX3760_PROJECT_2/ros2_ws/src/user_interface/src/user_interface.cpp:561:20:[m[K [01;31m[Kerror: [m[Kâ€˜[01m[Kfuture[m[Kâ€™ was not declared in this scope; did you mean â€˜[01m[Kstd::future[m[Kâ€™?
[1.905s]   561 |         auto res = [01;31m[Kfuture[m[K.get();
[1.905s]       |                    [01;31m[K^~~~~~[m[K
[1.905s]       |                    [32m[Kstd::future[m[K
[1.905s] [01m[K/usr/include/c++/13/future:137:11:[m[K [01;36m[Knote: [m[Kâ€˜[01m[Kstd::future[m[Kâ€™ declared here
[1.905s]   137 |     class [01;36m[Kfuture[m[K;
[1.905s]       |           [01;36m[K^~~~~~[m[K
[1.905s] [01m[K/home/matylda-hayne/mtrx3760_p2/MTRX3760_PROJECT_2/ros2_ws/src/user_interface/src/user_interface.cpp:564:13:[m[K [01;31m[Kerror: [m[Kâ€˜[01m[Ksequence_number[m[Kâ€™ is not captured
[1.905s]   564 |             [01;31m[Ksequence_number[m[K++;
[1.905s]       |             [01;31m[K^~~~~~~~~~~~~~~[m[K
[1.906s] [01m[K/home/matylda-hayne/mtrx3760_p2/MTRX3760_PROJECT_2/ros2_ws/src/user_interface/src/user_interface.cpp:560:64:[m[K [01;36m[Knote: [m[Kthe lambda has no capture-default
[1.906s]   560 |     client->async_send_request(request, [node, &sequence_number[01;36m[K][m[K(RobotTypeClient::SharedFuture future) {
[1.906s]       |                                                                [01;36m[K^[m[K
[1.906s] [01m[K/home/matylda-hayne/mtrx3760_p2/MTRX3760_PROJECT_2/ros2_ws/src/user_interface/src/user_interface.cpp:560:49:[m[K [01;36m[Knote: [m[Kâ€˜[01m[K<typeprefixerror>sequence_number[m[Kâ€™ declared here
[1.906s]   560 |     client->async_send_request(request, [node, &[01;36m[Ksequence_number[m[K](RobotTypeClient::SharedFuture future) {
[1.906s]       |                                                 [01;36m[K^~~~~~~~~~~~~~~[m[K
[1.906s] [01m[K/home/matylda-hayne/mtrx3760_p2/MTRX3760_PROJECT_2/ros2_ws/src/user_interface/src/user_interface.cpp:560:83:[m[K [01;35m[Kwarning: [m[Kunused parameter â€˜[01m[KSharedFuture[m[Kâ€™ [[01;35m[K]8;;https://gcc.gnu.org/onlinedocs/gcc/Warning-Options.html#index-Wunused-parameter-Wunused-parameter]8;;[m[K]
[1.906s]   560 |     client->async_send_request(request, [node, &sequence_number]([01;35m[KRobotTypeClient::SharedFuture[m[K future) {
[1.906s]       |                                                                  [01;35m[K~~~~~~~~~~~~~~~~~^~~~~~~~~~~~[m[K
[1.906s] [01m[K/home/matylda-hayne/mtrx3760_p2/MTRX3760_PROJECT_2/ros2_ws/src/user_interface/src/user_interface.cpp:[m[K In function â€˜[01m[Kvoid[01;32m[K SendRobotRequest[m[K(rclcpp::Node::SharedPtr, int)[m[Kâ€™:
[1.906s] [01m[K/home/matylda-hayne/mtrx3760_p2/MTRX3760_PROJECT_2/ros2_ws/src/user_interface/src/user_interface.cpp:551:22:[m[K [01;35m[Kwarning: [m[Kunused parameter â€˜[01m[KSharedPtr[m[Kâ€™ [[01;35m[K]8;;https://gcc.gnu.org/onlinedocs/gcc/Warning-Options.html#index-Wunused-parameter-Wunused-parameter]8;;[m[K]
[1.906s]   551 |     [01;35m[KRobotTypeClient::SharedPtr[m[K client,
[1.906s]       |     [01;35m[K~~~~~~~~~~~~~~~~~^~~~~~~~~[m[K
[1.912s] [01m[K/home/matylda-hayne/mtrx3760_p2/MTRX3760_PROJECT_2/ros2_ws/src/user_interface/src/user_interface.cpp:[m[K In function â€˜[01m[Kvoid[01;32m[K RenderMapTextureAndInteraction[m[K(GLuint, int, int, double, const std::array<double, 3>&, float&, float&, bool&, bool, float)[m[Kâ€™:
[1.912s] [01m[K/home/matylda-hayne/mtrx3760_p2/MTRX3760_PROJECT_2/ros2_ws/src/user_interface/src/user_interface.cpp:576:19:[m[K [01;31m[Kerror: [m[Kâ€˜[01m[Kregion_w[m[Kâ€™ was not declared in this scope
[1.912s]   576 |     float max_w = [01;31m[Kregion_w[m[K * 0.9f;
[1.912s]       |                   [01;31m[K^~~~~~~~[m[K
[1.919s] [01m[K/home/matylda-hayne/mtrx3760_p2/MTRX3760_PROJECT_2/ros2_ws/src/user_interface/src/user_interface.cpp:577:28:[m[K [01;31m[Kerror: [m[Kâ€˜[01m[Kscale_map[m[Kâ€™ was not declared in this scope
[1.919s]   577 |     float draw_w = map_w * [01;31m[Kscale_map[m[K;
[1.919s]       |                            [01;31m[K^~~~~~~~~[m[K
[1.928s] [01m[K/home/matylda-hayne/mtrx3760_p2/MTRX3760_PROJECT_2/ros2_ws/src/user_interface/src/user_interface.cpp:606:52:[m[K [01;31m[Kerror: [m[Kâ€˜[01m[Kmap_data[m[Kâ€™ was not declared in this scope
[1.928s]   606 |                 map_h, map_resolution, map_origin, [01;31m[Kmap_data[m[K, markers,
[1.928s]       |                                                    [01;31m[K^~~~~~~~[m[K
[1.929s] [01m[K/home/matylda-hayne/mtrx3760_p2/MTRX3760_PROJECT_2/ros2_ws/src/user_interface/src/user_interface.cpp:620:11:[m[K [01;35m[Kwarning: [m[Kunused variable â€˜[01m[Koffset_x[m[Kâ€™ [[01;35m[K]8;;https://gcc.gnu.org/onlinedocs/gcc/Warning-Options.html#index-Wunused-variable-Wunused-variable]8;;[m[K]
[1.929s]   620 |     float [01;35m[Koffset_x[m[K = (region_clear_w - btn_w) * 0.5f;
[1.929s]       |           [01;35m[K^~~~~~~~[m[K
[1.929s] [01m[K/home/matylda-hayne/mtrx3760_p2/MTRX3760_PROJECT_2/ros2_ws/src/user_interface/src/user_interface.cpp:574:10:[m[K [01;35m[Kwarning: [m[Kunused parameter â€˜[01m[Kflagged_startup[m[Kâ€™ [[01;35m[K]8;;https://gcc.gnu.org/onlinedocs/gcc/Warning-Options.html#index-Wunused-parameter-Wunused-parameter]8;;[m[K]
[1.929s]   574 |     [01;35m[Kbool flagged_startup[m[K, float btn_w)
[1.929s]       |     [01;35m[K~~~~~^~~~~~~~~~~~~~~[m[K
[1.958s] [01m[K/home/matylda-hayne/mtrx3760_p2/MTRX3760_PROJECT_2/ros2_ws/src/user_interface/src/user_interface.cpp:[m[K In function â€˜[01m[Kint[01;32m[K main[m[K()[m[Kâ€™:
[1.958s] [01m[K/home/matylda-hayne/mtrx3760_p2/MTRX3760_PROJECT_2/ros2_ws/src/user_interface/src/user_interface.cpp:680:29:[m[K [01;31m[Kerror: [m[Kâ€˜[01m[KGetPackageShareDirectory[m[Kâ€™ was not declared in this scope; did you mean â€˜[01m[KGetPackageShareDir[m[Kâ€™?
[1.958s]   680 |     std::string share_dir = [01;31m[KGetPackageShareDirectory[m[K();
[1.958s]       |                             [01;31m[K^~~~~~~~~~~~~~~~~~~~~~~~[m[K
[1.958s]       |                             [32m[KGetPackageShareDir[m[K
[1.959s] [01m[K/home/matylda-hayne/mtrx3760_p2/MTRX3760_PROJECT_2/ros2_ws/src/user_interface/src/user_interface.cpp:781:11:[m[K [01;35m[Kwarning: [m[Kcapture of variable â€˜[01m[Kbattery_level[m[Kâ€™ with non-automatic storage duration
[1.959s]   781 |         [&[01;35m[Kbattery_level[m[K](const std_msgs::msg::Int32::SharedPtr msg) {
[1.959s]       |           [01;35m[K^~~~~~~~~~~~~[m[K
[1.959s] [01m[K/home/matylda-hayne/mtrx3760_p2/MTRX3760_PROJECT_2/ros2_ws/src/user_interface/src/user_interface.cpp:778:29:[m[K [01;36m[Knote: [m[Kâ€˜[01m[Kstd::atomic<int> battery_level[m[Kâ€™ declared here
[1.959s]   778 |     static std::atomic<int> [01;36m[Kbattery_level[m[K{100};
[1.959s]       |                             [01;36m[K^~~~~~~~~~~~~[m[K
[1.977s] [01m[K/home/matylda-hayne/mtrx3760_p2/MTRX3760_PROJECT_2/ros2_ws/src/user_interface/src/user_interface.cpp:794:11:[m[K [01;35m[Kwarning: [m[Kcapture of variable â€˜[01m[Kcurrent_type[m[Kâ€™ with non-automatic storage duration
[1.977s]   794 |         [&[01;35m[Kcurrent_type[m[K, node](const std_msgs::msg::String::SharedPtr msg)
[1.977s]       |           [01;35m[K^~~~~~~~~~~~[m[K
[1.977s] [01m[K/home/matylda-hayne/mtrx3760_p2/MTRX3760_PROJECT_2/ros2_ws/src/user_interface/src/user_interface.cpp:790:24:[m[K [01;36m[Knote: [m[Kâ€˜[01m[Kstd::string current_type[m[Kâ€™ declared here
[1.977s]   790 |     static std::string [01;36m[Kcurrent_type[m[K = "Not Set";
[1.977s]       |                        [01;36m[K^~~~~~~~~~~~[m[K
[1.998s] [01m[K/home/matylda-hayne/mtrx3760_p2/MTRX3760_PROJECT_2/ros2_ws/src/user_interface/src/user_interface.cpp:920:13:[m[K [01;31m[Kerror: [m[Kâ€˜[01m[Kfont[m[Kâ€™ was not declared in this scope; did you mean â€˜[01m[Kfonts[m[Kâ€™?
[1.999s]   920 |         if ([01;31m[Kfont[m[K.medium_font) {
[1.999s]       |             [01;31m[K^~~~[m[K
[1.999s]       |             [32m[Kfonts[m[K
[2.011s] [01m[K/home/matylda-hayne/mtrx3760_p2/MTRX3760_PROJECT_2/ros2_ws/src/user_interface/src/user_interface.cpp:953:45:[m[K [01;31m[Kerror: [m[Kâ€˜[01m[Kpascal_serial[m[Kâ€™ was not declared in this scope
[2.011s]   953 |         ImGui::TextWrapped("Serial ID: %s", [01;31m[Kpascal_serial[m[K.c_str());
[2.011s]       |                                             [01;31m[K^~~~~~~~~~~~~[m[K
[2.017s] [01m[K/home/matylda-hayne/mtrx3760_p2/MTRX3760_PROJECT_2/ros2_ws/src/user_interface/src/user_interface.cpp:979:13:[m[K [01;31m[Kerror: [m[Kâ€˜[01m[Kfont[m[Kâ€™ was not declared in this scope; did you mean â€˜[01m[Kfonts[m[Kâ€™?
[2.017s]   979 |         if ([01;31m[Kfont[m[K.big_boldFont) {
[2.017s]       |             [01;31m[K^~~~[m[K
[2.017s]       |             [32m[Kfonts[m[K
[2.032s] [01m[K/home/matylda-hayne/mtrx3760_p2/MTRX3760_PROJECT_2/ros2_ws/src/user_interface/src/user_interface.cpp:994:34:[m[K [01;31m[Kerror: [m[Kâ€˜[01m[Kpascal_intro[m[Kâ€™ was not declared in this scope
[2.032s]   994 |         ImGui::TextWrapped("%s", [01;31m[Kpascal_intro[m[K.c_str());
[2.032s]       |                                  [01;31m[K^~~~~~~~~~~~[m[K
[2.038s] [01m[K/home/matylda-hayne/mtrx3760_p2/MTRX3760_PROJECT_2/ros2_ws/src/user_interface/src/user_interface.cpp:997:13:[m[K [01;31m[Kerror: [m[Kâ€˜[01m[Kfont[m[Kâ€™ was not declared in this scope; did you mean â€˜[01m[Kfonts[m[Kâ€™?
[2.038s]   997 |         if ([01;31m[Kfont[m[K.medium_font)
[2.038s]       |             [01;31m[K^~~~[m[K
[2.038s]       |             [32m[Kfonts[m[K
[2.056s] [01m[K/home/matylda-hayne/mtrx3760_p2/MTRX3760_PROJECT_2/ros2_ws/src/user_interface/src/user_interface.cpp:1031:34:[m[K [01;31m[Kerror: [m[Kâ€˜[01m[KCreateStartupRequest[m[Kâ€™ was not declared in this scope; did you mean â€˜[01m[KCreateRobotRequest[m[Kâ€™?
[2.056s]  1031 |             auto request_start = [01;31m[KCreateStartupRequest[m[K();
[2.056s]       |                                  [01;31m[K^~~~~~~~~~~~~~~~~~~~[m[K
[2.056s]       |                                  [32m[KCreateRobotRequest[m[K
[2.058s] [01m[K/home/matylda-hayne/mtrx3760_p2/MTRX3760_PROJECT_2/ros2_ws/src/user_interface/src/user_interface.cpp:1150:31:[m[K [01;35m[Kwarning: [m[Kcomparison of integer expressions of different signedness: â€˜[01m[Kint[m[Kâ€™ and â€˜[01m[Kstd::vector<const char*>::size_type[m[Kâ€™ {aka â€˜[01m[Klong unsigned int[m[Kâ€™} [[01;35m[K]8;;https://gcc.gnu.org/onlinedocs/gcc/Warning-Options.html#index-Wsign-compare-Wsign-compare]8;;[m[K]
[2.058s]  1150 |             for (int n = 0; [01;35m[Kn < indexes.size()[m[K; n++)
[2.058s]       |                             [01;35m[K~~^~~~~~~~~~~~~~~~[m[K
[2.059s] [01m[K/home/matylda-hayne/mtrx3760_p2/MTRX3760_PROJECT_2/ros2_ws/src/user_interface/src/user_interface.cpp:1360:40:[m[K [01;31m[Kerror: [m[Kcannot convert â€˜[01m[Kstd::shared_ptr<rclcpp::Client<shared_interfaces::srv::RobotType> >[m[Kâ€™ to â€˜[01m[Kint[m[Kâ€™
[2.059s]  1360 |                 SendRobotRequest(node, [01;31m[Kclient[m[K, request, sequence_number);
[2.059s]       |                                        [01;31m[K^~~~~~[m[K
[2.059s]       |                                        [01;31m[K|[m[K
[2.059s]       |                                        [01;31m[Kstd::shared_ptr<rclcpp::Client<shared_interfaces::srv::RobotType> >[m[K
[2.059s] [01m[K/home/matylda-hayne/mtrx3760_p2/MTRX3760_PROJECT_2/ros2_ws/src/user_interface/src/user_interface.cpp:551:22:[m[K [01;36m[Knote: [m[K  initializing argument 2 of â€˜[01m[Kvoid[01;32m[K SendRobotRequest[m[K(rclcpp::Node::SharedPtr, int)[m[Kâ€™
[2.059s]   551 |     [01;36m[KRobotTypeClient::SharedPtr[m[K client,
[2.059s]       |     [01;36m[K~~~~~~~~~~~~~~~~~^~~~~~~~~[m[K
[2.059s] [01m[K/home/matylda-hayne/mtrx3760_p2/MTRX3760_PROJECT_2/ros2_ws/src/user_interface/src/user_interface.cpp:1361:17:[m[K [01;31m[Kerror: [m[Kreturn-statement with no value, in function returning â€˜[01m[Kint[m[Kâ€™ [[01;31m[K]8;;https://gcc.gnu.org/onlinedocs/gcc/Warning-Options.html#index-fpermissive-fpermissive]8;;[m[K]
[2.059s]  1361 |                 [01;31m[Kreturn[m[K;
[2.059s]       |                 [01;31m[K^~~~~~[m[K
[2.059s] [01m[K/home/matylda-hayne/mtrx3760_p2/MTRX3760_PROJECT_2/ros2_ws/src/user_interface/src/user_interface.cpp:1367:21:[m[K [01;31m[Kerror: [m[Kreturn-statement with no value, in function returning â€˜[01m[Kint[m[Kâ€™ [[01;31m[K]8;;https://gcc.gnu.org/onlinedocs/gcc/Warning-Options.html#index-fpermissive-fpermissive]8;;[m[K]
[2.059s]  1367 |                     [01;31m[Kreturn[m[K;
[2.059s]       |                     [01;31m[K^~~~~~[m[K
[2.059s] [01m[K/home/matylda-hayne/mtrx3760_p2/MTRX3760_PROJECT_2/ros2_ws/src/user_interface/src/user_interface.cpp:1371:40:[m[K [01;31m[Kerror: [m[Kcannot convert â€˜[01m[Kstd::shared_ptr<rclcpp::Client<shared_interfaces::srv::RobotType> >[m[Kâ€™ to â€˜[01m[Kint[m[Kâ€™
[2.059s]  1371 |                 SendRobotRequest(node, [01;31m[Kclient[m[K, request, sequence_number);
[2.059s]       |                                        [01;31m[K^~~~~~[m[K
[2.059s]       |                                        [01;31m[K|[m[K
[2.059s]       |                                        [01;31m[Kstd::shared_ptr<rclcpp::Client<shared_interfaces::srv::RobotType> >[m[K
[2.059s] [01m[K/home/matylda-hayne/mtrx3760_p2/MTRX3760_PROJECT_2/ros2_ws/src/user_interface/src/user_interface.cpp:551:22:[m[K [01;36m[Knote: [m[K  initializing argument 2 of â€˜[01m[Kvoid[01;32m[K SendRobotRequest[m[K(rclcpp::Node::SharedPtr, int)[m[Kâ€™
[2.059s]   551 |     [01;36m[KRobotTypeClient::SharedPtr[m[K client,
[2.059s]       |     [01;36m[K~~~~~~~~~~~~~~~~~^~~~~~~~~[m[K
[2.059s] [01m[K/home/matylda-hayne/mtrx3760_p2/MTRX3760_PROJECT_2/ros2_ws/src/user_interface/src/user_interface.cpp:1372:17:[m[K [01;31m[Kerror: [m[Kreturn-statement with no value, in function returning â€˜[01m[Kint[m[Kâ€™ [[01;31m[K]8;;https://gcc.gnu.org/onlinedocs/gcc/Warning-Options.html#index-fpermissive-fpermissive]8;;[m[K]
[2.059s]  1372 |                 [01;31m[Kreturn[m[K;
[2.060s]       |                 [01;31m[K^~~~~~[m[K
[2.060s] [01m[K/home/matylda-hayne/mtrx3760_p2/MTRX3760_PROJECT_2/ros2_ws/src/user_interface/src/user_interface.cpp:1385:17:[m[K [01;31m[Kerror: [m[Kreturn-statement with no value, in function returning â€˜[01m[Kint[m[Kâ€™ [[01;31m[K]8;;https://gcc.gnu.org/onlinedocs/gcc/Warning-Options.html#index-fpermissive-fpermissive]8;;[m[K]
[2.060s]  1385 |                 [01;31m[Kreturn[m[K;
[2.060s]       |                 [01;31m[K^~~~~~[m[K
[2.060s] [01m[K/home/matylda-hayne/mtrx3760_p2/MTRX3760_PROJECT_2/ros2_ws/src/user_interface/src/user_interface.cpp:1391:17:[m[K [01;31m[Kerror: [m[Kreturn-statement with no value, in function returning â€˜[01m[Kint[m[Kâ€™ [[01;31m[K]8;;https://gcc.gnu.org/onlinedocs/gcc/Warning-Options.html#index-fpermissive-fpermissive]8;;[m[K]
[2.060s]  1391 |                 [01;31m[Kreturn[m[K;
[2.060s]       |                 [01;31m[K^~~~~~[m[K
[2.060s] [01m[K/home/matylda-hayne/mtrx3760_p2/MTRX3760_PROJECT_2/ros2_ws/src/user_interface/src/user_interface.cpp:1397:17:[m[K [01;31m[Kerror: [m[Kreturn-statement with no value, in function returning â€˜[01m[Kint[m[Kâ€™ [[01;31m[K]8;;https://gcc.gnu.org/onlinedocs/gcc/Warning-Options.html#index-fpermissive-fpermissive]8;;[m[K]
[2.060s]  1397 |                 [01;31m[Kreturn[m[K;
[2.060s]       |                 [01;31m[K^~~~~~[m[K
[2.060s] [01m[K/home/matylda-hayne/mtrx3760_p2/MTRX3760_PROJECT_2/ros2_ws/src/user_interface/src/user_interface.cpp:1405:36:[m[K [01;31m[Kerror: [m[Kcannot convert â€˜[01m[Kstd::shared_ptr<rclcpp::Client<shared_interfaces::srv::RobotType> >[m[Kâ€™ to â€˜[01m[Kint[m[Kâ€™
[2.061s]  1405 |             SendRobotRequest(node, [01;31m[Kclient[m[K, request, sequence_number);
[2.061s]       |                                    [01;31m[K^~~~~~[m[K
[2.061s]       |                                    [01;31m[K|[m[K
[2.061s]       |                                    [01;31m[Kstd::shared_ptr<rclcpp::Client<shared_interfaces::srv::RobotType> >[m[K
[2.061s] [01m[K/home/matylda-hayne/mtrx3760_p2/MTRX3760_PROJECT_2/ros2_ws/src/user_interface/src/user_interface.cpp:551:22:[m[K [01;36m[Knote: [m[K  initializing argument 2 of â€˜[01m[Kvoid[01;32m[K SendRobotRequest[m[K(rclcpp::Node::SharedPtr, int)[m[Kâ€™
[2.061s]   551 |     [01;36m[KRobotTypeClient::SharedPtr[m[K client,
[2.061s]       |     [01;36m[K~~~~~~~~~~~~~~~~~^~~~~~~~~[m[K
[2.068s] [01m[K/home/matylda-hayne/mtrx3760_p2/MTRX3760_PROJECT_2/ros2_ws/src/user_interface/src/user_interface.cpp:1408:13:[m[K [01;31m[Kerror: [m[Kâ€˜[01m[Kfont[m[Kâ€™ was not declared in this scope; did you mean â€˜[01m[Kfonts[m[Kâ€™?
[2.068s]  1408 |         if ([01;31m[Kfont[m[K.mini_italic_font)
[2.068s]       |             [01;31m[K^~~~[m[K
[2.068s]       |             [32m[Kfonts[m[K
[2.073s] [01m[K/home/matylda-hayne/mtrx3760_p2/MTRX3760_PROJECT_2/ros2_ws/src/user_interface/src/user_interface.cpp:1438:17:[m[K [01;31m[Kerror: [m[Kâ€˜[01m[Kfont[m[Kâ€™ was not declared in this scope; did you mean â€˜[01m[Kfonts[m[Kâ€™?
[2.073s]  1438 |             if ([01;31m[Kfont[m[K.medium_font)
[2.074s]       |                 [01;31m[K^~~~[m[K
[2.074s]       |                 [32m[Kfonts[m[K
[2.074s] [01m[K/home/matylda-hayne/mtrx3760_p2/MTRX3760_PROJECT_2/ros2_ws/src/user_interface/src/user_interface.cpp:1456:83:[m[K [01;31m[Kerror: [m[Kexpected â€˜[01m[K;[m[Kâ€™ before â€˜[01m[K}[m[Kâ€™ token
[2.074s]  1456 |                     last_world_x, last_world_y, has_click, flagged_startup, btn_w)
[2.074s]       |                                                                                   [01;31m[K^[m[K
[2.074s]       |                                                                                   [32m[K;[m[K
[2.074s] ......
[2.074s]  1545 |             [32m[K}[m[K
[2.074s]       |             [32m[K~[m[K                                                                      
[2.080s] [01m[K/home/matylda-hayne/mtrx3760_p2/MTRX3760_PROJECT_2/ros2_ws/src/user_interface/src/user_interface.cpp:1574:29:[m[K [01;31m[Kerror: [m[Kâ€˜[01m[Kfont[m[Kâ€™ was not declared in this scope; did you mean â€˜[01m[Kfonts[m[Kâ€™?
[2.080s]  1574 |             ImGui::PushFont([01;31m[Kfont[m[K.mini_font);
[2.080s]       |                             [01;31m[K^~~~[m[K
[2.080s]       |                             [32m[Kfonts[m[K
[2.080s] [01m[K/home/matylda-hayne/mtrx3760_p2/MTRX3760_PROJECT_2/ros2_ws/src/user_interface/src/user_interface.cpp:1020:15:[m[K [01;35m[Kwarning: [m[Kunused variable â€˜[01m[Koffset_x[m[Kâ€™ [[01;35m[K]8;;https://gcc.gnu.org/onlinedocs/gcc/Warning-Options.html#index-Wunused-variable-Wunused-variable]8;;[m[K]
[2.081s]  1020 |         float [01;35m[Koffset_x[m[K = (region_boot_w - btn_w) * 0.5f;
[2.081s]       |               [01;35m[K^~~~~~~~[m[K
[2.081s] [01m[K/home/matylda-hayne/mtrx3760_p2/MTRX3760_PROJECT_2/ros2_ws/src/user_interface/src/user_interface.cpp:1432:21:[m[K [01;35m[Kwarning: [m[Kunused variable â€˜[01m[Kscale_map[m[Kâ€™ [[01;35m[K]8;;https://gcc.gnu.org/onlinedocs/gcc/Warning-Options.html#index-Wunused-variable-Wunused-variable]8;;[m[K]
[2.081s]  1432 |         const float [01;35m[Kscale_map[m[K = 5.0f;
[2.081s]       |                     [01;35m[K^~~~~~~~~[m[K
[4.041s] gmake[2]: *** [CMakeFiles/user_interface.dir/build.make:76: CMakeFiles/user_interface.dir/src/user_interface.cpp.o] Error 1
[4.041s] gmake[1]: *** [CMakeFiles/Makefile2:137: CMakeFiles/user_interface.dir/all] Error 2
[4.042s] gmake: *** [Makefile:146: all] Error 2
[4.043s] Invoked command in '/home/matylda-hayne/mtrx3760_p2/MTRX3760_PROJECT_2/build/user_interface' returned '2': AMENT_PREFIX_PATH=/home/matylda-hayne/mtrx3760_p2/MTRX3760_PROJECT_2/install/shared_interfaces:${AMENT_PREFIX_PATH} CMAKE_PREFIX_PATH=/home/matylda-hayne/mtrx3760_p2/MTRX3760_PROJECT_2/install/shared_interfaces:/home/matylda-hayne/turtlebot3_ws/install/turtlebot3:/home/matylda-hayne/turtlebot3_ws/install/turtlebot3_simulations:/home/matylda-hayne/turtlebot3_ws/install/turtlebot3_bringup:/home/matylda-hayne/turtlebot3_ws/install/turtlebot3_node:/home/matylda-hayne/turtlebot3_ws/install/turtlebot3_navigation2:/home/matylda-hayne/turtlebot3_ws/install/turtlebot3_fake_node:/home/matylda-hayne/turtlebot3_ws/install/turtlebot3_msgs:/home/matylda-hayne/turtlebot3_ws/install/turtlebot3_gazebo:/home/matylda-hayne/turtlebot3_ws/install/turtlebot3_description:/home/matylda-hayne/turtlebot3_ws/install/turtlebot3_cartographer:/home/matylda-hayne/turtlebot3_ws/install/dynamixel_sdk_examples:/home/matylda-hayne/turtlebot3_ws/install/dynamixel_sdk_custom_interfaces:/home/matylda-hayne/turtlebot3_ws/install/dynamixel_sdk:/home/matylda-hayne/install/turtlebot_maze_solver:/home/matylda-hayne/install/polygon_plugins:/home/matylda-hayne/install/polygon_base:/home/matylda-hayne/mtrx3760_ws/install/turtlebot_maze_solver:/opt/ros/jazzy/opt/gz_sim_vendor:/opt/ros/jazzy/opt/gz_sensors_vendor:/opt/ros/jazzy/opt/gz_physics_vendor:/opt/ros/jazzy/opt/sdformat_vendor:/opt/ros/jazzy/opt/gz_gui_vendor:/opt/ros/jazzy/opt/gz_transport_vendor:/opt/ros/jazzy/opt/gz_rendering_vendor:/opt/ros/jazzy/opt/gz_plugin_vendor:/opt/ros/jazzy/opt/gz_fuel_tools_vendor:/opt/ros/jazzy/opt/gz_msgs_vendor:/opt/ros/jazzy/opt/gz_common_vendor:/opt/ros/jazzy/opt/gz_math_vendor:/opt/ros/jazzy/opt/gz_utils_vendor:/opt/ros/jazzy/opt/gz_tools_vendor:/opt/ros/jazzy/opt/gz_ogre_next_vendor:/opt/ros/jazzy/opt/gz_dartsim_vendor:/opt/ros/jazzy/opt/gz_cmake_vendor:/home/matylda-hayne/turtlebot3_ws/install/turtlebot3_teleop:/home/matylda-hayne/turtlebot3_ws/install/turtlebot3_example:/opt/ros/jazzy DEBUGINFOD_URLS=https://debuginfod.ubuntu.com LD_LIBRARY_PATH=/home/matylda-hayne/mtrx3760_p2/MTRX3760_PROJECT_2/install/shared_interfaces/lib:${LD_LIBRARY_PATH} PYTHONPATH=/home/matylda-hayne/mtrx3760_p2/MTRX3760_PROJECT_2/install/shared_interfaces/lib/python3.12/site-packages:${PYTHONPATH} /usr/bin/cmake --build /home/matylda-hayne/mtrx3760_p2/MTRX3760_PROJECT_2/build/user_interface -- -j20 -l20
