[0.012s] Invoking command in '/home/matylda-hayne/mtrx3760_p2/MTRX3760_PROJECT_2/build/user_interface': CMAKE_PREFIX_PATH=/home/matylda-hayne/mtrx3760_p2/MTRX3760_PROJECT_2/install/shared_interfaces:/home/matylda-hayne/mtrx3760_p2/MTRX3760_PROJECT_2/install/user_interface:/home/matylda-hayne/mtrx3760_p2/MTRX3760_PROJECT_2/install/robot:/home/matylda-hayne/turtlebot3_ws/install/turtlebot3:/home/matylda-hayne/turtlebot3_ws/install/turtlebot3_simulations:/home/matylda-hayne/turtlebot3_ws/install/turtlebot3_bringup:/home/matylda-hayne/turtlebot3_ws/install/turtlebot3_node:/home/matylda-hayne/turtlebot3_ws/install/turtlebot3_navigation2:/home/matylda-hayne/turtlebot3_ws/install/turtlebot3_fake_node:/home/matylda-hayne/turtlebot3_ws/install/turtlebot3_msgs:/home/matylda-hayne/turtlebot3_ws/install/turtlebot3_gazebo:/home/matylda-hayne/turtlebot3_ws/install/turtlebot3_description:/home/matylda-hayne/turtlebot3_ws/install/turtlebot3_cartographer:/home/matylda-hayne/turtlebot3_ws/install/dynamixel_sdk_examples:/home/matylda-hayne/turtlebot3_ws/install/dynamixel_sdk_custom_interfaces:/home/matylda-hayne/turtlebot3_ws/install/dynamixel_sdk:/home/matylda-hayne/install/turtlebot_maze_solver:/home/matylda-hayne/install/polygon_plugins:/home/matylda-hayne/install/polygon_base:/home/matylda-hayne/mtrx3760_ws/install/turtlebot_maze_solver:/opt/ros/jazzy/opt/gz_sim_vendor:/opt/ros/jazzy/opt/gz_sensors_vendor:/opt/ros/jazzy/opt/gz_physics_vendor:/opt/ros/jazzy/opt/sdformat_vendor:/opt/ros/jazzy/opt/gz_gui_vendor:/opt/ros/jazzy/opt/gz_transport_vendor:/opt/ros/jazzy/opt/gz_rendering_vendor:/opt/ros/jazzy/opt/gz_plugin_vendor:/opt/ros/jazzy/opt/gz_fuel_tools_vendor:/opt/ros/jazzy/opt/gz_msgs_vendor:/opt/ros/jazzy/opt/gz_common_vendor:/opt/ros/jazzy/opt/gz_math_vendor:/opt/ros/jazzy/opt/gz_utils_vendor:/opt/ros/jazzy/opt/gz_tools_vendor:/opt/ros/jazzy/opt/gz_ogre_next_vendor:/opt/ros/jazzy/opt/gz_dartsim_vendor:/opt/ros/jazzy/opt/gz_cmake_vendor:/home/matylda-hayne/turtlebot3_ws/install/turtlebot3_teleop:/home/matylda-hayne/turtlebot3_ws/install/turtlebot3_example:/opt/ros/jazzy DEBUGINFOD_URLS=https://debuginfod.ubuntu.com /usr/bin/cmake --build /home/matylda-hayne/mtrx3760_p2/MTRX3760_PROJECT_2/build/user_interface -- -j20 -l20
[0.068s] [  9%] [32mBuilding CXX object CMakeFiles/user_interface_lib.dir/src/user_interface.cpp.o[0m
[1.613s] In file included from [01m[K/home/matylda-hayne/mtrx3760_p2/MTRX3760_PROJECT_2/ros2_ws/src/user_interface/src/user_interface.cpp:35[m[K:
[1.613s] [01m[K/home/matylda-hayne/mtrx3760_p2/MTRX3760_PROJECT_2/ros2_ws/src/user_interface/vendor/stb/stb_image_write.h:[m[K In function â€˜[01m[Kint[01;32m[K stbi_write_bmp_to_func[m[K(void (*)(void*, void*, int), void*, int, int, int, const void*)[m[Kâ€™:
[1.613s] [01m[K/home/matylda-hayne/mtrx3760_p2/MTRX3760_PROJECT_2/ros2_ws/src/user_interface/vendor/stb/stb_image_write.h:514:32:[m[K [01;35m[Kwarning: [m[Kmissing initializer for member â€˜[01m[Kstbi__write_context::context[m[Kâ€™ [[01;35m[K]8;;https://gcc.gnu.org/onlinedocs/gcc/Warning-Options.html#index-Wmissing-field-initializers-Wmissing-field-initializers]8;;[m[K]
[1.613s]   514 |    stbi__write_context s = { 0 [01;35m[K}[m[K;
[1.614s]       |                                [01;35m[K^[m[K
[1.614s] [01m[K/home/matylda-hayne/mtrx3760_p2/MTRX3760_PROJECT_2/ros2_ws/src/user_interface/vendor/stb/stb_image_write.h:514:32:[m[K [01;35m[Kwarning: [m[Kmissing initializer for member â€˜[01m[Kstbi__write_context::buffer[m[Kâ€™ [[01;35m[K]8;;https://gcc.gnu.org/onlinedocs/gcc/Warning-Options.html#index-Wmissing-field-initializers-Wmissing-field-initializers]8;;[m[K]
[1.614s] [01m[K/home/matylda-hayne/mtrx3760_p2/MTRX3760_PROJECT_2/ros2_ws/src/user_interface/vendor/stb/stb_image_write.h:514:32:[m[K [01;35m[Kwarning: [m[Kmissing initializer for member â€˜[01m[Kstbi__write_context::buf_used[m[Kâ€™ [[01;35m[K]8;;https://gcc.gnu.org/onlinedocs/gcc/Warning-Options.html#index-Wmissing-field-initializers-Wmissing-field-initializers]8;;[m[K]
[1.614s] [01m[K/home/matylda-hayne/mtrx3760_p2/MTRX3760_PROJECT_2/ros2_ws/src/user_interface/vendor/stb/stb_image_write.h:[m[K In function â€˜[01m[Kint[01;32m[K stbi_write_bmp[m[K(const char*, int, int, int, const void*)[m[Kâ€™:
[1.614s] [01m[K/home/matylda-hayne/mtrx3760_p2/MTRX3760_PROJECT_2/ros2_ws/src/user_interface/vendor/stb/stb_image_write.h:522:32:[m[K [01;35m[Kwarning: [m[Kmissing initializer for member â€˜[01m[Kstbi__write_context::context[m[Kâ€™ [[01;35m[K]8;;https://gcc.gnu.org/onlinedocs/gcc/Warning-Options.html#index-Wmissing-field-initializers-Wmissing-field-initializers]8;;[m[K]
[1.614s]   522 |    stbi__write_context s = { 0 [01;35m[K}[m[K;
[1.614s]       |                                [01;35m[K^[m[K
[1.614s] [01m[K/home/matylda-hayne/mtrx3760_p2/MTRX3760_PROJECT_2/ros2_ws/src/user_interface/vendor/stb/stb_image_write.h:522:32:[m[K [01;35m[Kwarning: [m[Kmissing initializer for member â€˜[01m[Kstbi__write_context::buffer[m[Kâ€™ [[01;35m[K]8;;https://gcc.gnu.org/onlinedocs/gcc/Warning-Options.html#index-Wmissing-field-initializers-Wmissing-field-initializers]8;;[m[K]
[1.614s] [01m[K/home/matylda-hayne/mtrx3760_p2/MTRX3760_PROJECT_2/ros2_ws/src/user_interface/vendor/stb/stb_image_write.h:522:32:[m[K [01;35m[Kwarning: [m[Kmissing initializer for member â€˜[01m[Kstbi__write_context::buf_used[m[Kâ€™ [[01;35m[K]8;;https://gcc.gnu.org/onlinedocs/gcc/Warning-Options.html#index-Wmissing-field-initializers-Wmissing-field-initializers]8;;[m[K]
[1.614s] [01m[K/home/matylda-hayne/mtrx3760_p2/MTRX3760_PROJECT_2/ros2_ws/src/user_interface/vendor/stb/stb_image_write.h:[m[K In function â€˜[01m[Kint[01;32m[K stbi_write_tga_to_func[m[K(void (*)(void*, void*, int), void*, int, int, int, const void*)[m[Kâ€™:
[1.614s] [01m[K/home/matylda-hayne/mtrx3760_p2/MTRX3760_PROJECT_2/ros2_ws/src/user_interface/vendor/stb/stb_image_write.h:613:32:[m[K [01;35m[Kwarning: [m[Kmissing initializer for member â€˜[01m[Kstbi__write_context::context[m[Kâ€™ [[01;35m[K]8;;https://gcc.gnu.org/onlinedocs/gcc/Warning-Options.html#index-Wmissing-field-initializers-Wmissing-field-initializers]8;;[m[K]
[1.614s]   613 |    stbi__write_context s = { 0 [01;35m[K}[m[K;
[1.614s]       |                                [01;35m[K^[m[K
[1.614s] [01m[K/home/matylda-hayne/mtrx3760_p2/MTRX3760_PROJECT_2/ros2_ws/src/user_interface/vendor/stb/stb_image_write.h:613:32:[m[K [01;35m[Kwarning: [m[Kmissing initializer for member â€˜[01m[Kstbi__write_context::buffer[m[Kâ€™ [[01;35m[K]8;;https://gcc.gnu.org/onlinedocs/gcc/Warning-Options.html#index-Wmissing-field-initializers-Wmissing-field-initializers]8;;[m[K]
[1.614s] [01m[K/home/matylda-hayne/mtrx3760_p2/MTRX3760_PROJECT_2/ros2_ws/src/user_interface/vendor/stb/stb_image_write.h:613:32:[m[K [01;35m[Kwarning: [m[Kmissing initializer for member â€˜[01m[Kstbi__write_context::buf_used[m[Kâ€™ [[01;35m[K]8;;https://gcc.gnu.org/onlinedocs/gcc/Warning-Options.html#index-Wmissing-field-initializers-Wmissing-field-initializers]8;;[m[K]
[1.614s] [01m[K/home/matylda-hayne/mtrx3760_p2/MTRX3760_PROJECT_2/ros2_ws/src/user_interface/vendor/stb/stb_image_write.h:[m[K In function â€˜[01m[Kint[01;32m[K stbi_write_tga[m[K(const char*, int, int, int, const void*)[m[Kâ€™:
[1.614s] [01m[K/home/matylda-hayne/mtrx3760_p2/MTRX3760_PROJECT_2/ros2_ws/src/user_interface/vendor/stb/stb_image_write.h:621:32:[m[K [01;35m[Kwarning: [m[Kmissing initializer for member â€˜[01m[Kstbi__write_context::context[m[Kâ€™ [[01;35m[K]8;;https://gcc.gnu.org/onlinedocs/gcc/Warning-Options.html#index-Wmissing-field-initializers-Wmissing-field-initializers]8;;[m[K]
[1.614s]   621 |    stbi__write_context s = { 0 [01;35m[K}[m[K;
[1.614s]       |                                [01;35m[K^[m[K
[1.614s] [01m[K/home/matylda-hayne/mtrx3760_p2/MTRX3760_PROJECT_2/ros2_ws/src/user_interface/vendor/stb/stb_image_write.h:621:32:[m[K [01;35m[Kwarning: [m[Kmissing initializer for member â€˜[01m[Kstbi__write_context::buffer[m[Kâ€™ [[01;35m[K]8;;https://gcc.gnu.org/onlinedocs/gcc/Warning-Options.html#index-Wmissing-field-initializers-Wmissing-field-initializers]8;;[m[K]
[1.614s] [01m[K/home/matylda-hayne/mtrx3760_p2/MTRX3760_PROJECT_2/ros2_ws/src/user_interface/vendor/stb/stb_image_write.h:621:32:[m[K [01;35m[Kwarning: [m[Kmissing initializer for member â€˜[01m[Kstbi__write_context::buf_used[m[Kâ€™ [[01;35m[K]8;;https://gcc.gnu.org/onlinedocs/gcc/Warning-Options.html#index-Wmissing-field-initializers-Wmissing-field-initializers]8;;[m[K]
[1.615s] [01m[K/home/matylda-hayne/mtrx3760_p2/MTRX3760_PROJECT_2/ros2_ws/src/user_interface/vendor/stb/stb_image_write.h:[m[K In function â€˜[01m[Kint[01;32m[K stbi_write_hdr_to_func[m[K(void (*)(void*, void*, int), void*, int, int, int, const float*)[m[Kâ€™:
[1.615s] [01m[K/home/matylda-hayne/mtrx3760_p2/MTRX3760_PROJECT_2/ros2_ws/src/user_interface/vendor/stb/stb_image_write.h:789:32:[m[K [01;35m[Kwarning: [m[Kmissing initializer for member â€˜[01m[Kstbi__write_context::context[m[Kâ€™ [[01;35m[K]8;;https://gcc.gnu.org/onlinedocs/gcc/Warning-Options.html#index-Wmissing-field-initializers-Wmissing-field-initializers]8;;[m[K]
[1.615s]   789 |    stbi__write_context s = { 0 [01;35m[K}[m[K;
[1.615s]       |                                [01;35m[K^[m[K
[1.615s] [01m[K/home/matylda-hayne/mtrx3760_p2/MTRX3760_PROJECT_2/ros2_ws/src/user_interface/vendor/stb/stb_image_write.h:789:32:[m[K [01;35m[Kwarning: [m[Kmissing initializer for member â€˜[01m[Kstbi__write_context::buffer[m[Kâ€™ [[01;35m[K]8;;https://gcc.gnu.org/onlinedocs/gcc/Warning-Options.html#index-Wmissing-field-initializers-Wmissing-field-initializers]8;;[m[K]
[1.615s] [01m[K/home/matylda-hayne/mtrx3760_p2/MTRX3760_PROJECT_2/ros2_ws/src/user_interface/vendor/stb/stb_image_write.h:789:32:[m[K [01;35m[Kwarning: [m[Kmissing initializer for member â€˜[01m[Kstbi__write_context::buf_used[m[Kâ€™ [[01;35m[K]8;;https://gcc.gnu.org/onlinedocs/gcc/Warning-Options.html#index-Wmissing-field-initializers-Wmissing-field-initializers]8;;[m[K]
[1.615s] [01m[K/home/matylda-hayne/mtrx3760_p2/MTRX3760_PROJECT_2/ros2_ws/src/user_interface/vendor/stb/stb_image_write.h:[m[K In function â€˜[01m[Kint[01;32m[K stbi_write_hdr[m[K(const char*, int, int, int, const float*)[m[Kâ€™:
[1.615s] [01m[K/home/matylda-hayne/mtrx3760_p2/MTRX3760_PROJECT_2/ros2_ws/src/user_interface/vendor/stb/stb_image_write.h:796:32:[m[K [01;35m[Kwarning: [m[Kmissing initializer for member â€˜[01m[Kstbi__write_context::context[m[Kâ€™ [[01;35m[K]8;;https://gcc.gnu.org/onlinedocs/gcc/Warning-Options.html#index-Wmissing-field-initializers-Wmissing-field-initializers]8;;[m[K]
[1.615s]   796 |    stbi__write_context s = { 0 [01;35m[K}[m[K;
[1.615s]       |                                [01;35m[K^[m[K
[1.615s] [01m[K/home/matylda-hayne/mtrx3760_p2/MTRX3760_PROJECT_2/ros2_ws/src/user_interface/vendor/stb/stb_image_write.h:796:32:[m[K [01;35m[Kwarning: [m[Kmissing initializer for member â€˜[01m[Kstbi__write_context::buffer[m[Kâ€™ [[01;35m[K]8;;https://gcc.gnu.org/onlinedocs/gcc/Warning-Options.html#index-Wmissing-field-initializers-Wmissing-field-initializers]8;;[m[K]
[1.615s] [01m[K/home/matylda-hayne/mtrx3760_p2/MTRX3760_PROJECT_2/ros2_ws/src/user_interface/vendor/stb/stb_image_write.h:796:32:[m[K [01;35m[Kwarning: [m[Kmissing initializer for member â€˜[01m[Kstbi__write_context::buf_used[m[Kâ€™ [[01;35m[K]8;;https://gcc.gnu.org/onlinedocs/gcc/Warning-Options.html#index-Wmissing-field-initializers-Wmissing-field-initializers]8;;[m[K]
[1.623s] [01m[K/home/matylda-hayne/mtrx3760_p2/MTRX3760_PROJECT_2/ros2_ws/src/user_interface/vendor/stb/stb_image_write.h:[m[K In function â€˜[01m[Kint[01;32m[K stbi_write_jpg_to_func[m[K(void (*)(void*, void*, int), void*, int, int, int, const void*, int)[m[Kâ€™:
[1.623s] [01m[K/home/matylda-hayne/mtrx3760_p2/MTRX3760_PROJECT_2/ros2_ws/src/user_interface/vendor/stb/stb_image_write.h:1609:32:[m[K [01;35m[Kwarning: [m[Kmissing initializer for member â€˜[01m[Kstbi__write_context::context[m[Kâ€™ [[01;35m[K]8;;https://gcc.gnu.org/onlinedocs/gcc/Warning-Options.html#index-Wmissing-field-initializers-Wmissing-field-initializers]8;;[m[K]
[1.623s]  1609 |    stbi__write_context s = { 0 [01;35m[K}[m[K;
[1.623s]       |                                [01;35m[K^[m[K
[1.623s] [01m[K/home/matylda-hayne/mtrx3760_p2/MTRX3760_PROJECT_2/ros2_ws/src/user_interface/vendor/stb/stb_image_write.h:1609:32:[m[K [01;35m[Kwarning: [m[Kmissing initializer for member â€˜[01m[Kstbi__write_context::buffer[m[Kâ€™ [[01;35m[K]8;;https://gcc.gnu.org/onlinedocs/gcc/Warning-Options.html#index-Wmissing-field-initializers-Wmissing-field-initializers]8;;[m[K]
[1.623s] [01m[K/home/matylda-hayne/mtrx3760_p2/MTRX3760_PROJECT_2/ros2_ws/src/user_interface/vendor/stb/stb_image_write.h:1609:32:[m[K [01;35m[Kwarning: [m[Kmissing initializer for member â€˜[01m[Kstbi__write_context::buf_used[m[Kâ€™ [[01;35m[K]8;;https://gcc.gnu.org/onlinedocs/gcc/Warning-Options.html#index-Wmissing-field-initializers-Wmissing-field-initializers]8;;[m[K]
[1.623s] [01m[K/home/matylda-hayne/mtrx3760_p2/MTRX3760_PROJECT_2/ros2_ws/src/user_interface/vendor/stb/stb_image_write.h:[m[K In function â€˜[01m[Kint[01;32m[K stbi_write_jpg[m[K(const char*, int, int, int, const void*, int)[m[Kâ€™:
[1.623s] [01m[K/home/matylda-hayne/mtrx3760_p2/MTRX3760_PROJECT_2/ros2_ws/src/user_interface/vendor/stb/stb_image_write.h:1618:32:[m[K [01;35m[Kwarning: [m[Kmissing initializer for member â€˜[01m[Kstbi__write_context::context[m[Kâ€™ [[01;35m[K]8;;https://gcc.gnu.org/onlinedocs/gcc/Warning-Options.html#index-Wmissing-field-initializers-Wmissing-field-initializers]8;;[m[K]
[1.624s]  1618 |    stbi__write_context s = { 0 [01;35m[K}[m[K;
[1.624s]       |                                [01;35m[K^[m[K
[1.624s] [01m[K/home/matylda-hayne/mtrx3760_p2/MTRX3760_PROJECT_2/ros2_ws/src/user_interface/vendor/stb/stb_image_write.h:1618:32:[m[K [01;35m[Kwarning: [m[Kmissing initializer for member â€˜[01m[Kstbi__write_context::buffer[m[Kâ€™ [[01;35m[K]8;;https://gcc.gnu.org/onlinedocs/gcc/Warning-Options.html#index-Wmissing-field-initializers-Wmissing-field-initializers]8;;[m[K]
[1.624s] [01m[K/home/matylda-hayne/mtrx3760_p2/MTRX3760_PROJECT_2/ros2_ws/src/user_interface/vendor/stb/stb_image_write.h:1618:32:[m[K [01;35m[Kwarning: [m[Kmissing initializer for member â€˜[01m[Kstbi__write_context::buf_used[m[Kâ€™ [[01;35m[K]8;;https://gcc.gnu.org/onlinedocs/gcc/Warning-Options.html#index-Wmissing-field-initializers-Wmissing-field-initializers]8;;[m[K]
[1.652s] [01m[K/home/matylda-hayne/mtrx3760_p2/MTRX3760_PROJECT_2/ros2_ws/src/user_interface/src/user_interface.cpp:[m[K In destructor â€˜[01m[KUserInterface::[01;32m[K~UserInterface[m[K()[m[Kâ€™:
[1.652s] [01m[K/home/matylda-hayne/mtrx3760_p2/MTRX3760_PROJECT_2/ros2_ws/src/user_interface/src/user_interface.cpp:172:9:[m[K [01;31m[Kerror: [m[Kâ€˜[01m[Kpascal_texture_[m[Kâ€™ was not declared in this scope
[1.652s]   172 |     if ([01;31m[Kpascal_texture_[m[K != 0)
[1.652s]       |         [01;31m[K^~~~~~~~~~~~~~~[m[K
[1.666s] [01m[K/home/matylda-hayne/mtrx3760_p2/MTRX3760_PROJECT_2/ros2_ws/src/user_interface/src/user_interface.cpp:174:9:[m[K [01;31m[Kerror: [m[Kâ€˜[01m[Kmap_texture_[m[Kâ€™ was not declared in this scope
[1.666s]   174 |     if ([01;31m[Kmap_texture_[m[K != 0)
[1.666s]       |         [01;31m[K^~~~~~~~~~~~[m[K
[1.675s] [01m[K/home/matylda-hayne/mtrx3760_p2/MTRX3760_PROJECT_2/ros2_ws/src/user_interface/src/user_interface.cpp:[m[K In member function â€˜[01m[Kbool UserInterface::[01;32m[KInitialize[m[K()[m[Kâ€™:
[1.675s] [01m[K/home/matylda-hayne/mtrx3760_p2/MTRX3760_PROJECT_2/ros2_ws/src/user_interface/src/user_interface.cpp:221:5:[m[K [01;31m[Kerror: [m[Kâ€˜[01m[Knode_[m[Kâ€™ was not declared in this scope; did you mean â€˜[01m[Kmode_t[m[Kâ€™?
[1.675s]   221 |     [01;31m[Knode_[m[K = rclcpp::Node::make_shared("user_interface");
[1.675s]       |     [01;31m[K^~~~~[m[K
[1.675s]       |     [32m[Kmode_t[m[K
[1.684s] [01m[K/home/matylda-hayne/mtrx3760_p2/MTRX3760_PROJECT_2/ros2_ws/src/user_interface/src/user_interface.cpp:222:5:[m[K [01;31m[Kerror: [m[Kâ€˜[01m[Kclient_[m[Kâ€™ was not declared in this scope
[1.684s]   222 |     [01;31m[Kclient_[m[K = node_->create_client<shared_interfaces::srv::RobotType>("/robot_type");
[1.684s]       |     [01;31m[K^~~~~~~[m[K
[1.684s] [01m[K/home/matylda-hayne/mtrx3760_p2/MTRX3760_PROJECT_2/ros2_ws/src/user_interface/src/user_interface.cpp:222:69:[m[K [01;31m[Kerror: [m[Kexpected primary-expression before â€˜[01m[K>[m[Kâ€™ token
[1.684s]   222 |     client_ = node_->create_client<shared_interfaces::srv::RobotType[01;31m[K>[m[K("/robot_type");
[1.684s]       |                                                                     [01;31m[K^[m[K
[1.699s] [01m[K/home/matylda-hayne/mtrx3760_p2/MTRX3760_PROJECT_2/ros2_ws/src/user_interface/src/user_interface.cpp:225:5:[m[K [01;31m[Kerror: [m[Kâ€˜[01m[Kbattery_sub_[m[Kâ€™ was not declared in this scope
[1.699s]   225 |     [01;31m[Kbattery_sub_[m[K = node_->create_subscription<std_msgs::msg::Int32>(
[1.699s]       |     [01;31m[K^~~~~~~~~~~~[m[K
[1.699s] [01m[K/home/matylda-hayne/mtrx3760_p2/MTRX3760_PROJECT_2/ros2_ws/src/user_interface/src/user_interface.cpp:225:67:[m[K [01;31m[Kerror: [m[Kexpected primary-expression before â€˜[01m[K>[m[Kâ€™ token
[1.699s]   225 |     battery_sub_ = node_->create_subscription<std_msgs::msg::Int32[01;31m[K>[m[K(
[1.699s]       |                                                                   [01;31m[K^[m[K
[1.699s] [01m[K/home/matylda-hayne/mtrx3760_p2/MTRX3760_PROJECT_2/ros2_ws/src/user_interface/src/user_interface.cpp:226:9:[m[K [01;35m[Kwarning: [m[Kleft operand of comma operator has no effect [[01;35m[K]8;;https://gcc.gnu.org/onlinedocs/gcc/Warning-Options.html#index-Wunused-value-Wunused-value]8;;[m[K]
[1.699s]   226 |         [01;35m[K"/battery_level"[m[K, 10,
[1.699s]       |         [01;35m[K^~~~~~~~~~~~~~~~[m[K
[1.719s] [01m[K/home/matylda-hayne/mtrx3760_p2/MTRX3760_PROJECT_2/ros2_ws/src/user_interface/src/user_interface.cpp:[m[K In lambda function:
[1.719s] [01m[K/home/matylda-hayne/mtrx3760_p2/MTRX3760_PROJECT_2/ros2_ws/src/user_interface/src/user_interface.cpp:230:13:[m[K [01;31m[Kerror: [m[Kâ€˜[01m[Kbattery_level_[m[Kâ€™ was not declared in this scope
[1.719s]   230 |             [01;31m[Kbattery_level_[m[K.store(v);
[1.719s]       |             [01;31m[K^~~~~~~~~~~~~~[m[K
[1.719s] [01m[K/home/matylda-hayne/mtrx3760_p2/MTRX3760_PROJECT_2/ros2_ws/src/user_interface/src/user_interface.cpp:[m[K In member function â€˜[01m[Kbool UserInterface::[01;32m[KInitialize[m[K()[m[Kâ€™:
[1.719s] [01m[K/home/matylda-hayne/mtrx3760_p2/MTRX3760_PROJECT_2/ros2_ws/src/user_interface/src/user_interface.cpp:231:9:[m[K [01;35m[Kwarning: [m[Kright operand of comma operator has no effect [[01;35m[K]8;;https://gcc.gnu.org/onlinedocs/gcc/Warning-Options.html#index-Wunused-value-Wunused-value]8;;[m[K]
[1.719s]   231 |         [01;35m[K}[m[K);
[1.719s]       |         [01;35m[K^[m[K
[1.747s] [01m[K/home/matylda-hayne/mtrx3760_p2/MTRX3760_PROJECT_2/ros2_ws/src/user_interface/src/user_interface.cpp:233:5:[m[K [01;31m[Kerror: [m[Kâ€˜[01m[Kcurrent_type_sub_[m[Kâ€™ was not declared in this scope
[1.747s]   233 |     [01;31m[Kcurrent_type_sub_[m[K = node_->create_subscription<std_msgs::msg::String>(
[1.747s]       |     [01;31m[K^~~~~~~~~~~~~~~~~[m[K
[1.747s] [01m[K/home/matylda-hayne/mtrx3760_p2/MTRX3760_PROJECT_2/ros2_ws/src/user_interface/src/user_interface.cpp:233:73:[m[K [01;31m[Kerror: [m[Kexpected primary-expression before â€˜[01m[K>[m[Kâ€™ token
[1.747s]   233 |     current_type_sub_ = node_->create_subscription<std_msgs::msg::String[01;31m[K>[m[K(
[1.747s]       |                                                                         [01;31m[K^[m[K
[1.747s] [01m[K/home/matylda-hayne/mtrx3760_p2/MTRX3760_PROJECT_2/ros2_ws/src/user_interface/src/user_interface.cpp:234:9:[m[K [01;35m[Kwarning: [m[Kleft operand of comma operator has no effect [[01;35m[K]8;;https://gcc.gnu.org/onlinedocs/gcc/Warning-Options.html#index-Wunused-value-Wunused-value]8;;[m[K]
[1.747s]   234 |         [01;35m[K"/current_type"[m[K, 10,
[1.747s]       |         [01;35m[K^~~~~~~~~~~~~~~[m[K
[1.765s] [01m[K/home/matylda-hayne/mtrx3760_p2/MTRX3760_PROJECT_2/ros2_ws/src/user_interface/src/user_interface.cpp:[m[K In lambda function:
[1.765s] [01m[K/home/matylda-hayne/mtrx3760_p2/MTRX3760_PROJECT_2/ros2_ws/src/user_interface/src/user_interface.cpp:237:13:[m[K [01;31m[Kerror: [m[Kâ€˜[01m[Kcurrent_type_[m[Kâ€™ was not declared in this scope
[1.765s]   237 |             [01;31m[Kcurrent_type_[m[K = msg->data;
[1.765s]       |             [01;31m[K^~~~~~~~~~~~~[m[K
[1.765s] In file included from [01m[K/opt/ros/jazzy/include/rclcpp/rclcpp/copy_all_parameter_values.hpp:27[m[K,
[1.766s]                  from [01m[K/opt/ros/jazzy/include/rclcpp/rclcpp/rclcpp.hpp:171[m[K,
[1.766s]                  from [01m[K/home/matylda-hayne/mtrx3760_p2/MTRX3760_PROJECT_2/ros2_ws/src/user_interface/include/user_interface/user_interface.hpp:4[m[K,
[1.766s]                  from [01m[K/home/matylda-hayne/mtrx3760_p2/MTRX3760_PROJECT_2/ros2_ws/src/user_interface/src/user_interface.cpp:3[m[K:
[1.766s] [01m[K/home/matylda-hayne/mtrx3760_p2/MTRX3760_PROJECT_2/ros2_ws/src/user_interface/src/user_interface.cpp:238:13:[m[K [01;31m[Kerror: [m[Ktemplate argument 1 is invalid
[1.766s]   238 |             [01;31m[KRCLCPP_INFO[m[K(node_->get_logger(), "Robot type: %s", msg->data.c_str());
[1.766s]       |             [01;31m[K^~~~~~~~~~~[m[K
[1.766s] [01m[K/home/matylda-hayne/mtrx3760_p2/MTRX3760_PROJECT_2/ros2_ws/src/user_interface/src/user_interface.cpp:238:13:[m[K [01;31m[Kerror: [m[Ktemplate argument 1 is invalid
[1.766s]   238 |             [01;31m[KRCLCPP_INFO[m[K(node_->get_logger(), "Robot type: %s", msg->data.c_str());
[1.766s]       |             [01;31m[K^~~~~~~~~~~[m[K
[1.766s] [01m[K/home/matylda-hayne/mtrx3760_p2/MTRX3760_PROJECT_2/ros2_ws/src/user_interface/src/user_interface.cpp:238:13:[m[K [01;31m[Kerror: [m[Ktemplate argument 1 is invalid
[1.766s]   238 |             [01;31m[KRCLCPP_INFO[m[K(node_->get_logger(), "Robot type: %s", msg->data.c_str());
[1.766s]       |             [01;31m[K^~~~~~~~~~~[m[K
[1.766s] In file included from [01m[K/opt/ros/jazzy/include/rclcpp/rclcpp/logging.hpp:24[m[K:
[1.766s] [01m[K/home/matylda-hayne/mtrx3760_p2/MTRX3760_PROJECT_2/ros2_ws/src/user_interface/src/user_interface.cpp:238:25:[m[K [01;31m[Kerror: [m[Kâ€˜[01m[Knode_[m[Kâ€™ is not captured
[1.766s]   238 |             RCLCPP_INFO([01;31m[Knode_[m[K->get_logger(), "Robot type: %s", msg->data.c_str());
[1.766s]       |                         [01;31m[K^~~~~[m[K
[1.766s] [01m[K/home/matylda-hayne/mtrx3760_p2/MTRX3760_PROJECT_2/ros2_ws/src/user_interface/src/user_interface.cpp:235:14:[m[K [01;36m[Knote: [m[Kthe lambda has no capture-default
[1.766s]   235 |         [this[01;36m[K][m[K(const std_msgs::msg::String::SharedPtr msg)
[1.766s]       |              [01;36m[K^[m[K
[1.766s] [01m[K/home/matylda-hayne/mtrx3760_p2/MTRX3760_PROJECT_2/ros2_ws/src/user_interface/src/user_interface.cpp:221:5:[m[K [01;36m[Knote: [m[Kâ€˜[01m[K<typeprefixerror>node_[m[Kâ€™ declared here
[1.766s]   221 |     [01;36m[Knode_[m[K = rclcpp::Node::make_shared("user_interface");
[1.766s]       |     [01;36m[K^~~~~[m[K
[1.766s] [01m[K/home/matylda-hayne/mtrx3760_p2/MTRX3760_PROJECT_2/ros2_ws/src/user_interface/src/user_interface.cpp:238:25:[m[K [01;31m[Kerror: [m[Kâ€˜[01m[Knode_[m[Kâ€™ is not captured
[1.766s]   238 |             RCLCPP_INFO([01;31m[Knode_[m[K->get_logger(), "Robot type: %s", msg->data.c_str());
[1.766s]       |                         [01;31m[K^~~~~[m[K
[1.767s] [01m[K/home/matylda-hayne/mtrx3760_p2/MTRX3760_PROJECT_2/ros2_ws/src/user_interface/src/user_interface.cpp:235:14:[m[K [01;36m[Knote: [m[Kthe lambda has no capture-default
[1.767s]   235 |         [this[01;36m[K][m[K(const std_msgs::msg::String::SharedPtr msg)
[1.767s]       |              [01;36m[K^[m[K
[1.767s] [01m[K/home/matylda-hayne/mtrx3760_p2/MTRX3760_PROJECT_2/ros2_ws/src/user_interface/src/user_interface.cpp:221:5:[m[K [01;36m[Knote: [m[Kâ€˜[01m[K<typeprefixerror>node_[m[Kâ€™ declared here
[1.767s]   221 |     [01;36m[Knode_[m[K = rclcpp::Node::make_shared("user_interface");
[1.767s]       |     [01;36m[K^~~~~[m[K
[1.767s] [01m[K/home/matylda-hayne/mtrx3760_p2/MTRX3760_PROJECT_2/ros2_ws/src/user_interface/src/user_interface.cpp:[m[K In member function â€˜[01m[Kbool UserInterface::[01;32m[KInitialize[m[K()[m[Kâ€™:
[1.767s] [01m[K/home/matylda-hayne/mtrx3760_p2/MTRX3760_PROJECT_2/ros2_ws/src/user_interface/src/user_interface.cpp:239:9:[m[K [01;35m[Kwarning: [m[Kright operand of comma operator has no effect [[01;35m[K]8;;https://gcc.gnu.org/onlinedocs/gcc/Warning-Options.html#index-Wunused-value-Wunused-value]8;;[m[K]
[1.767s]   239 |         [01;35m[K}[m[K);
[1.767s]       |         [01;35m[K^[m[K
[1.792s] [01m[K/home/matylda-hayne/mtrx3760_p2/MTRX3760_PROJECT_2/ros2_ws/src/user_interface/src/user_interface.cpp:242:5:[m[K [01;31m[Kerror: [m[Kâ€˜[01m[Kpackage_share_dir_[m[Kâ€™ was not declared in this scope
[1.792s]   242 |     [01;31m[Kpackage_share_dir_[m[K = ament_index_cpp::get_package_share_directory("user_interface");
[1.792s]       |     [01;31m[K^~~~~~~~~~~~~~~~~~[m[K
[1.805s] [01m[K/home/matylda-hayne/mtrx3760_p2/MTRX3760_PROJECT_2/ros2_ws/src/user_interface/src/user_interface.cpp:243:5:[m[K [01;31m[Kerror: [m[Kâ€˜[01m[Kimage_path_[m[Kâ€™ was not declared in this scope
[1.805s]   243 |     [01;31m[Kimage_path_[m[K = package_share_dir_ + "/resources/pascal.png";
[1.805s]       |     [01;31m[K^~~~~~~~~~~[m[K
[1.822s] [01m[K/home/matylda-hayne/mtrx3760_p2/MTRX3760_PROJECT_2/ros2_ws/src/user_interface/src/user_interface.cpp:253:13:[m[K [01;31m[Kerror: [m[Kâ€˜[01m[Kpascal_intro_[m[Kâ€™ was not declared in this scope
[1.822s]   253 |             [01;31m[Kpascal_intro_[m[K = ss.str();
[1.823s]       |             [01;31m[K^~~~~~~~~~~~~[m[K
[1.845s] [01m[K/home/matylda-hayne/mtrx3760_p2/MTRX3760_PROJECT_2/ros2_ws/src/user_interface/src/user_interface.cpp:257:13:[m[K [01;31m[Kerror: [m[Kâ€˜[01m[Kpascal_intro_[m[Kâ€™ was not declared in this scope
[1.845s]   257 |             [01;31m[Kpascal_intro_[m[K = "Welcome to Pascal, your warehouse assistant robot!";
[1.845s]       |             [01;31m[K^~~~~~~~~~~~~[m[K
[1.865s] [01m[K/home/matylda-hayne/mtrx3760_p2/MTRX3760_PROJECT_2/ros2_ws/src/user_interface/src/user_interface.cpp:268:13:[m[K [01;31m[Kerror: [m[Kâ€˜[01m[Kpascal_serial_[m[Kâ€™ was not declared in this scope
[1.865s]   268 |             [01;31m[Kpascal_serial_[m[K = ss.str();
[1.865s]       |             [01;31m[K^~~~~~~~~~~~~~[m[K
[1.884s] [01m[K/home/matylda-hayne/mtrx3760_p2/MTRX3760_PROJECT_2/ros2_ws/src/user_interface/src/user_interface.cpp:272:13:[m[K [01;31m[Kerror: [m[Kâ€˜[01m[Kpascal_serial_[m[Kâ€™ was not declared in this scope
[1.884s]   272 |             [01;31m[Kpascal_serial_[m[K = "Serial ID Unavailable";
[1.884s]       |             [01;31m[K^~~~~~~~~~~~~~[m[K
[1.904s] [01m[K/home/matylda-hayne/mtrx3760_p2/MTRX3760_PROJECT_2/ros2_ws/src/user_interface/src/user_interface.cpp:278:61:[m[K [01;31m[Kerror: [m[Kâ€˜[01m[Kpascal_texture_[m[Kâ€™ was not declared in this scope
[1.904s]   278 |         bool ok = LoadTextureFromFile(image_path_.c_str(), &[01;31m[Kpascal_texture_[m[K, &pascal_width_, &pascal_height_);
[1.904s]       |                                                             [01;31m[K^~~~~~~~~~~~~~~[m[K
[1.920s] [01m[K/home/matylda-hayne/mtrx3760_p2/MTRX3760_PROJECT_2/ros2_ws/src/user_interface/src/user_interface.cpp:278:79:[m[K [01;31m[Kerror: [m[Kâ€˜[01m[Kpascal_width_[m[Kâ€™ was not declared in this scope
[1.920s]   278 |         bool ok = LoadTextureFromFile(image_path_.c_str(), &pascal_texture_, &[01;31m[Kpascal_width_[m[K, &pascal_height_);
[1.920s]       |                                                                               [01;31m[K^~~~~~~~~~~~~[m[K
[1.943s] [01m[K/home/matylda-hayne/mtrx3760_p2/MTRX3760_PROJECT_2/ros2_ws/src/user_interface/src/user_interface.cpp:278:95:[m[K [01;31m[Kerror: [m[Kâ€˜[01m[Kpascal_height_[m[Kâ€™ was not declared in this scope
[1.943s]   278 |         bool ok = LoadTextureFromFile(image_path_.c_str(), &pascal_texture_, &pascal_width_, &[01;31m[Kpascal_height_[m[K);
[1.943s]       |                                                                                               [01;31m[K^~~~~~~~~~~~~~[m[K
[1.965s] [01m[K/home/matylda-hayne/mtrx3760_p2/MTRX3760_PROJECT_2/ros2_ws/src/user_interface/src/user_interface.cpp:292:13:[m[K [01;31m[Kerror: [m[Kâ€˜[01m[Kmap_resolution_[m[Kâ€™ was not declared in this scope
[1.965s]   292 |             [01;31m[Kmap_resolution_[m[K = cfg["resolution"].as<double>();
[1.965s]       |             [01;31m[K^~~~~~~~~~~~~~~[m[K
[1.978s] [01m[K/home/matylda-hayne/mtrx3760_p2/MTRX3760_PROJECT_2/ros2_ws/src/user_interface/src/user_interface.cpp:294:13:[m[K [01;31m[Kerror: [m[Kâ€˜[01m[Kmap_origin_[m[Kâ€™ was not declared in this scope
[1.978s]   294 |             [01;31m[Kmap_origin_[m[K[0] = origin_node[0].as<double>();
[1.978s]       |             [01;31m[K^~~~~~~~~~~[m[K
[1.992s] [01m[K/home/matylda-hayne/mtrx3760_p2/MTRX3760_PROJECT_2/ros2_ws/src/user_interface/src/user_interface.cpp:308:66:[m[K [01;31m[Kerror: [m[Kâ€˜[01m[Kmap_texture_[m[Kâ€™ was not declared in this scope
[1.992s]   308 |             if (!LoadTextureFromFile(png_path.string().c_str(), &[01;31m[Kmap_texture_[m[K, &map_w_, &map_h_))
[1.992s]       |                                                                  [01;31m[K^~~~~~~~~~~~[m[K
[2.001s] [01m[K/home/matylda-hayne/mtrx3760_p2/MTRX3760_PROJECT_2/ros2_ws/src/user_interface/src/user_interface.cpp:308:81:[m[K [01;31m[Kerror: [m[Kâ€˜[01m[Kmap_w_[m[Kâ€™ was not declared in this scope
[2.001s]   308 |             if (!LoadTextureFromFile(png_path.string().c_str(), &map_texture_, &[01;31m[Kmap_w_[m[K, &map_h_))
[2.001s]       |                                                                                 [01;31m[K^~~~~~[m[K
[2.010s] [01m[K/home/matylda-hayne/mtrx3760_p2/MTRX3760_PROJECT_2/ros2_ws/src/user_interface/src/user_interface.cpp:308:90:[m[K [01;31m[Kerror: [m[Kâ€˜[01m[Kmap_h_[m[Kâ€™ was not declared in this scope
[2.010s]   308 |             if (!LoadTextureFromFile(png_path.string().c_str(), &map_texture_, &map_w_, &[01;31m[Kmap_h_[m[K))
[2.010s]       |                                                                                          [01;31m[K^~~~~~[m[K
[2.021s] [01m[K/home/matylda-hayne/mtrx3760_p2/MTRX3760_PROJECT_2/ros2_ws/src/user_interface/src/user_interface.cpp:314:13:[m[K [01;31m[Kerror: [m[Kâ€˜[01m[Kmap_data_[m[Kâ€™ was not declared in this scope
[2.021s]   314 |             [01;31m[Kmap_data_[m[K = loadPGM(pgm_path.string(), map_w_, map_h_);
[2.021s]       |             [01;31m[K^~~~~~~~~[m[K
[2.033s] [01m[K/home/matylda-hayne/mtrx3760_p2/MTRX3760_PROJECT_2/ros2_ws/src/user_interface/src/user_interface.cpp:314:52:[m[K [01;31m[Kerror: [m[Kâ€˜[01m[Kmap_w_[m[Kâ€™ was not declared in this scope
[2.033s]   314 |             map_data_ = loadPGM(pgm_path.string(), [01;31m[Kmap_w_[m[K, map_h_);
[2.033s]       |                                                    [01;31m[K^~~~~~[m[K
[2.043s] [01m[K/home/matylda-hayne/mtrx3760_p2/MTRX3760_PROJECT_2/ros2_ws/src/user_interface/src/user_interface.cpp:314:60:[m[K [01;31m[Kerror: [m[Kâ€˜[01m[Kmap_h_[m[Kâ€™ was not declared in this scope
[2.043s]   314 |             map_data_ = loadPGM(pgm_path.string(), map_w_, [01;31m[Kmap_h_[m[K);
[2.043s]       |                                                            [01;31m[K^~~~~~[m[K
[2.063s] [01m[K/home/matylda-hayne/mtrx3760_p2/MTRX3760_PROJECT_2/ros2_ws/src/user_interface/src/user_interface.cpp:332:5:[m[K [01;31m[Kerror: [m[Kâ€˜[01m[Kdefault_font_[m[Kâ€™ was not declared in this scope
[2.063s]   332 |     [01;31m[Kdefault_font_[m[K = io.Fonts->AddFontFromFileTTF(font_path.c_str(), 60.0f);
[2.063s]       |     [01;31m[K^~~~~~~~~~~~~[m[K
[2.075s] [01m[K/home/matylda-hayne/mtrx3760_p2/MTRX3760_PROJECT_2/ros2_ws/src/user_interface/src/user_interface.cpp:337:5:[m[K [01;31m[Kerror: [m[Kâ€˜[01m[Kbold_font_[m[Kâ€™ was not declared in this scope
[2.075s]   337 |     [01;31m[Kbold_font_[m[K = io.Fonts->AddFontFromFileTTF(bold_path.c_str(), 60.0f);
[2.075s]       |     [01;31m[K^~~~~~~~~~[m[K
[2.094s] [01m[K/home/matylda-hayne/mtrx3760_p2/MTRX3760_PROJECT_2/ros2_ws/src/user_interface/src/user_interface.cpp:338:5:[m[K [01;31m[Kerror: [m[Kâ€˜[01m[Kbig_bold_font_[m[Kâ€™ was not declared in this scope
[2.094s]   338 |     [01;31m[Kbig_bold_font_[m[K = io.Fonts->AddFontFromFileTTF(bold_path.c_str(), 100.0f);
[2.094s]       |     [01;31m[K^~~~~~~~~~~~~~[m[K
[2.110s] [01m[K/home/matylda-hayne/mtrx3760_p2/MTRX3760_PROJECT_2/ros2_ws/src/user_interface/src/user_interface.cpp:343:5:[m[K [01;31m[Kerror: [m[Kâ€˜[01m[Kitalic_font_[m[Kâ€™ was not declared in this scope
[2.110s]   343 |     [01;31m[Kitalic_font_[m[K = io.Fonts->AddFontFromFileTTF(it_path.c_str(), 60.0f);
[2.110s]       |     [01;31m[K^~~~~~~~~~~~[m[K
[2.121s] [01m[K/home/matylda-hayne/mtrx3760_p2/MTRX3760_PROJECT_2/ros2_ws/src/user_interface/src/user_interface.cpp:345:5:[m[K [01;31m[Kerror: [m[Kâ€˜[01m[Kbig_font_[m[Kâ€™ was not declared in this scope
[2.121s]   345 |     [01;31m[Kbig_font_[m[K = io.Fonts->AddFontFromFileTTF(font_path.c_str(), 100.0f);
[2.121s]       |     [01;31m[K^~~~~~~~~[m[K
[2.140s] [01m[K/home/matylda-hayne/mtrx3760_p2/MTRX3760_PROJECT_2/ros2_ws/src/user_interface/src/user_interface.cpp:346:5:[m[K [01;31m[Kerror: [m[Kâ€˜[01m[Kmedium_font_[m[Kâ€™ was not declared in this scope
[2.140s]   346 |     [01;31m[Kmedium_font_[m[K = io.Fonts->AddFontFromFileTTF(font_path.c_str(), 80.0f);
[2.140s]       |     [01;31m[K^~~~~~~~~~~~[m[K
[2.152s] [01m[K/home/matylda-hayne/mtrx3760_p2/MTRX3760_PROJECT_2/ros2_ws/src/user_interface/src/user_interface.cpp:347:5:[m[K [01;31m[Kerror: [m[Kâ€˜[01m[Kmini_font_[m[Kâ€™ was not declared in this scope
[2.152s]   347 |     [01;31m[Kmini_font_[m[K = io.Fonts->AddFontFromFileTTF(font_path.c_str(), 40.0f);
[2.152s]       |     [01;31m[K^~~~~~~~~~[m[K
[2.177s] [01m[K/home/matylda-hayne/mtrx3760_p2/MTRX3760_PROJECT_2/ros2_ws/src/user_interface/src/user_interface.cpp:348:5:[m[K [01;31m[Kerror: [m[Kâ€˜[01m[Kmini_italic_font_[m[Kâ€™ was not declared in this scope
[2.177s]   348 |     [01;31m[Kmini_italic_font_[m[K = io.Fonts->AddFontFromFileTTF(it_path.c_str(), 40.0f);
[2.177s]       |     [01;31m[K^~~~~~~~~~~~~~~~~[m[K
[2.187s] [01m[K/home/matylda-hayne/mtrx3760_p2/MTRX3760_PROJECT_2/ros2_ws/src/user_interface/src/user_interface.cpp:[m[K In member function â€˜[01m[Kvoid UserInterface::[01;32m[KRun[m[K()[m[Kâ€™:
[2.187s] [01m[K/home/matylda-hayne/mtrx3760_p2/MTRX3760_PROJECT_2/ros2_ws/src/user_interface/src/user_interface.cpp:366:27:[m[K [01;31m[Kerror: [m[Kâ€˜[01m[Knode_[m[Kâ€™ was not declared in this scope; did you mean â€˜[01m[Kmode_t[m[Kâ€™?
[2.187s]   366 |         rclcpp::spin_some([01;31m[Knode_[m[K);
[2.187s]       |                           [01;31m[K^~~~~[m[K
[2.187s]       |                           [32m[Kmode_t[m[K
[2.202s] [01m[K/home/matylda-hayne/mtrx3760_p2/MTRX3760_PROJECT_2/ros2_ws/src/user_interface/src/user_interface.cpp:382:27:[m[K [01;31m[Kerror: [m[Kâ€˜[01m[Kpascal_width_[m[Kâ€™ was not declared in this scope
[2.202s]   382 |         float desired_w = [01;31m[Kpascal_width_[m[K * 2.0f + 40.0f; // scale ~2
[2.202s]       |                           [01;31m[K^~~~~~~~~~~~~[m[K
[2.218s] [01m[K/home/matylda-hayne/mtrx3760_p2/MTRX3760_PROJECT_2/ros2_ws/src/user_interface/src/user_interface.cpp:388:17:[m[K [01;31m[Kerror: [m[Kâ€˜[01m[Kmedium_font_[m[Kâ€™ was not declared in this scope
[2.218s]   388 |             if ([01;31m[Kmedium_font_[m[K)
[2.218s]       |                 [01;31m[K^~~~~~~~~~~~[m[K
[2.236s] [01m[K/home/matylda-hayne/mtrx3760_p2/MTRX3760_PROJECT_2/ros2_ws/src/user_interface/src/user_interface.cpp:394:17:[m[K [01;31m[Kerror: [m[Kâ€˜[01m[Kmedium_font_[m[Kâ€™ was not declared in this scope
[2.236s]   394 |             if ([01;31m[Kmedium_font_[m[K)
[2.236s]       |                 [01;31m[K^~~~~~~~~~~~[m[K
[2.257s] [01m[K/home/matylda-hayne/mtrx3760_p2/MTRX3760_PROJECT_2/ros2_ws/src/user_interface/src/user_interface.cpp:400:17:[m[K [01;31m[Kerror: [m[Kâ€˜[01m[Kpascal_texture_[m[Kâ€™ was not declared in this scope
[2.257s]   400 |             if ([01;31m[Kpascal_texture_[m[K)
[2.257s]       |                 [01;31m[K^~~~~~~~~~~~~~~[m[K
[2.276s] [01m[K/home/matylda-hayne/mtrx3760_p2/MTRX3760_PROJECT_2/ros2_ws/src/user_interface/src/user_interface.cpp:404:32:[m[K [01;31m[Kerror: [m[Kâ€˜[01m[Kpascal_height_[m[Kâ€™ was not declared in this scope
[2.276s]   404 |                 float draw_h = [01;31m[Kpascal_height_[m[K * scale;
[2.276s]       |                                [01;31m[K^~~~~~~~~~~~~~[m[K
[2.295s] [01m[K/home/matylda-hayne/mtrx3760_p2/MTRX3760_PROJECT_2/ros2_ws/src/user_interface/src/user_interface.cpp:421:49:[m[K [01;31m[Kerror: [m[Kâ€˜[01m[Kpascal_serial_[m[Kâ€™ was not declared in this scope
[2.295s]   421 |             ImGui::TextWrapped("Serial ID: %s", [01;31m[Kpascal_serial_[m[K.c_str());
[2.295s]       |                                                 [01;31m[K^~~~~~~~~~~~~~[m[K
[2.314s] [01m[K/home/matylda-hayne/mtrx3760_p2/MTRX3760_PROJECT_2/ros2_ws/src/user_interface/src/user_interface.cpp:425:29:[m[K [01;31m[Kerror: [m[Kâ€˜[01m[Kbattery_level_[m[Kâ€™ was not declared in this scope
[2.314s]   425 |                 int level = [01;31m[Kbattery_level_[m[K.load();
[2.314s]       |                             [01;31m[K^~~~~~~~~~~~~~[m[K
[2.338s] [01m[K/home/matylda-hayne/mtrx3760_p2/MTRX3760_PROJECT_2/ros2_ws/src/user_interface/src/user_interface.cpp:445:17:[m[K [01;31m[Kerror: [m[Kâ€˜[01m[Kbig_bold_font_[m[Kâ€™ was not declared in this scope
[2.339s]   445 |             if ([01;31m[Kbig_bold_font_[m[K)
[2.339s]       |                 [01;31m[K^~~~~~~~~~~~~~[m[K
[2.360s] [01m[K/home/matylda-hayne/mtrx3760_p2/MTRX3760_PROJECT_2/ros2_ws/src/user_interface/src/user_interface.cpp:451:17:[m[K [01;31m[Kerror: [m[Kâ€˜[01m[Kbig_bold_font_[m[Kâ€™ was not declared in this scope
[2.360s]   451 |             if ([01;31m[Kbig_bold_font_[m[K)
[2.360s]       |                 [01;31m[K^~~~~~~~~~~~~~[m[K
[2.378s] [01m[K/home/matylda-hayne/mtrx3760_p2/MTRX3760_PROJECT_2/ros2_ws/src/user_interface/src/user_interface.cpp:455:38:[m[K [01;31m[Kerror: [m[Kâ€˜[01m[Kpascal_intro_[m[Kâ€™ was not declared in this scope
[2.378s]   455 |             ImGui::TextWrapped("%s", [01;31m[Kpascal_intro_[m[K.c_str());
[2.378s]       |                                      [01;31m[K^~~~~~~~~~~~~[m[K
[2.393s] [01m[K/home/matylda-hayne/mtrx3760_p2/MTRX3760_PROJECT_2/ros2_ws/src/user_interface/src/user_interface.cpp:459:17:[m[K [01;31m[Kerror: [m[Kâ€˜[01m[Kmedium_font_[m[Kâ€™ was not declared in this scope
[2.393s]   459 |             if ([01;31m[Kmedium_font_[m[K)
[2.393s]       |                 [01;31m[K^~~~~~~~~~~~[m[K
[2.409s] [01m[K/home/matylda-hayne/mtrx3760_p2/MTRX3760_PROJECT_2/ros2_ws/src/user_interface/src/user_interface.cpp:465:17:[m[K [01;31m[Kerror: [m[Kâ€˜[01m[Kmedium_font_[m[Kâ€™ was not declared in this scope
[2.410s]   465 |             if ([01;31m[Kmedium_font_[m[K)
[2.410s]       |                 [01;31m[K^~~~~~~~~~~~[m[K
[2.427s] [01m[K/home/matylda-hayne/mtrx3760_p2/MTRX3760_PROJECT_2/ros2_ws/src/user_interface/src/user_interface.cpp:487:17:[m[K [01;31m[Kerror: [m[Kâ€˜[01m[Kmode_locked_[m[Kâ€™ was not declared in this scope
[2.428s]   487 |                 [01;31m[Kmode_locked_[m[K = false;
[2.428s]       |                 [01;31m[K^~~~~~~~~~~~[m[K
[2.453s] [01m[K/home/matylda-hayne/mtrx3760_p2/MTRX3760_PROJECT_2/ros2_ws/src/user_interface/src/user_interface.cpp:488:17:[m[K [01;31m[Kerror: [m[Kâ€˜[01m[Kflagged_startup_[m[Kâ€™ was not declared in this scope
[2.453s]   488 |                 [01;31m[Kflagged_startup_[m[K = true;
[2.453s]       |                 [01;31m[K^~~~~~~~~~~~~~~~[m[K
[2.463s] [01m[K/home/matylda-hayne/mtrx3760_p2/MTRX3760_PROJECT_2/ros2_ws/src/user_interface/src/user_interface.cpp:490:22:[m[K [01;31m[Kerror: [m[Kâ€˜[01m[Kclient_[m[Kâ€™ was not declared in this scope
[2.464s]   490 |                 if (![01;31m[Kclient_[m[K->wait_for_service(std::chrono::seconds(1)))
[2.464s]       |                      [01;31m[K^~~~~~~[m[K
[2.464s] [01m[K/home/matylda-hayne/mtrx3760_p2/MTRX3760_PROJECT_2/ros2_ws/src/user_interface/src/user_interface.cpp:492:21:[m[K [01;31m[Kerror: [m[Ktemplate argument 1 is invalid
[2.464s]   492 |                     [01;31m[KRCLCPP_WARN[m[K(node_->get_logger(), "Service robot_type not available");
[2.464s]       |                     [01;31m[K^~~~~~~~~~~[m[K
[2.464s] [01m[K/home/matylda-hayne/mtrx3760_p2/MTRX3760_PROJECT_2/ros2_ws/src/user_interface/src/user_interface.cpp:492:21:[m[K [01;31m[Kerror: [m[Ktemplate argument 1 is invalid
[2.464s]   492 |                     [01;31m[KRCLCPP_WARN[m[K(node_->get_logger(), "Service robot_type not available");
[2.464s]       |                     [01;31m[K^~~~~~~~~~~[m[K
[2.464s] [01m[K/home/matylda-hayne/mtrx3760_p2/MTRX3760_PROJECT_2/ros2_ws/src/user_interface/src/user_interface.cpp:492:21:[m[K [01;31m[Kerror: [m[Ktemplate argument 1 is invalid
[2.464s]   492 |                     [01;31m[KRCLCPP_WARN[m[K(node_->get_logger(), "Service robot_type not available");
[2.464s]       |                     [01;31m[K^~~~~~~~~~~[m[K
[2.470s] [01m[K/home/matylda-hayne/mtrx3760_p2/MTRX3760_PROJECT_2/ros2_ws/src/user_interface/src/user_interface.cpp:[m[K In lambda function:
[2.470s] [01m[K/home/matylda-hayne/mtrx3760_p2/MTRX3760_PROJECT_2/ros2_ws/src/user_interface/src/user_interface.cpp:501:29:[m[K [01;31m[Kerror: [m[Ktemplate argument 1 is invalid
[2.471s]   501 |                             [01;31m[KRCLCPP_INFO[m[K(node_->get_logger(), "robot_type service succeeded");
[2.471s]       |                             [01;31m[K^~~~~~~~~~~[m[K
[2.471s] [01m[K/home/matylda-hayne/mtrx3760_p2/MTRX3760_PROJECT_2/ros2_ws/src/user_interface/src/user_interface.cpp:501:29:[m[K [01;31m[Kerror: [m[Ktemplate argument 1 is invalid
[2.471s]   501 |                             [01;31m[KRCLCPP_INFO[m[K(node_->get_logger(), "robot_type service succeeded");
[2.471s]       |                             [01;31m[K^~~~~~~~~~~[m[K
[2.471s] [01m[K/home/matylda-hayne/mtrx3760_p2/MTRX3760_PROJECT_2/ros2_ws/src/user_interface/src/user_interface.cpp:501:29:[m[K [01;31m[Kerror: [m[Ktemplate argument 1 is invalid
[2.471s]   501 |                             [01;31m[KRCLCPP_INFO[m[K(node_->get_logger(), "robot_type service succeeded");
[2.471s]       |                             [01;31m[K^~~~~~~~~~~[m[K
[2.471s] [01m[K/home/matylda-hayne/mtrx3760_p2/MTRX3760_PROJECT_2/ros2_ws/src/user_interface/src/user_interface.cpp:501:41:[m[K [01;31m[Kerror: [m[Kâ€˜[01m[Knode_[m[Kâ€™ is not captured
[2.471s]   501 |                             RCLCPP_INFO([01;31m[Knode_[m[K->get_logger(), "robot_type service succeeded");
[2.471s]       |                                         [01;31m[K^~~~~[m[K
[2.471s] [01m[K/home/matylda-hayne/mtrx3760_p2/MTRX3760_PROJECT_2/ros2_ws/src/user_interface/src/user_interface.cpp:496:59:[m[K [01;36m[Knote: [m[Kthe lambda has no capture-default
[2.471s]   496 |                     client_->async_send_request(req, [this[01;36m[K][m[K(RobotTypeClient::SharedFuture f)
[2.471s]       |                                                           [01;36m[K^[m[K
[2.471s] [01m[K/home/matylda-hayne/mtrx3760_p2/MTRX3760_PROJECT_2/ros2_ws/src/user_interface/src/user_interface.cpp:366:27:[m[K [01;36m[Knote: [m[Kâ€˜[01m[K<typeprefixerror>node_[m[Kâ€™ declared here
[2.471s]   366 |         rclcpp::spin_some([01;36m[Knode_[m[K);
[2.471s]       |                           [01;36m[K^~~~~[m[K
[2.471s] [01m[K/home/matylda-hayne/mtrx3760_p2/MTRX3760_PROJECT_2/ros2_ws/src/user_interface/src/user_interface.cpp:501:41:[m[K [01;31m[Kerror: [m[Kâ€˜[01m[Knode_[m[Kâ€™ is not captured
[2.471s]   501 |                             RCLCPP_INFO([01;31m[Knode_[m[K->get_logger(), "robot_type service succeeded");
[2.471s]       |                                         [01;31m[K^~~~~[m[K
[2.471s] [01m[K/home/matylda-hayne/mtrx3760_p2/MTRX3760_PROJECT_2/ros2_ws/src/user_interface/src/user_interface.cpp:496:59:[m[K [01;36m[Knote: [m[Kthe lambda has no capture-default
[2.471s]   496 |                     client_->async_send_request(req, [this[01;36m[K][m[K(RobotTypeClient::SharedFuture f)
[2.471s]       |                                                           [01;36m[K^[m[K
[2.471s] [01m[K/home/matylda-hayne/mtrx3760_p2/MTRX3760_PROJECT_2/ros2_ws/src/user_interface/src/user_interface.cpp:366:27:[m[K [01;36m[Knote: [m[Kâ€˜[01m[K<typeprefixerror>node_[m[Kâ€™ declared here
[2.471s]   366 |         rclcpp::spin_some([01;36m[Knode_[m[K);
[2.471s]       |                           [01;36m[K^~~~~[m[K
[2.471s] [01m[K/home/matylda-hayne/mtrx3760_p2/MTRX3760_PROJECT_2/ros2_ws/src/user_interface/src/user_interface.cpp:502:29:[m[K [01;31m[Kerror: [m[Kâ€˜[01m[Kmode_locked_[m[Kâ€™ is not captured
[2.471s]   502 |                             [01;31m[Kmode_locked_[m[K = false;
[2.471s]       |                             [01;31m[K^~~~~~~~~~~~[m[K
[2.471s] [01m[K/home/matylda-hayne/mtrx3760_p2/MTRX3760_PROJECT_2/ros2_ws/src/user_interface/src/user_interface.cpp:496:59:[m[K [01;36m[Knote: [m[Kthe lambda has no capture-default
[2.471s]   496 |                     client_->async_send_request(req, [this[01;36m[K][m[K(RobotTypeClient::SharedFuture f)
[2.471s]       |                                                           [01;36m[K^[m[K
[2.471s] [01m[K/home/matylda-hayne/mtrx3760_p2/MTRX3760_PROJECT_2/ros2_ws/src/user_interface/src/user_interface.cpp:487:17:[m[K [01;36m[Knote: [m[Kâ€˜[01m[K<typeprefixerror>mode_locked_[m[Kâ€™ declared here
[2.471s]   487 |                 [01;36m[Kmode_locked_[m[K = false;
[2.472s]       |                 [01;36m[K^~~~~~~~~~~~[m[K
[2.495s] [01m[K/home/matylda-hayne/mtrx3760_p2/MTRX3760_PROJECT_2/ros2_ws/src/user_interface/src/user_interface.cpp:503:29:[m[K [01;31m[Kerror: [m[Kâ€˜[01m[Ksequence_number_[m[Kâ€™ was not declared in this scope
[2.495s]   503 |                             [01;31m[Ksequence_number_[m[K++;
[2.495s]       |                             [01;31m[K^~~~~~~~~~~~~~~~[m[K
[2.495s] [01m[K/home/matylda-hayne/mtrx3760_p2/MTRX3760_PROJECT_2/ros2_ws/src/user_interface/src/user_interface.cpp:507:29:[m[K [01;31m[Kerror: [m[Ktemplate argument 1 is invalid
[2.495s]   507 |                             [01;31m[KRCLCPP_WARN[m[K(node_->get_logger(), "robot_type service failed");
[2.495s]       |                             [01;31m[K^~~~~~~~~~~[m[K
[2.495s] [01m[K/home/matylda-hayne/mtrx3760_p2/MTRX3760_PROJECT_2/ros2_ws/src/user_interface/src/user_interface.cpp:507:29:[m[K [01;31m[Kerror: [m[Ktemplate argument 1 is invalid
[2.495s]   507 |                             [01;31m[KRCLCPP_WARN[m[K(node_->get_logger(), "robot_type service failed");
[2.495s]       |                             [01;31m[K^~~~~~~~~~~[m[K
[2.495s] [01m[K/home/matylda-hayne/mtrx3760_p2/MTRX3760_PROJECT_2/ros2_ws/src/user_interface/src/user_interface.cpp:507:29:[m[K [01;31m[Kerror: [m[Ktemplate argument 1 is invalid
[2.495s]   507 |                             [01;31m[KRCLCPP_WARN[m[K(node_->get_logger(), "robot_type service failed");
[2.495s]       |                             [01;31m[K^~~~~~~~~~~[m[K
[2.495s] [01m[K/home/matylda-hayne/mtrx3760_p2/MTRX3760_PROJECT_2/ros2_ws/src/user_interface/src/user_interface.cpp:507:41:[m[K [01;31m[Kerror: [m[Kâ€˜[01m[Knode_[m[Kâ€™ is not captured
[2.495s]   507 |                             RCLCPP_WARN([01;31m[Knode_[m[K->get_logger(), "robot_type service failed");
[2.495s]       |                                         [01;31m[K^~~~~[m[K
[2.495s] [01m[K/home/matylda-hayne/mtrx3760_p2/MTRX3760_PROJECT_2/ros2_ws/src/user_interface/src/user_interface.cpp:496:59:[m[K [01;36m[Knote: [m[Kthe lambda has no capture-default
[2.495s]   496 |                     client_->async_send_request(req, [this[01;36m[K][m[K(RobotTypeClient::SharedFuture f)
[2.496s]       |                                                           [01;36m[K^[m[K
[2.496s] [01m[K/home/matylda-hayne/mtrx3760_p2/MTRX3760_PROJECT_2/ros2_ws/src/user_interface/src/user_interface.cpp:366:27:[m[K [01;36m[Knote: [m[Kâ€˜[01m[K<typeprefixerror>node_[m[Kâ€™ declared here
[2.496s]   366 |         rclcpp::spin_some([01;36m[Knode_[m[K);
[2.496s]       |                           [01;36m[K^~~~~[m[K
[2.496s] [01m[K/home/matylda-hayne/mtrx3760_p2/MTRX3760_PROJECT_2/ros2_ws/src/user_interface/src/user_interface.cpp:507:41:[m[K [01;31m[Kerror: [m[Kâ€˜[01m[Knode_[m[Kâ€™ is not captured
[2.496s]   507 |                             RCLCPP_WARN([01;31m[Knode_[m[K->get_logger(), "robot_type service failed");
[2.496s]       |                                         [01;31m[K^~~~~[m[K
[2.496s] [01m[K/home/matylda-hayne/mtrx3760_p2/MTRX3760_PROJECT_2/ros2_ws/src/user_interface/src/user_interface.cpp:496:59:[m[K [01;36m[Knote: [m[Kthe lambda has no capture-default
[2.496s]   496 |                     client_->async_send_request(req, [this[01;36m[K][m[K(RobotTypeClient::SharedFuture f)
[2.496s]       |                                                           [01;36m[K^[m[K
[2.496s] [01m[K/home/matylda-hayne/mtrx3760_p2/MTRX3760_PROJECT_2/ros2_ws/src/user_interface/src/user_interface.cpp:366:27:[m[K [01;36m[Knote: [m[Kâ€˜[01m[K<typeprefixerror>node_[m[Kâ€™ declared here
[2.496s]   366 |         rclcpp::spin_some([01;36m[Knode_[m[K);
[2.496s]       |                           [01;36m[K^~~~~[m[K
[2.511s] [01m[K/home/matylda-hayne/mtrx3760_p2/MTRX3760_PROJECT_2/ros2_ws/src/user_interface/src/user_interface.cpp:[m[K In member function â€˜[01m[Kvoid UserInterface::[01;32m[KRun[m[K()[m[Kâ€™:
[2.511s] [01m[K/home/matylda-hayne/mtrx3760_p2/MTRX3760_PROJECT_2/ros2_ws/src/user_interface/src/user_interface.cpp:512:34:[m[K [01;31m[Kerror: [m[Kâ€˜[01m[Kmode_locked_[m[Kâ€™ was not declared in this scope
[2.511s]   512 |             ImGui::BeginDisabled([01;31m[Kmode_locked_[m[K);
[2.511s]       |                                  [01;31m[K^~~~~~~~~~~~[m[K
[2.541s] [01m[K/home/matylda-hayne/mtrx3760_p2/MTRX3760_PROJECT_2/ros2_ws/src/user_interface/src/user_interface.cpp:538:29:[m[K [01;31m[Kerror: [m[Kâ€˜[01m[Kpackage_share_dir_[m[Kâ€™ was not declared in this scope
[2.541s]   538 |                 yaml_file = [01;31m[Kpackage_share_dir_[m[K + "/resources/defect_log.yaml";
[2.541s]       |                             [01;31m[K^~~~~~~~~~~~~~~~~~[m[K
[2.558s] [01m[K/home/matylda-hayne/mtrx3760_p2/MTRX3760_PROJECT_2/ros2_ws/src/user_interface/src/user_interface.cpp:539:57:[m[K [01;31m[Kerror: [m[Kâ€˜[01m[Ktemp_storage_[m[Kâ€™ was not declared in this scope
[2.558s]   539 |                 indexes = getIndexesFromYaml(yaml_file, [01;31m[Ktemp_storage_[m[K);
[2.558s]       |                                                         [01;31m[K^~~~~~~~~~~~~[m[K
[2.585s] [01m[K/home/matylda-hayne/mtrx3760_p2/MTRX3760_PROJECT_2/ros2_ws/src/user_interface/src/user_interface.cpp:547:29:[m[K [01;31m[Kerror: [m[Kâ€˜[01m[Kpackage_share_dir_[m[Kâ€™ was not declared in this scope
[2.585s]   547 |                 yaml_file = [01;31m[Kpackage_share_dir_[m[K + "/resources/delivery_log.yaml";
[2.585s]       |                             [01;31m[K^~~~~~~~~~~~~~~~~~[m[K
[2.600s] [01m[K/home/matylda-hayne/mtrx3760_p2/MTRX3760_PROJECT_2/ros2_ws/src/user_interface/src/user_interface.cpp:548:57:[m[K [01;31m[Kerror: [m[Kâ€˜[01m[Ktemp_storage_[m[Kâ€™ was not declared in this scope
[2.601s]   548 |                 indexes = getIndexesFromYaml(yaml_file, [01;31m[Ktemp_storage_[m[K);
[2.601s]       |                                                         [01;31m[K^~~~~~~~~~~~~[m[K
[2.610s] [01m[K/home/matylda-hayne/mtrx3760_p2/MTRX3760_PROJECT_2/ros2_ws/src/user_interface/src/user_interface.cpp:588:25:[m[K [01;31m[Kerror: [m[Kâ€˜[01m[Kclient_[m[Kâ€™ was not declared in this scope
[2.611s]   588 |                     if ([01;31m[Kclient_[m[K->wait_for_service(std::chrono::seconds(1)))
[2.611s]       |                         [01;31m[K^~~~~~~[m[K
[2.611s] [01m[K/home/matylda-hayne/mtrx3760_p2/MTRX3760_PROJECT_2/ros2_ws/src/user_interface/src/user_interface.cpp:[m[K In lambda function:
[2.611s] [01m[K/home/matylda-hayne/mtrx3760_p2/MTRX3760_PROJECT_2/ros2_ws/src/user_interface/src/user_interface.cpp:595:33:[m[K [01;31m[Kerror: [m[Ktemplate argument 1 is invalid
[2.611s]   595 |                                 [01;31m[KRCLCPP_INFO[m[K(node_->get_logger(), "inspect+explore ok");
[2.611s]       |                                 [01;31m[K^~~~~~~~~~~[m[K
[2.611s] [01m[K/home/matylda-hayne/mtrx3760_p2/MTRX3760_PROJECT_2/ros2_ws/src/user_interface/src/user_interface.cpp:595:33:[m[K [01;31m[Kerror: [m[Ktemplate argument 1 is invalid
[2.611s]   595 |                                 [01;31m[KRCLCPP_INFO[m[K(node_->get_logger(), "inspect+explore ok");
[2.611s]       |                                 [01;31m[K^~~~~~~~~~~[m[K
[2.611s] [01m[K/home/matylda-hayne/mtrx3760_p2/MTRX3760_PROJECT_2/ros2_ws/src/user_interface/src/user_interface.cpp:595:33:[m[K [01;31m[Kerror: [m[Ktemplate argument 1 is invalid
[2.611s]   595 |                                 [01;31m[KRCLCPP_INFO[m[K(node_->get_logger(), "inspect+explore ok");
[2.611s]       |                                 [01;31m[K^~~~~~~~~~~[m[K
[2.611s] [01m[K/home/matylda-hayne/mtrx3760_p2/MTRX3760_PROJECT_2/ros2_ws/src/user_interface/src/user_interface.cpp:595:45:[m[K [01;31m[Kerror: [m[Kâ€˜[01m[Knode_[m[Kâ€™ is not captured
[2.611s]   595 |                                 RCLCPP_INFO([01;31m[Knode_[m[K->get_logger(), "inspect+explore ok");
[2.611s]       |                                             [01;31m[K^~~~~[m[K
[2.611s] [01m[K/home/matylda-hayne/mtrx3760_p2/MTRX3760_PROJECT_2/ros2_ws/src/user_interface/src/user_interface.cpp:590:63:[m[K [01;36m[Knote: [m[Kthe lambda has no capture-default
[2.611s]   590 |                         client_->async_send_request(req, [this[01;36m[K][m[K(RobotTypeClient::SharedFuture f)
[2.611s]       |                                                               [01;36m[K^[m[K
[2.612s] [01m[K/home/matylda-hayne/mtrx3760_p2/MTRX3760_PROJECT_2/ros2_ws/src/user_interface/src/user_interface.cpp:366:27:[m[K [01;36m[Knote: [m[Kâ€˜[01m[K<typeprefixerror>node_[m[Kâ€™ declared here
[2.612s]   366 |         rclcpp::spin_some([01;36m[Knode_[m[K);
[2.612s]       |                           [01;36m[K^~~~~[m[K
[2.612s] [01m[K/home/matylda-hayne/mtrx3760_p2/MTRX3760_PROJECT_2/ros2_ws/src/user_interface/src/user_interface.cpp:595:45:[m[K [01;31m[Kerror: [m[Kâ€˜[01m[Knode_[m[Kâ€™ is not captured
[2.612s]   595 |                                 RCLCPP_INFO([01;31m[Knode_[m[K->get_logger(), "inspect+explore ok");
[2.612s]       |                                             [01;31m[K^~~~~[m[K
[2.612s] [01m[K/home/matylda-hayne/mtrx3760_p2/MTRX3760_PROJECT_2/ros2_ws/src/user_interface/src/user_interface.cpp:590:63:[m[K [01;36m[Knote: [m[Kthe lambda has no capture-default
[2.612s]   590 |                         client_->async_send_request(req, [this[01;36m[K][m[K(RobotTypeClient::SharedFuture f)
[2.612s]       |                                                               [01;36m[K^[m[K
[2.612s] [01m[K/home/matylda-hayne/mtrx3760_p2/MTRX3760_PROJECT_2/ros2_ws/src/user_interface/src/user_interface.cpp:366:27:[m[K [01;36m[Knote: [m[Kâ€˜[01m[K<typeprefixerror>node_[m[Kâ€™ declared here
[2.612s]   366 |         rclcpp::spin_some([01;36m[Knode_[m[K);
[2.612s]       |                           [01;36m[K^~~~~[m[K
[2.638s] [01m[K/home/matylda-hayne/mtrx3760_p2/MTRX3760_PROJECT_2/ros2_ws/src/user_interface/src/user_interface.cpp:596:33:[m[K [01;31m[Kerror: [m[Kâ€˜[01m[Ksequence_number_[m[Kâ€™ was not declared in this scope
[2.638s]   596 |                                 [01;31m[Ksequence_number_[m[K++;
[2.638s]       |                                 [01;31m[K^~~~~~~~~~~~~~~~[m[K
[2.638s] [01m[K/home/matylda-hayne/mtrx3760_p2/MTRX3760_PROJECT_2/ros2_ws/src/user_interface/src/user_interface.cpp:600:33:[m[K [01;31m[Kerror: [m[Ktemplate argument 1 is invalid
[2.638s]   600 |                                 [01;31m[KRCLCPP_WARN[m[K(node_->get_logger(), "inspect+explore failed");
[2.638s]       |                                 [01;31m[K^~~~~~~~~~~[m[K
[2.638s] [01m[K/home/matylda-hayne/mtrx3760_p2/MTRX3760_PROJECT_2/ros2_ws/src/user_interface/src/user_interface.cpp:600:33:[m[K [01;31m[Kerror: [m[Ktemplate argument 1 is invalid
[2.638s]   600 |                                 [01;31m[KRCLCPP_WARN[m[K(node_->get_logger(), "inspect+explore failed");
[2.638s]       |                                 [01;31m[K^~~~~~~~~~~[m[K
[2.638s] [01m[K/home/matylda-hayne/mtrx3760_p2/MTRX3760_PROJECT_2/ros2_ws/src/user_interface/src/user_interface.cpp:600:33:[m[K [01;31m[Kerror: [m[Ktemplate argument 1 is invalid
[2.638s]   600 |                                 [01;31m[KRCLCPP_WARN[m[K(node_->get_logger(), "inspect+explore failed");
[2.638s]       |                                 [01;31m[K^~~~~~~~~~~[m[K
[2.638s] [01m[K/home/matylda-hayne/mtrx3760_p2/MTRX3760_PROJECT_2/ros2_ws/src/user_interface/src/user_interface.cpp:600:45:[m[K [01;31m[Kerror: [m[Kâ€˜[01m[Knode_[m[Kâ€™ is not captured
[2.638s]   600 |                                 RCLCPP_WARN([01;31m[Knode_[m[K->get_logger(), "inspect+explore failed");
[2.638s]       |                                             [01;31m[K^~~~~[m[K
[2.638s] [01m[K/home/matylda-hayne/mtrx3760_p2/MTRX3760_PROJECT_2/ros2_ws/src/user_interface/src/user_interface.cpp:590:63:[m[K [01;36m[Knote: [m[Kthe lambda has no capture-default
[2.638s]   590 |                         client_->async_send_request(req, [this[01;36m[K][m[K(RobotTypeClient::SharedFuture f)
[2.638s]       |                                                               [01;36m[K^[m[K
[2.638s] [01m[K/home/matylda-hayne/mtrx3760_p2/MTRX3760_PROJECT_2/ros2_ws/src/user_interface/src/user_interface.cpp:366:27:[m[K [01;36m[Knote: [m[Kâ€˜[01m[K<typeprefixerror>node_[m[Kâ€™ declared here
[2.638s]   366 |         rclcpp::spin_some([01;36m[Knode_[m[K);
[2.638s]       |                           [01;36m[K^~~~~[m[K
[2.639s] [01m[K/home/matylda-hayne/mtrx3760_p2/MTRX3760_PROJECT_2/ros2_ws/src/user_interface/src/user_interface.cpp:600:45:[m[K [01;31m[Kerror: [m[Kâ€˜[01m[Knode_[m[Kâ€™ is not captured
[2.639s]   600 |                                 RCLCPP_WARN([01;31m[Knode_[m[K->get_logger(), "inspect+explore failed");
[2.639s]       |                                             [01;31m[K^~~~~[m[K
[2.639s] [01m[K/home/matylda-hayne/mtrx3760_p2/MTRX3760_PROJECT_2/ros2_ws/src/user_interface/src/user_interface.cpp:590:63:[m[K [01;36m[Knote: [m[Kthe lambda has no capture-default
[2.639s]   590 |                         client_->async_send_request(req, [this[01;36m[K][m[K(RobotTypeClient::SharedFuture f)
[2.639s]       |                                                               [01;36m[K^[m[K
[2.639s] [01m[K/home/matylda-hayne/mtrx3760_p2/MTRX3760_PROJECT_2/ros2_ws/src/user_interface/src/user_interface.cpp:366:27:[m[K [01;36m[Knote: [m[Kâ€˜[01m[K<typeprefixerror>node_[m[Kâ€™ declared here
[2.639s]   366 |         rclcpp::spin_some([01;36m[Knode_[m[K);
[2.639s]       |                           [01;36m[K^~~~~[m[K
[2.651s] [01m[K/home/matylda-hayne/mtrx3760_p2/MTRX3760_PROJECT_2/ros2_ws/src/user_interface/src/user_interface.cpp:[m[K In member function â€˜[01m[Kvoid UserInterface::[01;32m[KRun[m[K()[m[Kâ€™:
[2.651s] [01m[K/home/matylda-hayne/mtrx3760_p2/MTRX3760_PROJECT_2/ros2_ws/src/user_interface/src/user_interface.cpp:605:109:[m[K [01;31m[Kerror: [m[Kâ€˜[01m[Khas_click_[m[Kâ€™ was not declared in this scope
[2.651s]   605 |               else if (robot_mode == "Delivery" && strcmp(indexes[current_index], "Point on Map") == 0 && [01;31m[Khas_click_[m[K)
[2.651s]       |                                                                                                           [01;31m[K^~~~~~~~~~[m[K
[2.651s] 
[2.667s] [01m[K/home/matylda-hayne/mtrx3760_p2/MTRX3760_PROJECT_2/ros2_ws/src/user_interface/src/user_interface.cpp:610:49:[m[K [01;31m[Kerror: [m[Kâ€˜[01m[Klast_world_x_[m[Kâ€™ was not declared in this scope
[2.667s]   610 |                     req->pose.pose.position.x = [01;31m[Klast_world_x_[m[K;
[2.667s]       |                                                 [01;31m[K^~~~~~~~~~~~~[m[K
[2.684s] [01m[K/home/matylda-hayne/mtrx3760_p2/MTRX3760_PROJECT_2/ros2_ws/src/user_interface/src/user_interface.cpp:611:49:[m[K [01;31m[Kerror: [m[Kâ€˜[01m[Klast_world_y_[m[Kâ€™ was not declared in this scope
[2.684s]   611 |                     req->pose.pose.position.y = [01;31m[Klast_world_y_[m[K;
[2.684s]       |                                                 [01;31m[K^~~~~~~~~~~~~[m[K
[2.694s] [01m[K/home/matylda-hayne/mtrx3760_p2/MTRX3760_PROJECT_2/ros2_ws/src/user_interface/src/user_interface.cpp:613:25:[m[K [01;31m[Kerror: [m[Kâ€˜[01m[Kclient_[m[Kâ€™ was not declared in this scope
[2.694s]   613 |                     if ([01;31m[Kclient_[m[K->wait_for_service(std::chrono::seconds(1)))
[2.694s]       |                         [01;31m[K^~~~~~~[m[K
[2.694s] [01m[K/home/matylda-hayne/mtrx3760_p2/MTRX3760_PROJECT_2/ros2_ws/src/user_interface/src/user_interface.cpp:[m[K In lambda function:
[2.694s] [01m[K/home/matylda-hayne/mtrx3760_p2/MTRX3760_PROJECT_2/ros2_ws/src/user_interface/src/user_interface.cpp:620:33:[m[K [01;31m[Kerror: [m[Ktemplate argument 1 is invalid
[2.694s]   620 |                                 [01;31m[KRCLCPP_INFO[m[K(node_->get_logger(), "delivery+map ok");
[2.694s]       |                                 [01;31m[K^~~~~~~~~~~[m[K
[2.694s] [01m[K/home/matylda-hayne/mtrx3760_p2/MTRX3760_PROJECT_2/ros2_ws/src/user_interface/src/user_interface.cpp:620:33:[m[K [01;31m[Kerror: [m[Ktemplate argument 1 is invalid
[2.694s]   620 |                                 [01;31m[KRCLCPP_INFO[m[K(node_->get_logger(), "delivery+map ok");
[2.694s]       |                                 [01;31m[K^~~~~~~~~~~[m[K
[2.694s] [01m[K/home/matylda-hayne/mtrx3760_p2/MTRX3760_PROJECT_2/ros2_ws/src/user_interface/src/user_interface.cpp:620:33:[m[K [01;31m[Kerror: [m[Ktemplate argument 1 is invalid
[2.694s]   620 |                                 [01;31m[KRCLCPP_INFO[m[K(node_->get_logger(), "delivery+map ok");
[2.694s]       |                                 [01;31m[K^~~~~~~~~~~[m[K
[2.694s] [01m[K/home/matylda-hayne/mtrx3760_p2/MTRX3760_PROJECT_2/ros2_ws/src/user_interface/src/user_interface.cpp:620:45:[m[K [01;31m[Kerror: [m[Kâ€˜[01m[Knode_[m[Kâ€™ is not captured
[2.694s]   620 |                                 RCLCPP_INFO([01;31m[Knode_[m[K->get_logger(), "delivery+map ok");
[2.694s]       |                                             [01;31m[K^~~~~[m[K
[2.694s] [01m[K/home/matylda-hayne/mtrx3760_p2/MTRX3760_PROJECT_2/ros2_ws/src/user_interface/src/user_interface.cpp:615:63:[m[K [01;36m[Knote: [m[Kthe lambda has no capture-default
[2.694s]   615 |                         client_->async_send_request(req, [this[01;36m[K][m[K(RobotTypeClient::SharedFuture f)
[2.695s]       |                                                               [01;36m[K^[m[K
[2.695s] [01m[K/home/matylda-hayne/mtrx3760_p2/MTRX3760_PROJECT_2/ros2_ws/src/user_interface/src/user_interface.cpp:366:27:[m[K [01;36m[Knote: [m[Kâ€˜[01m[K<typeprefixerror>node_[m[Kâ€™ declared here
[2.695s]   366 |         rclcpp::spin_some([01;36m[Knode_[m[K);
[2.695s]       |                           [01;36m[K^~~~~[m[K
[2.695s] [01m[K/home/matylda-hayne/mtrx3760_p2/MTRX3760_PROJECT_2/ros2_ws/src/user_interface/src/user_interface.cpp:620:45:[m[K [01;31m[Kerror: [m[Kâ€˜[01m[Knode_[m[Kâ€™ is not captured
[2.695s]   620 |                                 RCLCPP_INFO([01;31m[Knode_[m[K->get_logger(), "delivery+map ok");
[2.695s]       |                                             [01;31m[K^~~~~[m[K
[2.695s] [01m[K/home/matylda-hayne/mtrx3760_p2/MTRX3760_PROJECT_2/ros2_ws/src/user_interface/src/user_interface.cpp:615:63:[m[K [01;36m[Knote: [m[Kthe lambda has no capture-default
[2.695s]   615 |                         client_->async_send_request(req, [this[01;36m[K][m[K(RobotTypeClient::SharedFuture f)
[2.695s]       |                                                               [01;36m[K^[m[K
[2.695s] [01m[K/home/matylda-hayne/mtrx3760_p2/MTRX3760_PROJECT_2/ros2_ws/src/user_interface/src/user_interface.cpp:366:27:[m[K [01;36m[Knote: [m[Kâ€˜[01m[K<typeprefixerror>node_[m[Kâ€™ declared here
[2.695s]   366 |         rclcpp::spin_some([01;36m[Knode_[m[K);
[2.695s]       |                           [01;36m[K^~~~~[m[K
[2.718s] [01m[K/home/matylda-hayne/mtrx3760_p2/MTRX3760_PROJECT_2/ros2_ws/src/user_interface/src/user_interface.cpp:621:33:[m[K [01;31m[Kerror: [m[Kâ€˜[01m[Ksequence_number_[m[Kâ€™ was not declared in this scope
[2.718s]   621 |                                 [01;31m[Ksequence_number_[m[K++;
[2.718s]       |                                 [01;31m[K^~~~~~~~~~~~~~~~[m[K
[2.718s] [01m[K/home/matylda-hayne/mtrx3760_p2/MTRX3760_PROJECT_2/ros2_ws/src/user_interface/src/user_interface.cpp:625:33:[m[K [01;31m[Kerror: [m[Ktemplate argument 1 is invalid
[2.718s]   625 |                                 [01;31m[KRCLCPP_WARN[m[K(node_->get_logger(), "delivery+map failed");
[2.718s]       |                                 [01;31m[K^~~~~~~~~~~[m[K
[2.718s] [01m[K/home/matylda-hayne/mtrx3760_p2/MTRX3760_PROJECT_2/ros2_ws/src/user_interface/src/user_interface.cpp:625:33:[m[K [01;31m[Kerror: [m[Ktemplate argument 1 is invalid
[2.718s]   625 |                                 [01;31m[KRCLCPP_WARN[m[K(node_->get_logger(), "delivery+map failed");
[2.719s]       |                                 [01;31m[K^~~~~~~~~~~[m[K
[2.719s] [01m[K/home/matylda-hayne/mtrx3760_p2/MTRX3760_PROJECT_2/ros2_ws/src/user_interface/src/user_interface.cpp:625:33:[m[K [01;31m[Kerror: [m[Ktemplate argument 1 is invalid
[2.719s]   625 |                                 [01;31m[KRCLCPP_WARN[m[K(node_->get_logger(), "delivery+map failed");
[2.719s]       |                                 [01;31m[K^~~~~~~~~~~[m[K
[2.719s] [01m[K/home/matylda-hayne/mtrx3760_p2/MTRX3760_PROJECT_2/ros2_ws/src/user_interface/src/user_interface.cpp:625:45:[m[K [01;31m[Kerror: [m[Kâ€˜[01m[Knode_[m[Kâ€™ is not captured
[2.719s]   625 |                                 RCLCPP_WARN([01;31m[Knode_[m[K->get_logger(), "delivery+map failed");
[2.719s]       |                                             [01;31m[K^~~~~[m[K
[2.719s] [01m[K/home/matylda-hayne/mtrx3760_p2/MTRX3760_PROJECT_2/ros2_ws/src/user_interface/src/user_interface.cpp:615:63:[m[K [01;36m[Knote: [m[Kthe lambda has no capture-default
[2.719s]   615 |                         client_->async_send_request(req, [this[01;36m[K][m[K(RobotTypeClient::SharedFuture f)
[2.719s]       |                                                               [01;36m[K^[m[K
[2.719s] [01m[K/home/matylda-hayne/mtrx3760_p2/MTRX3760_PROJECT_2/ros2_ws/src/user_interface/src/user_interface.cpp:366:27:[m[K [01;36m[Knote: [m[Kâ€˜[01m[K<typeprefixerror>node_[m[Kâ€™ declared here
[2.719s]   366 |         rclcpp::spin_some([01;36m[Knode_[m[K);
[2.719s]       |                           [01;36m[K^~~~~[m[K
[2.719s] [01m[K/home/matylda-hayne/mtrx3760_p2/MTRX3760_PROJECT_2/ros2_ws/src/user_interface/src/user_interface.cpp:625:45:[m[K [01;31m[Kerror: [m[Kâ€˜[01m[Knode_[m[Kâ€™ is not captured
[2.719s]   625 |                                 RCLCPP_WARN([01;31m[Knode_[m[K->get_logger(), "delivery+map failed");
[2.719s]       |                                             [01;31m[K^~~~~[m[K
[2.719s] [01m[K/home/matylda-hayne/mtrx3760_p2/MTRX3760_PROJECT_2/ros2_ws/src/user_interface/src/user_interface.cpp:615:63:[m[K [01;36m[Knote: [m[Kthe lambda has no capture-default
[2.719s]   615 |                         client_->async_send_request(req, [this[01;36m[K][m[K(RobotTypeClient::SharedFuture f)
[2.719s]       |                                                               [01;36m[K^[m[K
[2.719s] [01m[K/home/matylda-hayne/mtrx3760_p2/MTRX3760_PROJECT_2/ros2_ws/src/user_interface/src/user_interface.cpp:366:27:[m[K [01;36m[Knote: [m[Kâ€˜[01m[K<typeprefixerror>node_[m[Kâ€™ declared here
[2.719s]   366 |         rclcpp::spin_some([01;36m[Knode_[m[K);
[2.719s]       |                           [01;36m[K^~~~~[m[K
[2.719s] [01m[K/home/matylda-hayne/mtrx3760_p2/MTRX3760_PROJECT_2/ros2_ws/src/user_interface/src/user_interface.cpp:[m[K In member function â€˜[01m[Kvoid UserInterface::[01;32m[KRun[m[K()[m[Kâ€™:
[2.719s] [01m[K/home/matylda-hayne/mtrx3760_p2/MTRX3760_PROJECT_2/ros2_ws/src/user_interface/src/user_interface.cpp:631:21:[m[K [01;31m[Kerror: [m[Ktemplate argument 1 is invalid
[2.719s]   631 |                     [01;31m[KRCLCPP_INFO[m[K(node_->get_logger(), "Please click on the map first.");
[2.719s]       |                     [01;31m[K^~~~~~~~~~~[m[K
[2.719s] [01m[K/home/matylda-hayne/mtrx3760_p2/MTRX3760_PROJECT_2/ros2_ws/src/user_interface/src/user_interface.cpp:631:21:[m[K [01;31m[Kerror: [m[Ktemplate argument 1 is invalid
[2.719s]   631 |                     [01;31m[KRCLCPP_INFO[m[K(node_->get_logger(), "Please click on the map first.");
[2.720s]       |                     [01;31m[K^~~~~~~~~~~[m[K
[2.720s] [01m[K/home/matylda-hayne/mtrx3760_p2/MTRX3760_PROJECT_2/ros2_ws/src/user_interface/src/user_interface.cpp:631:21:[m[K [01;31m[Kerror: [m[Ktemplate argument 1 is invalid
[2.720s]   631 |                     [01;31m[KRCLCPP_INFO[m[K(node_->get_logger(), "Please click on the map first.");
[2.720s]       |                     [01;31m[K^~~~~~~~~~~[m[K
[2.733s] [01m[K/home/matylda-hayne/mtrx3760_p2/MTRX3760_PROJECT_2/ros2_ws/src/user_interface/src/user_interface.cpp:668:29:[m[K [01;31m[Kerror: [m[Kâ€˜[01m[Kclient_[m[Kâ€™ was not declared in this scope
[2.733s]   668 |                         if ([01;31m[Kclient_[m[K->wait_for_service(std::chrono::seconds(1)))
[2.733s]       |                             [01;31m[K^~~~~~~[m[K
[2.733s] [01m[K/home/matylda-hayne/mtrx3760_p2/MTRX3760_PROJECT_2/ros2_ws/src/user_interface/src/user_interface.cpp:[m[K In lambda function:
[2.733s] [01m[K/home/matylda-hayne/mtrx3760_p2/MTRX3760_PROJECT_2/ros2_ws/src/user_interface/src/user_interface.cpp:675:37:[m[K [01;31m[Kerror: [m[Ktemplate argument 1 is invalid
[2.733s]   675 |                                     [01;31m[KRCLCPP_INFO[m[K(node_->get_logger(), "yaml-based request ok");
[2.734s]       |                                     [01;31m[K^~~~~~~~~~~[m[K
[2.734s] [01m[K/home/matylda-hayne/mtrx3760_p2/MTRX3760_PROJECT_2/ros2_ws/src/user_interface/src/user_interface.cpp:675:37:[m[K [01;31m[Kerror: [m[Ktemplate argument 1 is invalid
[2.734s]   675 |                                     [01;31m[KRCLCPP_INFO[m[K(node_->get_logger(), "yaml-based request ok");
[2.734s]       |                                     [01;31m[K^~~~~~~~~~~[m[K
[2.734s] [01m[K/home/matylda-hayne/mtrx3760_p2/MTRX3760_PROJECT_2/ros2_ws/src/user_interface/src/user_interface.cpp:675:37:[m[K [01;31m[Kerror: [m[Ktemplate argument 1 is invalid
[2.734s]   675 |                                     [01;31m[KRCLCPP_INFO[m[K(node_->get_logger(), "yaml-based request ok");
[2.734s]       |                                     [01;31m[K^~~~~~~~~~~[m[K
[2.734s] [01m[K/home/matylda-hayne/mtrx3760_p2/MTRX3760_PROJECT_2/ros2_ws/src/user_interface/src/user_interface.cpp:675:49:[m[K [01;31m[Kerror: [m[Kâ€˜[01m[Knode_[m[Kâ€™ is not captured
[2.734s]   675 |                                     RCLCPP_INFO([01;31m[Knode_[m[K->get_logger(), "yaml-based request ok");
[2.734s]       |                                                 [01;31m[K^~~~~[m[K
[2.734s] [01m[K/home/matylda-hayne/mtrx3760_p2/MTRX3760_PROJECT_2/ros2_ws/src/user_interface/src/user_interface.cpp:670:67:[m[K [01;36m[Knote: [m[Kthe lambda has no capture-default
[2.735s]   670 |                             client_->async_send_request(req, [this[01;36m[K][m[K(RobotTypeClient::SharedFuture f)
[2.735s]       |                                                                   [01;36m[K^[m[K
[2.735s] [01m[K/home/matylda-hayne/mtrx3760_p2/MTRX3760_PROJECT_2/ros2_ws/src/user_interface/src/user_interface.cpp:366:27:[m[K [01;36m[Knote: [m[Kâ€˜[01m[K<typeprefixerror>node_[m[Kâ€™ declared here
[2.735s]   366 |         rclcpp::spin_some([01;36m[Knode_[m[K);
[2.735s]       |                           [01;36m[K^~~~~[m[K
[2.735s] [01m[K/home/matylda-hayne/mtrx3760_p2/MTRX3760_PROJECT_2/ros2_ws/src/user_interface/src/user_interface.cpp:675:49:[m[K [01;31m[Kerror: [m[Kâ€˜[01m[Knode_[m[Kâ€™ is not captured
[2.735s]   675 |                                     RCLCPP_INFO([01;31m[Knode_[m[K->get_logger(), "yaml-based request ok");
[2.735s]       |                                                 [01;31m[K^~~~~[m[K
[2.735s] [01m[K/home/matylda-hayne/mtrx3760_p2/MTRX3760_PROJECT_2/ros2_ws/src/user_interface/src/user_interface.cpp:670:67:[m[K [01;36m[Knote: [m[Kthe lambda has no capture-default
[2.735s]   670 |                             client_->async_send_request(req, [this[01;36m[K][m[K(RobotTypeClient::SharedFuture f)
[2.735s]       |                                                                   [01;36m[K^[m[K
[2.735s] [01m[K/home/matylda-hayne/mtrx3760_p2/MTRX3760_PROJECT_2/ros2_ws/src/user_interface/src/user_interface.cpp:366:27:[m[K [01;36m[Knote: [m[Kâ€˜[01m[K<typeprefixerror>node_[m[Kâ€™ declared here
[2.735s]   366 |         rclcpp::spin_some([01;36m[Knode_[m[K);
[2.736s]       |                           [01;36m[K^~~~~[m[K
[2.758s] [01m[K/home/matylda-hayne/mtrx3760_p2/MTRX3760_PROJECT_2/ros2_ws/src/user_interface/src/user_interface.cpp:676:37:[m[K [01;31m[Kerror: [m[Kâ€˜[01m[Ksequence_number_[m[Kâ€™ was not declared in this scope
[2.758s]   676 |                                     [01;31m[Ksequence_number_[m[K++;
[2.758s]       |                                     [01;31m[K^~~~~~~~~~~~~~~~[m[K
[2.758s] [01m[K/home/matylda-hayne/mtrx3760_p2/MTRX3760_PROJECT_2/ros2_ws/src/user_interface/src/user_interface.cpp:680:37:[m[K [01;31m[Kerror: [m[Ktemplate argument 1 is invalid
[2.759s]   680 |                                     [01;31m[KRCLCPP_WARN[m[K(node_->get_logger(), "yaml-based request failed");
[2.759s]       |                                     [01;31m[K^~~~~~~~~~~[m[K
[2.759s] [01m[K/home/matylda-hayne/mtrx3760_p2/MTRX3760_PROJECT_2/ros2_ws/src/user_interface/src/user_interface.cpp:680:37:[m[K [01;31m[Kerror: [m[Ktemplate argument 1 is invalid
[2.759s]   680 |                                     [01;31m[KRCLCPP_WARN[m[K(node_->get_logger(), "yaml-based request failed");
[2.759s]       |                                     [01;31m[K^~~~~~~~~~~[m[K
[2.759s] [01m[K/home/matylda-hayne/mtrx3760_p2/MTRX3760_PROJECT_2/ros2_ws/src/user_interface/src/user_interface.cpp:680:37:[m[K [01;31m[Kerror: [m[Ktemplate argument 1 is invalid
[2.759s]   680 |                                     [01;31m[KRCLCPP_WARN[m[K(node_->get_logger(), "yaml-based request failed");
[2.759s]       |                                     [01;31m[K^~~~~~~~~~~[m[K
[2.759s] [01m[K/home/matylda-hayne/mtrx3760_p2/MTRX3760_PROJECT_2/ros2_ws/src/user_interface/src/user_interface.cpp:680:49:[m[K [01;31m[Kerror: [m[Kâ€˜[01m[Knode_[m[Kâ€™ is not captured
[2.759s]   680 |                                     RCLCPP_WARN([01;31m[Knode_[m[K->get_logger(), "yaml-based request failed");
[2.759s]       |                                                 [01;31m[K^~~~~[m[K
[2.759s] [01m[K/home/matylda-hayne/mtrx3760_p2/MTRX3760_PROJECT_2/ros2_ws/src/user_interface/src/user_interface.cpp:670:67:[m[K [01;36m[Knote: [m[Kthe lambda has no capture-default
[2.759s]   670 |                             client_->async_send_request(req, [this[01;36m[K][m[K(RobotTypeClient::SharedFuture f)
[2.759s]       |                                                                   [01;36m[K^[m[K
[2.759s] [01m[K/home/matylda-hayne/mtrx3760_p2/MTRX3760_PROJECT_2/ros2_ws/src/user_interface/src/user_interface.cpp:366:27:[m[K [01;36m[Knote: [m[Kâ€˜[01m[K<typeprefixerror>node_[m[Kâ€™ declared here
[2.759s]   366 |         rclcpp::spin_some([01;36m[Knode_[m[K);
[2.759s]       |                           [01;36m[K^~~~~[m[K
[2.759s] [01m[K/home/matylda-hayne/mtrx3760_p2/MTRX3760_PROJECT_2/ros2_ws/src/user_interface/src/user_interface.cpp:680:49:[m[K [01;31m[Kerror: [m[Kâ€˜[01m[Knode_[m[Kâ€™ is not captured
[2.759s]   680 |                                     RCLCPP_WARN([01;31m[Knode_[m[K->get_logger(), "yaml-based request failed");
[2.759s]       |                                                 [01;31m[K^~~~~[m[K
[2.759s] [01m[K/home/matylda-hayne/mtrx3760_p2/MTRX3760_PROJECT_2/ros2_ws/src/user_interface/src/user_interface.cpp:670:67:[m[K [01;36m[Knote: [m[Kthe lambda has no capture-default
[2.759s]   670 |                             client_->async_send_request(req, [this[01;36m[K][m[K(RobotTypeClient::SharedFuture f)
[2.759s]       |                                                                   [01;36m[K^[m[K
[2.759s] [01m[K/home/matylda-hayne/mtrx3760_p2/MTRX3760_PROJECT_2/ros2_ws/src/user_interface/src/user_interface.cpp:366:27:[m[K [01;36m[Knote: [m[Kâ€˜[01m[K<typeprefixerror>node_[m[Kâ€™ declared here
[2.759s]   366 |         rclcpp::spin_some([01;36m[Knode_[m[K);
[2.759s]       |                           [01;36m[K^~~~~[m[K
[2.784s] [01m[K/home/matylda-hayne/mtrx3760_p2/MTRX3760_PROJECT_2/ros2_ws/src/user_interface/src/user_interface.cpp:[m[K In member function â€˜[01m[Kvoid UserInterface::[01;32m[KRun[m[K()[m[Kâ€™:
[2.784s] [01m[K/home/matylda-hayne/mtrx3760_p2/MTRX3760_PROJECT_2/ros2_ws/src/user_interface/src/user_interface.cpp:693:21:[m[K [01;31m[Kerror: [m[Kâ€˜[01m[Kmini_italic_font_[m[Kâ€™ was not declared in this scope
[2.784s]   693 |                 if ([01;31m[Kmini_italic_font_[m[K)
[2.784s]       |                     [01;31m[K^~~~~~~~~~~~~~~~~[m[K
[2.797s] [01m[K/home/matylda-hayne/mtrx3760_p2/MTRX3760_PROJECT_2/ros2_ws/src/user_interface/src/user_interface.cpp:695:92:[m[K [01;31m[Kerror: [m[Kâ€˜[01m[Kcurrent_type_[m[Kâ€™ was not declared in this scope; did you mean â€˜[01m[Kcurrent_index[m[Kâ€™?
[2.797s]   695 |                 ImVec2 ts = ImGui::CalcTextSize("Current type: %s  ~  Your selection: %s", [01;31m[Kcurrent_type_[m[K.c_str(), items[current_item]);
[2.798s]       |                                                                                            [01;31m[K^~~~~~~~~~~~~[m[K
[2.798s]       |                                                                                            [32m[Kcurrent_index[m[K
[2.821s] [01m[K/home/matylda-hayne/mtrx3760_p2/MTRX3760_PROJECT_2/ros2_ws/src/user_interface/src/user_interface.cpp:699:21:[m[K [01;31m[Kerror: [m[Kâ€˜[01m[Kmini_italic_font_[m[Kâ€™ was not declared in this scope
[2.822s]   699 |                 if ([01;31m[Kmini_italic_font_[m[K)
[2.822s]       |                     [01;31m[K^~~~~~~~~~~~~~~~~[m[K
[2.840s] [01m[K/home/matylda-hayne/mtrx3760_p2/MTRX3760_PROJECT_2/ros2_ws/src/user_interface/src/user_interface.cpp:714:21:[m[K [01;31m[Kerror: [m[Kâ€˜[01m[Kmedium_font_[m[Kâ€™ was not declared in this scope
[2.841s]   714 |                 if ([01;31m[Kmedium_font_[m[K)
[2.841s]       |                     [01;31m[K^~~~~~~~~~~~[m[K
[2.857s] [01m[K/home/matylda-hayne/mtrx3760_p2/MTRX3760_PROJECT_2/ros2_ws/src/user_interface/src/user_interface.cpp:720:21:[m[K [01;31m[Kerror: [m[Kâ€˜[01m[Kmedium_font_[m[Kâ€™ was not declared in this scope
[2.857s]   720 |                 if ([01;31m[Kmedium_font_[m[K)
[2.857s]       |                     [01;31m[K^~~~~~~~~~~~[m[K
[2.870s] [01m[K/home/matylda-hayne/mtrx3760_p2/MTRX3760_PROJECT_2/ros2_ws/src/user_interface/src/user_interface.cpp:723:21:[m[K [01;31m[Kerror: [m[Kâ€˜[01m[Kmap_texture_[m[Kâ€™ was not declared in this scope
[2.870s]   723 |                 if ([01;31m[Kmap_texture_[m[K != 0)
[2.870s]       |                     [01;31m[K^~~~~~~~~~~~[m[K
[2.879s] [01m[K/home/matylda-hayne/mtrx3760_p2/MTRX3760_PROJECT_2/ros2_ws/src/user_interface/src/user_interface.cpp:726:36:[m[K [01;31m[Kerror: [m[Kâ€˜[01m[Kmap_w_[m[Kâ€™ was not declared in this scope; did you mean â€˜[01m[Kmax_w[m[Kâ€™?
[2.879s]   726 |                     float draw_w = [01;31m[Kmap_w_[m[K * 5.0f;
[2.879s]       |                                    [01;31m[K^~~~~~[m[K
[2.879s]       |                                    [32m[Kmax_w[m[K
[2.888s] [01m[K/home/matylda-hayne/mtrx3760_p2/MTRX3760_PROJECT_2/ros2_ws/src/user_interface/src/user_interface.cpp:727:36:[m[K [01;31m[Kerror: [m[Kâ€˜[01m[Kmap_h_[m[Kâ€™ was not declared in this scope
[2.888s]   727 |                     float draw_h = [01;31m[Kmap_h_[m[K * 5.0f;
[2.888s]       |                                    [01;31m[K^~~~~~[m[K
[2.899s] [01m[K/home/matylda-hayne/mtrx3760_p2/MTRX3760_PROJECT_2/ros2_ws/src/user_interface/src/user_interface.cpp:756:34:[m[K [01;31m[Kerror: [m[Kâ€˜[01m[Kmap_data_[m[Kâ€™ was not declared in this scope
[2.899s]   756 |                             if (![01;31m[Kmap_data_[m[K.empty())
[2.899s]       |                                  [01;31m[K^~~~~~~~~[m[K
[2.915s] [01m[K/home/matylda-hayne/mtrx3760_p2/MTRX3760_PROJECT_2/ros2_ws/src/user_interface/src/user_interface.cpp:761:37:[m[K [01;31m[Kerror: [m[Kâ€˜[01m[Kmap_markers_[m[Kâ€™ was not declared in this scope
[2.915s]   761 |                                     [01;31m[Kmap_markers_[m[K.clear();
[2.915s]       |                                     [01;31m[K^~~~~~~~~~~~[m[K
[2.936s] [01m[K/home/matylda-hayne/mtrx3760_p2/MTRX3760_PROJECT_2/ros2_ws/src/user_interface/src/user_interface.cpp:764:37:[m[K [01;31m[Kerror: [m[Kâ€˜[01m[Klast_world_x_[m[Kâ€™ was not declared in this scope
[2.936s]   764 |                                     [01;31m[Klast_world_x_[m[K = map_origin_[0] + (px * map_resolution_);
[2.936s]       |                                     [01;31m[K^~~~~~~~~~~~~[m[K
[2.948s] [01m[K/home/matylda-hayne/mtrx3760_p2/MTRX3760_PROJECT_2/ros2_ws/src/user_interface/src/user_interface.cpp:764:53:[m[K [01;31m[Kerror: [m[Kâ€˜[01m[Kmap_origin_[m[Kâ€™ was not declared in this scope; did you mean â€˜[01m[Kmap_region_w[m[Kâ€™?
[2.948s]   764 |                                     last_world_x_ = [01;31m[Kmap_origin_[m[K[0] + (px * map_resolution_);
[2.948s]       |                                                     [01;31m[K^~~~~~~~~~~[m[K
[2.948s]       |                                                     [32m[Kmap_region_w[m[K
[2.967s] [01m[K/home/matylda-hayne/mtrx3760_p2/MTRX3760_PROJECT_2/ros2_ws/src/user_interface/src/user_interface.cpp:764:76:[m[K [01;31m[Kerror: [m[Kâ€˜[01m[Kmap_resolution_[m[Kâ€™ was not declared in this scope
[2.967s]   764 |                                     last_world_x_ = map_origin_[0] + (px * [01;31m[Kmap_resolution_[m[K);
[2.967s]       |                                                                            [01;31m[K^~~~~~~~~~~~~~~[m[K
[2.983s] [01m[K/home/matylda-hayne/mtrx3760_p2/MTRX3760_PROJECT_2/ros2_ws/src/user_interface/src/user_interface.cpp:765:37:[m[K [01;31m[Kerror: [m[Kâ€˜[01m[Klast_world_y_[m[Kâ€™ was not declared in this scope
[2.983s]   765 |                                     [01;31m[Klast_world_y_[m[K = map_origin_[1] + ((map_h_ - py) * map_resolution_);
[2.983s]       |                                     [01;31m[K^~~~~~~~~~~~~[m[K
[2.995s] [01m[K/home/matylda-hayne/mtrx3760_p2/MTRX3760_PROJECT_2/ros2_ws/src/user_interface/src/user_interface.cpp:766:37:[m[K [01;31m[Kerror: [m[Kâ€˜[01m[Khas_click_[m[Kâ€™ was not declared in this scope
[2.995s]   766 |                                     [01;31m[Khas_click_[m[K = true;
[2.995s]       |                                     [01;31m[K^~~~~~~~~~[m[K
[3.011s] [01m[K/home/matylda-hayne/mtrx3760_p2/MTRX3760_PROJECT_2/ros2_ws/src/user_interface/src/user_interface.cpp:776:37:[m[K [01;31m[Kerror: [m[Kâ€˜[01m[Kmap_markers_[m[Kâ€™ was not declared in this scope
[3.012s]   776 |                     for (auto &pt : [01;31m[Kmap_markers_[m[K)
[3.012s]       |                                     [01;31m[K^~~~~~~~~~~~[m[K
[3.032s] [01m[K/home/matylda-hayne/mtrx3760_p2/MTRX3760_PROJECT_2/ros2_ws/src/user_interface/src/user_interface.cpp:788:25:[m[K [01;31m[Kerror: [m[Kâ€˜[01m[Kmap_markers_[m[Kâ€™ was not declared in this scope
[3.032s]   788 |                         [01;31m[Kmap_markers_[m[K.clear();
[3.032s]       |                         [01;31m[K^~~~~~~~~~~~[m[K
[3.044s] [01m[K/home/matylda-hayne/mtrx3760_p2/MTRX3760_PROJECT_2/ros2_ws/src/user_interface/src/user_interface.cpp:789:25:[m[K [01;31m[Kerror: [m[Kâ€˜[01m[Khas_click_[m[Kâ€™ was not declared in this scope
[3.044s]   789 |                         [01;31m[Khas_click_[m[K = false;
[3.044s]       |                         [01;31m[K^~~~~~~~~~[m[K
[3.068s] [01m[K/home/matylda-hayne/mtrx3760_p2/MTRX3760_PROJECT_2/ros2_ws/src/user_interface/src/user_interface.cpp:792:26:[m[K [01;31m[Kerror: [m[Kâ€˜[01m[Kflagged_startup_[m[Kâ€™ was not declared in this scope
[3.068s]   792 |                 else if ([01;31m[Kflagged_startup_[m[K)
[3.068s]       |                          [01;31m[K^~~~~~~~~~~~~~~~[m[K
[3.095s] [01m[K/home/matylda-hayne/mtrx3760_p2/MTRX3760_PROJECT_2/ros2_ws/src/user_interface/src/user_interface.cpp:812:43:[m[K [01;31m[Kerror: [m[Kâ€˜[01m[Kpackage_share_dir_[m[Kâ€™ was not declared in this scope
[3.095s]   812 |                 std::string defect_yaml = [01;31m[Kpackage_share_dir_[m[K + "/resources/defect_log.yaml";
[3.095s]       |                                           [01;31m[K^~~~~~~~~~~~~~~~~~[m[K
[3.106s] [01m[K/home/matylda-hayne/mtrx3760_p2/MTRX3760_PROJECT_2/ros2_ws/src/user_interface/src/user_interface.cpp:819:37:[m[K [01;31m[Kerror: [m[Kâ€˜[01m[Kmini_font_[m[Kâ€™ was not declared in this scope
[3.106s]   819 |                     ImGui::PushFont([01;31m[Kmini_font_[m[K);
[3.107s]       |                                     [01;31m[K^~~~~~~~~~[m[K
[3.118s] [01m[K/home/matylda-hayne/mtrx3760_p2/MTRX3760_PROJECT_2/ros2_ws/src/user_interface/src/user_interface.cpp:846:37:[m[K [01;31m[Kerror: [m[Kâ€˜[01m[Kmini_font_[m[Kâ€™ was not declared in this scope
[3.118s]   846 |                     ImGui::PushFont([01;31m[Kmini_font_[m[K);
[3.118s]       |                                     [01;31m[K^~~~~~~~~~[m[K
[3.128s] [01m[K/home/matylda-hayne/mtrx3760_p2/MTRX3760_PROJECT_2/ros2_ws/src/user_interface/src/user_interface.cpp:895:23:[m[K [01;31m[Kerror: [m[Kâ€˜[01m[Kwindow[m[Kâ€™ was not declared in this scope; did you mean â€˜[01m[Kwindow_[m[Kâ€™?
[3.128s]   895 |     glfwDestroyWindow([01;31m[Kwindow[m[K);
[3.128s]       |                       [01;31m[K^~~~~~[m[K
[3.128s]       |                       [32m[Kwindow_[m[K
[3.128s] [01m[K/home/matylda-hayne/mtrx3760_p2/MTRX3760_PROJECT_2/ros2_ws/src/user_interface/src/user_interface.cpp:899:12:[m[K [01;31m[Kerror: [m[Kreturn-statement with a value, in function returning â€˜[01m[Kvoid[m[Kâ€™ [[01;31m[K]8;;https://gcc.gnu.org/onlinedocs/gcc/Warning-Options.html#index-fpermissive-fpermissive]8;;[m[K]
[3.128s]   899 |     return [01;31m[K0[m[K;
[3.128s]       |            [01;31m[K^[m[K
[3.309s] In file included from [01m[K/usr/include/yaml-cpp/yaml.h:17[m[K,
[3.309s]                  from [01m[K/home/matylda-hayne/mtrx3760_p2/MTRX3760_PROJECT_2/ros2_ws/src/user_interface/include/user_interface/user_interface.hpp:13[m[K:
[3.310s] /usr/include/yaml-cpp/node/impl.h: In instantiation of â€˜[01m[Kvoid YAML::Node::[01;32m[KAssign[m[K(const T&) [35m[K[with T = YAML::detail::iterator_value][m[K[m[Kâ€™:
[3.310s] [01m[K/usr/include/yaml-cpp/node/impl.h:205:9:[m[K   required from â€˜[01m[KYAML::Node& YAML::Node::[01;32m[Koperator=[m[K(const T&) [35m[K[with T = YAML::detail::iterator_value][m[K[m[Kâ€™
[3.310s] [01m[K/home/matylda-hayne/mtrx3760_p2/MTRX3760_PROJECT_2/ros2_ws/src/user_interface/src/user_interface.cpp:648:42:[m[K   required from here
[3.310s] [01m[K/usr/include/yaml-cpp/node/impl.h:227:32:[m[K [01;31m[Kerror: [m[Kincomplete type â€˜[01m[KYAML::convert<YAML::detail::iterator_value>[m[Kâ€™ used in nested name specifier
[3.310s]   227 |   AssignData([01;31m[Kconvert<T>::encode(rhs)[m[K);
[3.310s]       |              [01;31m[K~~~~~~~~~~~~~~~~~~^~~~~[m[K
[3.657s] [01m[K/home/matylda-hayne/mtrx3760_p2/MTRX3760_PROJECT_2/ros2_ws/src/user_interface/src/user_interface.cpp:[m[K At global scope:
[3.657s] [01m[K/home/matylda-hayne/mtrx3760_p2/MTRX3760_PROJECT_2/ros2_ws/src/user_interface/src/user_interface.cpp:119:34:[m[K [01;35m[Kwarning: [m[Kâ€˜[01m[Kstd::vector<const char*>[01;32m[K getIndexesFromYaml[m[K(const std::string&, std::vector<std::__cxx11::basic_string<char>, std::allocator<std::__cxx11::basic_string<char> > >&)[m[Kâ€™ defined but not used [[01;35m[K]8;;https://gcc.gnu.org/onlinedocs/gcc/Warning-Options.html#index-Wunused-function-Wunused-function]8;;[m[K]
[3.657s]   119 | static std::vector<const char *> [01;35m[KgetIndexesFromYaml[m[K(const std::string &filename, std::vector<std::string> &tempStorage)
[3.657s]       |                                  [01;35m[K^~~~~~~~~~~~~~~~~~[m[K
[3.657s] [01m[K/home/matylda-hayne/mtrx3760_p2/MTRX3760_PROJECT_2/ros2_ws/src/user_interface/src/user_interface.cpp:93:35:[m[K [01;35m[Kwarning: [m[Kâ€˜[01m[Kstd::vector<unsigned char, std::allocator<unsigned char> >[01;32m[K loadPGM[m[K(const std::string&, int&, int&)[m[Kâ€™ defined but not used [[01;35m[K]8;;https://gcc.gnu.org/onlinedocs/gcc/Warning-Options.html#index-Wunused-function-Wunused-function]8;;[m[K]
[3.657s]    93 | static std::vector<unsigned char> [01;35m[KloadPGM[m[K(const std::string &filename, int &width, int &height)
[3.657s]       |                                   [01;35m[K^~~~~~~[m[K
[3.657s] [01m[K/home/matylda-hayne/mtrx3760_p2/MTRX3760_PROJECT_2/ros2_ws/src/user_interface/src/user_interface.cpp:81:13:[m[K [01;35m[Kwarning: [m[Kâ€˜[01m[Kbool[01;32m[K ConvertPGMToPNG[m[K(const std::string&, const std::string&)[m[Kâ€™ defined but not used [[01;35m[K]8;;https://gcc.gnu.org/onlinedocs/gcc/Warning-Options.html#index-Wunused-function-Wunused-function]8;;[m[K]
[3.657s]    81 | static bool [01;35m[KConvertPGMToPNG[m[K(const std::string &pgm_path, const std::string &png_path)
[3.657s]       |             [01;35m[K^~~~~~~~~~~~~~~[m[K
[3.657s] [01m[K/home/matylda-hayne/mtrx3760_p2/MTRX3760_PROJECT_2/ros2_ws/src/user_interface/src/user_interface.cpp:55:13:[m[K [01;35m[Kwarning: [m[Kâ€˜[01m[Kbool[01;32m[K LoadTextureFromFile[m[K(const char*, GLuint*, int*, int*)[m[Kâ€™ defined but not used [[01;35m[K]8;;https://gcc.gnu.org/onlinedocs/gcc/Warning-Options.html#index-Wunused-function-Wunused-function]8;;[m[K]
[3.657s]    55 | static bool [01;35m[KLoadTextureFromFile[m[K(const char *filename, GLuint *out_texture, int *out_width, int *out_height)
[3.657s]       |             [01;35m[K^~~~~~~~~~~~~~~~~~~[m[K
[3.680s] gmake[2]: *** [CMakeFiles/user_interface_lib.dir/build.make:76: CMakeFiles/user_interface_lib.dir/src/user_interface.cpp.o] Error 1
[3.680s] gmake[1]: *** [CMakeFiles/Makefile2:139: CMakeFiles/user_interface_lib.dir/all] Error 2
[3.680s] gmake: *** [Makefile:146: all] Error 2
[3.682s] Invoked command in '/home/matylda-hayne/mtrx3760_p2/MTRX3760_PROJECT_2/build/user_interface' returned '2': CMAKE_PREFIX_PATH=/home/matylda-hayne/mtrx3760_p2/MTRX3760_PROJECT_2/install/shared_interfaces:/home/matylda-hayne/mtrx3760_p2/MTRX3760_PROJECT_2/install/user_interface:/home/matylda-hayne/mtrx3760_p2/MTRX3760_PROJECT_2/install/robot:/home/matylda-hayne/turtlebot3_ws/install/turtlebot3:/home/matylda-hayne/turtlebot3_ws/install/turtlebot3_simulations:/home/matylda-hayne/turtlebot3_ws/install/turtlebot3_bringup:/home/matylda-hayne/turtlebot3_ws/install/turtlebot3_node:/home/matylda-hayne/turtlebot3_ws/install/turtlebot3_navigation2:/home/matylda-hayne/turtlebot3_ws/install/turtlebot3_fake_node:/home/matylda-hayne/turtlebot3_ws/install/turtlebot3_msgs:/home/matylda-hayne/turtlebot3_ws/install/turtlebot3_gazebo:/home/matylda-hayne/turtlebot3_ws/install/turtlebot3_description:/home/matylda-hayne/turtlebot3_ws/install/turtlebot3_cartographer:/home/matylda-hayne/turtlebot3_ws/install/dynamixel_sdk_examples:/home/matylda-hayne/turtlebot3_ws/install/dynamixel_sdk_custom_interfaces:/home/matylda-hayne/turtlebot3_ws/install/dynamixel_sdk:/home/matylda-hayne/install/turtlebot_maze_solver:/home/matylda-hayne/install/polygon_plugins:/home/matylda-hayne/install/polygon_base:/home/matylda-hayne/mtrx3760_ws/install/turtlebot_maze_solver:/opt/ros/jazzy/opt/gz_sim_vendor:/opt/ros/jazzy/opt/gz_sensors_vendor:/opt/ros/jazzy/opt/gz_physics_vendor:/opt/ros/jazzy/opt/sdformat_vendor:/opt/ros/jazzy/opt/gz_gui_vendor:/opt/ros/jazzy/opt/gz_transport_vendor:/opt/ros/jazzy/opt/gz_rendering_vendor:/opt/ros/jazzy/opt/gz_plugin_vendor:/opt/ros/jazzy/opt/gz_fuel_tools_vendor:/opt/ros/jazzy/opt/gz_msgs_vendor:/opt/ros/jazzy/opt/gz_common_vendor:/opt/ros/jazzy/opt/gz_math_vendor:/opt/ros/jazzy/opt/gz_utils_vendor:/opt/ros/jazzy/opt/gz_tools_vendor:/opt/ros/jazzy/opt/gz_ogre_next_vendor:/opt/ros/jazzy/opt/gz_dartsim_vendor:/opt/ros/jazzy/opt/gz_cmake_vendor:/home/matylda-hayne/turtlebot3_ws/install/turtlebot3_teleop:/home/matylda-hayne/turtlebot3_ws/install/turtlebot3_example:/opt/ros/jazzy DEBUGINFOD_URLS=https://debuginfod.ubuntu.com /usr/bin/cmake --build /home/matylda-hayne/mtrx3760_p2/MTRX3760_PROJECT_2/build/user_interface -- -j20 -l20
