[0.009s] Invoking command in '/home/matylda-hayne/mtrx3760_p2/MTRX3760_PROJECT_2/build/robot': CMAKE_PREFIX_PATH=${CMAKE_PREFIX_PATH}:/home/matylda-hayne/turtlebot3_ws/install/turtlebot3_teleop:/home/matylda-hayne/turtlebot3_ws/install/turtlebot3_example:/opt/ros/jazzy DEBUGINFOD_URLS=https://debuginfod.ubuntu.com /usr/bin/cmake --build /home/matylda-hayne/mtrx3760_p2/MTRX3760_PROJECT_2/build/robot -- -j20 -l20
[0.059s] [  8%] [32mBuilding CXX object CMakeFiles/robot_gui.dir/src/robot_gui.cpp.o[0m
[0.060s] [ 33%] Built target robot_node
[0.143s] [01m[K/home/matylda-hayne/mtrx3760_p2/MTRX3760_PROJECT_2/ros2_ws/src/robot/src/robot_gui.cpp:229:31:[m[K [01;31m[Kerror: [m[Kstray â€˜[01m[K##[m[Kâ€™ in program
[0.143s]   229 |         if (ImGui::BeginCombo([01;31m[K##[m[Kuser_mode, items[current_item]))
[0.144s]       |                               [01;31m[K^~[m[K
[0.409s] [01m[K/home/matylda-hayne/mtrx3760_p2/MTRX3760_PROJECT_2/ros2_ws/src/robot/src/robot_gui.cpp:[m[K In function â€˜[01m[Kint[01;32m[K main[m[K()[m[Kâ€™:
[0.409s] [01m[K/home/matylda-hayne/mtrx3760_p2/MTRX3760_PROJECT_2/ros2_ws/src/robot/src/robot_gui.cpp:229:33:[m[K [01;31m[Kerror: [m[Kâ€˜[01m[Kuser_mode[m[Kâ€™ was not declared in this scope
[0.409s]   229 |         if (ImGui::BeginCombo(##[01;31m[Kuser_mode[m[K, items[current_item]))
[0.409s]       |                                 [01;31m[K^~~~~~~~~[m[K
[0.409s] [01m[K/home/matylda-hayne/mtrx3760_p2/MTRX3760_PROJECT_2/ros2_ws/src/robot/src/robot_gui.cpp:149:13:[m[K [01;35m[Kwarning: [m[Kunused variable â€˜[01m[Kbig_font[m[Kâ€™ [[01;35m[K]8;;https://gcc.gnu.org/onlinedocs/gcc/Warning-Options.html#index-Wunused-variable-Wunused-variable]8;;[m[K]
[0.409s]   149 |     ImFont* [01;35m[Kbig_font[m[K = io.Fonts->AddFontFromFileTTF(font_path.c_str(), 28.0f);
[0.409s]       |             [01;35m[K^~~~~~~~[m[K
[0.486s] gmake[2]: *** [CMakeFiles/robot_gui.dir/build.make:76: CMakeFiles/robot_gui.dir/src/robot_gui.cpp.o] Error 1
[0.486s] gmake[1]: *** [CMakeFiles/Makefile2:165: CMakeFiles/robot_gui.dir/all] Error 2
[0.486s] gmake: *** [Makefile:146: all] Error 2
[0.488s] Invoked command in '/home/matylda-hayne/mtrx3760_p2/MTRX3760_PROJECT_2/build/robot' returned '2': CMAKE_PREFIX_PATH=${CMAKE_PREFIX_PATH}:/home/matylda-hayne/turtlebot3_ws/install/turtlebot3_teleop:/home/matylda-hayne/turtlebot3_ws/install/turtlebot3_example:/opt/ros/jazzy DEBUGINFOD_URLS=https://debuginfod.ubuntu.com /usr/bin/cmake --build /home/matylda-hayne/mtrx3760_p2/MTRX3760_PROJECT_2/build/robot -- -j20 -l20
