[0.013s] Invoking command in '/home/matylda-hayne/mtrx3760_p2/MTRX3760_PROJECT_2/build/user_interface': AMENT_PREFIX_PATH=/home/matylda-hayne/mtrx3760_p2/MTRX3760_PROJECT_2/install/shared_interfaces:${AMENT_PREFIX_PATH} CMAKE_PREFIX_PATH=/home/matylda-hayne/mtrx3760_p2/MTRX3760_PROJECT_2/install/shared_interfaces:/home/matylda-hayne/turtlebot3_ws/install/turtlebot3:/home/matylda-hayne/turtlebot3_ws/install/turtlebot3_simulations:/home/matylda-hayne/turtlebot3_ws/install/turtlebot3_bringup:/home/matylda-hayne/turtlebot3_ws/install/turtlebot3_node:/home/matylda-hayne/turtlebot3_ws/install/turtlebot3_navigation2:/home/matylda-hayne/turtlebot3_ws/install/turtlebot3_fake_node:/home/matylda-hayne/turtlebot3_ws/install/turtlebot3_msgs:/home/matylda-hayne/turtlebot3_ws/install/turtlebot3_gazebo:/home/matylda-hayne/turtlebot3_ws/install/turtlebot3_description:/home/matylda-hayne/turtlebot3_ws/install/turtlebot3_cartographer:/home/matylda-hayne/turtlebot3_ws/install/dynamixel_sdk_examples:/home/matylda-hayne/turtlebot3_ws/install/dynamixel_sdk_custom_interfaces:/home/matylda-hayne/turtlebot3_ws/install/dynamixel_sdk:/home/matylda-hayne/install/turtlebot_maze_solver:/home/matylda-hayne/install/polygon_plugins:/home/matylda-hayne/install/polygon_base:/home/matylda-hayne/mtrx3760_ws/install/turtlebot_maze_solver:/opt/ros/jazzy/opt/gz_sim_vendor:/opt/ros/jazzy/opt/gz_sensors_vendor:/opt/ros/jazzy/opt/gz_physics_vendor:/opt/ros/jazzy/opt/sdformat_vendor:/opt/ros/jazzy/opt/gz_gui_vendor:/opt/ros/jazzy/opt/gz_transport_vendor:/opt/ros/jazzy/opt/gz_rendering_vendor:/opt/ros/jazzy/opt/gz_plugin_vendor:/opt/ros/jazzy/opt/gz_fuel_tools_vendor:/opt/ros/jazzy/opt/gz_msgs_vendor:/opt/ros/jazzy/opt/gz_common_vendor:/opt/ros/jazzy/opt/gz_math_vendor:/opt/ros/jazzy/opt/gz_utils_vendor:/opt/ros/jazzy/opt/gz_tools_vendor:/opt/ros/jazzy/opt/gz_ogre_next_vendor:/opt/ros/jazzy/opt/gz_dartsim_vendor:/opt/ros/jazzy/opt/gz_cmake_vendor:/home/matylda-hayne/turtlebot3_ws/install/turtlebot3_teleop:/home/matylda-hayne/turtlebot3_ws/install/turtlebot3_example:/opt/ros/jazzy DEBUGINFOD_URLS=https://debuginfod.ubuntu.com LD_LIBRARY_PATH=/home/matylda-hayne/mtrx3760_p2/MTRX3760_PROJECT_2/install/shared_interfaces/lib:${LD_LIBRARY_PATH} PYTHONPATH=/home/matylda-hayne/mtrx3760_p2/MTRX3760_PROJECT_2/install/shared_interfaces/lib/python3.12/site-packages:${PYTHONPATH} /usr/bin/cmake /home/matylda-hayne/mtrx3760_p2/MTRX3760_PROJECT_2/ros2_ws/src/user_interface -DAMENT_CMAKE_SYMLINK_INSTALL=1 -DCMAKE_INSTALL_PREFIX=/home/matylda-hayne/mtrx3760_p2/MTRX3760_PROJECT_2/install/user_interface
[0.025s] -- Found ament_cmake: 2.5.4 (/opt/ros/jazzy/share/ament_cmake/cmake)
[0.176s] -- Override CMake install command with custom implementation using symlinks instead of copying resources
[0.182s] -- Found rclcpp: 28.1.11 (/opt/ros/jazzy/share/rclcpp/cmake)
[0.198s] -- Found rosidl_generator_c: 4.6.6 (/opt/ros/jazzy/share/rosidl_generator_c/cmake)
[0.204s] -- Found rosidl_generator_cpp: 4.6.6 (/opt/ros/jazzy/share/rosidl_generator_cpp/cmake)
[0.211s] -- Using all available rosidl_typesupport_c: rosidl_typesupport_fastrtps_c;rosidl_typesupport_introspection_c
[0.220s] -- Using all available rosidl_typesupport_cpp: rosidl_typesupport_fastrtps_cpp;rosidl_typesupport_introspection_cpp
[0.272s] -- Found rmw_implementation_cmake: 7.3.2 (/opt/ros/jazzy/share/rmw_implementation_cmake/cmake)
[0.273s] -- Found rmw_cyclonedds_cpp: 2.2.3 (/opt/ros/jazzy/share/rmw_cyclonedds_cpp/cmake)
[0.288s] -- Using RMW implementation 'rmw_cyclonedds_cpp' as default
[0.328s] -- Found std_msgs: 5.3.6 (/opt/ros/jazzy/share/std_msgs/cmake)
[0.337s] -- Found shared_interfaces: 0.0.0 (/home/matylda-hayne/mtrx3760_p2/MTRX3760_PROJECT_2/install/shared_interfaces/share/shared_interfaces/cmake)
[0.361s] -- Found nav_msgs: 5.3.6 (/opt/ros/jazzy/share/nav_msgs/cmake)
[0.379s] [33mCMake Warning (dev) at /usr/share/cmake-3.28/Modules/FindOpenGL.cmake:381 (message):
[0.379s]   Policy CMP0072 is not set: FindOpenGL prefers GLVND by default when
[0.379s]   available.  Run "cmake --help-policy CMP0072" for policy details.  Use the
[0.379s]   cmake_policy command to set the policy and suppress this warning.
[0.379s] 
[0.379s]   FindOpenGL found both a legacy GL library:
[0.379s] 
[0.379s]     OPENGL_gl_LIBRARY: /usr/lib/x86_64-linux-gnu/libGL.so
[0.379s] 
[0.379s]   and GLVND libraries for OpenGL and GLX:
[0.379s] 
[0.379s]     OPENGL_opengl_LIBRARY: /usr/lib/x86_64-linux-gnu/libOpenGL.so
[0.380s]     OPENGL_glx_LIBRARY: /usr/lib/x86_64-linux-gnu/libGLX.so
[0.380s] 
[0.380s]   OpenGL_GL_PREFERENCE has not been set to "GLVND" or "LEGACY", so for
[0.380s]   compatibility with CMake 3.10 and below the legacy GL library will be used.
[0.380s] Call Stack (most recent call first):
[0.380s]   CMakeLists.txt:18 (find_package)
[0.380s] This warning is for project developers.  Use -Wno-dev to suppress it.
[0.380s] [0m
[0.487s] -- Configuring done (0.5s)
[0.498s] -- Generating done (0.0s)
[0.500s] -- Build files have been written to: /home/matylda-hayne/mtrx3760_p2/MTRX3760_PROJECT_2/build/user_interface
[0.508s] Invoked command in '/home/matylda-hayne/mtrx3760_p2/MTRX3760_PROJECT_2/build/user_interface' returned '0': AMENT_PREFIX_PATH=/home/matylda-hayne/mtrx3760_p2/MTRX3760_PROJECT_2/install/shared_interfaces:${AMENT_PREFIX_PATH} CMAKE_PREFIX_PATH=/home/matylda-hayne/mtrx3760_p2/MTRX3760_PROJECT_2/install/shared_interfaces:/home/matylda-hayne/turtlebot3_ws/install/turtlebot3:/home/matylda-hayne/turtlebot3_ws/install/turtlebot3_simulations:/home/matylda-hayne/turtlebot3_ws/install/turtlebot3_bringup:/home/matylda-hayne/turtlebot3_ws/install/turtlebot3_node:/home/matylda-hayne/turtlebot3_ws/install/turtlebot3_navigation2:/home/matylda-hayne/turtlebot3_ws/install/turtlebot3_fake_node:/home/matylda-hayne/turtlebot3_ws/install/turtlebot3_msgs:/home/matylda-hayne/turtlebot3_ws/install/turtlebot3_gazebo:/home/matylda-hayne/turtlebot3_ws/install/turtlebot3_description:/home/matylda-hayne/turtlebot3_ws/install/turtlebot3_cartographer:/home/matylda-hayne/turtlebot3_ws/install/dynamixel_sdk_examples:/home/matylda-hayne/turtlebot3_ws/install/dynamixel_sdk_custom_interfaces:/home/matylda-hayne/turtlebot3_ws/install/dynamixel_sdk:/home/matylda-hayne/install/turtlebot_maze_solver:/home/matylda-hayne/install/polygon_plugins:/home/matylda-hayne/install/polygon_base:/home/matylda-hayne/mtrx3760_ws/install/turtlebot_maze_solver:/opt/ros/jazzy/opt/gz_sim_vendor:/opt/ros/jazzy/opt/gz_sensors_vendor:/opt/ros/jazzy/opt/gz_physics_vendor:/opt/ros/jazzy/opt/sdformat_vendor:/opt/ros/jazzy/opt/gz_gui_vendor:/opt/ros/jazzy/opt/gz_transport_vendor:/opt/ros/jazzy/opt/gz_rendering_vendor:/opt/ros/jazzy/opt/gz_plugin_vendor:/opt/ros/jazzy/opt/gz_fuel_tools_vendor:/opt/ros/jazzy/opt/gz_msgs_vendor:/opt/ros/jazzy/opt/gz_common_vendor:/opt/ros/jazzy/opt/gz_math_vendor:/opt/ros/jazzy/opt/gz_utils_vendor:/opt/ros/jazzy/opt/gz_tools_vendor:/opt/ros/jazzy/opt/gz_ogre_next_vendor:/opt/ros/jazzy/opt/gz_dartsim_vendor:/opt/ros/jazzy/opt/gz_cmake_vendor:/home/matylda-hayne/turtlebot3_ws/install/turtlebot3_teleop:/home/matylda-hayne/turtlebot3_ws/install/turtlebot3_example:/opt/ros/jazzy DEBUGINFOD_URLS=https://debuginfod.ubuntu.com LD_LIBRARY_PATH=/home/matylda-hayne/mtrx3760_p2/MTRX3760_PROJECT_2/install/shared_interfaces/lib:${LD_LIBRARY_PATH} PYTHONPATH=/home/matylda-hayne/mtrx3760_p2/MTRX3760_PROJECT_2/install/shared_interfaces/lib/python3.12/site-packages:${PYTHONPATH} /usr/bin/cmake /home/matylda-hayne/mtrx3760_p2/MTRX3760_PROJECT_2/ros2_ws/src/user_interface -DAMENT_CMAKE_SYMLINK_INSTALL=1 -DCMAKE_INSTALL_PREFIX=/home/matylda-hayne/mtrx3760_p2/MTRX3760_PROJECT_2/install/user_interface
[0.509s] Invoking command in '/home/matylda-hayne/mtrx3760_p2/MTRX3760_PROJECT_2/build/user_interface': AMENT_PREFIX_PATH=/home/matylda-hayne/mtrx3760_p2/MTRX3760_PROJECT_2/install/shared_interfaces:${AMENT_PREFIX_PATH} CMAKE_PREFIX_PATH=/home/matylda-hayne/mtrx3760_p2/MTRX3760_PROJECT_2/install/shared_interfaces:/home/matylda-hayne/turtlebot3_ws/install/turtlebot3:/home/matylda-hayne/turtlebot3_ws/install/turtlebot3_simulations:/home/matylda-hayne/turtlebot3_ws/install/turtlebot3_bringup:/home/matylda-hayne/turtlebot3_ws/install/turtlebot3_node:/home/matylda-hayne/turtlebot3_ws/install/turtlebot3_navigation2:/home/matylda-hayne/turtlebot3_ws/install/turtlebot3_fake_node:/home/matylda-hayne/turtlebot3_ws/install/turtlebot3_msgs:/home/matylda-hayne/turtlebot3_ws/install/turtlebot3_gazebo:/home/matylda-hayne/turtlebot3_ws/install/turtlebot3_description:/home/matylda-hayne/turtlebot3_ws/install/turtlebot3_cartographer:/home/matylda-hayne/turtlebot3_ws/install/dynamixel_sdk_examples:/home/matylda-hayne/turtlebot3_ws/install/dynamixel_sdk_custom_interfaces:/home/matylda-hayne/turtlebot3_ws/install/dynamixel_sdk:/home/matylda-hayne/install/turtlebot_maze_solver:/home/matylda-hayne/install/polygon_plugins:/home/matylda-hayne/install/polygon_base:/home/matylda-hayne/mtrx3760_ws/install/turtlebot_maze_solver:/opt/ros/jazzy/opt/gz_sim_vendor:/opt/ros/jazzy/opt/gz_sensors_vendor:/opt/ros/jazzy/opt/gz_physics_vendor:/opt/ros/jazzy/opt/sdformat_vendor:/opt/ros/jazzy/opt/gz_gui_vendor:/opt/ros/jazzy/opt/gz_transport_vendor:/opt/ros/jazzy/opt/gz_rendering_vendor:/opt/ros/jazzy/opt/gz_plugin_vendor:/opt/ros/jazzy/opt/gz_fuel_tools_vendor:/opt/ros/jazzy/opt/gz_msgs_vendor:/opt/ros/jazzy/opt/gz_common_vendor:/opt/ros/jazzy/opt/gz_math_vendor:/opt/ros/jazzy/opt/gz_utils_vendor:/opt/ros/jazzy/opt/gz_tools_vendor:/opt/ros/jazzy/opt/gz_ogre_next_vendor:/opt/ros/jazzy/opt/gz_dartsim_vendor:/opt/ros/jazzy/opt/gz_cmake_vendor:/home/matylda-hayne/turtlebot3_ws/install/turtlebot3_teleop:/home/matylda-hayne/turtlebot3_ws/install/turtlebot3_example:/opt/ros/jazzy DEBUGINFOD_URLS=https://debuginfod.ubuntu.com LD_LIBRARY_PATH=/home/matylda-hayne/mtrx3760_p2/MTRX3760_PROJECT_2/install/shared_interfaces/lib:${LD_LIBRARY_PATH} PYTHONPATH=/home/matylda-hayne/mtrx3760_p2/MTRX3760_PROJECT_2/install/shared_interfaces/lib/python3.12/site-packages:${PYTHONPATH} /usr/bin/cmake --build /home/matylda-hayne/mtrx3760_p2/MTRX3760_PROJECT_2/build/user_interface -- -j20 -l20
[0.573s] [  9%] [32mBuilding CXX object CMakeFiles/user_interface_lib.dir/src/user_interface.cpp.o[0m
[2.041s] In file included from [01m[K/home/matylda-hayne/mtrx3760_p2/MTRX3760_PROJECT_2/ros2_ws/src/user_interface/src/user_interface.cpp:6[m[K:
[2.041s] [01m[K/home/matylda-hayne/mtrx3760_p2/MTRX3760_PROJECT_2/ros2_ws/src/user_interface/vendor/stb/stb_image_write.h:[m[K In function â€˜[01m[Kint[01;32m[K stbi_write_bmp_to_func[m[K(void (*)(void*, void*, int), void*, int, int, int, const void*)[m[Kâ€™:
[2.041s] [01m[K/home/matylda-hayne/mtrx3760_p2/MTRX3760_PROJECT_2/ros2_ws/src/user_interface/vendor/stb/stb_image_write.h:514:32:[m[K [01;35m[Kwarning: [m[Kmissing initializer for member â€˜[01m[Kstbi__write_context::context[m[Kâ€™ [[01;35m[K]8;;https://gcc.gnu.org/onlinedocs/gcc/Warning-Options.html#index-Wmissing-field-initializers-Wmissing-field-initializers]8;;[m[K]
[2.041s]   514 |    stbi__write_context s = { 0 [01;35m[K}[m[K;
[2.041s]       |                                [01;35m[K^[m[K
[2.041s] [01m[K/home/matylda-hayne/mtrx3760_p2/MTRX3760_PROJECT_2/ros2_ws/src/user_interface/vendor/stb/stb_image_write.h:514:32:[m[K [01;35m[Kwarning: [m[Kmissing initializer for member â€˜[01m[Kstbi__write_context::buffer[m[Kâ€™ [[01;35m[K]8;;https://gcc.gnu.org/onlinedocs/gcc/Warning-Options.html#index-Wmissing-field-initializers-Wmissing-field-initializers]8;;[m[K]
[2.041s] [01m[K/home/matylda-hayne/mtrx3760_p2/MTRX3760_PROJECT_2/ros2_ws/src/user_interface/vendor/stb/stb_image_write.h:514:32:[m[K [01;35m[Kwarning: [m[Kmissing initializer for member â€˜[01m[Kstbi__write_context::buf_used[m[Kâ€™ [[01;35m[K]8;;https://gcc.gnu.org/onlinedocs/gcc/Warning-Options.html#index-Wmissing-field-initializers-Wmissing-field-initializers]8;;[m[K]
[2.041s] [01m[K/home/matylda-hayne/mtrx3760_p2/MTRX3760_PROJECT_2/ros2_ws/src/user_interface/vendor/stb/stb_image_write.h:[m[K In function â€˜[01m[Kint[01;32m[K stbi_write_bmp[m[K(const char*, int, int, int, const void*)[m[Kâ€™:
[2.041s] [01m[K/home/matylda-hayne/mtrx3760_p2/MTRX3760_PROJECT_2/ros2_ws/src/user_interface/vendor/stb/stb_image_write.h:522:32:[m[K [01;35m[Kwarning: [m[Kmissing initializer for member â€˜[01m[Kstbi__write_context::context[m[Kâ€™ [[01;35m[K]8;;https://gcc.gnu.org/onlinedocs/gcc/Warning-Options.html#index-Wmissing-field-initializers-Wmissing-field-initializers]8;;[m[K]
[2.041s]   522 |    stbi__write_context s = { 0 [01;35m[K}[m[K;
[2.041s]       |                                [01;35m[K^[m[K
[2.041s] [01m[K/home/matylda-hayne/mtrx3760_p2/MTRX3760_PROJECT_2/ros2_ws/src/user_interface/vendor/stb/stb_image_write.h:522:32:[m[K [01;35m[Kwarning: [m[Kmissing initializer for member â€˜[01m[Kstbi__write_context::buffer[m[Kâ€™ [[01;35m[K]8;;https://gcc.gnu.org/onlinedocs/gcc/Warning-Options.html#index-Wmissing-field-initializers-Wmissing-field-initializers]8;;[m[K]
[2.041s] [01m[K/home/matylda-hayne/mtrx3760_p2/MTRX3760_PROJECT_2/ros2_ws/src/user_interface/vendor/stb/stb_image_write.h:522:32:[m[K [01;35m[Kwarning: [m[Kmissing initializer for member â€˜[01m[Kstbi__write_context::buf_used[m[Kâ€™ [[01;35m[K]8;;https://gcc.gnu.org/onlinedocs/gcc/Warning-Options.html#index-Wmissing-field-initializers-Wmissing-field-initializers]8;;[m[K]
[2.041s] [01m[K/home/matylda-hayne/mtrx3760_p2/MTRX3760_PROJECT_2/ros2_ws/src/user_interface/vendor/stb/stb_image_write.h:[m[K In function â€˜[01m[Kint[01;32m[K stbi_write_tga_to_func[m[K(void (*)(void*, void*, int), void*, int, int, int, const void*)[m[Kâ€™:
[2.041s] [01m[K/home/matylda-hayne/mtrx3760_p2/MTRX3760_PROJECT_2/ros2_ws/src/user_interface/vendor/stb/stb_image_write.h:613:32:[m[K [01;35m[Kwarning: [m[Kmissing initializer for member â€˜[01m[Kstbi__write_context::context[m[Kâ€™ [[01;35m[K]8;;https://gcc.gnu.org/onlinedocs/gcc/Warning-Options.html#index-Wmissing-field-initializers-Wmissing-field-initializers]8;;[m[K]
[2.041s]   613 |    stbi__write_context s = { 0 [01;35m[K}[m[K;
[2.042s]       |                                [01;35m[K^[m[K
[2.042s] [01m[K/home/matylda-hayne/mtrx3760_p2/MTRX3760_PROJECT_2/ros2_ws/src/user_interface/vendor/stb/stb_image_write.h:613:32:[m[K [01;35m[Kwarning: [m[Kmissing initializer for member â€˜[01m[Kstbi__write_context::buffer[m[Kâ€™ [[01;35m[K]8;;https://gcc.gnu.org/onlinedocs/gcc/Warning-Options.html#index-Wmissing-field-initializers-Wmissing-field-initializers]8;;[m[K]
[2.042s] [01m[K/home/matylda-hayne/mtrx3760_p2/MTRX3760_PROJECT_2/ros2_ws/src/user_interface/vendor/stb/stb_image_write.h:613:32:[m[K [01;35m[Kwarning: [m[Kmissing initializer for member â€˜[01m[Kstbi__write_context::buf_used[m[Kâ€™ [[01;35m[K]8;;https://gcc.gnu.org/onlinedocs/gcc/Warning-Options.html#index-Wmissing-field-initializers-Wmissing-field-initializers]8;;[m[K]
[2.042s] [01m[K/home/matylda-hayne/mtrx3760_p2/MTRX3760_PROJECT_2/ros2_ws/src/user_interface/vendor/stb/stb_image_write.h:[m[K In function â€˜[01m[Kint[01;32m[K stbi_write_tga[m[K(const char*, int, int, int, const void*)[m[Kâ€™:
[2.042s] [01m[K/home/matylda-hayne/mtrx3760_p2/MTRX3760_PROJECT_2/ros2_ws/src/user_interface/vendor/stb/stb_image_write.h:621:32:[m[K [01;35m[Kwarning: [m[Kmissing initializer for member â€˜[01m[Kstbi__write_context::context[m[Kâ€™ [[01;35m[K]8;;https://gcc.gnu.org/onlinedocs/gcc/Warning-Options.html#index-Wmissing-field-initializers-Wmissing-field-initializers]8;;[m[K]
[2.042s]   621 |    stbi__write_context s = { 0 [01;35m[K}[m[K;
[2.042s]       |                                [01;35m[K^[m[K
[2.042s] [01m[K/home/matylda-hayne/mtrx3760_p2/MTRX3760_PROJECT_2/ros2_ws/src/user_interface/vendor/stb/stb_image_write.h:621:32:[m[K [01;35m[Kwarning: [m[Kmissing initializer for member â€˜[01m[Kstbi__write_context::buffer[m[Kâ€™ [[01;35m[K]8;;https://gcc.gnu.org/onlinedocs/gcc/Warning-Options.html#index-Wmissing-field-initializers-Wmissing-field-initializers]8;;[m[K]
[2.042s] [01m[K/home/matylda-hayne/mtrx3760_p2/MTRX3760_PROJECT_2/ros2_ws/src/user_interface/vendor/stb/stb_image_write.h:621:32:[m[K [01;35m[Kwarning: [m[Kmissing initializer for member â€˜[01m[Kstbi__write_context::buf_used[m[Kâ€™ [[01;35m[K]8;;https://gcc.gnu.org/onlinedocs/gcc/Warning-Options.html#index-Wmissing-field-initializers-Wmissing-field-initializers]8;;[m[K]
[2.042s] [01m[K/home/matylda-hayne/mtrx3760_p2/MTRX3760_PROJECT_2/ros2_ws/src/user_interface/vendor/stb/stb_image_write.h:[m[K In function â€˜[01m[Kint[01;32m[K stbi_write_hdr_to_func[m[K(void (*)(void*, void*, int), void*, int, int, int, const float*)[m[Kâ€™:
[2.042s] [01m[K/home/matylda-hayne/mtrx3760_p2/MTRX3760_PROJECT_2/ros2_ws/src/user_interface/vendor/stb/stb_image_write.h:789:32:[m[K [01;35m[Kwarning: [m[Kmissing initializer for member â€˜[01m[Kstbi__write_context::context[m[Kâ€™ [[01;35m[K]8;;https://gcc.gnu.org/onlinedocs/gcc/Warning-Options.html#index-Wmissing-field-initializers-Wmissing-field-initializers]8;;[m[K]
[2.042s]   789 |    stbi__write_context s = { 0 [01;35m[K}[m[K;
[2.042s]       |                                [01;35m[K^[m[K
[2.042s] [01m[K/home/matylda-hayne/mtrx3760_p2/MTRX3760_PROJECT_2/ros2_ws/src/user_interface/vendor/stb/stb_image_write.h:789:32:[m[K [01;35m[Kwarning: [m[Kmissing initializer for member â€˜[01m[Kstbi__write_context::buffer[m[Kâ€™ [[01;35m[K]8;;https://gcc.gnu.org/onlinedocs/gcc/Warning-Options.html#index-Wmissing-field-initializers-Wmissing-field-initializers]8;;[m[K]
[2.042s] [01m[K/home/matylda-hayne/mtrx3760_p2/MTRX3760_PROJECT_2/ros2_ws/src/user_interface/vendor/stb/stb_image_write.h:789:32:[m[K [01;35m[Kwarning: [m[Kmissing initializer for member â€˜[01m[Kstbi__write_context::buf_used[m[Kâ€™ [[01;35m[K]8;;https://gcc.gnu.org/onlinedocs/gcc/Warning-Options.html#index-Wmissing-field-initializers-Wmissing-field-initializers]8;;[m[K]
[2.042s] [01m[K/home/matylda-hayne/mtrx3760_p2/MTRX3760_PROJECT_2/ros2_ws/src/user_interface/vendor/stb/stb_image_write.h:[m[K In function â€˜[01m[Kint[01;32m[K stbi_write_hdr[m[K(const char*, int, int, int, const float*)[m[Kâ€™:
[2.042s] [01m[K/home/matylda-hayne/mtrx3760_p2/MTRX3760_PROJECT_2/ros2_ws/src/user_interface/vendor/stb/stb_image_write.h:796:32:[m[K [01;35m[Kwarning: [m[Kmissing initializer for member â€˜[01m[Kstbi__write_context::context[m[Kâ€™ [[01;35m[K]8;;https://gcc.gnu.org/onlinedocs/gcc/Warning-Options.html#index-Wmissing-field-initializers-Wmissing-field-initializers]8;;[m[K]
[2.043s]   796 |    stbi__write_context s = { 0 [01;35m[K}[m[K;
[2.043s]       |                                [01;35m[K^[m[K
[2.043s] [01m[K/home/matylda-hayne/mtrx3760_p2/MTRX3760_PROJECT_2/ros2_ws/src/user_interface/vendor/stb/stb_image_write.h:796:32:[m[K [01;35m[Kwarning: [m[Kmissing initializer for member â€˜[01m[Kstbi__write_context::buffer[m[Kâ€™ [[01;35m[K]8;;https://gcc.gnu.org/onlinedocs/gcc/Warning-Options.html#index-Wmissing-field-initializers-Wmissing-field-initializers]8;;[m[K]
[2.043s] [01m[K/home/matylda-hayne/mtrx3760_p2/MTRX3760_PROJECT_2/ros2_ws/src/user_interface/vendor/stb/stb_image_write.h:796:32:[m[K [01;35m[Kwarning: [m[Kmissing initializer for member â€˜[01m[Kstbi__write_context::buf_used[m[Kâ€™ [[01;35m[K]8;;https://gcc.gnu.org/onlinedocs/gcc/Warning-Options.html#index-Wmissing-field-initializers-Wmissing-field-initializers]8;;[m[K]
[2.051s] [01m[K/home/matylda-hayne/mtrx3760_p2/MTRX3760_PROJECT_2/ros2_ws/src/user_interface/vendor/stb/stb_image_write.h:[m[K In function â€˜[01m[Kint[01;32m[K stbi_write_jpg_to_func[m[K(void (*)(void*, void*, int), void*, int, int, int, const void*, int)[m[Kâ€™:
[2.051s] [01m[K/home/matylda-hayne/mtrx3760_p2/MTRX3760_PROJECT_2/ros2_ws/src/user_interface/vendor/stb/stb_image_write.h:1609:32:[m[K [01;35m[Kwarning: [m[Kmissing initializer for member â€˜[01m[Kstbi__write_context::context[m[Kâ€™ [[01;35m[K]8;;https://gcc.gnu.org/onlinedocs/gcc/Warning-Options.html#index-Wmissing-field-initializers-Wmissing-field-initializers]8;;[m[K]
[2.051s]  1609 |    stbi__write_context s = { 0 [01;35m[K}[m[K;
[2.051s]       |                                [01;35m[K^[m[K
[2.051s] [01m[K/home/matylda-hayne/mtrx3760_p2/MTRX3760_PROJECT_2/ros2_ws/src/user_interface/vendor/stb/stb_image_write.h:1609:32:[m[K [01;35m[Kwarning: [m[Kmissing initializer for member â€˜[01m[Kstbi__write_context::buffer[m[Kâ€™ [[01;35m[K]8;;https://gcc.gnu.org/onlinedocs/gcc/Warning-Options.html#index-Wmissing-field-initializers-Wmissing-field-initializers]8;;[m[K]
[2.051s] [01m[K/home/matylda-hayne/mtrx3760_p2/MTRX3760_PROJECT_2/ros2_ws/src/user_interface/vendor/stb/stb_image_write.h:1609:32:[m[K [01;35m[Kwarning: [m[Kmissing initializer for member â€˜[01m[Kstbi__write_context::buf_used[m[Kâ€™ [[01;35m[K]8;;https://gcc.gnu.org/onlinedocs/gcc/Warning-Options.html#index-Wmissing-field-initializers-Wmissing-field-initializers]8;;[m[K]
[2.051s] [01m[K/home/matylda-hayne/mtrx3760_p2/MTRX3760_PROJECT_2/ros2_ws/src/user_interface/vendor/stb/stb_image_write.h:[m[K In function â€˜[01m[Kint[01;32m[K stbi_write_jpg[m[K(const char*, int, int, int, const void*, int)[m[Kâ€™:
[2.051s] [01m[K/home/matylda-hayne/mtrx3760_p2/MTRX3760_PROJECT_2/ros2_ws/src/user_interface/vendor/stb/stb_image_write.h:1618:32:[m[K [01;35m[Kwarning: [m[Kmissing initializer for member â€˜[01m[Kstbi__write_context::context[m[Kâ€™ [[01;35m[K]8;;https://gcc.gnu.org/onlinedocs/gcc/Warning-Options.html#index-Wmissing-field-initializers-Wmissing-field-initializers]8;;[m[K]
[2.051s]  1618 |    stbi__write_context s = { 0 [01;35m[K}[m[K;
[2.051s]       |                                [01;35m[K^[m[K
[2.051s] [01m[K/home/matylda-hayne/mtrx3760_p2/MTRX3760_PROJECT_2/ros2_ws/src/user_interface/vendor/stb/stb_image_write.h:1618:32:[m[K [01;35m[Kwarning: [m[Kmissing initializer for member â€˜[01m[Kstbi__write_context::buffer[m[Kâ€™ [[01;35m[K]8;;https://gcc.gnu.org/onlinedocs/gcc/Warning-Options.html#index-Wmissing-field-initializers-Wmissing-field-initializers]8;;[m[K]
[2.051s] [01m[K/home/matylda-hayne/mtrx3760_p2/MTRX3760_PROJECT_2/ros2_ws/src/user_interface/vendor/stb/stb_image_write.h:1618:32:[m[K [01;35m[Kwarning: [m[Kmissing initializer for member â€˜[01m[Kstbi__write_context::buf_used[m[Kâ€™ [[01;35m[K]8;;https://gcc.gnu.org/onlinedocs/gcc/Warning-Options.html#index-Wmissing-field-initializers-Wmissing-field-initializers]8;;[m[K]
[2.142s] [01m[K/home/matylda-hayne/mtrx3760_p2/MTRX3760_PROJECT_2/ros2_ws/src/user_interface/src/user_interface.cpp:[m[K In destructor â€˜[01m[KUserInterface::[01;32m[K~UserInterface[m[K()[m[Kâ€™:
[2.142s] [01m[K/home/matylda-hayne/mtrx3760_p2/MTRX3760_PROJECT_2/ros2_ws/src/user_interface/src/user_interface.cpp:20:5:[m[K [01;31m[Kerror: [m[Kâ€˜[01m[KImGui_ImplOpenGL3_Shutdown[m[Kâ€™ was not declared in this scope
[2.142s]    20 |     [01;31m[KImGui_ImplOpenGL3_Shutdown[m[K();
[2.142s]       |     [01;31m[K^~~~~~~~~~~~~~~~~~~~~~~~~~[m[K
[2.175s] [01m[K/home/matylda-hayne/mtrx3760_p2/MTRX3760_PROJECT_2/ros2_ws/src/user_interface/src/user_interface.cpp:21:5:[m[K [01;31m[Kerror: [m[Kâ€˜[01m[KImGui_ImplGlfw_Shutdown[m[Kâ€™ was not declared in this scope
[2.175s]    21 |     [01;31m[KImGui_ImplGlfw_Shutdown[m[K();
[2.175s]       |     [01;31m[K^~~~~~~~~~~~~~~~~~~~~~~[m[K
[2.215s] [01m[K/home/matylda-hayne/mtrx3760_p2/MTRX3760_PROJECT_2/ros2_ws/src/user_interface/src/user_interface.cpp:[m[K In member function â€˜[01m[Kvoid UserInterface::[01;32m[KSetupImGui[m[K()[m[Kâ€™:
[2.215s] [01m[K/home/matylda-hayne/mtrx3760_p2/MTRX3760_PROJECT_2/ros2_ws/src/user_interface/src/user_interface.cpp:98:5:[m[K [01;31m[Kerror: [m[Kâ€˜[01m[KImGui_ImplGlfw_InitForOpenGL[m[Kâ€™ was not declared in this scope
[2.215s]    98 |     [01;31m[KImGui_ImplGlfw_InitForOpenGL[m[K(window_, true);
[2.215s]       |     [01;31m[K^~~~~~~~~~~~~~~~~~~~~~~~~~~~[m[K
[2.250s] [01m[K/home/matylda-hayne/mtrx3760_p2/MTRX3760_PROJECT_2/ros2_ws/src/user_interface/src/user_interface.cpp:99:5:[m[K [01;31m[Kerror: [m[Kâ€˜[01m[KImGui_ImplOpenGL3_Init[m[Kâ€™ was not declared in this scope
[2.250s]    99 |     [01;31m[KImGui_ImplOpenGL3_Init[m[K("#version 130");
[2.250s]       |     [01;31m[K^~~~~~~~~~~~~~~~~~~~~~[m[K
[2.288s] In file included from [01m[K/opt/ros/jazzy/include/rclcpp/rclcpp/client.hpp:42[m[K,
[2.288s]                  from [01m[K/opt/ros/jazzy/include/rclcpp/rclcpp/callback_group.hpp:24[m[K,
[2.288s]                  from [01m[K/opt/ros/jazzy/include/rclcpp/rclcpp/any_executable.hpp:20[m[K,
[2.288s]                  from [01m[K/opt/ros/jazzy/include/rclcpp/rclcpp/memory_strategy.hpp:25[m[K,
[2.289s]                  from [01m[K/opt/ros/jazzy/include/rclcpp/rclcpp/memory_strategies.hpp:18[m[K,
[2.289s]                  from [01m[K/opt/ros/jazzy/include/rclcpp/rclcpp/executor_options.hpp:22[m[K,
[2.289s]                  from [01m[K/opt/ros/jazzy/include/rclcpp/rclcpp/executor.hpp:38[m[K,
[2.289s]                  from [01m[K/opt/ros/jazzy/include/rclcpp/rclcpp/executors/multi_threaded_executor.hpp:25[m[K,
[2.289s]                  from [01m[K/opt/ros/jazzy/include/rclcpp/rclcpp/executors.hpp:21[m[K,
[2.289s]                  from [01m[K/opt/ros/jazzy/include/rclcpp/rclcpp/rclcpp.hpp:172[m[K,
[2.289s]                  from [01m[K/home/matylda-hayne/mtrx3760_p2/MTRX3760_PROJECT_2/ros2_ws/src/user_interface/include/user_interface/user_interface.hpp:4[m[K,
[2.289s]                  from [01m[K/home/matylda-hayne/mtrx3760_p2/MTRX3760_PROJECT_2/ros2_ws/src/user_interface/src/user_interface.cpp:1[m[K:
[2.289s] /opt/ros/jazzy/include/rclcpp/rclcpp/function_traits.hpp: In instantiation of â€˜[01m[Kstruct rclcpp::function_traits::function_traits<UserInterface::SendRobotRequest(std::shared_ptr<shared_interfaces::srv::RobotType_Request_<std::allocator<void> > >)::<lambda(auto:45)> >[m[Kâ€™:
[2.289s] [01m[K/opt/ros/jazzy/include/rclcpp/rclcpp/function_traits.hpp:165:8:[m[K   required from â€˜[01m[Kstruct rclcpp::function_traits::same_arguments<UserInterface::SendRobotRequest(std::shared_ptr<shared_interfaces::srv::RobotType_Request_<std::allocator<void> > >)::<lambda(auto:45)>, std::function<void(std::shared_future<std::pair<std::shared_ptr<shared_interfaces::srv::RobotType_Request_<std::allocator<void> > >, std::shared_ptr<shared_interfaces::srv::RobotType_Response_<std::allocator<void> > > > >)> >[m[Kâ€™
[2.289s] [01m[K/opt/ros/jazzy/include/rclcpp/rclcpp/client.hpp:700:17:[m[K   required by substitution of â€˜[01m[Ktemplate<class CallbackT, typename std::enable_if<rclcpp::function_traits::same_arguments<CallbackT, std::function<void(std::shared_future<std::pair<std::shared_ptr<shared_interfaces::srv::RobotType_Request_<std::allocator<void> > >, std::shared_ptr<shared_interfaces::srv::RobotType_Response_<std::allocator<void> > > > >)> >::value, void>::type* <anonymous> > rclcpp::Client<shared_interfaces::srv::RobotType>::SharedFutureWithRequestAndRequestId rclcpp::Client<shared_interfaces::srv::RobotType>::[01;32m[Kasync_send_request[m[K(SharedRequest, CallbackT&&) [35m[K[with CallbackT = UserInterface::SendRobotRequest(std::shared_ptr<shared_interfaces::srv::RobotType_Request_<std::allocator<void> > >)::<lambda(auto:45)>; typename std::enable_if<rclcpp::function_traits::same_arguments<CallbackT, std::function<void(std::shared_future<std::pair<std::shared_ptr<shared_interfaces::srv::RobotType_Request_<std::allocator<void> > >, std::shared_ptr<shared_interfaces::srv::RobotType_Response_<std::allocator<void> > > > >)> >::value, void>::type* <anonymous> = <missing>][m[K[m[Kâ€™
[2.289s] [01m[K/home/matylda-hayne/mtrx3760_p2/MTRX3760_PROJECT_2/ros2_ws/src/user_interface/src/user_interface.cpp:210:36:[m[K   required from here
[2.289s] [01m[K/opt/ros/jazzy/include/rclcpp/rclcpp/function_traits.hpp:51:9:[m[K [01;31m[Kerror: [m[Kâ€˜[01m[Kdecltype[m[Kâ€™ cannot resolve address of overloaded function
[2.289s]    51 |   using [01;31m[Karguments[m[K = typename tuple_tail<
[2.289s]       |         [01;31m[K^~~~~~~~~[m[K
[2.289s] [01m[K/opt/ros/jazzy/include/rclcpp/rclcpp/function_traits.hpp:57:9:[m[K [01;31m[Kerror: [m[Kâ€˜[01m[Kdecltype[m[Kâ€™ cannot resolve address of overloaded function
[2.289s]    57 |   using [01;31m[Kargument_type[m[K = typename std::tuple_element<N, arguments>::type;
[2.289s]       |         [01;31m[K^~~~~~~~~~~~~[m[K
[2.289s] [01m[K/opt/ros/jazzy/include/rclcpp/rclcpp/function_traits.hpp:59:9:[m[K [01;31m[Kerror: [m[Kâ€˜[01m[Kdecltype[m[Kâ€™ cannot resolve address of overloaded function
[2.289s]    59 |   using [01;31m[Kreturn_type[m[K = typename function_traits<decltype( &FunctionT::operator())>::return_type;
[2.289s]       |         [01;31m[K^~~~~~~~~~~[m[K
[2.289s] [01m[K/home/matylda-hayne/mtrx3760_p2/MTRX3760_PROJECT_2/ros2_ws/src/user_interface/src/user_interface.cpp:[m[K In member function â€˜[01m[Kvoid UserInterface::[01;32m[KSendRobotRequest[m[K(std::shared_ptr<shared_interfaces::srv::RobotType_Request_<std::allocator<void> > >)[m[Kâ€™:
[2.289s] [01m[K/home/matylda-hayne/mtrx3760_p2/MTRX3760_PROJECT_2/ros2_ws/src/user_interface/src/user_interface.cpp:210:36:[m[K [01;31m[Kerror: [m[Kno matching function for call to â€˜[01m[Krclcpp::Client<shared_interfaces::srv::RobotType>::async_send_request(std::shared_ptr<shared_interfaces::srv::RobotType_Request_<std::allocator<void> > >&, UserInterface::SendRobotRequest(std::shared_ptr<shared_interfaces::srv::RobotType_Request_<std::allocator<void> > >)::<lambda(auto:45)>)[m[Kâ€™
[2.289s]   210 |     [01;31m[Kapp_.client->async_send_request(req, [this](auto f) {[m[K
[2.289s]       |     [01;31m[K~~~~~~~~~~~~~~~~~~~~~~~~~~~~~~~^~~~~~~~~~~~~~~~~~~~~~[m[K
[2.289s]   211 | [01;31m[K        auto res = f.get();[m[K
[2.289s]       |         [01;31m[K~~~~~~~~~~~~~~~~~~~[m[K         
[2.289s]   212 | [01;31m[K        if (res && res->success) {[m[K
[2.289s]       |         [01;31m[K~~~~~~~~~~~~~~~~~~~~~~~~~~[m[K  
[2.289s]   213 | [01;31m[K            RCLCPP_INFO(app_.node->get_logger(), "Request OK");[m[K
[2.289s]       |             [01;31m[K~~~~~~~~~~~~~~~~~~~~~~~~~~~~~~~~~~~~~~~~~~~~~~~~~~~[m[K
[2.289s]   214 | [01;31m[K            app_.sequence_number++;[m[K
[2.289s]       |             [01;31m[K~~~~~~~~~~~~~~~~~~~~~~~[m[K 
[2.290s]   215 | [01;31m[K        } else {[m[K
[2.290s]       |         [01;31m[K~~~~~~~~[m[K                    
[2.290s]   216 | [01;31m[K            RCLCPP_WARN(app_.node->get_logger(), "Request failed");[m[K
[2.290s]       |             [01;31m[K~~~~~~~~~~~~~~~~~~~~~~~~~~~~~~~~~~~~~~~~~~~~~~~~~~~~~~~[m[K
[2.290s]   217 | [01;31m[K        }[m[K
[2.290s]       |         [01;31m[K~[m[K                           
[2.290s]   218 | [01;31m[K    })[m[K;
[2.290s]       |     [01;31m[K~~[m[K                              
[2.290s] [01m[K/opt/ros/jazzy/include/rclcpp/rclcpp/client.hpp:672:3:[m[K [01;36m[Knote: [m[Kcandidate: â€˜[01m[Ktemplate<class CallbackT, typename std::enable_if<rclcpp::function_traits::same_arguments<CallbackT, std::function<void(std::shared_future<std::shared_ptr<shared_interfaces::srv::RobotType_Response_<std::allocator<void> > > >)> >::value, void>::type* <anonymous> > rclcpp::Client<ServiceT>::SharedFutureAndRequestId rclcpp::Client<ServiceT>::[01;32m[Kasync_send_request[m[K(SharedRequest, CallbackT&&) [35m[K[with typename std::enable_if<rclcpp::function_traits::same_arguments<CallbackT, std::function<void(std::shared_future<typename ServiceT::Response::SharedPtr>)> >::value>::type* <anonymous> = CallbackT; ServiceT = shared_interfaces::srv::RobotType][m[K[m[Kâ€™
[2.290s]   672 |   [01;36m[Kasync_send_request[m[K(SharedRequest request, CallbackT && cb)
[2.290s]       |   [01;36m[K^~~~~~~~~~~~~~~~~~[m[K
[2.290s] [01m[K/opt/ros/jazzy/include/rclcpp/rclcpp/client.hpp:672:3:[m[K [01;36m[Knote: [m[K  template argument deduction/substitution failed:
[2.290s] [01m[K/opt/ros/jazzy/include/rclcpp/rclcpp/client.hpp:669:17:[m[K [01;31m[Kerror: [m[Kâ€˜[01m[Kvalue[m[Kâ€™ is not a member of â€˜[01m[Krclcpp::function_traits::same_arguments<UserInterface::SendRobotRequest(std::shared_ptr<shared_interfaces::srv::RobotType_Request_<std::allocator<void> > >)::<lambda(auto:45)>, std::function<void(std::shared_future<std::shared_ptr<shared_interfaces::srv::RobotType_Response_<std::allocator<void> > > >)> >[m[Kâ€™
[2.290s]   669 |     >::type * = [01;31m[Knullptr[m[K
[2.290s]       |                 [01;31m[K^~~~~~~[m[K
[2.290s] [01m[K/opt/ros/jazzy/include/rclcpp/rclcpp/client.hpp:703:3:[m[K [01;36m[Knote: [m[Kcandidate: â€˜[01m[Ktemplate<class CallbackT, typename std::enable_if<rclcpp::function_traits::same_arguments<CallbackT, std::function<void(std::shared_future<std::pair<std::shared_ptr<shared_interfaces::srv::RobotType_Request_<std::allocator<void> > >, std::shared_ptr<shared_interfaces::srv::RobotType_Response_<std::allocator<void> > > > >)> >::value, void>::type* <anonymous> > rclcpp::Client<ServiceT>::SharedFutureWithRequestAndRequestId rclcpp::Client<ServiceT>::[01;32m[Kasync_send_request[m[K(SharedRequest, CallbackT&&) [35m[K[with typename std::enable_if<rclcpp::function_traits::same_arguments<CallbackT, std::function<void(std::shared_future<std::pair<typename ServiceT::Request::SharedPtr, typename ServiceT::Response::SharedPtr> >)> >::value>::type* <anonymous> = CallbackT; ServiceT = shared_interfaces::srv::RobotType][m[K[m[Kâ€™
[2.290s]   703 |   [01;36m[Kasync_send_request[m[K(SharedRequest request, CallbackT && cb)
[2.290s]       |   [01;36m[K^~~~~~~~~~~~~~~~~~[m[K
[2.290s] [01m[K/opt/ros/jazzy/include/rclcpp/rclcpp/client.hpp:703:3:[m[K [01;36m[Knote: [m[K  substitution of deduced template arguments resulted in errors seen above
[2.290s] [01m[K/opt/ros/jazzy/include/rclcpp/rclcpp/client.hpp:637:3:[m[K [01;36m[Knote: [m[Kcandidate: â€˜[01m[Krclcpp::Client<ServiceT>::FutureAndRequestId rclcpp::Client<ServiceT>::[01;32m[Kasync_send_request[m[K(SharedRequest) [35m[K[with ServiceT = shared_interfaces::srv::RobotType; SharedRequest = std::shared_ptr<shared_interfaces::srv::RobotType_Request_<std::allocator<void> > >][m[K[m[Kâ€™
[2.290s]   637 |   [01;36m[Kasync_send_request[m[K(SharedRequest request)
[2.290s]       |   [01;36m[K^~~~~~~~~~~~~~~~~~[m[K
[2.290s] [01m[K/opt/ros/jazzy/include/rclcpp/rclcpp/client.hpp:637:3:[m[K [01;36m[Knote: [m[K  candidate expects 1 argument, 2 provided
[2.329s] [01m[K/home/matylda-hayne/mtrx3760_p2/MTRX3760_PROJECT_2/ros2_ws/src/user_interface/src/user_interface.cpp:[m[K In member function â€˜[01m[Kvoid UserInterface::[01;32m[KRenderUI[m[K()[m[Kâ€™:
[2.329s] [01m[K/home/matylda-hayne/mtrx3760_p2/MTRX3760_PROJECT_2/ros2_ws/src/user_interface/src/user_interface.cpp:279:5:[m[K [01;31m[Kerror: [m[Kâ€˜[01m[KImGui_ImplOpenGL3_NewFrame[m[Kâ€™ was not declared in this scope
[2.329s]   279 |     [01;31m[KImGui_ImplOpenGL3_NewFrame[m[K();
[2.329s]       |     [01;31m[K^~~~~~~~~~~~~~~~~~~~~~~~~~[m[K
[2.362s] [01m[K/home/matylda-hayne/mtrx3760_p2/MTRX3760_PROJECT_2/ros2_ws/src/user_interface/src/user_interface.cpp:280:5:[m[K [01;31m[Kerror: [m[Kâ€˜[01m[KImGui_ImplGlfw_NewFrame[m[Kâ€™ was not declared in this scope
[2.362s]   280 |     [01;31m[KImGui_ImplGlfw_NewFrame[m[K();
[2.362s]       |     [01;31m[K^~~~~~~~~~~~~~~~~~~~~~~[m[K
[2.406s] [01m[K/home/matylda-hayne/mtrx3760_p2/MTRX3760_PROJECT_2/ros2_ws/src/user_interface/src/user_interface.cpp:297:5:[m[K [01;31m[Kerror: [m[Kâ€˜[01m[KImGui_ImplOpenGL3_RenderDrawData[m[Kâ€™ was not declared in this scope
[2.406s]   297 |     [01;31m[KImGui_ImplOpenGL3_RenderDrawData[m[K(ImGui::GetDrawData());
[2.406s]       |     [01;31m[K^~~~~~~~~~~~~~~~~~~~~~~~~~~~~~~~[m[K
[4.192s] gmake[2]: *** [CMakeFiles/user_interface_lib.dir/build.make:76: CMakeFiles/user_interface_lib.dir/src/user_interface.cpp.o] Error 1
[4.192s] gmake[1]: *** [CMakeFiles/Makefile2:139: CMakeFiles/user_interface_lib.dir/all] Error 2
[4.192s] gmake: *** [Makefile:146: all] Error 2
[4.194s] Invoked command in '/home/matylda-hayne/mtrx3760_p2/MTRX3760_PROJECT_2/build/user_interface' returned '2': AMENT_PREFIX_PATH=/home/matylda-hayne/mtrx3760_p2/MTRX3760_PROJECT_2/install/shared_interfaces:${AMENT_PREFIX_PATH} CMAKE_PREFIX_PATH=/home/matylda-hayne/mtrx3760_p2/MTRX3760_PROJECT_2/install/shared_interfaces:/home/matylda-hayne/turtlebot3_ws/install/turtlebot3:/home/matylda-hayne/turtlebot3_ws/install/turtlebot3_simulations:/home/matylda-hayne/turtlebot3_ws/install/turtlebot3_bringup:/home/matylda-hayne/turtlebot3_ws/install/turtlebot3_node:/home/matylda-hayne/turtlebot3_ws/install/turtlebot3_navigation2:/home/matylda-hayne/turtlebot3_ws/install/turtlebot3_fake_node:/home/matylda-hayne/turtlebot3_ws/install/turtlebot3_msgs:/home/matylda-hayne/turtlebot3_ws/install/turtlebot3_gazebo:/home/matylda-hayne/turtlebot3_ws/install/turtlebot3_description:/home/matylda-hayne/turtlebot3_ws/install/turtlebot3_cartographer:/home/matylda-hayne/turtlebot3_ws/install/dynamixel_sdk_examples:/home/matylda-hayne/turtlebot3_ws/install/dynamixel_sdk_custom_interfaces:/home/matylda-hayne/turtlebot3_ws/install/dynamixel_sdk:/home/matylda-hayne/install/turtlebot_maze_solver:/home/matylda-hayne/install/polygon_plugins:/home/matylda-hayne/install/polygon_base:/home/matylda-hayne/mtrx3760_ws/install/turtlebot_maze_solver:/opt/ros/jazzy/opt/gz_sim_vendor:/opt/ros/jazzy/opt/gz_sensors_vendor:/opt/ros/jazzy/opt/gz_physics_vendor:/opt/ros/jazzy/opt/sdformat_vendor:/opt/ros/jazzy/opt/gz_gui_vendor:/opt/ros/jazzy/opt/gz_transport_vendor:/opt/ros/jazzy/opt/gz_rendering_vendor:/opt/ros/jazzy/opt/gz_plugin_vendor:/opt/ros/jazzy/opt/gz_fuel_tools_vendor:/opt/ros/jazzy/opt/gz_msgs_vendor:/opt/ros/jazzy/opt/gz_common_vendor:/opt/ros/jazzy/opt/gz_math_vendor:/opt/ros/jazzy/opt/gz_utils_vendor:/opt/ros/jazzy/opt/gz_tools_vendor:/opt/ros/jazzy/opt/gz_ogre_next_vendor:/opt/ros/jazzy/opt/gz_dartsim_vendor:/opt/ros/jazzy/opt/gz_cmake_vendor:/home/matylda-hayne/turtlebot3_ws/install/turtlebot3_teleop:/home/matylda-hayne/turtlebot3_ws/install/turtlebot3_example:/opt/ros/jazzy DEBUGINFOD_URLS=https://debuginfod.ubuntu.com LD_LIBRARY_PATH=/home/matylda-hayne/mtrx3760_p2/MTRX3760_PROJECT_2/install/shared_interfaces/lib:${LD_LIBRARY_PATH} PYTHONPATH=/home/matylda-hayne/mtrx3760_p2/MTRX3760_PROJECT_2/install/shared_interfaces/lib/python3.12/site-packages:${PYTHONPATH} /usr/bin/cmake --build /home/matylda-hayne/mtrx3760_p2/MTRX3760_PROJECT_2/build/user_interface -- -j20 -l20
