[0.012s] Invoking command in '/home/matylda-hayne/mtrx3760_p2/MTRX3760_PROJECT_2/build/user_interface': AMENT_PREFIX_PATH=/home/matylda-hayne/mtrx3760_p2/MTRX3760_PROJECT_2/install/shared_interfaces:${AMENT_PREFIX_PATH} CMAKE_PREFIX_PATH=/home/matylda-hayne/mtrx3760_p2/MTRX3760_PROJECT_2/install/shared_interfaces:/home/matylda-hayne/turtlebot3_ws/install/turtlebot3:/home/matylda-hayne/turtlebot3_ws/install/turtlebot3_simulations:/home/matylda-hayne/turtlebot3_ws/install/turtlebot3_bringup:/home/matylda-hayne/turtlebot3_ws/install/turtlebot3_node:/home/matylda-hayne/turtlebot3_ws/install/turtlebot3_navigation2:/home/matylda-hayne/turtlebot3_ws/install/turtlebot3_fake_node:/home/matylda-hayne/turtlebot3_ws/install/turtlebot3_msgs:/home/matylda-hayne/turtlebot3_ws/install/turtlebot3_gazebo:/home/matylda-hayne/turtlebot3_ws/install/turtlebot3_description:/home/matylda-hayne/turtlebot3_ws/install/turtlebot3_cartographer:/home/matylda-hayne/turtlebot3_ws/install/dynamixel_sdk_examples:/home/matylda-hayne/turtlebot3_ws/install/dynamixel_sdk_custom_interfaces:/home/matylda-hayne/turtlebot3_ws/install/dynamixel_sdk:/home/matylda-hayne/install/turtlebot_maze_solver:/home/matylda-hayne/install/polygon_plugins:/home/matylda-hayne/install/polygon_base:/home/matylda-hayne/mtrx3760_ws/install/turtlebot_maze_solver:/opt/ros/jazzy/opt/gz_sim_vendor:/opt/ros/jazzy/opt/gz_sensors_vendor:/opt/ros/jazzy/opt/gz_physics_vendor:/opt/ros/jazzy/opt/sdformat_vendor:/opt/ros/jazzy/opt/gz_gui_vendor:/opt/ros/jazzy/opt/gz_transport_vendor:/opt/ros/jazzy/opt/gz_rendering_vendor:/opt/ros/jazzy/opt/gz_plugin_vendor:/opt/ros/jazzy/opt/gz_fuel_tools_vendor:/opt/ros/jazzy/opt/gz_msgs_vendor:/opt/ros/jazzy/opt/gz_common_vendor:/opt/ros/jazzy/opt/gz_math_vendor:/opt/ros/jazzy/opt/gz_utils_vendor:/opt/ros/jazzy/opt/gz_tools_vendor:/opt/ros/jazzy/opt/gz_ogre_next_vendor:/opt/ros/jazzy/opt/gz_dartsim_vendor:/opt/ros/jazzy/opt/gz_cmake_vendor:/home/matylda-hayne/turtlebot3_ws/install/turtlebot3_teleop:/home/matylda-hayne/turtlebot3_ws/install/turtlebot3_example:/opt/ros/jazzy DEBUGINFOD_URLS=https://debuginfod.ubuntu.com LD_LIBRARY_PATH=/home/matylda-hayne/mtrx3760_p2/MTRX3760_PROJECT_2/install/shared_interfaces/lib:${LD_LIBRARY_PATH} PYTHONPATH=/home/matylda-hayne/mtrx3760_p2/MTRX3760_PROJECT_2/install/shared_interfaces/lib/python3.12/site-packages:${PYTHONPATH} /usr/bin/cmake --build /home/matylda-hayne/mtrx3760_p2/MTRX3760_PROJECT_2/build/user_interface -- -j20 -l20
[0.079s] [ 11%] [32mBuilding CXX object CMakeFiles/user_interface.dir/src/user_interface.cpp.o[0m
[1.741s] In file included from [01m[K/home/matylda-hayne/mtrx3760_p2/MTRX3760_PROJECT_2/ros2_ws/src/user_interface/src/user_interface.cpp:29[m[K:
[1.741s] [01m[K/home/matylda-hayne/mtrx3760_p2/MTRX3760_PROJECT_2/ros2_ws/src/user_interface/vendor/stb/stb_image_write.h:[m[K In function â€˜[01m[Kint[01;32m[K stbi_write_bmp_to_func[m[K(void (*)(void*, void*, int), void*, int, int, int, const void*)[m[Kâ€™:
[1.741s] [01m[K/home/matylda-hayne/mtrx3760_p2/MTRX3760_PROJECT_2/ros2_ws/src/user_interface/vendor/stb/stb_image_write.h:514:32:[m[K [01;35m[Kwarning: [m[Kmissing initializer for member â€˜[01m[Kstbi__write_context::context[m[Kâ€™ [[01;35m[K]8;;https://gcc.gnu.org/onlinedocs/gcc/Warning-Options.html#index-Wmissing-field-initializers-Wmissing-field-initializers]8;;[m[K]
[1.741s]   514 |    stbi__write_context s = { 0 [01;35m[K}[m[K;
[1.741s]       |                                [01;35m[K^[m[K
[1.741s] [01m[K/home/matylda-hayne/mtrx3760_p2/MTRX3760_PROJECT_2/ros2_ws/src/user_interface/vendor/stb/stb_image_write.h:514:32:[m[K [01;35m[Kwarning: [m[Kmissing initializer for member â€˜[01m[Kstbi__write_context::buffer[m[Kâ€™ [[01;35m[K]8;;https://gcc.gnu.org/onlinedocs/gcc/Warning-Options.html#index-Wmissing-field-initializers-Wmissing-field-initializers]8;;[m[K]
[1.742s] [01m[K/home/matylda-hayne/mtrx3760_p2/MTRX3760_PROJECT_2/ros2_ws/src/user_interface/vendor/stb/stb_image_write.h:514:32:[m[K [01;35m[Kwarning: [m[Kmissing initializer for member â€˜[01m[Kstbi__write_context::buf_used[m[Kâ€™ [[01;35m[K]8;;https://gcc.gnu.org/onlinedocs/gcc/Warning-Options.html#index-Wmissing-field-initializers-Wmissing-field-initializers]8;;[m[K]
[1.742s] [01m[K/home/matylda-hayne/mtrx3760_p2/MTRX3760_PROJECT_2/ros2_ws/src/user_interface/vendor/stb/stb_image_write.h:[m[K In function â€˜[01m[Kint[01;32m[K stbi_write_bmp[m[K(const char*, int, int, int, const void*)[m[Kâ€™:
[1.742s] [01m[K/home/matylda-hayne/mtrx3760_p2/MTRX3760_PROJECT_2/ros2_ws/src/user_interface/vendor/stb/stb_image_write.h:522:32:[m[K [01;35m[Kwarning: [m[Kmissing initializer for member â€˜[01m[Kstbi__write_context::context[m[Kâ€™ [[01;35m[K]8;;https://gcc.gnu.org/onlinedocs/gcc/Warning-Options.html#index-Wmissing-field-initializers-Wmissing-field-initializers]8;;[m[K]
[1.742s]   522 |    stbi__write_context s = { 0 [01;35m[K}[m[K;
[1.742s]       |                                [01;35m[K^[m[K
[1.742s] [01m[K/home/matylda-hayne/mtrx3760_p2/MTRX3760_PROJECT_2/ros2_ws/src/user_interface/vendor/stb/stb_image_write.h:522:32:[m[K [01;35m[Kwarning: [m[Kmissing initializer for member â€˜[01m[Kstbi__write_context::buffer[m[Kâ€™ [[01;35m[K]8;;https://gcc.gnu.org/onlinedocs/gcc/Warning-Options.html#index-Wmissing-field-initializers-Wmissing-field-initializers]8;;[m[K]
[1.742s] [01m[K/home/matylda-hayne/mtrx3760_p2/MTRX3760_PROJECT_2/ros2_ws/src/user_interface/vendor/stb/stb_image_write.h:522:32:[m[K [01;35m[Kwarning: [m[Kmissing initializer for member â€˜[01m[Kstbi__write_context::buf_used[m[Kâ€™ [[01;35m[K]8;;https://gcc.gnu.org/onlinedocs/gcc/Warning-Options.html#index-Wmissing-field-initializers-Wmissing-field-initializers]8;;[m[K]
[1.742s] [01m[K/home/matylda-hayne/mtrx3760_p2/MTRX3760_PROJECT_2/ros2_ws/src/user_interface/vendor/stb/stb_image_write.h:[m[K In function â€˜[01m[Kint[01;32m[K stbi_write_tga_to_func[m[K(void (*)(void*, void*, int), void*, int, int, int, const void*)[m[Kâ€™:
[1.742s] [01m[K/home/matylda-hayne/mtrx3760_p2/MTRX3760_PROJECT_2/ros2_ws/src/user_interface/vendor/stb/stb_image_write.h:613:32:[m[K [01;35m[Kwarning: [m[Kmissing initializer for member â€˜[01m[Kstbi__write_context::context[m[Kâ€™ [[01;35m[K]8;;https://gcc.gnu.org/onlinedocs/gcc/Warning-Options.html#index-Wmissing-field-initializers-Wmissing-field-initializers]8;;[m[K]
[1.742s]   613 |    stbi__write_context s = { 0 [01;35m[K}[m[K;
[1.742s]       |                                [01;35m[K^[m[K
[1.742s] [01m[K/home/matylda-hayne/mtrx3760_p2/MTRX3760_PROJECT_2/ros2_ws/src/user_interface/vendor/stb/stb_image_write.h:613:32:[m[K [01;35m[Kwarning: [m[Kmissing initializer for member â€˜[01m[Kstbi__write_context::buffer[m[Kâ€™ [[01;35m[K]8;;https://gcc.gnu.org/onlinedocs/gcc/Warning-Options.html#index-Wmissing-field-initializers-Wmissing-field-initializers]8;;[m[K]
[1.743s] [01m[K/home/matylda-hayne/mtrx3760_p2/MTRX3760_PROJECT_2/ros2_ws/src/user_interface/vendor/stb/stb_image_write.h:613:32:[m[K [01;35m[Kwarning: [m[Kmissing initializer for member â€˜[01m[Kstbi__write_context::buf_used[m[Kâ€™ [[01;35m[K]8;;https://gcc.gnu.org/onlinedocs/gcc/Warning-Options.html#index-Wmissing-field-initializers-Wmissing-field-initializers]8;;[m[K]
[1.743s] [01m[K/home/matylda-hayne/mtrx3760_p2/MTRX3760_PROJECT_2/ros2_ws/src/user_interface/vendor/stb/stb_image_write.h:[m[K In function â€˜[01m[Kint[01;32m[K stbi_write_tga[m[K(const char*, int, int, int, const void*)[m[Kâ€™:
[1.743s] [01m[K/home/matylda-hayne/mtrx3760_p2/MTRX3760_PROJECT_2/ros2_ws/src/user_interface/vendor/stb/stb_image_write.h:621:32:[m[K [01;35m[Kwarning: [m[Kmissing initializer for member â€˜[01m[Kstbi__write_context::context[m[Kâ€™ [[01;35m[K]8;;https://gcc.gnu.org/onlinedocs/gcc/Warning-Options.html#index-Wmissing-field-initializers-Wmissing-field-initializers]8;;[m[K]
[1.743s]   621 |    stbi__write_context s = { 0 [01;35m[K}[m[K;
[1.743s]       |                                [01;35m[K^[m[K
[1.743s] [01m[K/home/matylda-hayne/mtrx3760_p2/MTRX3760_PROJECT_2/ros2_ws/src/user_interface/vendor/stb/stb_image_write.h:621:32:[m[K [01;35m[Kwarning: [m[Kmissing initializer for member â€˜[01m[Kstbi__write_context::buffer[m[Kâ€™ [[01;35m[K]8;;https://gcc.gnu.org/onlinedocs/gcc/Warning-Options.html#index-Wmissing-field-initializers-Wmissing-field-initializers]8;;[m[K]
[1.743s] [01m[K/home/matylda-hayne/mtrx3760_p2/MTRX3760_PROJECT_2/ros2_ws/src/user_interface/vendor/stb/stb_image_write.h:621:32:[m[K [01;35m[Kwarning: [m[Kmissing initializer for member â€˜[01m[Kstbi__write_context::buf_used[m[Kâ€™ [[01;35m[K]8;;https://gcc.gnu.org/onlinedocs/gcc/Warning-Options.html#index-Wmissing-field-initializers-Wmissing-field-initializers]8;;[m[K]
[1.743s] [01m[K/home/matylda-hayne/mtrx3760_p2/MTRX3760_PROJECT_2/ros2_ws/src/user_interface/vendor/stb/stb_image_write.h:[m[K In function â€˜[01m[Kint[01;32m[K stbi_write_hdr_to_func[m[K(void (*)(void*, void*, int), void*, int, int, int, const float*)[m[Kâ€™:
[1.743s] [01m[K/home/matylda-hayne/mtrx3760_p2/MTRX3760_PROJECT_2/ros2_ws/src/user_interface/vendor/stb/stb_image_write.h:789:32:[m[K [01;35m[Kwarning: [m[Kmissing initializer for member â€˜[01m[Kstbi__write_context::context[m[Kâ€™ [[01;35m[K]8;;https://gcc.gnu.org/onlinedocs/gcc/Warning-Options.html#index-Wmissing-field-initializers-Wmissing-field-initializers]8;;[m[K]
[1.743s]   789 |    stbi__write_context s = { 0 [01;35m[K}[m[K;
[1.743s]       |                                [01;35m[K^[m[K
[1.743s] [01m[K/home/matylda-hayne/mtrx3760_p2/MTRX3760_PROJECT_2/ros2_ws/src/user_interface/vendor/stb/stb_image_write.h:789:32:[m[K [01;35m[Kwarning: [m[Kmissing initializer for member â€˜[01m[Kstbi__write_context::buffer[m[Kâ€™ [[01;35m[K]8;;https://gcc.gnu.org/onlinedocs/gcc/Warning-Options.html#index-Wmissing-field-initializers-Wmissing-field-initializers]8;;[m[K]
[1.743s] [01m[K/home/matylda-hayne/mtrx3760_p2/MTRX3760_PROJECT_2/ros2_ws/src/user_interface/vendor/stb/stb_image_write.h:789:32:[m[K [01;35m[Kwarning: [m[Kmissing initializer for member â€˜[01m[Kstbi__write_context::buf_used[m[Kâ€™ [[01;35m[K]8;;https://gcc.gnu.org/onlinedocs/gcc/Warning-Options.html#index-Wmissing-field-initializers-Wmissing-field-initializers]8;;[m[K]
[1.743s] [01m[K/home/matylda-hayne/mtrx3760_p2/MTRX3760_PROJECT_2/ros2_ws/src/user_interface/vendor/stb/stb_image_write.h:[m[K In function â€˜[01m[Kint[01;32m[K stbi_write_hdr[m[K(const char*, int, int, int, const float*)[m[Kâ€™:
[1.744s] [01m[K/home/matylda-hayne/mtrx3760_p2/MTRX3760_PROJECT_2/ros2_ws/src/user_interface/vendor/stb/stb_image_write.h:796:32:[m[K [01;35m[Kwarning: [m[Kmissing initializer for member â€˜[01m[Kstbi__write_context::context[m[Kâ€™ [[01;35m[K]8;;https://gcc.gnu.org/onlinedocs/gcc/Warning-Options.html#index-Wmissing-field-initializers-Wmissing-field-initializers]8;;[m[K]
[1.744s]   796 |    stbi__write_context s = { 0 [01;35m[K}[m[K;
[1.744s]       |                                [01;35m[K^[m[K
[1.744s] [01m[K/home/matylda-hayne/mtrx3760_p2/MTRX3760_PROJECT_2/ros2_ws/src/user_interface/vendor/stb/stb_image_write.h:796:32:[m[K [01;35m[Kwarning: [m[Kmissing initializer for member â€˜[01m[Kstbi__write_context::buffer[m[Kâ€™ [[01;35m[K]8;;https://gcc.gnu.org/onlinedocs/gcc/Warning-Options.html#index-Wmissing-field-initializers-Wmissing-field-initializers]8;;[m[K]
[1.744s] [01m[K/home/matylda-hayne/mtrx3760_p2/MTRX3760_PROJECT_2/ros2_ws/src/user_interface/vendor/stb/stb_image_write.h:796:32:[m[K [01;35m[Kwarning: [m[Kmissing initializer for member â€˜[01m[Kstbi__write_context::buf_used[m[Kâ€™ [[01;35m[K]8;;https://gcc.gnu.org/onlinedocs/gcc/Warning-Options.html#index-Wmissing-field-initializers-Wmissing-field-initializers]8;;[m[K]
[1.751s] [01m[K/home/matylda-hayne/mtrx3760_p2/MTRX3760_PROJECT_2/ros2_ws/src/user_interface/vendor/stb/stb_image_write.h:[m[K In function â€˜[01m[Kint[01;32m[K stbi_write_jpg_to_func[m[K(void (*)(void*, void*, int), void*, int, int, int, const void*, int)[m[Kâ€™:
[1.751s] [01m[K/home/matylda-hayne/mtrx3760_p2/MTRX3760_PROJECT_2/ros2_ws/src/user_interface/vendor/stb/stb_image_write.h:1609:32:[m[K [01;35m[Kwarning: [m[Kmissing initializer for member â€˜[01m[Kstbi__write_context::context[m[Kâ€™ [[01;35m[K]8;;https://gcc.gnu.org/onlinedocs/gcc/Warning-Options.html#index-Wmissing-field-initializers-Wmissing-field-initializers]8;;[m[K]
[1.751s]  1609 |    stbi__write_context s = { 0 [01;35m[K}[m[K;
[1.751s]       |                                [01;35m[K^[m[K
[1.751s] [01m[K/home/matylda-hayne/mtrx3760_p2/MTRX3760_PROJECT_2/ros2_ws/src/user_interface/vendor/stb/stb_image_write.h:1609:32:[m[K [01;35m[Kwarning: [m[Kmissing initializer for member â€˜[01m[Kstbi__write_context::buffer[m[Kâ€™ [[01;35m[K]8;;https://gcc.gnu.org/onlinedocs/gcc/Warning-Options.html#index-Wmissing-field-initializers-Wmissing-field-initializers]8;;[m[K]
[1.752s] [01m[K/home/matylda-hayne/mtrx3760_p2/MTRX3760_PROJECT_2/ros2_ws/src/user_interface/vendor/stb/stb_image_write.h:1609:32:[m[K [01;35m[Kwarning: [m[Kmissing initializer for member â€˜[01m[Kstbi__write_context::buf_used[m[Kâ€™ [[01;35m[K]8;;https://gcc.gnu.org/onlinedocs/gcc/Warning-Options.html#index-Wmissing-field-initializers-Wmissing-field-initializers]8;;[m[K]
[1.752s] [01m[K/home/matylda-hayne/mtrx3760_p2/MTRX3760_PROJECT_2/ros2_ws/src/user_interface/vendor/stb/stb_image_write.h:[m[K In function â€˜[01m[Kint[01;32m[K stbi_write_jpg[m[K(const char*, int, int, int, const void*, int)[m[Kâ€™:
[1.752s] [01m[K/home/matylda-hayne/mtrx3760_p2/MTRX3760_PROJECT_2/ros2_ws/src/user_interface/vendor/stb/stb_image_write.h:1618:32:[m[K [01;35m[Kwarning: [m[Kmissing initializer for member â€˜[01m[Kstbi__write_context::context[m[Kâ€™ [[01;35m[K]8;;https://gcc.gnu.org/onlinedocs/gcc/Warning-Options.html#index-Wmissing-field-initializers-Wmissing-field-initializers]8;;[m[K]
[1.752s]  1618 |    stbi__write_context s = { 0 [01;35m[K}[m[K;
[1.752s]       |                                [01;35m[K^[m[K
[1.752s] [01m[K/home/matylda-hayne/mtrx3760_p2/MTRX3760_PROJECT_2/ros2_ws/src/user_interface/vendor/stb/stb_image_write.h:1618:32:[m[K [01;35m[Kwarning: [m[Kmissing initializer for member â€˜[01m[Kstbi__write_context::buffer[m[Kâ€™ [[01;35m[K]8;;https://gcc.gnu.org/onlinedocs/gcc/Warning-Options.html#index-Wmissing-field-initializers-Wmissing-field-initializers]8;;[m[K]
[1.752s] [01m[K/home/matylda-hayne/mtrx3760_p2/MTRX3760_PROJECT_2/ros2_ws/src/user_interface/vendor/stb/stb_image_write.h:1618:32:[m[K [01;35m[Kwarning: [m[Kmissing initializer for member â€˜[01m[Kstbi__write_context::buf_used[m[Kâ€™ [[01;35m[K]8;;https://gcc.gnu.org/onlinedocs/gcc/Warning-Options.html#index-Wmissing-field-initializers-Wmissing-field-initializers]8;;[m[K]
[1.767s] [01m[K/home/matylda-hayne/mtrx3760_p2/MTRX3760_PROJECT_2/ros2_ws/src/user_interface/src/user_interface.cpp:[m[K In function â€˜[01m[KGLFWwindow*[01;32m[K InitializeGLFWWindow[m[K(int, int, const char*)[m[Kâ€™:
[1.767s] [01m[K/home/matylda-hayne/mtrx3760_p2/MTRX3760_PROJECT_2/ros2_ws/src/user_interface/src/user_interface.cpp:96:26:[m[K [01;31m[Kerror: [m[Kâ€˜[01m[Kglfw_error_callback[m[Kâ€™ was not declared in this scope; did you mean â€˜[01m[KglfwSetErrorCallback[m[Kâ€™?
[1.767s]    96 |     glfwSetErrorCallback([01;31m[Kglfw_error_callback[m[K);
[1.767s]       |                          [01;31m[K^~~~~~~~~~~~~~~~~~~[m[K
[1.768s]       |                          [32m[KglfwSetErrorCallback[m[K
[1.777s] [01m[K/home/matylda-hayne/mtrx3760_p2/MTRX3760_PROJECT_2/ros2_ws/src/user_interface/src/user_interface.cpp:[m[K At global scope:
[1.778s] [01m[K/home/matylda-hayne/mtrx3760_p2/MTRX3760_PROJECT_2/ros2_ws/src/user_interface/src/user_interface.cpp:253:13:[m[K [01;31m[Kerror: [m[Kâ€˜[01m[KLogEntry[m[Kâ€™ was not declared in this scope
[1.778s]   253 | std::vector<[01;31m[KLogEntry[m[K> getLogsFromYaml(const std::string& filename)
[1.778s]       |             [01;31m[K^~~~~~~~[m[K
[1.778s] [01m[K/home/matylda-hayne/mtrx3760_p2/MTRX3760_PROJECT_2/ros2_ws/src/user_interface/src/user_interface.cpp:253:21:[m[K [01;31m[Kerror: [m[Ktemplate argument 1 is invalid
[1.778s]   253 | std::vector<LogEntry[01;31m[K>[m[K getLogsFromYaml(const std::string& filename)
[1.778s]       |                     [01;31m[K^[m[K
[1.778s] [01m[K/home/matylda-hayne/mtrx3760_p2/MTRX3760_PROJECT_2/ros2_ws/src/user_interface/src/user_interface.cpp:253:21:[m[K [01;31m[Kerror: [m[Ktemplate argument 2 is invalid
[1.784s] [01m[K/home/matylda-hayne/mtrx3760_p2/MTRX3760_PROJECT_2/ros2_ws/src/user_interface/src/user_interface.cpp:[m[K In function â€˜[01m[Kint[01;32m[K getLogsFromYaml[m[K(const std::string&)[m[Kâ€™:
[1.784s] [01m[K/home/matylda-hayne/mtrx3760_p2/MTRX3760_PROJECT_2/ros2_ws/src/user_interface/src/user_interface.cpp:255:17:[m[K [01;31m[Kerror: [m[Kâ€˜[01m[KLogEntry[m[Kâ€™ was not declared in this scope
[1.784s]   255 |     std::vector<[01;31m[KLogEntry[m[K> logs;
[1.784s]       |                 [01;31m[K^~~~~~~~[m[K
[1.784s] [01m[K/home/matylda-hayne/mtrx3760_p2/MTRX3760_PROJECT_2/ros2_ws/src/user_interface/src/user_interface.cpp:255:25:[m[K [01;31m[Kerror: [m[Ktemplate argument 1 is invalid
[1.785s]   255 |     std::vector<LogEntry[01;31m[K>[m[K logs;
[1.785s]       |                         [01;31m[K^[m[K
[1.785s] [01m[K/home/matylda-hayne/mtrx3760_p2/MTRX3760_PROJECT_2/ros2_ws/src/user_interface/src/user_interface.cpp:255:25:[m[K [01;31m[Kerror: [m[Ktemplate argument 2 is invalid
[1.785s] [01m[K/home/matylda-hayne/mtrx3760_p2/MTRX3760_PROJECT_2/ros2_ws/src/user_interface/src/user_interface.cpp:262:25:[m[K [01;31m[Kerror: [m[Kexpected â€˜[01m[K;[m[Kâ€™ before â€˜[01m[Klog[m[Kâ€™
[1.785s]   262 |                 LogEntry[01;31m[K [m[K[32m[Klog[m[K;
[1.785s]       |                         [01;31m[K^[m[K[32m[K~~~[m[K
[1.785s]       |                         [32m[K;[m[K
[1.785s] [01m[K/home/matylda-hayne/mtrx3760_p2/MTRX3760_PROJECT_2/ros2_ws/src/user_interface/src/user_interface.cpp:263:21:[m[K [01;31m[Kerror: [m[Koverloaded function with no contextual type information
[1.785s]   263 |                 log.[01;31m[Ktype[m[K = "delivery";
[1.785s]       |                     [01;31m[K^~~~[m[K
[1.785s] [01m[K/home/matylda-hayne/mtrx3760_p2/MTRX3760_PROJECT_2/ros2_ws/src/user_interface/src/user_interface.cpp:264:21:[m[K [01;31m[Kerror: [m[Koverloaded function with no contextual type information
[1.785s]   264 |                 log.[01;31m[Kid[m[K = item["delivery_id"] ? item["delivery_id"].as<int>() : 0;
[1.785s]       |                     [01;31m[K^~[m[K
[1.785s] [01m[K/home/matylda-hayne/mtrx3760_p2/MTRX3760_PROJECT_2/ros2_ws/src/user_interface/src/user_interface.cpp:265:21:[m[K [01;31m[Kerror: [m[Koverloaded function with no contextual type information
[1.786s]   265 |                 log.[01;31m[Kcomplete[m[K = item["complete"] ? item["complete"].as<bool>() : false;
[1.786s]       |                     [01;31m[K^~~~~~~~[m[K
[1.786s] [01m[K/home/matylda-hayne/mtrx3760_p2/MTRX3760_PROJECT_2/ros2_ws/src/user_interface/src/user_interface.cpp:269:29:[m[K [01;31m[Kerror: [m[Koverloaded function with no contextual type information
[1.786s]   269 |                         log.[01;31m[Kpose[m[K.push_back(v.as<float>());
[1.786s]       |                             [01;31m[K^~~~[m[K
[1.786s] [01m[K/home/matylda-hayne/mtrx3760_p2/MTRX3760_PROJECT_2/ros2_ws/src/user_interface/src/user_interface.cpp:272:22:[m[K [01;31m[Kerror: [m[Krequest for member â€˜[01m[Kpush_back[m[Kâ€™ in â€˜[01m[Klogs[m[Kâ€™, which is of non-class type â€˜[01m[Kint[m[Kâ€™
[1.786s]   272 |                 logs.[01;31m[Kpush_back[m[K(log);
[1.786s]       |                      [01;31m[K^~~~~~~~~[m[K
[1.786s] [01m[K/home/matylda-hayne/mtrx3760_p2/MTRX3760_PROJECT_2/ros2_ws/src/user_interface/src/user_interface.cpp:278:25:[m[K [01;31m[Kerror: [m[Kexpected â€˜[01m[K;[m[Kâ€™ before â€˜[01m[Klog[m[Kâ€™
[1.786s]   278 |                 LogEntry[01;31m[K [m[K[32m[Klog[m[K;
[1.786s]       |                         [01;31m[K^[m[K[32m[K~~~[m[K
[1.786s]       |                         [32m[K;[m[K
[1.786s] [01m[K/home/matylda-hayne/mtrx3760_p2/MTRX3760_PROJECT_2/ros2_ws/src/user_interface/src/user_interface.cpp:279:21:[m[K [01;31m[Kerror: [m[Koverloaded function with no contextual type information
[1.786s]   279 |                 log.[01;31m[Ktype[m[K = "defect";
[1.787s]       |                     [01;31m[K^~~~[m[K
[1.787s] [01m[K/home/matylda-hayne/mtrx3760_p2/MTRX3760_PROJECT_2/ros2_ws/src/user_interface/src/user_interface.cpp:280:21:[m[K [01;31m[Kerror: [m[Koverloaded function with no contextual type information
[1.787s]   280 |                 log.[01;31m[Kid[m[K = item["task_id"] ? item["task_id"].as<int>() : 0;
[1.787s]       |                     [01;31m[K^~[m[K
[1.787s] [01m[K/home/matylda-hayne/mtrx3760_p2/MTRX3760_PROJECT_2/ros2_ws/src/user_interface/src/user_interface.cpp:281:21:[m[K [01;31m[Kerror: [m[Koverloaded function with no contextual type information
[1.787s]   281 |                 log.[01;31m[Kcomplete[m[K = item["complete"] ? item["complete"].as<bool>() : false;
[1.787s]       |                     [01;31m[K^~~~~~~~[m[K
[1.787s] [01m[K/home/matylda-hayne/mtrx3760_p2/MTRX3760_PROJECT_2/ros2_ws/src/user_interface/src/user_interface.cpp:285:29:[m[K [01;31m[Kerror: [m[Koverloaded function with no contextual type information
[1.787s]   285 |                         log.[01;31m[Kpose[m[K.push_back(v.as<float>());
[1.787s]       |                             [01;31m[K^~~~[m[K
[1.787s] [01m[K/home/matylda-hayne/mtrx3760_p2/MTRX3760_PROJECT_2/ros2_ws/src/user_interface/src/user_interface.cpp:288:22:[m[K [01;31m[Kerror: [m[Krequest for member â€˜[01m[Kpush_back[m[Kâ€™ in â€˜[01m[Klogs[m[Kâ€™, which is of non-class type â€˜[01m[Kint[m[Kâ€™
[1.787s]   288 |                 logs.[01;31m[Kpush_back[m[K(log);
[1.787s]       |                      [01;31m[K^~~~~~~~~[m[K
[1.787s] [01m[K/home/matylda-hayne/mtrx3760_p2/MTRX3760_PROJECT_2/ros2_ws/src/user_interface/src/user_interface.cpp:[m[K At global scope:
[1.787s] [01m[K/home/matylda-hayne/mtrx3760_p2/MTRX3760_PROJECT_2/ros2_ws/src/user_interface/src/user_interface.cpp:390:6:[m[K [01;31m[Kerror: [m[Kâ€˜[01m[KUserInterfaceBackend[m[Kâ€™ has not been declared
[1.787s]   390 | void [01;31m[KUserInterfaceBackend[m[K::LoadPascalResources(const std::string &share_dir, std::string &image_path,
[1.788s]       |      [01;31m[K^~~~~~~~~~~~~~~~~~~~[m[K
[1.796s] [01m[K/home/matylda-hayne/mtrx3760_p2/MTRX3760_PROJECT_2/ros2_ws/src/user_interface/src/user_interface.cpp:[m[K In function â€˜[01m[Kvoid[01;32m[K LoadPascalResources[m[K(const std::string&, std::string&, std::string&, std::string&)[m[Kâ€™:
[1.796s] [01m[K/home/matylda-hayne/mtrx3760_p2/MTRX3760_PROJECT_2/ros2_ws/src/user_interface/src/user_interface.cpp:395:10:[m[K [01;31m[Kerror: [m[Kâ€˜[01m[KLoadTextFile[m[Kâ€™ was not declared in this scope
[1.796s]   395 |     if (![01;31m[KLoadTextFile[m[K(share_dir + "/resources/pascal_intro.txt", intro_text))
[1.796s]       |          [01;31m[K^~~~~~~~~~~~[m[K
[1.807s] [01m[K/home/matylda-hayne/mtrx3760_p2/MTRX3760_PROJECT_2/ros2_ws/src/user_interface/src/user_interface.cpp:398:10:[m[K [01;31m[Kerror: [m[Kâ€˜[01m[KLoadTextFile[m[Kâ€™ was not declared in this scope
[1.807s]   398 |     if (![01;31m[KLoadTextFile[m[K(share_dir + "/resources/pascal_serial.txt", serial_text))
[1.807s]       |          [01;31m[K^~~~~~~~~~~~[m[K
[1.814s] [01m[K/home/matylda-hayne/mtrx3760_p2/MTRX3760_PROJECT_2/ros2_ws/src/user_interface/src/user_interface.cpp:[m[K At global scope:
[1.814s] [01m[K/home/matylda-hayne/mtrx3760_p2/MTRX3760_PROJECT_2/ros2_ws/src/user_interface/src/user_interface.cpp:493:56:[m[K [01;31m[Kerror: [m[Kâ€˜[01m[KRobotTypeClient[m[Kâ€™ has not been declared
[1.814s]   493 | void HandleBootupRequest(rclcpp::Node::SharedPtr node, [01;31m[KRobotTypeClient[m[K::SharedPtr client,
[1.814s]       |                                                        [01;31m[K^~~~~~~~~~~~~~~[m[K
[1.814s] [01m[K/home/matylda-hayne/mtrx3760_p2/MTRX3760_PROJECT_2/ros2_ws/src/user_interface/src/user_interface.cpp:493:83:[m[K [01;31m[Kerror: [m[Kexpected â€˜[01m[K,[m[Kâ€™ or â€˜[01m[K...[m[Kâ€™ before â€˜[01m[Kclient[m[Kâ€™
[1.814s]   493 | void HandleBootupRequest(rclcpp::Node::SharedPtr node, RobotTypeClient::SharedPtr [01;31m[Kclient[m[K,
[1.814s]       |                                                                                   [01;31m[K^~~~~~[m[K
[1.831s] [01m[K/home/matylda-hayne/mtrx3760_p2/MTRX3760_PROJECT_2/ros2_ws/src/user_interface/src/user_interface.cpp:[m[K In function â€˜[01m[Kvoid[01;32m[K HandleBootupRequest[m[K(rclcpp::Node::SharedPtr, int)[m[Kâ€™:
[1.832s] [01m[K/home/matylda-hayne/mtrx3760_p2/MTRX3760_PROJECT_2/ros2_ws/src/user_interface/src/user_interface.cpp:497:5:[m[K [01;31m[Kerror: [m[Kâ€˜[01m[Kflagged_startup[m[Kâ€™ was not declared in this scope
[1.832s]   497 |     [01;31m[Kflagged_startup[m[K = true;
[1.832s]       |     [01;31m[K^~~~~~~~~~~~~~~[m[K
[1.841s] [01m[K/home/matylda-hayne/mtrx3760_p2/MTRX3760_PROJECT_2/ros2_ws/src/user_interface/src/user_interface.cpp:498:5:[m[K [01;31m[Kerror: [m[Kâ€˜[01m[Kmode_locked[m[Kâ€™ was not declared in this scope
[1.841s]   498 |     [01;31m[Kmode_locked[m[K = false;
[1.841s]       |     [01;31m[K^~~~~~~~~~~[m[K
[1.847s] [01m[K/home/matylda-hayne/mtrx3760_p2/MTRX3760_PROJECT_2/ros2_ws/src/user_interface/src/user_interface.cpp:503:10:[m[K [01;31m[Kerror: [m[Kâ€˜[01m[Kclient[m[Kâ€™ was not declared in this scope
[1.847s]   503 |     if (![01;31m[Kclient[m[K->wait_for_service(std::chrono::seconds(1))) {
[1.847s]       |          [01;31m[K^~~~~~[m[K
[1.853s] [01m[K/home/matylda-hayne/mtrx3760_p2/MTRX3760_PROJECT_2/ros2_ws/src/user_interface/src/user_interface.cpp:508:5:[m[K [01;31m[Kerror: [m[Kâ€˜[01m[Kclient[m[Kâ€™ was not declared in this scope
[1.853s]   508 |     [01;31m[Kclient[m[K->async_send_request(request, [&](RobotTypeClient::SharedFuture future) {
[1.853s]       |     [01;31m[K^~~~~~[m[K
[1.858s] [01m[K/home/matylda-hayne/mtrx3760_p2/MTRX3760_PROJECT_2/ros2_ws/src/user_interface/src/user_interface.cpp:508:32:[m[K [01;31m[Kerror: [m[Kâ€˜[01m[Krequest[m[Kâ€™ was not declared in this scope
[1.858s]   508 |     client->async_send_request([01;31m[Krequest[m[K, [&](RobotTypeClient::SharedFuture future) {
[1.858s]       |                                [01;31m[K^~~~~~~[m[K
[1.858s] [01m[K/home/matylda-hayne/mtrx3760_p2/MTRX3760_PROJECT_2/ros2_ws/src/user_interface/src/user_interface.cpp:508:45:[m[K [01;31m[Kerror: [m[Kâ€˜[01m[KRobotTypeClient[m[Kâ€™ has not been declared
[1.858s]   508 |     client->async_send_request(request, [&]([01;31m[KRobotTypeClient[m[K::SharedFuture future) {
[1.858s]       |                                             [01;31m[K^~~~~~~~~~~~~~~[m[K
[1.858s] [01m[K/home/matylda-hayne/mtrx3760_p2/MTRX3760_PROJECT_2/ros2_ws/src/user_interface/src/user_interface.cpp:508:75:[m[K [01;31m[Kerror: [m[Kexpected â€˜[01m[K,[m[Kâ€™ or â€˜[01m[K...[m[Kâ€™ before â€˜[01m[Kfuture[m[Kâ€™
[1.858s]   508 |     client->async_send_request(request, [&](RobotTypeClient::SharedFuture [01;31m[Kfuture[m[K) {
[1.858s]       |                                                                           [01;31m[K^~~~~~[m[K
[1.858s] [01m[K/home/matylda-hayne/mtrx3760_p2/MTRX3760_PROJECT_2/ros2_ws/src/user_interface/src/user_interface.cpp:[m[K In lambda function:
[1.858s] [01m[K/home/matylda-hayne/mtrx3760_p2/MTRX3760_PROJECT_2/ros2_ws/src/user_interface/src/user_interface.cpp:509:20:[m[K [01;31m[Kerror: [m[Kâ€˜[01m[Kfuture[m[Kâ€™ was not declared in this scope; did you mean â€˜[01m[Kstd::future[m[Kâ€™?
[1.858s]   509 |         auto res = [01;31m[Kfuture[m[K.get();
[1.858s]       |                    [01;31m[K^~~~~~[m[K
[1.858s]       |                    [32m[Kstd::future[m[K
[1.859s] In file included from [01m[K/opt/ros/jazzy/include/rclcpp/rclcpp/executors.hpp:18[m[K,
[1.859s]                  from [01m[K/opt/ros/jazzy/include/rclcpp/rclcpp/rclcpp.hpp:172[m[K,
[1.859s]                  from [01m[K/home/matylda-hayne/mtrx3760_p2/MTRX3760_PROJECT_2/ros2_ws/src/user_interface/src/user_interface.cpp:13[m[K:
[1.859s] [01m[K/usr/include/c++/13/future:137:11:[m[K [01;36m[Knote: [m[Kâ€˜[01m[Kstd::future[m[Kâ€™ declared here
[1.859s]   137 |     class [01;36m[Kfuture[m[K;
[1.859s]       |           [01;36m[K^~~~~~[m[K
[1.880s] [01m[K/home/matylda-hayne/mtrx3760_p2/MTRX3760_PROJECT_2/ros2_ws/src/user_interface/src/user_interface.cpp:516:13:[m[K [01;31m[Kerror: [m[Kâ€˜[01m[Ksequence_number[m[Kâ€™ was not declared in this scope
[1.880s]   516 |             [01;31m[Ksequence_number[m[K++;
[1.880s]       |             [01;31m[K^~~~~~~~~~~~~~~[m[K
[1.880s] [01m[K/home/matylda-hayne/mtrx3760_p2/MTRX3760_PROJECT_2/ros2_ws/src/user_interface/src/user_interface.cpp:508:62:[m[K [01;35m[Kwarning: [m[Kunused parameter â€˜[01m[KSharedFuture[m[Kâ€™ [[01;35m[K]8;;https://gcc.gnu.org/onlinedocs/gcc/Warning-Options.html#index-Wunused-parameter-Wunused-parameter]8;;[m[K]
[1.881s]   508 |     client->async_send_request(request, [&]([01;35m[KRobotTypeClient::SharedFuture[m[K future) {
[1.881s]       |                                             [01;35m[K~~~~~~~~~~~~~~~~~^~~~~~~~~~~~[m[K
[1.881s] [01m[K/home/matylda-hayne/mtrx3760_p2/MTRX3760_PROJECT_2/ros2_ws/src/user_interface/src/user_interface.cpp:[m[K In function â€˜[01m[Kvoid[01;32m[K HandleBootupRequest[m[K(rclcpp::Node::SharedPtr, int)[m[Kâ€™:
[1.881s] [01m[K/home/matylda-hayne/mtrx3760_p2/MTRX3760_PROJECT_2/ros2_ws/src/user_interface/src/user_interface.cpp:493:73:[m[K [01;35m[Kwarning: [m[Kunused parameter â€˜[01m[KSharedPtr[m[Kâ€™ [[01;35m[K]8;;https://gcc.gnu.org/onlinedocs/gcc/Warning-Options.html#index-Wunused-parameter-Wunused-parameter]8;;[m[K]
[1.881s]   493 | void HandleBootupRequest(rclcpp::Node::SharedPtr node, [01;35m[KRobotTypeClient::SharedPtr[m[K client,
[1.881s]       |                                                        [01;35m[K~~~~~~~~~~~~~~~~~^~~~~~~~~[m[K
[1.882s] [01m[K/home/matylda-hayne/mtrx3760_p2/MTRX3760_PROJECT_2/ros2_ws/src/user_interface/src/user_interface.cpp:[m[K At global scope:
[1.882s] [01m[K/home/matylda-hayne/mtrx3760_p2/MTRX3760_PROJECT_2/ros2_ws/src/user_interface/src/user_interface.cpp:538:5:[m[K [01;31m[Kerror: [m[Kâ€˜[01m[KRobotTypeClient[m[Kâ€™ has not been declared
[1.882s]   538 |     [01;31m[KRobotTypeClient[m[K::SharedPtr client,
[1.882s]       |     [01;31m[K^~~~~~~~~~~~~~~[m[K
[1.882s] [01m[K/home/matylda-hayne/mtrx3760_p2/MTRX3760_PROJECT_2/ros2_ws/src/user_interface/src/user_interface.cpp:538:32:[m[K [01;31m[Kerror: [m[Kexpected â€˜[01m[K,[m[Kâ€™ or â€˜[01m[K...[m[Kâ€™ before â€˜[01m[Kclient[m[Kâ€™
[1.882s]   538 |     RobotTypeClient::SharedPtr [01;31m[Kclient[m[K,
[1.882s]       |                                [01;31m[K^~~~~~[m[K
[1.887s] [01m[K/home/matylda-hayne/mtrx3760_p2/MTRX3760_PROJECT_2/ros2_ws/src/user_interface/src/user_interface.cpp:[m[K In function â€˜[01m[Kvoid[01;32m[K SendRobotRequest[m[K(rclcpp::Node::SharedPtr, int)[m[Kâ€™:
[1.888s] [01m[K/home/matylda-hayne/mtrx3760_p2/MTRX3760_PROJECT_2/ros2_ws/src/user_interface/src/user_interface.cpp:542:10:[m[K [01;31m[Kerror: [m[Kâ€˜[01m[Kclient[m[Kâ€™ was not declared in this scope
[1.888s]   542 |     if (![01;31m[Kclient[m[K->wait_for_service(std::chrono::seconds(1))) {
[1.888s]       |          [01;31m[K^~~~~~[m[K
[1.893s] [01m[K/home/matylda-hayne/mtrx3760_p2/MTRX3760_PROJECT_2/ros2_ws/src/user_interface/src/user_interface.cpp:547:5:[m[K [01;31m[Kerror: [m[Kâ€˜[01m[Kclient[m[Kâ€™ was not declared in this scope
[1.893s]   547 |     [01;31m[Kclient[m[K->async_send_request(request, [node, &sequence_number](RobotTypeClient::SharedFuture future) {
[1.893s]       |     [01;31m[K^~~~~~[m[K
[1.899s] [01m[K/home/matylda-hayne/mtrx3760_p2/MTRX3760_PROJECT_2/ros2_ws/src/user_interface/src/user_interface.cpp:547:32:[m[K [01;31m[Kerror: [m[Kâ€˜[01m[Krequest[m[Kâ€™ was not declared in this scope
[1.899s]   547 |     client->async_send_request([01;31m[Krequest[m[K, [node, &sequence_number](RobotTypeClient::SharedFuture future) {
[1.899s]       |                                [01;31m[K^~~~~~~[m[K
[1.917s] [01m[K/home/matylda-hayne/mtrx3760_p2/MTRX3760_PROJECT_2/ros2_ws/src/user_interface/src/user_interface.cpp:547:49:[m[K [01;31m[Kerror: [m[Kâ€˜[01m[Ksequence_number[m[Kâ€™ was not declared in this scope
[1.917s]   547 |     client->async_send_request(request, [node, &[01;31m[Ksequence_number[m[K](RobotTypeClient::SharedFuture future) {
[1.917s]       |                                                 [01;31m[K^~~~~~~~~~~~~~~[m[K
[1.917s] [01m[K/home/matylda-hayne/mtrx3760_p2/MTRX3760_PROJECT_2/ros2_ws/src/user_interface/src/user_interface.cpp:547:66:[m[K [01;31m[Kerror: [m[Kâ€˜[01m[KRobotTypeClient[m[Kâ€™ has not been declared
[1.918s]   547 |     client->async_send_request(request, [node, &sequence_number]([01;31m[KRobotTypeClient[m[K::SharedFuture future) {
[1.918s]       |                                                                  [01;31m[K^~~~~~~~~~~~~~~[m[K
[1.918s] [01m[K/home/matylda-hayne/mtrx3760_p2/MTRX3760_PROJECT_2/ros2_ws/src/user_interface/src/user_interface.cpp:547:96:[m[K [01;31m[Kerror: [m[Kexpected â€˜[01m[K,[m[Kâ€™ or â€˜[01m[K...[m[Kâ€™ before â€˜[01m[Kfuture[m[Kâ€™
[1.918s]   547 |     client->async_send_request(request, [node, &sequence_number](RobotTypeClient::SharedFuture [01;31m[Kfuture[m[K) {
[1.918s]       |                                                                                                [01;31m[K^~~~~~[m[K
[1.918s] [01m[K/home/matylda-hayne/mtrx3760_p2/MTRX3760_PROJECT_2/ros2_ws/src/user_interface/src/user_interface.cpp:[m[K In lambda function:
[1.918s] [01m[K/home/matylda-hayne/mtrx3760_p2/MTRX3760_PROJECT_2/ros2_ws/src/user_interface/src/user_interface.cpp:548:20:[m[K [01;31m[Kerror: [m[Kâ€˜[01m[Kfuture[m[Kâ€™ was not declared in this scope; did you mean â€˜[01m[Kstd::future[m[Kâ€™?
[1.918s]   548 |         auto res = [01;31m[Kfuture[m[K.get();
[1.918s]       |                    [01;31m[K^~~~~~[m[K
[1.919s]       |                    [32m[Kstd::future[m[K
[1.919s] [01m[K/usr/include/c++/13/future:137:11:[m[K [01;36m[Knote: [m[Kâ€˜[01m[Kstd::future[m[Kâ€™ declared here
[1.919s]   137 |     class [01;36m[Kfuture[m[K;
[1.919s]       |           [01;36m[K^~~~~~[m[K
[1.919s] [01m[K/home/matylda-hayne/mtrx3760_p2/MTRX3760_PROJECT_2/ros2_ws/src/user_interface/src/user_interface.cpp:551:13:[m[K [01;31m[Kerror: [m[Kâ€˜[01m[Ksequence_number[m[Kâ€™ is not captured
[1.919s]   551 |             [01;31m[Ksequence_number[m[K++;
[1.919s]       |             [01;31m[K^~~~~~~~~~~~~~~[m[K
[1.919s] [01m[K/home/matylda-hayne/mtrx3760_p2/MTRX3760_PROJECT_2/ros2_ws/src/user_interface/src/user_interface.cpp:547:64:[m[K [01;36m[Knote: [m[Kthe lambda has no capture-default
[1.919s]   547 |     client->async_send_request(request, [node, &sequence_number[01;36m[K][m[K(RobotTypeClient::SharedFuture future) {
[1.919s]       |                                                                [01;36m[K^[m[K
[1.919s] [01m[K/home/matylda-hayne/mtrx3760_p2/MTRX3760_PROJECT_2/ros2_ws/src/user_interface/src/user_interface.cpp:547:49:[m[K [01;36m[Knote: [m[Kâ€˜[01m[K<typeprefixerror>sequence_number[m[Kâ€™ declared here
[1.919s]   547 |     client->async_send_request(request, [node, &[01;36m[Ksequence_number[m[K](RobotTypeClient::SharedFuture future) {
[1.920s]       |                                                 [01;36m[K^~~~~~~~~~~~~~~[m[K
[1.920s] [01m[K/home/matylda-hayne/mtrx3760_p2/MTRX3760_PROJECT_2/ros2_ws/src/user_interface/src/user_interface.cpp:547:83:[m[K [01;35m[Kwarning: [m[Kunused parameter â€˜[01m[KSharedFuture[m[Kâ€™ [[01;35m[K]8;;https://gcc.gnu.org/onlinedocs/gcc/Warning-Options.html#index-Wunused-parameter-Wunused-parameter]8;;[m[K]
[1.920s]   547 |     client->async_send_request(request, [node, &sequence_number]([01;35m[KRobotTypeClient::SharedFuture[m[K future) {
[1.920s]       |                                                                  [01;35m[K~~~~~~~~~~~~~~~~~^~~~~~~~~~~~[m[K
[1.920s] [01m[K/home/matylda-hayne/mtrx3760_p2/MTRX3760_PROJECT_2/ros2_ws/src/user_interface/src/user_interface.cpp:[m[K In function â€˜[01m[Kvoid[01;32m[K SendRobotRequest[m[K(rclcpp::Node::SharedPtr, int)[m[Kâ€™:
[1.920s] [01m[K/home/matylda-hayne/mtrx3760_p2/MTRX3760_PROJECT_2/ros2_ws/src/user_interface/src/user_interface.cpp:538:22:[m[K [01;35m[Kwarning: [m[Kunused parameter â€˜[01m[KSharedPtr[m[Kâ€™ [[01;35m[K]8;;https://gcc.gnu.org/onlinedocs/gcc/Warning-Options.html#index-Wunused-parameter-Wunused-parameter]8;;[m[K]
[1.920s]   538 |     [01;35m[KRobotTypeClient::SharedPtr[m[K client,
[1.920s]       |     [01;35m[K~~~~~~~~~~~~~~~~~^~~~~~~~~[m[K
[1.927s] [01m[K/home/matylda-hayne/mtrx3760_p2/MTRX3760_PROJECT_2/ros2_ws/src/user_interface/src/user_interface.cpp:[m[K In function â€˜[01m[Kvoid[01;32m[K RenderMapTextureAndInteraction[m[K(GLuint, int, int, double, const std::array<double, 3>&, float&, float&, bool&, bool, float)[m[Kâ€™:
[1.927s] [01m[K/home/matylda-hayne/mtrx3760_p2/MTRX3760_PROJECT_2/ros2_ws/src/user_interface/src/user_interface.cpp:563:19:[m[K [01;31m[Kerror: [m[Kâ€˜[01m[Kregion_w[m[Kâ€™ was not declared in this scope
[1.927s]   563 |     float max_w = [01;31m[Kregion_w[m[K * 0.9f;
[1.927s]       |                   [01;31m[K^~~~~~~~[m[K
[1.934s] [01m[K/home/matylda-hayne/mtrx3760_p2/MTRX3760_PROJECT_2/ros2_ws/src/user_interface/src/user_interface.cpp:564:28:[m[K [01;31m[Kerror: [m[Kâ€˜[01m[Kscale_map[m[Kâ€™ was not declared in this scope
[1.934s]   564 |     float draw_w = map_w * [01;31m[Kscale_map[m[K;
[1.934s]       |                            [01;31m[K^~~~~~~~~[m[K
[1.941s] [01m[K/home/matylda-hayne/mtrx3760_p2/MTRX3760_PROJECT_2/ros2_ws/src/user_interface/src/user_interface.cpp:593:52:[m[K [01;31m[Kerror: [m[Kâ€˜[01m[Kmap_data[m[Kâ€™ was not declared in this scope
[1.941s]   593 |                 map_h, map_resolution, map_origin, [01;31m[Kmap_data[m[K, markers,
[1.941s]       |                                                    [01;31m[K^~~~~~~~[m[K
[1.941s] [01m[K/home/matylda-hayne/mtrx3760_p2/MTRX3760_PROJECT_2/ros2_ws/src/user_interface/src/user_interface.cpp:607:11:[m[K [01;35m[Kwarning: [m[Kunused variable â€˜[01m[Koffset_x[m[Kâ€™ [[01;35m[K]8;;https://gcc.gnu.org/onlinedocs/gcc/Warning-Options.html#index-Wunused-variable-Wunused-variable]8;;[m[K]
[1.942s]   607 |     float [01;35m[Koffset_x[m[K = (region_clear_w - btn_w) * 0.5f;
[1.942s]       |           [01;35m[K^~~~~~~~[m[K
[1.942s] [01m[K/home/matylda-hayne/mtrx3760_p2/MTRX3760_PROJECT_2/ros2_ws/src/user_interface/src/user_interface.cpp:561:10:[m[K [01;35m[Kwarning: [m[Kunused parameter â€˜[01m[Kflagged_startup[m[Kâ€™ [[01;35m[K]8;;https://gcc.gnu.org/onlinedocs/gcc/Warning-Options.html#index-Wunused-parameter-Wunused-parameter]8;;[m[K]
[1.942s]   561 |     [01;35m[Kbool flagged_startup[m[K, float btn_w)
[1.942s]       |     [01;35m[K~~~~~^~~~~~~~~~~~~~~[m[K
[1.971s] [01m[K/home/matylda-hayne/mtrx3760_p2/MTRX3760_PROJECT_2/ros2_ws/src/user_interface/src/user_interface.cpp:[m[K In function â€˜[01m[Kint[01;32m[K main[m[K()[m[Kâ€™:
[1.971s] [01m[K/home/matylda-hayne/mtrx3760_p2/MTRX3760_PROJECT_2/ros2_ws/src/user_interface/src/user_interface.cpp:667:29:[m[K [01;31m[Kerror: [m[Kâ€˜[01m[KGetPackageShareDirectory[m[Kâ€™ was not declared in this scope; did you mean â€˜[01m[KGetPackageShareDir[m[Kâ€™?
[1.971s]   667 |     std::string share_dir = [01;31m[KGetPackageShareDirectory[m[K();
[1.971s]       |                             [01;31m[K^~~~~~~~~~~~~~~~~~~~~~~~[m[K
[1.971s]       |                             [32m[KGetPackageShareDir[m[K
[1.971s] [01m[K/home/matylda-hayne/mtrx3760_p2/MTRX3760_PROJECT_2/ros2_ws/src/user_interface/src/user_interface.cpp:768:11:[m[K [01;35m[Kwarning: [m[Kcapture of variable â€˜[01m[Kbattery_level[m[Kâ€™ with non-automatic storage duration
[1.971s]   768 |         [&[01;35m[Kbattery_level[m[K](const std_msgs::msg::Int32::SharedPtr msg) {
[1.971s]       |           [01;35m[K^~~~~~~~~~~~~[m[K
[1.971s] [01m[K/home/matylda-hayne/mtrx3760_p2/MTRX3760_PROJECT_2/ros2_ws/src/user_interface/src/user_interface.cpp:765:29:[m[K [01;36m[Knote: [m[Kâ€˜[01m[Kstd::atomic<int> battery_level[m[Kâ€™ declared here
[1.971s]   765 |     static std::atomic<int> [01;36m[Kbattery_level[m[K{100};
[1.971s]       |                             [01;36m[K^~~~~~~~~~~~~[m[K
[1.988s] [01m[K/home/matylda-hayne/mtrx3760_p2/MTRX3760_PROJECT_2/ros2_ws/src/user_interface/src/user_interface.cpp:781:11:[m[K [01;35m[Kwarning: [m[Kcapture of variable â€˜[01m[Kcurrent_type[m[Kâ€™ with non-automatic storage duration
[1.988s]   781 |         [&[01;35m[Kcurrent_type[m[K, node](const std_msgs::msg::String::SharedPtr msg)
[1.988s]       |           [01;35m[K^~~~~~~~~~~~[m[K
[1.988s] [01m[K/home/matylda-hayne/mtrx3760_p2/MTRX3760_PROJECT_2/ros2_ws/src/user_interface/src/user_interface.cpp:777:24:[m[K [01;36m[Knote: [m[Kâ€˜[01m[Kstd::string current_type[m[Kâ€™ declared here
[1.988s]   777 |     static std::string [01;36m[Kcurrent_type[m[K = "Not Set";
[1.989s]       |                        [01;36m[K^~~~~~~~~~~~[m[K
[2.009s] [01m[K/home/matylda-hayne/mtrx3760_p2/MTRX3760_PROJECT_2/ros2_ws/src/user_interface/src/user_interface.cpp:907:13:[m[K [01;31m[Kerror: [m[Kâ€˜[01m[Kfont[m[Kâ€™ was not declared in this scope; did you mean â€˜[01m[Kfonts[m[Kâ€™?
[2.009s]   907 |         if ([01;31m[Kfont[m[K.medium_font) {
[2.009s]       |             [01;31m[K^~~~[m[K
[2.009s]       |             [32m[Kfonts[m[K
[2.026s] [01m[K/home/matylda-hayne/mtrx3760_p2/MTRX3760_PROJECT_2/ros2_ws/src/user_interface/src/user_interface.cpp:940:45:[m[K [01;31m[Kerror: [m[Kâ€˜[01m[Kpascal_serial[m[Kâ€™ was not declared in this scope
[2.026s]   940 |         ImGui::TextWrapped("Serial ID: %s", [01;31m[Kpascal_serial[m[K.c_str());
[2.026s]       |                                             [01;31m[K^~~~~~~~~~~~~[m[K
[2.032s] [01m[K/home/matylda-hayne/mtrx3760_p2/MTRX3760_PROJECT_2/ros2_ws/src/user_interface/src/user_interface.cpp:966:13:[m[K [01;31m[Kerror: [m[Kâ€˜[01m[Kfont[m[Kâ€™ was not declared in this scope; did you mean â€˜[01m[Kfonts[m[Kâ€™?
[2.032s]   966 |         if ([01;31m[Kfont[m[K.big_boldFont) {
[2.032s]       |             [01;31m[K^~~~[m[K
[2.032s]       |             [32m[Kfonts[m[K
[2.042s] [01m[K/home/matylda-hayne/mtrx3760_p2/MTRX3760_PROJECT_2/ros2_ws/src/user_interface/src/user_interface.cpp:981:34:[m[K [01;31m[Kerror: [m[Kâ€˜[01m[Kpascal_intro[m[Kâ€™ was not declared in this scope
[2.042s]   981 |         ImGui::TextWrapped("%s", [01;31m[Kpascal_intro[m[K.c_str());
[2.042s]       |                                  [01;31m[K^~~~~~~~~~~~[m[K
[2.047s] [01m[K/home/matylda-hayne/mtrx3760_p2/MTRX3760_PROJECT_2/ros2_ws/src/user_interface/src/user_interface.cpp:984:13:[m[K [01;31m[Kerror: [m[Kâ€˜[01m[Kfont[m[Kâ€™ was not declared in this scope; did you mean â€˜[01m[Kfonts[m[Kâ€™?
[2.047s]   984 |         if ([01;31m[Kfont[m[K.medium_font)
[2.047s]       |             [01;31m[K^~~~[m[K
[2.047s]       |             [32m[Kfonts[m[K
[2.066s] [01m[K/home/matylda-hayne/mtrx3760_p2/MTRX3760_PROJECT_2/ros2_ws/src/user_interface/src/user_interface.cpp:1018:34:[m[K [01;31m[Kerror: [m[Kâ€˜[01m[KCreateStartupRequest[m[Kâ€™ was not declared in this scope; did you mean â€˜[01m[KCreateRobotRequest[m[Kâ€™?
[2.066s]  1018 |             auto request_start = [01;31m[KCreateStartupRequest[m[K();
[2.066s]       |                                  [01;31m[K^~~~~~~~~~~~~~~~~~~~[m[K
[2.066s]       |                                  [32m[KCreateRobotRequest[m[K
[2.067s] [01m[K/home/matylda-hayne/mtrx3760_p2/MTRX3760_PROJECT_2/ros2_ws/src/user_interface/src/user_interface.cpp:1137:31:[m[K [01;35m[Kwarning: [m[Kcomparison of integer expressions of different signedness: â€˜[01m[Kint[m[Kâ€™ and â€˜[01m[Kstd::vector<const char*>::size_type[m[Kâ€™ {aka â€˜[01m[Klong unsigned int[m[Kâ€™} [[01;35m[K]8;;https://gcc.gnu.org/onlinedocs/gcc/Warning-Options.html#index-Wsign-compare-Wsign-compare]8;;[m[K]
[2.067s]  1137 |             for (int n = 0; [01;35m[Kn < indexes.size()[m[K; n++)
[2.067s]       |                             [01;35m[K~~^~~~~~~~~~~~~~~~[m[K
[2.068s] [01m[K/home/matylda-hayne/mtrx3760_p2/MTRX3760_PROJECT_2/ros2_ws/src/user_interface/src/user_interface.cpp:1347:40:[m[K [01;31m[Kerror: [m[Kcannot convert â€˜[01m[Kstd::shared_ptr<rclcpp::Client<shared_interfaces::srv::RobotType> >[m[Kâ€™ to â€˜[01m[Kint[m[Kâ€™
[2.068s]  1347 |                 SendRobotRequest(node, [01;31m[Kclient[m[K, request, sequence_number);
[2.068s]       |                                        [01;31m[K^~~~~~[m[K
[2.068s]       |                                        [01;31m[K|[m[K
[2.068s]       |                                        [01;31m[Kstd::shared_ptr<rclcpp::Client<shared_interfaces::srv::RobotType> >[m[K
[2.068s] [01m[K/home/matylda-hayne/mtrx3760_p2/MTRX3760_PROJECT_2/ros2_ws/src/user_interface/src/user_interface.cpp:538:22:[m[K [01;36m[Knote: [m[K  initializing argument 2 of â€˜[01m[Kvoid[01;32m[K SendRobotRequest[m[K(rclcpp::Node::SharedPtr, int)[m[Kâ€™
[2.069s]   538 |     [01;36m[KRobotTypeClient::SharedPtr[m[K client,
[2.069s]       |     [01;36m[K~~~~~~~~~~~~~~~~~^~~~~~~~~[m[K
[2.069s] [01m[K/home/matylda-hayne/mtrx3760_p2/MTRX3760_PROJECT_2/ros2_ws/src/user_interface/src/user_interface.cpp:1348:17:[m[K [01;31m[Kerror: [m[Kreturn-statement with no value, in function returning â€˜[01m[Kint[m[Kâ€™ [[01;31m[K]8;;https://gcc.gnu.org/onlinedocs/gcc/Warning-Options.html#index-fpermissive-fpermissive]8;;[m[K]
[2.069s]  1348 |                 [01;31m[Kreturn[m[K;
[2.069s]       |                 [01;31m[K^~~~~~[m[K
[2.069s] [01m[K/home/matylda-hayne/mtrx3760_p2/MTRX3760_PROJECT_2/ros2_ws/src/user_interface/src/user_interface.cpp:1354:21:[m[K [01;31m[Kerror: [m[Kreturn-statement with no value, in function returning â€˜[01m[Kint[m[Kâ€™ [[01;31m[K]8;;https://gcc.gnu.org/onlinedocs/gcc/Warning-Options.html#index-fpermissive-fpermissive]8;;[m[K]
[2.069s]  1354 |                     [01;31m[Kreturn[m[K;
[2.069s]       |                     [01;31m[K^~~~~~[m[K
[2.069s] [01m[K/home/matylda-hayne/mtrx3760_p2/MTRX3760_PROJECT_2/ros2_ws/src/user_interface/src/user_interface.cpp:1358:40:[m[K [01;31m[Kerror: [m[Kcannot convert â€˜[01m[Kstd::shared_ptr<rclcpp::Client<shared_interfaces::srv::RobotType> >[m[Kâ€™ to â€˜[01m[Kint[m[Kâ€™
[2.069s]  1358 |                 SendRobotRequest(node, [01;31m[Kclient[m[K, request, sequence_number);
[2.069s]       |                                        [01;31m[K^~~~~~[m[K
[2.070s]       |                                        [01;31m[K|[m[K
[2.070s]       |                                        [01;31m[Kstd::shared_ptr<rclcpp::Client<shared_interfaces::srv::RobotType> >[m[K
[2.070s] [01m[K/home/matylda-hayne/mtrx3760_p2/MTRX3760_PROJECT_2/ros2_ws/src/user_interface/src/user_interface.cpp:538:22:[m[K [01;36m[Knote: [m[K  initializing argument 2 of â€˜[01m[Kvoid[01;32m[K SendRobotRequest[m[K(rclcpp::Node::SharedPtr, int)[m[Kâ€™
[2.070s]   538 |     [01;36m[KRobotTypeClient::SharedPtr[m[K client,
[2.070s]       |     [01;36m[K~~~~~~~~~~~~~~~~~^~~~~~~~~[m[K
[2.070s] [01m[K/home/matylda-hayne/mtrx3760_p2/MTRX3760_PROJECT_2/ros2_ws/src/user_interface/src/user_interface.cpp:1359:17:[m[K [01;31m[Kerror: [m[Kreturn-statement with no value, in function returning â€˜[01m[Kint[m[Kâ€™ [[01;31m[K]8;;https://gcc.gnu.org/onlinedocs/gcc/Warning-Options.html#index-fpermissive-fpermissive]8;;[m[K]
[2.070s]  1359 |                 [01;31m[Kreturn[m[K;
[2.070s]       |                 [01;31m[K^~~~~~[m[K
[2.070s] [01m[K/home/matylda-hayne/mtrx3760_p2/MTRX3760_PROJECT_2/ros2_ws/src/user_interface/src/user_interface.cpp:1372:17:[m[K [01;31m[Kerror: [m[Kreturn-statement with no value, in function returning â€˜[01m[Kint[m[Kâ€™ [[01;31m[K]8;;https://gcc.gnu.org/onlinedocs/gcc/Warning-Options.html#index-fpermissive-fpermissive]8;;[m[K]
[2.070s]  1372 |                 [01;31m[Kreturn[m[K;
[2.070s]       |                 [01;31m[K^~~~~~[m[K
[2.070s] [01m[K/home/matylda-hayne/mtrx3760_p2/MTRX3760_PROJECT_2/ros2_ws/src/user_interface/src/user_interface.cpp:1378:17:[m[K [01;31m[Kerror: [m[Kreturn-statement with no value, in function returning â€˜[01m[Kint[m[Kâ€™ [[01;31m[K]8;;https://gcc.gnu.org/onlinedocs/gcc/Warning-Options.html#index-fpermissive-fpermissive]8;;[m[K]
[2.070s]  1378 |                 [01;31m[Kreturn[m[K;
[2.070s]       |                 [01;31m[K^~~~~~[m[K
[2.070s] [01m[K/home/matylda-hayne/mtrx3760_p2/MTRX3760_PROJECT_2/ros2_ws/src/user_interface/src/user_interface.cpp:1384:17:[m[K [01;31m[Kerror: [m[Kreturn-statement with no value, in function returning â€˜[01m[Kint[m[Kâ€™ [[01;31m[K]8;;https://gcc.gnu.org/onlinedocs/gcc/Warning-Options.html#index-fpermissive-fpermissive]8;;[m[K]
[2.070s]  1384 |                 [01;31m[Kreturn[m[K;
[2.070s]       |                 [01;31m[K^~~~~~[m[K
[2.070s] [01m[K/home/matylda-hayne/mtrx3760_p2/MTRX3760_PROJECT_2/ros2_ws/src/user_interface/src/user_interface.cpp:1392:36:[m[K [01;31m[Kerror: [m[Kcannot convert â€˜[01m[Kstd::shared_ptr<rclcpp::Client<shared_interfaces::srv::RobotType> >[m[Kâ€™ to â€˜[01m[Kint[m[Kâ€™
[2.070s]  1392 |             SendRobotRequest(node, [01;31m[Kclient[m[K, request, sequence_number);
[2.070s]       |                                    [01;31m[K^~~~~~[m[K
[2.070s]       |                                    [01;31m[K|[m[K
[2.071s]       |                                    [01;31m[Kstd::shared_ptr<rclcpp::Client<shared_interfaces::srv::RobotType> >[m[K
[2.071s] [01m[K/home/matylda-hayne/mtrx3760_p2/MTRX3760_PROJECT_2/ros2_ws/src/user_interface/src/user_interface.cpp:538:22:[m[K [01;36m[Knote: [m[K  initializing argument 2 of â€˜[01m[Kvoid[01;32m[K SendRobotRequest[m[K(rclcpp::Node::SharedPtr, int)[m[Kâ€™
[2.071s]   538 |     [01;36m[KRobotTypeClient::SharedPtr[m[K client,
[2.071s]       |     [01;36m[K~~~~~~~~~~~~~~~~~^~~~~~~~~[m[K
[2.075s] [01m[K/home/matylda-hayne/mtrx3760_p2/MTRX3760_PROJECT_2/ros2_ws/src/user_interface/src/user_interface.cpp:1395:13:[m[K [01;31m[Kerror: [m[Kâ€˜[01m[Kfont[m[Kâ€™ was not declared in this scope; did you mean â€˜[01m[Kfonts[m[Kâ€™?
[2.075s]  1395 |         if ([01;31m[Kfont[m[K.mini_italic_font)
[2.075s]       |             [01;31m[K^~~~[m[K
[2.075s]       |             [32m[Kfonts[m[K
[2.080s] [01m[K/home/matylda-hayne/mtrx3760_p2/MTRX3760_PROJECT_2/ros2_ws/src/user_interface/src/user_interface.cpp:1425:17:[m[K [01;31m[Kerror: [m[Kâ€˜[01m[Kfont[m[Kâ€™ was not declared in this scope; did you mean â€˜[01m[Kfonts[m[Kâ€™?
[2.080s]  1425 |             if ([01;31m[Kfont[m[K.medium_font)
[2.080s]       |                 [01;31m[K^~~~[m[K
[2.080s]       |                 [32m[Kfonts[m[K
[2.080s] [01m[K/home/matylda-hayne/mtrx3760_p2/MTRX3760_PROJECT_2/ros2_ws/src/user_interface/src/user_interface.cpp:1443:83:[m[K [01;31m[Kerror: [m[Kexpected â€˜[01m[K;[m[Kâ€™ before â€˜[01m[K}[m[Kâ€™ token
[2.080s]  1443 |                     last_world_x, last_world_y, has_click, flagged_startup, btn_w)
[2.080s]       |                                                                                   [01;31m[K^[m[K
[2.080s]       |                                                                                   [32m[K;[m[K
[2.080s] ......
[2.080s]  1532 |             [32m[K}[m[K
[2.080s]       |             [32m[K~[m[K                                                                      
[2.085s] [01m[K/home/matylda-hayne/mtrx3760_p2/MTRX3760_PROJECT_2/ros2_ws/src/user_interface/src/user_interface.cpp:1561:29:[m[K [01;31m[Kerror: [m[Kâ€˜[01m[Kfont[m[Kâ€™ was not declared in this scope; did you mean â€˜[01m[Kfonts[m[Kâ€™?
[2.085s]  1561 |             ImGui::PushFont([01;31m[Kfont[m[K.mini_font);
[2.085s]       |                             [01;31m[K^~~~[m[K
[2.085s]       |                             [32m[Kfonts[m[K
[2.085s] [01m[K/home/matylda-hayne/mtrx3760_p2/MTRX3760_PROJECT_2/ros2_ws/src/user_interface/src/user_interface.cpp:1007:15:[m[K [01;35m[Kwarning: [m[Kunused variable â€˜[01m[Koffset_x[m[Kâ€™ [[01;35m[K]8;;https://gcc.gnu.org/onlinedocs/gcc/Warning-Options.html#index-Wunused-variable-Wunused-variable]8;;[m[K]
[2.085s]  1007 |         float [01;35m[Koffset_x[m[K = (region_boot_w - btn_w) * 0.5f;
[2.085s]       |               [01;35m[K^~~~~~~~[m[K
[2.085s] [01m[K/home/matylda-hayne/mtrx3760_p2/MTRX3760_PROJECT_2/ros2_ws/src/user_interface/src/user_interface.cpp:1419:21:[m[K [01;35m[Kwarning: [m[Kunused variable â€˜[01m[Kscale_map[m[Kâ€™ [[01;35m[K]8;;https://gcc.gnu.org/onlinedocs/gcc/Warning-Options.html#index-Wunused-variable-Wunused-variable]8;;[m[K]
[2.085s]  1419 |         const float [01;35m[Kscale_map[m[K = 5.0f;
[2.085s]       |                     [01;35m[K^~~~~~~~~[m[K
[4.042s] gmake[2]: *** [CMakeFiles/user_interface.dir/build.make:76: CMakeFiles/user_interface.dir/src/user_interface.cpp.o] Error 1
[4.042s] gmake[1]: *** [CMakeFiles/Makefile2:137: CMakeFiles/user_interface.dir/all] Error 2
[4.042s] gmake: *** [Makefile:146: all] Error 2
[4.044s] Invoked command in '/home/matylda-hayne/mtrx3760_p2/MTRX3760_PROJECT_2/build/user_interface' returned '2': AMENT_PREFIX_PATH=/home/matylda-hayne/mtrx3760_p2/MTRX3760_PROJECT_2/install/shared_interfaces:${AMENT_PREFIX_PATH} CMAKE_PREFIX_PATH=/home/matylda-hayne/mtrx3760_p2/MTRX3760_PROJECT_2/install/shared_interfaces:/home/matylda-hayne/turtlebot3_ws/install/turtlebot3:/home/matylda-hayne/turtlebot3_ws/install/turtlebot3_simulations:/home/matylda-hayne/turtlebot3_ws/install/turtlebot3_bringup:/home/matylda-hayne/turtlebot3_ws/install/turtlebot3_node:/home/matylda-hayne/turtlebot3_ws/install/turtlebot3_navigation2:/home/matylda-hayne/turtlebot3_ws/install/turtlebot3_fake_node:/home/matylda-hayne/turtlebot3_ws/install/turtlebot3_msgs:/home/matylda-hayne/turtlebot3_ws/install/turtlebot3_gazebo:/home/matylda-hayne/turtlebot3_ws/install/turtlebot3_description:/home/matylda-hayne/turtlebot3_ws/install/turtlebot3_cartographer:/home/matylda-hayne/turtlebot3_ws/install/dynamixel_sdk_examples:/home/matylda-hayne/turtlebot3_ws/install/dynamixel_sdk_custom_interfaces:/home/matylda-hayne/turtlebot3_ws/install/dynamixel_sdk:/home/matylda-hayne/install/turtlebot_maze_solver:/home/matylda-hayne/install/polygon_plugins:/home/matylda-hayne/install/polygon_base:/home/matylda-hayne/mtrx3760_ws/install/turtlebot_maze_solver:/opt/ros/jazzy/opt/gz_sim_vendor:/opt/ros/jazzy/opt/gz_sensors_vendor:/opt/ros/jazzy/opt/gz_physics_vendor:/opt/ros/jazzy/opt/sdformat_vendor:/opt/ros/jazzy/opt/gz_gui_vendor:/opt/ros/jazzy/opt/gz_transport_vendor:/opt/ros/jazzy/opt/gz_rendering_vendor:/opt/ros/jazzy/opt/gz_plugin_vendor:/opt/ros/jazzy/opt/gz_fuel_tools_vendor:/opt/ros/jazzy/opt/gz_msgs_vendor:/opt/ros/jazzy/opt/gz_common_vendor:/opt/ros/jazzy/opt/gz_math_vendor:/opt/ros/jazzy/opt/gz_utils_vendor:/opt/ros/jazzy/opt/gz_tools_vendor:/opt/ros/jazzy/opt/gz_ogre_next_vendor:/opt/ros/jazzy/opt/gz_dartsim_vendor:/opt/ros/jazzy/opt/gz_cmake_vendor:/home/matylda-hayne/turtlebot3_ws/install/turtlebot3_teleop:/home/matylda-hayne/turtlebot3_ws/install/turtlebot3_example:/opt/ros/jazzy DEBUGINFOD_URLS=https://debuginfod.ubuntu.com LD_LIBRARY_PATH=/home/matylda-hayne/mtrx3760_p2/MTRX3760_PROJECT_2/install/shared_interfaces/lib:${LD_LIBRARY_PATH} PYTHONPATH=/home/matylda-hayne/mtrx3760_p2/MTRX3760_PROJECT_2/install/shared_interfaces/lib/python3.12/site-packages:${PYTHONPATH} /usr/bin/cmake --build /home/matylda-hayne/mtrx3760_p2/MTRX3760_PROJECT_2/build/user_interface -- -j20 -l20
