[0.011s] Invoking command in '/home/matylda-hayne/mtrx3760_p2/MTRX3760_PROJECT_2/build/user_interface': CMAKE_PREFIX_PATH=/home/matylda-hayne/mtrx3760_p2/MTRX3760_PROJECT_2/install/shared_interfaces:/home/matylda-hayne/mtrx3760_p2/MTRX3760_PROJECT_2/install/user_interface:/home/matylda-hayne/mtrx3760_p2/MTRX3760_PROJECT_2/install/robot:/home/matylda-hayne/turtlebot3_ws/install/turtlebot3:/home/matylda-hayne/turtlebot3_ws/install/turtlebot3_simulations:/home/matylda-hayne/turtlebot3_ws/install/turtlebot3_bringup:/home/matylda-hayne/turtlebot3_ws/install/turtlebot3_node:/home/matylda-hayne/turtlebot3_ws/install/turtlebot3_navigation2:/home/matylda-hayne/turtlebot3_ws/install/turtlebot3_fake_node:/home/matylda-hayne/turtlebot3_ws/install/turtlebot3_msgs:/home/matylda-hayne/turtlebot3_ws/install/turtlebot3_gazebo:/home/matylda-hayne/turtlebot3_ws/install/turtlebot3_description:/home/matylda-hayne/turtlebot3_ws/install/turtlebot3_cartographer:/home/matylda-hayne/turtlebot3_ws/install/dynamixel_sdk_examples:/home/matylda-hayne/turtlebot3_ws/install/dynamixel_sdk_custom_interfaces:/home/matylda-hayne/turtlebot3_ws/install/dynamixel_sdk:/home/matylda-hayne/install/turtlebot_maze_solver:/home/matylda-hayne/install/polygon_plugins:/home/matylda-hayne/install/polygon_base:/home/matylda-hayne/mtrx3760_ws/install/turtlebot_maze_solver:/opt/ros/jazzy/opt/gz_sim_vendor:/opt/ros/jazzy/opt/gz_sensors_vendor:/opt/ros/jazzy/opt/gz_physics_vendor:/opt/ros/jazzy/opt/sdformat_vendor:/opt/ros/jazzy/opt/gz_gui_vendor:/opt/ros/jazzy/opt/gz_transport_vendor:/opt/ros/jazzy/opt/gz_rendering_vendor:/opt/ros/jazzy/opt/gz_plugin_vendor:/opt/ros/jazzy/opt/gz_fuel_tools_vendor:/opt/ros/jazzy/opt/gz_msgs_vendor:/opt/ros/jazzy/opt/gz_common_vendor:/opt/ros/jazzy/opt/gz_math_vendor:/opt/ros/jazzy/opt/gz_utils_vendor:/opt/ros/jazzy/opt/gz_tools_vendor:/opt/ros/jazzy/opt/gz_ogre_next_vendor:/opt/ros/jazzy/opt/gz_dartsim_vendor:/opt/ros/jazzy/opt/gz_cmake_vendor:/home/matylda-hayne/turtlebot3_ws/install/turtlebot3_teleop:/home/matylda-hayne/turtlebot3_ws/install/turtlebot3_example:/opt/ros/jazzy DEBUGINFOD_URLS=https://debuginfod.ubuntu.com /usr/bin/cmake --build /home/matylda-hayne/mtrx3760_p2/MTRX3760_PROJECT_2/build/user_interface -- -j20 -l20
[0.070s] [  9%] [32mBuilding CXX object CMakeFiles/user_interface_lib.dir/src/user_interface.cpp.o[0m
[1.685s] In file included from [01m[K/home/matylda-hayne/mtrx3760_p2/MTRX3760_PROJECT_2/ros2_ws/src/user_interface/src/user_interface.cpp:35[m[K:
[1.685s] [01m[K/home/matylda-hayne/mtrx3760_p2/MTRX3760_PROJECT_2/ros2_ws/src/user_interface/vendor/stb/stb_image_write.h:[m[K In function â€˜[01m[Kint[01;32m[K stbi_write_bmp_to_func[m[K(void (*)(void*, void*, int), void*, int, int, int, const void*)[m[Kâ€™:
[1.685s] [01m[K/home/matylda-hayne/mtrx3760_p2/MTRX3760_PROJECT_2/ros2_ws/src/user_interface/vendor/stb/stb_image_write.h:514:32:[m[K [01;35m[Kwarning: [m[Kmissing initializer for member â€˜[01m[Kstbi__write_context::context[m[Kâ€™ [[01;35m[K]8;;https://gcc.gnu.org/onlinedocs/gcc/Warning-Options.html#index-Wmissing-field-initializers-Wmissing-field-initializers]8;;[m[K]
[1.685s]   514 |    stbi__write_context s = { 0 [01;35m[K}[m[K;
[1.685s]       |                                [01;35m[K^[m[K
[1.685s] [01m[K/home/matylda-hayne/mtrx3760_p2/MTRX3760_PROJECT_2/ros2_ws/src/user_interface/vendor/stb/stb_image_write.h:514:32:[m[K [01;35m[Kwarning: [m[Kmissing initializer for member â€˜[01m[Kstbi__write_context::buffer[m[Kâ€™ [[01;35m[K]8;;https://gcc.gnu.org/onlinedocs/gcc/Warning-Options.html#index-Wmissing-field-initializers-Wmissing-field-initializers]8;;[m[K]
[1.685s] [01m[K/home/matylda-hayne/mtrx3760_p2/MTRX3760_PROJECT_2/ros2_ws/src/user_interface/vendor/stb/stb_image_write.h:514:32:[m[K [01;35m[Kwarning: [m[Kmissing initializer for member â€˜[01m[Kstbi__write_context::buf_used[m[Kâ€™ [[01;35m[K]8;;https://gcc.gnu.org/onlinedocs/gcc/Warning-Options.html#index-Wmissing-field-initializers-Wmissing-field-initializers]8;;[m[K]
[1.685s] [01m[K/home/matylda-hayne/mtrx3760_p2/MTRX3760_PROJECT_2/ros2_ws/src/user_interface/vendor/stb/stb_image_write.h:[m[K In function â€˜[01m[Kint[01;32m[K stbi_write_bmp[m[K(const char*, int, int, int, const void*)[m[Kâ€™:
[1.685s] [01m[K/home/matylda-hayne/mtrx3760_p2/MTRX3760_PROJECT_2/ros2_ws/src/user_interface/vendor/stb/stb_image_write.h:522:32:[m[K [01;35m[Kwarning: [m[Kmissing initializer for member â€˜[01m[Kstbi__write_context::context[m[Kâ€™ [[01;35m[K]8;;https://gcc.gnu.org/onlinedocs/gcc/Warning-Options.html#index-Wmissing-field-initializers-Wmissing-field-initializers]8;;[m[K]
[1.685s]   522 |    stbi__write_context s = { 0 [01;35m[K}[m[K;
[1.685s]       |                                [01;35m[K^[m[K
[1.685s] [01m[K/home/matylda-hayne/mtrx3760_p2/MTRX3760_PROJECT_2/ros2_ws/src/user_interface/vendor/stb/stb_image_write.h:522:32:[m[K [01;35m[Kwarning: [m[Kmissing initializer for member â€˜[01m[Kstbi__write_context::buffer[m[Kâ€™ [[01;35m[K]8;;https://gcc.gnu.org/onlinedocs/gcc/Warning-Options.html#index-Wmissing-field-initializers-Wmissing-field-initializers]8;;[m[K]
[1.686s] [01m[K/home/matylda-hayne/mtrx3760_p2/MTRX3760_PROJECT_2/ros2_ws/src/user_interface/vendor/stb/stb_image_write.h:522:32:[m[K [01;35m[Kwarning: [m[Kmissing initializer for member â€˜[01m[Kstbi__write_context::buf_used[m[Kâ€™ [[01;35m[K]8;;https://gcc.gnu.org/onlinedocs/gcc/Warning-Options.html#index-Wmissing-field-initializers-Wmissing-field-initializers]8;;[m[K]
[1.686s] [01m[K/home/matylda-hayne/mtrx3760_p2/MTRX3760_PROJECT_2/ros2_ws/src/user_interface/vendor/stb/stb_image_write.h:[m[K In function â€˜[01m[Kint[01;32m[K stbi_write_tga_to_func[m[K(void (*)(void*, void*, int), void*, int, int, int, const void*)[m[Kâ€™:
[1.686s] [01m[K/home/matylda-hayne/mtrx3760_p2/MTRX3760_PROJECT_2/ros2_ws/src/user_interface/vendor/stb/stb_image_write.h:613:32:[m[K [01;35m[Kwarning: [m[Kmissing initializer for member â€˜[01m[Kstbi__write_context::context[m[Kâ€™ [[01;35m[K]8;;https://gcc.gnu.org/onlinedocs/gcc/Warning-Options.html#index-Wmissing-field-initializers-Wmissing-field-initializers]8;;[m[K]
[1.686s]   613 |    stbi__write_context s = { 0 [01;35m[K}[m[K;
[1.686s]       |                                [01;35m[K^[m[K
[1.686s] [01m[K/home/matylda-hayne/mtrx3760_p2/MTRX3760_PROJECT_2/ros2_ws/src/user_interface/vendor/stb/stb_image_write.h:613:32:[m[K [01;35m[Kwarning: [m[Kmissing initializer for member â€˜[01m[Kstbi__write_context::buffer[m[Kâ€™ [[01;35m[K]8;;https://gcc.gnu.org/onlinedocs/gcc/Warning-Options.html#index-Wmissing-field-initializers-Wmissing-field-initializers]8;;[m[K]
[1.686s] [01m[K/home/matylda-hayne/mtrx3760_p2/MTRX3760_PROJECT_2/ros2_ws/src/user_interface/vendor/stb/stb_image_write.h:613:32:[m[K [01;35m[Kwarning: [m[Kmissing initializer for member â€˜[01m[Kstbi__write_context::buf_used[m[Kâ€™ [[01;35m[K]8;;https://gcc.gnu.org/onlinedocs/gcc/Warning-Options.html#index-Wmissing-field-initializers-Wmissing-field-initializers]8;;[m[K]
[1.686s] [01m[K/home/matylda-hayne/mtrx3760_p2/MTRX3760_PROJECT_2/ros2_ws/src/user_interface/vendor/stb/stb_image_write.h:[m[K In function â€˜[01m[Kint[01;32m[K stbi_write_tga[m[K(const char*, int, int, int, const void*)[m[Kâ€™:
[1.686s] [01m[K/home/matylda-hayne/mtrx3760_p2/MTRX3760_PROJECT_2/ros2_ws/src/user_interface/vendor/stb/stb_image_write.h:621:32:[m[K [01;35m[Kwarning: [m[Kmissing initializer for member â€˜[01m[Kstbi__write_context::context[m[Kâ€™ [[01;35m[K]8;;https://gcc.gnu.org/onlinedocs/gcc/Warning-Options.html#index-Wmissing-field-initializers-Wmissing-field-initializers]8;;[m[K]
[1.686s]   621 |    stbi__write_context s = { 0 [01;35m[K}[m[K;
[1.686s]       |                                [01;35m[K^[m[K
[1.686s] [01m[K/home/matylda-hayne/mtrx3760_p2/MTRX3760_PROJECT_2/ros2_ws/src/user_interface/vendor/stb/stb_image_write.h:621:32:[m[K [01;35m[Kwarning: [m[Kmissing initializer for member â€˜[01m[Kstbi__write_context::buffer[m[Kâ€™ [[01;35m[K]8;;https://gcc.gnu.org/onlinedocs/gcc/Warning-Options.html#index-Wmissing-field-initializers-Wmissing-field-initializers]8;;[m[K]
[1.686s] [01m[K/home/matylda-hayne/mtrx3760_p2/MTRX3760_PROJECT_2/ros2_ws/src/user_interface/vendor/stb/stb_image_write.h:621:32:[m[K [01;35m[Kwarning: [m[Kmissing initializer for member â€˜[01m[Kstbi__write_context::buf_used[m[Kâ€™ [[01;35m[K]8;;https://gcc.gnu.org/onlinedocs/gcc/Warning-Options.html#index-Wmissing-field-initializers-Wmissing-field-initializers]8;;[m[K]
[1.686s] [01m[K/home/matylda-hayne/mtrx3760_p2/MTRX3760_PROJECT_2/ros2_ws/src/user_interface/vendor/stb/stb_image_write.h:[m[K In function â€˜[01m[Kint[01;32m[K stbi_write_hdr_to_func[m[K(void (*)(void*, void*, int), void*, int, int, int, const float*)[m[Kâ€™:
[1.686s] [01m[K/home/matylda-hayne/mtrx3760_p2/MTRX3760_PROJECT_2/ros2_ws/src/user_interface/vendor/stb/stb_image_write.h:789:32:[m[K [01;35m[Kwarning: [m[Kmissing initializer for member â€˜[01m[Kstbi__write_context::context[m[Kâ€™ [[01;35m[K]8;;https://gcc.gnu.org/onlinedocs/gcc/Warning-Options.html#index-Wmissing-field-initializers-Wmissing-field-initializers]8;;[m[K]
[1.686s]   789 |    stbi__write_context s = { 0 [01;35m[K}[m[K;
[1.686s]       |                                [01;35m[K^[m[K
[1.686s] [01m[K/home/matylda-hayne/mtrx3760_p2/MTRX3760_PROJECT_2/ros2_ws/src/user_interface/vendor/stb/stb_image_write.h:789:32:[m[K [01;35m[Kwarning: [m[Kmissing initializer for member â€˜[01m[Kstbi__write_context::buffer[m[Kâ€™ [[01;35m[K]8;;https://gcc.gnu.org/onlinedocs/gcc/Warning-Options.html#index-Wmissing-field-initializers-Wmissing-field-initializers]8;;[m[K]
[1.686s] [01m[K/home/matylda-hayne/mtrx3760_p2/MTRX3760_PROJECT_2/ros2_ws/src/user_interface/vendor/stb/stb_image_write.h:789:32:[m[K [01;35m[Kwarning: [m[Kmissing initializer for member â€˜[01m[Kstbi__write_context::buf_used[m[Kâ€™ [[01;35m[K]8;;https://gcc.gnu.org/onlinedocs/gcc/Warning-Options.html#index-Wmissing-field-initializers-Wmissing-field-initializers]8;;[m[K]
[1.687s] [01m[K/home/matylda-hayne/mtrx3760_p2/MTRX3760_PROJECT_2/ros2_ws/src/user_interface/vendor/stb/stb_image_write.h:[m[K In function â€˜[01m[Kint[01;32m[K stbi_write_hdr[m[K(const char*, int, int, int, const float*)[m[Kâ€™:
[1.687s] [01m[K/home/matylda-hayne/mtrx3760_p2/MTRX3760_PROJECT_2/ros2_ws/src/user_interface/vendor/stb/stb_image_write.h:796:32:[m[K [01;35m[Kwarning: [m[Kmissing initializer for member â€˜[01m[Kstbi__write_context::context[m[Kâ€™ [[01;35m[K]8;;https://gcc.gnu.org/onlinedocs/gcc/Warning-Options.html#index-Wmissing-field-initializers-Wmissing-field-initializers]8;;[m[K]
[1.687s]   796 |    stbi__write_context s = { 0 [01;35m[K}[m[K;
[1.687s]       |                                [01;35m[K^[m[K
[1.687s] [01m[K/home/matylda-hayne/mtrx3760_p2/MTRX3760_PROJECT_2/ros2_ws/src/user_interface/vendor/stb/stb_image_write.h:796:32:[m[K [01;35m[Kwarning: [m[Kmissing initializer for member â€˜[01m[Kstbi__write_context::buffer[m[Kâ€™ [[01;35m[K]8;;https://gcc.gnu.org/onlinedocs/gcc/Warning-Options.html#index-Wmissing-field-initializers-Wmissing-field-initializers]8;;[m[K]
[1.687s] [01m[K/home/matylda-hayne/mtrx3760_p2/MTRX3760_PROJECT_2/ros2_ws/src/user_interface/vendor/stb/stb_image_write.h:796:32:[m[K [01;35m[Kwarning: [m[Kmissing initializer for member â€˜[01m[Kstbi__write_context::buf_used[m[Kâ€™ [[01;35m[K]8;;https://gcc.gnu.org/onlinedocs/gcc/Warning-Options.html#index-Wmissing-field-initializers-Wmissing-field-initializers]8;;[m[K]
[1.695s] [01m[K/home/matylda-hayne/mtrx3760_p2/MTRX3760_PROJECT_2/ros2_ws/src/user_interface/vendor/stb/stb_image_write.h:[m[K In function â€˜[01m[Kint[01;32m[K stbi_write_jpg_to_func[m[K(void (*)(void*, void*, int), void*, int, int, int, const void*, int)[m[Kâ€™:
[1.695s] [01m[K/home/matylda-hayne/mtrx3760_p2/MTRX3760_PROJECT_2/ros2_ws/src/user_interface/vendor/stb/stb_image_write.h:1609:32:[m[K [01;35m[Kwarning: [m[Kmissing initializer for member â€˜[01m[Kstbi__write_context::context[m[Kâ€™ [[01;35m[K]8;;https://gcc.gnu.org/onlinedocs/gcc/Warning-Options.html#index-Wmissing-field-initializers-Wmissing-field-initializers]8;;[m[K]
[1.695s]  1609 |    stbi__write_context s = { 0 [01;35m[K}[m[K;
[1.695s]       |                                [01;35m[K^[m[K
[1.695s] [01m[K/home/matylda-hayne/mtrx3760_p2/MTRX3760_PROJECT_2/ros2_ws/src/user_interface/vendor/stb/stb_image_write.h:1609:32:[m[K [01;35m[Kwarning: [m[Kmissing initializer for member â€˜[01m[Kstbi__write_context::buffer[m[Kâ€™ [[01;35m[K]8;;https://gcc.gnu.org/onlinedocs/gcc/Warning-Options.html#index-Wmissing-field-initializers-Wmissing-field-initializers]8;;[m[K]
[1.695s] [01m[K/home/matylda-hayne/mtrx3760_p2/MTRX3760_PROJECT_2/ros2_ws/src/user_interface/vendor/stb/stb_image_write.h:1609:32:[m[K [01;35m[Kwarning: [m[Kmissing initializer for member â€˜[01m[Kstbi__write_context::buf_used[m[Kâ€™ [[01;35m[K]8;;https://gcc.gnu.org/onlinedocs/gcc/Warning-Options.html#index-Wmissing-field-initializers-Wmissing-field-initializers]8;;[m[K]
[1.695s] [01m[K/home/matylda-hayne/mtrx3760_p2/MTRX3760_PROJECT_2/ros2_ws/src/user_interface/vendor/stb/stb_image_write.h:[m[K In function â€˜[01m[Kint[01;32m[K stbi_write_jpg[m[K(const char*, int, int, int, const void*, int)[m[Kâ€™:
[1.695s] [01m[K/home/matylda-hayne/mtrx3760_p2/MTRX3760_PROJECT_2/ros2_ws/src/user_interface/vendor/stb/stb_image_write.h:1618:32:[m[K [01;35m[Kwarning: [m[Kmissing initializer for member â€˜[01m[Kstbi__write_context::context[m[Kâ€™ [[01;35m[K]8;;https://gcc.gnu.org/onlinedocs/gcc/Warning-Options.html#index-Wmissing-field-initializers-Wmissing-field-initializers]8;;[m[K]
[1.695s]  1618 |    stbi__write_context s = { 0 [01;35m[K}[m[K;
[1.695s]       |                                [01;35m[K^[m[K
[1.695s] [01m[K/home/matylda-hayne/mtrx3760_p2/MTRX3760_PROJECT_2/ros2_ws/src/user_interface/vendor/stb/stb_image_write.h:1618:32:[m[K [01;35m[Kwarning: [m[Kmissing initializer for member â€˜[01m[Kstbi__write_context::buffer[m[Kâ€™ [[01;35m[K]8;;https://gcc.gnu.org/onlinedocs/gcc/Warning-Options.html#index-Wmissing-field-initializers-Wmissing-field-initializers]8;;[m[K]
[1.695s] [01m[K/home/matylda-hayne/mtrx3760_p2/MTRX3760_PROJECT_2/ros2_ws/src/user_interface/vendor/stb/stb_image_write.h:1618:32:[m[K [01;35m[Kwarning: [m[Kmissing initializer for member â€˜[01m[Kstbi__write_context::buf_used[m[Kâ€™ [[01;35m[K]8;;https://gcc.gnu.org/onlinedocs/gcc/Warning-Options.html#index-Wmissing-field-initializers-Wmissing-field-initializers]8;;[m[K]
[1.721s] [01m[K/home/matylda-hayne/mtrx3760_p2/MTRX3760_PROJECT_2/ros2_ws/src/user_interface/src/user_interface.cpp:[m[K In destructor â€˜[01m[KUserInterface::[01;32m[K~UserInterface[m[K()[m[Kâ€™:
[1.721s] [01m[K/home/matylda-hayne/mtrx3760_p2/MTRX3760_PROJECT_2/ros2_ws/src/user_interface/src/user_interface.cpp:172:9:[m[K [01;31m[Kerror: [m[Kâ€˜[01m[Kpascal_texture_[m[Kâ€™ was not declared in this scope
[1.721s]   172 |     if ([01;31m[Kpascal_texture_[m[K != 0)
[1.721s]       |         [01;31m[K^~~~~~~~~~~~~~~[m[K
[1.736s] [01m[K/home/matylda-hayne/mtrx3760_p2/MTRX3760_PROJECT_2/ros2_ws/src/user_interface/src/user_interface.cpp:174:9:[m[K [01;31m[Kerror: [m[Kâ€˜[01m[Kmap_texture_[m[Kâ€™ was not declared in this scope
[1.736s]   174 |     if ([01;31m[Kmap_texture_[m[K != 0)
[1.736s]       |         [01;31m[K^~~~~~~~~~~~[m[K
[1.746s] [01m[K/home/matylda-hayne/mtrx3760_p2/MTRX3760_PROJECT_2/ros2_ws/src/user_interface/src/user_interface.cpp:[m[K In member function â€˜[01m[Kbool UserInterface::[01;32m[KInitialize[m[K()[m[Kâ€™:
[1.746s] [01m[K/home/matylda-hayne/mtrx3760_p2/MTRX3760_PROJECT_2/ros2_ws/src/user_interface/src/user_interface.cpp:221:5:[m[K [01;31m[Kerror: [m[Kâ€˜[01m[Knode_[m[Kâ€™ was not declared in this scope; did you mean â€˜[01m[Kmode_t[m[Kâ€™?
[1.746s]   221 |     [01;31m[Knode_[m[K = rclcpp::Node::make_shared("user_interface");
[1.746s]       |     [01;31m[K^~~~~[m[K
[1.746s]       |     [32m[Kmode_t[m[K
[1.755s] [01m[K/home/matylda-hayne/mtrx3760_p2/MTRX3760_PROJECT_2/ros2_ws/src/user_interface/src/user_interface.cpp:222:5:[m[K [01;31m[Kerror: [m[Kâ€˜[01m[Kclient_[m[Kâ€™ was not declared in this scope
[1.755s]   222 |     [01;31m[Kclient_[m[K = node_->create_client<shared_interfaces::srv::RobotType>("/robot_type");
[1.755s]       |     [01;31m[K^~~~~~~[m[K
[1.755s] [01m[K/home/matylda-hayne/mtrx3760_p2/MTRX3760_PROJECT_2/ros2_ws/src/user_interface/src/user_interface.cpp:222:69:[m[K [01;31m[Kerror: [m[Kexpected primary-expression before â€˜[01m[K>[m[Kâ€™ token
[1.755s]   222 |     client_ = node_->create_client<shared_interfaces::srv::RobotType[01;31m[K>[m[K("/robot_type");
[1.756s]       |                                                                     [01;31m[K^[m[K
[1.770s] [01m[K/home/matylda-hayne/mtrx3760_p2/MTRX3760_PROJECT_2/ros2_ws/src/user_interface/src/user_interface.cpp:225:5:[m[K [01;31m[Kerror: [m[Kâ€˜[01m[Kbattery_sub_[m[Kâ€™ was not declared in this scope
[1.770s]   225 |     [01;31m[Kbattery_sub_[m[K = node_->create_subscription<std_msgs::msg::Int32>(
[1.770s]       |     [01;31m[K^~~~~~~~~~~~[m[K
[1.770s] [01m[K/home/matylda-hayne/mtrx3760_p2/MTRX3760_PROJECT_2/ros2_ws/src/user_interface/src/user_interface.cpp:225:67:[m[K [01;31m[Kerror: [m[Kexpected primary-expression before â€˜[01m[K>[m[Kâ€™ token
[1.770s]   225 |     battery_sub_ = node_->create_subscription<std_msgs::msg::Int32[01;31m[K>[m[K(
[1.770s]       |                                                                   [01;31m[K^[m[K
[1.770s] [01m[K/home/matylda-hayne/mtrx3760_p2/MTRX3760_PROJECT_2/ros2_ws/src/user_interface/src/user_interface.cpp:226:9:[m[K [01;35m[Kwarning: [m[Kleft operand of comma operator has no effect [[01;35m[K]8;;https://gcc.gnu.org/onlinedocs/gcc/Warning-Options.html#index-Wunused-value-Wunused-value]8;;[m[K]
[1.770s]   226 |         [01;35m[K"/battery_level"[m[K, 10,
[1.771s]       |         [01;35m[K^~~~~~~~~~~~~~~~[m[K
[1.790s] [01m[K/home/matylda-hayne/mtrx3760_p2/MTRX3760_PROJECT_2/ros2_ws/src/user_interface/src/user_interface.cpp:[m[K In lambda function:
[1.790s] [01m[K/home/matylda-hayne/mtrx3760_p2/MTRX3760_PROJECT_2/ros2_ws/src/user_interface/src/user_interface.cpp:230:13:[m[K [01;31m[Kerror: [m[Kâ€˜[01m[Kbattery_level_[m[Kâ€™ was not declared in this scope
[1.790s]   230 |             [01;31m[Kbattery_level_[m[K.store(v);
[1.790s]       |             [01;31m[K^~~~~~~~~~~~~~[m[K
[1.791s] [01m[K/home/matylda-hayne/mtrx3760_p2/MTRX3760_PROJECT_2/ros2_ws/src/user_interface/src/user_interface.cpp:[m[K In member function â€˜[01m[Kbool UserInterface::[01;32m[KInitialize[m[K()[m[Kâ€™:
[1.791s] [01m[K/home/matylda-hayne/mtrx3760_p2/MTRX3760_PROJECT_2/ros2_ws/src/user_interface/src/user_interface.cpp:231:9:[m[K [01;35m[Kwarning: [m[Kright operand of comma operator has no effect [[01;35m[K]8;;https://gcc.gnu.org/onlinedocs/gcc/Warning-Options.html#index-Wunused-value-Wunused-value]8;;[m[K]
[1.791s]   231 |         [01;35m[K}[m[K);
[1.791s]       |         [01;35m[K^[m[K
[1.815s] [01m[K/home/matylda-hayne/mtrx3760_p2/MTRX3760_PROJECT_2/ros2_ws/src/user_interface/src/user_interface.cpp:233:5:[m[K [01;31m[Kerror: [m[Kâ€˜[01m[Kcurrent_type_sub_[m[Kâ€™ was not declared in this scope
[1.815s]   233 |     [01;31m[Kcurrent_type_sub_[m[K = node_->create_subscription<std_msgs::msg::String>(
[1.815s]       |     [01;31m[K^~~~~~~~~~~~~~~~~[m[K
[1.815s] [01m[K/home/matylda-hayne/mtrx3760_p2/MTRX3760_PROJECT_2/ros2_ws/src/user_interface/src/user_interface.cpp:233:73:[m[K [01;31m[Kerror: [m[Kexpected primary-expression before â€˜[01m[K>[m[Kâ€™ token
[1.815s]   233 |     current_type_sub_ = node_->create_subscription<std_msgs::msg::String[01;31m[K>[m[K(
[1.815s]       |                                                                         [01;31m[K^[m[K
[1.815s] [01m[K/home/matylda-hayne/mtrx3760_p2/MTRX3760_PROJECT_2/ros2_ws/src/user_interface/src/user_interface.cpp:234:9:[m[K [01;35m[Kwarning: [m[Kleft operand of comma operator has no effect [[01;35m[K]8;;https://gcc.gnu.org/onlinedocs/gcc/Warning-Options.html#index-Wunused-value-Wunused-value]8;;[m[K]
[1.815s]   234 |         [01;35m[K"/current_type"[m[K, 10,
[1.815s]       |         [01;35m[K^~~~~~~~~~~~~~~[m[K
[1.835s] [01m[K/home/matylda-hayne/mtrx3760_p2/MTRX3760_PROJECT_2/ros2_ws/src/user_interface/src/user_interface.cpp:[m[K In lambda function:
[1.835s] [01m[K/home/matylda-hayne/mtrx3760_p2/MTRX3760_PROJECT_2/ros2_ws/src/user_interface/src/user_interface.cpp:237:13:[m[K [01;31m[Kerror: [m[Kâ€˜[01m[Kcurrent_type_[m[Kâ€™ was not declared in this scope
[1.835s]   237 |             [01;31m[Kcurrent_type_[m[K = msg->data;
[1.835s]       |             [01;31m[K^~~~~~~~~~~~~[m[K
[1.835s] In file included from [01m[K/opt/ros/jazzy/include/rclcpp/rclcpp/copy_all_parameter_values.hpp:27[m[K,
[1.835s]                  from [01m[K/opt/ros/jazzy/include/rclcpp/rclcpp/rclcpp.hpp:171[m[K,
[1.836s]                  from [01m[K/home/matylda-hayne/mtrx3760_p2/MTRX3760_PROJECT_2/ros2_ws/src/user_interface/include/user_interface/user_interface.hpp:4[m[K,
[1.836s]                  from [01m[K/home/matylda-hayne/mtrx3760_p2/MTRX3760_PROJECT_2/ros2_ws/src/user_interface/src/user_interface.cpp:3[m[K:
[1.836s] [01m[K/home/matylda-hayne/mtrx3760_p2/MTRX3760_PROJECT_2/ros2_ws/src/user_interface/src/user_interface.cpp:238:13:[m[K [01;31m[Kerror: [m[Ktemplate argument 1 is invalid
[1.836s]   238 |             [01;31m[KRCLCPP_INFO[m[K(node_->get_logger(), "Robot type: %s", msg->data.c_str());
[1.836s]       |             [01;31m[K^~~~~~~~~~~[m[K
[1.836s] [01m[K/home/matylda-hayne/mtrx3760_p2/MTRX3760_PROJECT_2/ros2_ws/src/user_interface/src/user_interface.cpp:238:13:[m[K [01;31m[Kerror: [m[Ktemplate argument 1 is invalid
[1.836s]   238 |             [01;31m[KRCLCPP_INFO[m[K(node_->get_logger(), "Robot type: %s", msg->data.c_str());
[1.836s]       |             [01;31m[K^~~~~~~~~~~[m[K
[1.836s] [01m[K/home/matylda-hayne/mtrx3760_p2/MTRX3760_PROJECT_2/ros2_ws/src/user_interface/src/user_interface.cpp:238:13:[m[K [01;31m[Kerror: [m[Ktemplate argument 1 is invalid
[1.836s]   238 |             [01;31m[KRCLCPP_INFO[m[K(node_->get_logger(), "Robot type: %s", msg->data.c_str());
[1.836s]       |             [01;31m[K^~~~~~~~~~~[m[K
[1.836s] In file included from [01m[K/opt/ros/jazzy/include/rclcpp/rclcpp/logging.hpp:24[m[K:
[1.836s] [01m[K/home/matylda-hayne/mtrx3760_p2/MTRX3760_PROJECT_2/ros2_ws/src/user_interface/src/user_interface.cpp:238:25:[m[K [01;31m[Kerror: [m[Kâ€˜[01m[Knode_[m[Kâ€™ is not captured
[1.836s]   238 |             RCLCPP_INFO([01;31m[Knode_[m[K->get_logger(), "Robot type: %s", msg->data.c_str());
[1.837s]       |                         [01;31m[K^~~~~[m[K
[1.837s] [01m[K/home/matylda-hayne/mtrx3760_p2/MTRX3760_PROJECT_2/ros2_ws/src/user_interface/src/user_interface.cpp:235:14:[m[K [01;36m[Knote: [m[Kthe lambda has no capture-default
[1.837s]   235 |         [this[01;36m[K][m[K(const std_msgs::msg::String::SharedPtr msg)
[1.837s]       |              [01;36m[K^[m[K
[1.837s] [01m[K/home/matylda-hayne/mtrx3760_p2/MTRX3760_PROJECT_2/ros2_ws/src/user_interface/src/user_interface.cpp:221:5:[m[K [01;36m[Knote: [m[Kâ€˜[01m[K<typeprefixerror>node_[m[Kâ€™ declared here
[1.837s]   221 |     [01;36m[Knode_[m[K = rclcpp::Node::make_shared("user_interface");
[1.837s]       |     [01;36m[K^~~~~[m[K
[1.837s] [01m[K/home/matylda-hayne/mtrx3760_p2/MTRX3760_PROJECT_2/ros2_ws/src/user_interface/src/user_interface.cpp:238:25:[m[K [01;31m[Kerror: [m[Kâ€˜[01m[Knode_[m[Kâ€™ is not captured
[1.837s]   238 |             RCLCPP_INFO([01;31m[Knode_[m[K->get_logger(), "Robot type: %s", msg->data.c_str());
[1.837s]       |                         [01;31m[K^~~~~[m[K
[1.837s] [01m[K/home/matylda-hayne/mtrx3760_p2/MTRX3760_PROJECT_2/ros2_ws/src/user_interface/src/user_interface.cpp:235:14:[m[K [01;36m[Knote: [m[Kthe lambda has no capture-default
[1.837s]   235 |         [this[01;36m[K][m[K(const std_msgs::msg::String::SharedPtr msg)
[1.837s]       |              [01;36m[K^[m[K
[1.837s] [01m[K/home/matylda-hayne/mtrx3760_p2/MTRX3760_PROJECT_2/ros2_ws/src/user_interface/src/user_interface.cpp:221:5:[m[K [01;36m[Knote: [m[Kâ€˜[01m[K<typeprefixerror>node_[m[Kâ€™ declared here
[1.837s]   221 |     [01;36m[Knode_[m[K = rclcpp::Node::make_shared("user_interface");
[1.837s]       |     [01;36m[K^~~~~[m[K
[1.837s] [01m[K/home/matylda-hayne/mtrx3760_p2/MTRX3760_PROJECT_2/ros2_ws/src/user_interface/src/user_interface.cpp:[m[K In member function â€˜[01m[Kbool UserInterface::[01;32m[KInitialize[m[K()[m[Kâ€™:
[1.837s] [01m[K/home/matylda-hayne/mtrx3760_p2/MTRX3760_PROJECT_2/ros2_ws/src/user_interface/src/user_interface.cpp:239:9:[m[K [01;35m[Kwarning: [m[Kright operand of comma operator has no effect [[01;35m[K]8;;https://gcc.gnu.org/onlinedocs/gcc/Warning-Options.html#index-Wunused-value-Wunused-value]8;;[m[K]
[1.837s]   239 |         [01;35m[K}[m[K);
[1.837s]       |         [01;35m[K^[m[K
[1.864s] [01m[K/home/matylda-hayne/mtrx3760_p2/MTRX3760_PROJECT_2/ros2_ws/src/user_interface/src/user_interface.cpp:242:5:[m[K [01;31m[Kerror: [m[Kâ€˜[01m[Kpackage_share_dir_[m[Kâ€™ was not declared in this scope
[1.864s]   242 |     [01;31m[Kpackage_share_dir_[m[K = ament_index_cpp::get_package_share_directory("user_interface");
[1.864s]       |     [01;31m[K^~~~~~~~~~~~~~~~~~[m[K
[1.878s] [01m[K/home/matylda-hayne/mtrx3760_p2/MTRX3760_PROJECT_2/ros2_ws/src/user_interface/src/user_interface.cpp:243:5:[m[K [01;31m[Kerror: [m[Kâ€˜[01m[Kimage_path_[m[Kâ€™ was not declared in this scope
[1.878s]   243 |     [01;31m[Kimage_path_[m[K = package_share_dir_ + "/resources/pascal.png";
[1.878s]       |     [01;31m[K^~~~~~~~~~~[m[K
[1.896s] [01m[K/home/matylda-hayne/mtrx3760_p2/MTRX3760_PROJECT_2/ros2_ws/src/user_interface/src/user_interface.cpp:253:13:[m[K [01;31m[Kerror: [m[Kâ€˜[01m[Kpascal_intro_[m[Kâ€™ was not declared in this scope
[1.896s]   253 |             [01;31m[Kpascal_intro_[m[K = ss.str();
[1.896s]       |             [01;31m[K^~~~~~~~~~~~~[m[K
[1.914s] [01m[K/home/matylda-hayne/mtrx3760_p2/MTRX3760_PROJECT_2/ros2_ws/src/user_interface/src/user_interface.cpp:257:13:[m[K [01;31m[Kerror: [m[Kâ€˜[01m[Kpascal_intro_[m[Kâ€™ was not declared in this scope
[1.914s]   257 |             [01;31m[Kpascal_intro_[m[K = "Welcome to Pascal, your warehouse assistant robot!";
[1.915s]       |             [01;31m[K^~~~~~~~~~~~~[m[K
[1.936s] [01m[K/home/matylda-hayne/mtrx3760_p2/MTRX3760_PROJECT_2/ros2_ws/src/user_interface/src/user_interface.cpp:268:13:[m[K [01;31m[Kerror: [m[Kâ€˜[01m[Kpascal_serial_[m[Kâ€™ was not declared in this scope
[1.936s]   268 |             [01;31m[Kpascal_serial_[m[K = ss.str();
[1.936s]       |             [01;31m[K^~~~~~~~~~~~~~[m[K
[1.956s] [01m[K/home/matylda-hayne/mtrx3760_p2/MTRX3760_PROJECT_2/ros2_ws/src/user_interface/src/user_interface.cpp:272:13:[m[K [01;31m[Kerror: [m[Kâ€˜[01m[Kpascal_serial_[m[Kâ€™ was not declared in this scope
[1.957s]   272 |             [01;31m[Kpascal_serial_[m[K = "Serial ID Unavailable";
[1.957s]       |             [01;31m[K^~~~~~~~~~~~~~[m[K
[1.978s] [01m[K/home/matylda-hayne/mtrx3760_p2/MTRX3760_PROJECT_2/ros2_ws/src/user_interface/src/user_interface.cpp:278:61:[m[K [01;31m[Kerror: [m[Kâ€˜[01m[Kpascal_texture_[m[Kâ€™ was not declared in this scope
[1.978s]   278 |         bool ok = LoadTextureFromFile(image_path_.c_str(), &[01;31m[Kpascal_texture_[m[K, &pascal_width_, &pascal_height_);
[1.978s]       |                                                             [01;31m[K^~~~~~~~~~~~~~~[m[K
[1.995s] [01m[K/home/matylda-hayne/mtrx3760_p2/MTRX3760_PROJECT_2/ros2_ws/src/user_interface/src/user_interface.cpp:278:79:[m[K [01;31m[Kerror: [m[Kâ€˜[01m[Kpascal_width_[m[Kâ€™ was not declared in this scope
[1.995s]   278 |         bool ok = LoadTextureFromFile(image_path_.c_str(), &pascal_texture_, &[01;31m[Kpascal_width_[m[K, &pascal_height_);
[1.995s]       |                                                                               [01;31m[K^~~~~~~~~~~~~[m[K
[2.015s] [01m[K/home/matylda-hayne/mtrx3760_p2/MTRX3760_PROJECT_2/ros2_ws/src/user_interface/src/user_interface.cpp:278:95:[m[K [01;31m[Kerror: [m[Kâ€˜[01m[Kpascal_height_[m[Kâ€™ was not declared in this scope
[2.015s]   278 |         bool ok = LoadTextureFromFile(image_path_.c_str(), &pascal_texture_, &pascal_width_, &[01;31m[Kpascal_height_[m[K);
[2.015s]       |                                                                                               [01;31m[K^~~~~~~~~~~~~~[m[K
[2.041s] [01m[K/home/matylda-hayne/mtrx3760_p2/MTRX3760_PROJECT_2/ros2_ws/src/user_interface/src/user_interface.cpp:292:13:[m[K [01;31m[Kerror: [m[Kâ€˜[01m[Kmap_resolution_[m[Kâ€™ was not declared in this scope
[2.041s]   292 |             [01;31m[Kmap_resolution_[m[K = cfg["resolution"].as<double>();
[2.041s]       |             [01;31m[K^~~~~~~~~~~~~~~[m[K
[2.054s] [01m[K/home/matylda-hayne/mtrx3760_p2/MTRX3760_PROJECT_2/ros2_ws/src/user_interface/src/user_interface.cpp:294:13:[m[K [01;31m[Kerror: [m[Kâ€˜[01m[Kmap_origin_[m[Kâ€™ was not declared in this scope
[2.054s]   294 |             [01;31m[Kmap_origin_[m[K[0] = origin_node[0].as<double>();
[2.054s]       |             [01;31m[K^~~~~~~~~~~[m[K
[2.068s] [01m[K/home/matylda-hayne/mtrx3760_p2/MTRX3760_PROJECT_2/ros2_ws/src/user_interface/src/user_interface.cpp:308:66:[m[K [01;31m[Kerror: [m[Kâ€˜[01m[Kmap_texture_[m[Kâ€™ was not declared in this scope
[2.068s]   308 |             if (!LoadTextureFromFile(png_path.string().c_str(), &[01;31m[Kmap_texture_[m[K, &map_w_, &map_h_))
[2.068s]       |                                                                  [01;31m[K^~~~~~~~~~~~[m[K
[2.077s] [01m[K/home/matylda-hayne/mtrx3760_p2/MTRX3760_PROJECT_2/ros2_ws/src/user_interface/src/user_interface.cpp:308:81:[m[K [01;31m[Kerror: [m[Kâ€˜[01m[Kmap_w_[m[Kâ€™ was not declared in this scope
[2.077s]   308 |             if (!LoadTextureFromFile(png_path.string().c_str(), &map_texture_, &[01;31m[Kmap_w_[m[K, &map_h_))
[2.077s]       |                                                                                 [01;31m[K^~~~~~[m[K
[2.086s] [01m[K/home/matylda-hayne/mtrx3760_p2/MTRX3760_PROJECT_2/ros2_ws/src/user_interface/src/user_interface.cpp:308:90:[m[K [01;31m[Kerror: [m[Kâ€˜[01m[Kmap_h_[m[Kâ€™ was not declared in this scope
[2.086s]   308 |             if (!LoadTextureFromFile(png_path.string().c_str(), &map_texture_, &map_w_, &[01;31m[Kmap_h_[m[K))
[2.086s]       |                                                                                          [01;31m[K^~~~~~[m[K
[2.097s] [01m[K/home/matylda-hayne/mtrx3760_p2/MTRX3760_PROJECT_2/ros2_ws/src/user_interface/src/user_interface.cpp:314:13:[m[K [01;31m[Kerror: [m[Kâ€˜[01m[Kmap_data_[m[Kâ€™ was not declared in this scope
[2.097s]   314 |             [01;31m[Kmap_data_[m[K = loadPGM(pgm_path.string(), map_w_, map_h_);
[2.097s]       |             [01;31m[K^~~~~~~~~[m[K
[2.106s] [01m[K/home/matylda-hayne/mtrx3760_p2/MTRX3760_PROJECT_2/ros2_ws/src/user_interface/src/user_interface.cpp:314:52:[m[K [01;31m[Kerror: [m[Kâ€˜[01m[Kmap_w_[m[Kâ€™ was not declared in this scope
[2.106s]   314 |             map_data_ = loadPGM(pgm_path.string(), [01;31m[Kmap_w_[m[K, map_h_);
[2.106s]       |                                                    [01;31m[K^~~~~~[m[K
[2.115s] [01m[K/home/matylda-hayne/mtrx3760_p2/MTRX3760_PROJECT_2/ros2_ws/src/user_interface/src/user_interface.cpp:314:60:[m[K [01;31m[Kerror: [m[Kâ€˜[01m[Kmap_h_[m[Kâ€™ was not declared in this scope
[2.115s]   314 |             map_data_ = loadPGM(pgm_path.string(), map_w_, [01;31m[Kmap_h_[m[K);
[2.115s]       |                                                            [01;31m[K^~~~~~[m[K
[2.139s] [01m[K/home/matylda-hayne/mtrx3760_p2/MTRX3760_PROJECT_2/ros2_ws/src/user_interface/src/user_interface.cpp:332:5:[m[K [01;31m[Kerror: [m[Kâ€˜[01m[Kdefault_font_[m[Kâ€™ was not declared in this scope
[2.139s]   332 |     [01;31m[Kdefault_font_[m[K = io.Fonts->AddFontFromFileTTF(font_path.c_str(), 60.0f);
[2.139s]       |     [01;31m[K^~~~~~~~~~~~~[m[K
[2.153s] [01m[K/home/matylda-hayne/mtrx3760_p2/MTRX3760_PROJECT_2/ros2_ws/src/user_interface/src/user_interface.cpp:337:5:[m[K [01;31m[Kerror: [m[Kâ€˜[01m[Kbold_font_[m[Kâ€™ was not declared in this scope
[2.153s]   337 |     [01;31m[Kbold_font_[m[K = io.Fonts->AddFontFromFileTTF(bold_path.c_str(), 60.0f);
[2.154s]       |     [01;31m[K^~~~~~~~~~[m[K
[2.175s] [01m[K/home/matylda-hayne/mtrx3760_p2/MTRX3760_PROJECT_2/ros2_ws/src/user_interface/src/user_interface.cpp:338:5:[m[K [01;31m[Kerror: [m[Kâ€˜[01m[Kbig_bold_font_[m[Kâ€™ was not declared in this scope
[2.175s]   338 |     [01;31m[Kbig_bold_font_[m[K = io.Fonts->AddFontFromFileTTF(bold_path.c_str(), 100.0f);
[2.175s]       |     [01;31m[K^~~~~~~~~~~~~~[m[K
[2.192s] [01m[K/home/matylda-hayne/mtrx3760_p2/MTRX3760_PROJECT_2/ros2_ws/src/user_interface/src/user_interface.cpp:343:5:[m[K [01;31m[Kerror: [m[Kâ€˜[01m[Kitalic_font_[m[Kâ€™ was not declared in this scope
[2.192s]   343 |     [01;31m[Kitalic_font_[m[K = io.Fonts->AddFontFromFileTTF(it_path.c_str(), 60.0f);
[2.192s]       |     [01;31m[K^~~~~~~~~~~~[m[K
[2.204s] [01m[K/home/matylda-hayne/mtrx3760_p2/MTRX3760_PROJECT_2/ros2_ws/src/user_interface/src/user_interface.cpp:345:5:[m[K [01;31m[Kerror: [m[Kâ€˜[01m[Kbig_font_[m[Kâ€™ was not declared in this scope
[2.204s]   345 |     [01;31m[Kbig_font_[m[K = io.Fonts->AddFontFromFileTTF(font_path.c_str(), 100.0f);
[2.204s]       |     [01;31m[K^~~~~~~~~[m[K
[2.224s] [01m[K/home/matylda-hayne/mtrx3760_p2/MTRX3760_PROJECT_2/ros2_ws/src/user_interface/src/user_interface.cpp:346:5:[m[K [01;31m[Kerror: [m[Kâ€˜[01m[Kmedium_font_[m[Kâ€™ was not declared in this scope
[2.224s]   346 |     [01;31m[Kmedium_font_[m[K = io.Fonts->AddFontFromFileTTF(font_path.c_str(), 80.0f);
[2.224s]       |     [01;31m[K^~~~~~~~~~~~[m[K
[2.236s] [01m[K/home/matylda-hayne/mtrx3760_p2/MTRX3760_PROJECT_2/ros2_ws/src/user_interface/src/user_interface.cpp:347:5:[m[K [01;31m[Kerror: [m[Kâ€˜[01m[Kmini_font_[m[Kâ€™ was not declared in this scope
[2.236s]   347 |     [01;31m[Kmini_font_[m[K = io.Fonts->AddFontFromFileTTF(font_path.c_str(), 40.0f);
[2.236s]       |     [01;31m[K^~~~~~~~~~[m[K
[2.262s] [01m[K/home/matylda-hayne/mtrx3760_p2/MTRX3760_PROJECT_2/ros2_ws/src/user_interface/src/user_interface.cpp:348:5:[m[K [01;31m[Kerror: [m[Kâ€˜[01m[Kmini_italic_font_[m[Kâ€™ was not declared in this scope
[2.262s]   348 |     [01;31m[Kmini_italic_font_[m[K = io.Fonts->AddFontFromFileTTF(it_path.c_str(), 40.0f);
[2.262s]       |     [01;31m[K^~~~~~~~~~~~~~~~~[m[K
[2.272s] [01m[K/home/matylda-hayne/mtrx3760_p2/MTRX3760_PROJECT_2/ros2_ws/src/user_interface/src/user_interface.cpp:[m[K In member function â€˜[01m[Kvoid UserInterface::[01;32m[KRun[m[K()[m[Kâ€™:
[2.272s] [01m[K/home/matylda-hayne/mtrx3760_p2/MTRX3760_PROJECT_2/ros2_ws/src/user_interface/src/user_interface.cpp:366:27:[m[K [01;31m[Kerror: [m[Kâ€˜[01m[Knode_[m[Kâ€™ was not declared in this scope; did you mean â€˜[01m[Kmode_t[m[Kâ€™?
[2.272s]   366 |         rclcpp::spin_some([01;31m[Knode_[m[K);
[2.272s]       |                           [01;31m[K^~~~~[m[K
[2.272s]       |                           [32m[Kmode_t[m[K
[2.289s] [01m[K/home/matylda-hayne/mtrx3760_p2/MTRX3760_PROJECT_2/ros2_ws/src/user_interface/src/user_interface.cpp:382:27:[m[K [01;31m[Kerror: [m[Kâ€˜[01m[Kpascal_width_[m[Kâ€™ was not declared in this scope
[2.289s]   382 |         float desired_w = [01;31m[Kpascal_width_[m[K * 2.0f + 40.0f; // scale ~2
[2.289s]       |                           [01;31m[K^~~~~~~~~~~~~[m[K
[2.306s] [01m[K/home/matylda-hayne/mtrx3760_p2/MTRX3760_PROJECT_2/ros2_ws/src/user_interface/src/user_interface.cpp:388:17:[m[K [01;31m[Kerror: [m[Kâ€˜[01m[Kmedium_font_[m[Kâ€™ was not declared in this scope
[2.306s]   388 |             if ([01;31m[Kmedium_font_[m[K)
[2.306s]       |                 [01;31m[K^~~~~~~~~~~~[m[K
[2.326s] [01m[K/home/matylda-hayne/mtrx3760_p2/MTRX3760_PROJECT_2/ros2_ws/src/user_interface/src/user_interface.cpp:394:17:[m[K [01;31m[Kerror: [m[Kâ€˜[01m[Kmedium_font_[m[Kâ€™ was not declared in this scope
[2.326s]   394 |             if ([01;31m[Kmedium_font_[m[K)
[2.326s]       |                 [01;31m[K^~~~~~~~~~~~[m[K
[2.347s] [01m[K/home/matylda-hayne/mtrx3760_p2/MTRX3760_PROJECT_2/ros2_ws/src/user_interface/src/user_interface.cpp:400:17:[m[K [01;31m[Kerror: [m[Kâ€˜[01m[Kpascal_texture_[m[Kâ€™ was not declared in this scope
[2.347s]   400 |             if ([01;31m[Kpascal_texture_[m[K)
[2.347s]       |                 [01;31m[K^~~~~~~~~~~~~~~[m[K
[2.366s] [01m[K/home/matylda-hayne/mtrx3760_p2/MTRX3760_PROJECT_2/ros2_ws/src/user_interface/src/user_interface.cpp:404:32:[m[K [01;31m[Kerror: [m[Kâ€˜[01m[Kpascal_height_[m[Kâ€™ was not declared in this scope
[2.366s]   404 |                 float draw_h = [01;31m[Kpascal_height_[m[K * scale;
[2.366s]       |                                [01;31m[K^~~~~~~~~~~~~~[m[K
[2.388s] [01m[K/home/matylda-hayne/mtrx3760_p2/MTRX3760_PROJECT_2/ros2_ws/src/user_interface/src/user_interface.cpp:421:49:[m[K [01;31m[Kerror: [m[Kâ€˜[01m[Kpascal_serial_[m[Kâ€™ was not declared in this scope
[2.388s]   421 |             ImGui::TextWrapped("Serial ID: %s", [01;31m[Kpascal_serial_[m[K.c_str());
[2.388s]       |                                                 [01;31m[K^~~~~~~~~~~~~~[m[K
[2.408s] [01m[K/home/matylda-hayne/mtrx3760_p2/MTRX3760_PROJECT_2/ros2_ws/src/user_interface/src/user_interface.cpp:425:29:[m[K [01;31m[Kerror: [m[Kâ€˜[01m[Kbattery_level_[m[Kâ€™ was not declared in this scope
[2.408s]   425 |                 int level = [01;31m[Kbattery_level_[m[K.load();
[2.408s]       |                             [01;31m[K^~~~~~~~~~~~~~[m[K
[2.431s] [01m[K/home/matylda-hayne/mtrx3760_p2/MTRX3760_PROJECT_2/ros2_ws/src/user_interface/src/user_interface.cpp:445:17:[m[K [01;31m[Kerror: [m[Kâ€˜[01m[Kbig_bold_font_[m[Kâ€™ was not declared in this scope
[2.431s]   445 |             if ([01;31m[Kbig_bold_font_[m[K)
[2.431s]       |                 [01;31m[K^~~~~~~~~~~~~~[m[K
[2.453s] [01m[K/home/matylda-hayne/mtrx3760_p2/MTRX3760_PROJECT_2/ros2_ws/src/user_interface/src/user_interface.cpp:451:17:[m[K [01;31m[Kerror: [m[Kâ€˜[01m[Kbig_bold_font_[m[Kâ€™ was not declared in this scope
[2.453s]   451 |             if ([01;31m[Kbig_bold_font_[m[K)
[2.453s]       |                 [01;31m[K^~~~~~~~~~~~~~[m[K
[2.471s] [01m[K/home/matylda-hayne/mtrx3760_p2/MTRX3760_PROJECT_2/ros2_ws/src/user_interface/src/user_interface.cpp:455:38:[m[K [01;31m[Kerror: [m[Kâ€˜[01m[Kpascal_intro_[m[Kâ€™ was not declared in this scope
[2.471s]   455 |             ImGui::TextWrapped("%s", [01;31m[Kpascal_intro_[m[K.c_str());
[2.471s]       |                                      [01;31m[K^~~~~~~~~~~~~[m[K
[2.487s] [01m[K/home/matylda-hayne/mtrx3760_p2/MTRX3760_PROJECT_2/ros2_ws/src/user_interface/src/user_interface.cpp:459:17:[m[K [01;31m[Kerror: [m[Kâ€˜[01m[Kmedium_font_[m[Kâ€™ was not declared in this scope
[2.487s]   459 |             if ([01;31m[Kmedium_font_[m[K)
[2.487s]       |                 [01;31m[K^~~~~~~~~~~~[m[K
[2.503s] [01m[K/home/matylda-hayne/mtrx3760_p2/MTRX3760_PROJECT_2/ros2_ws/src/user_interface/src/user_interface.cpp:465:17:[m[K [01;31m[Kerror: [m[Kâ€˜[01m[Kmedium_font_[m[Kâ€™ was not declared in this scope
[2.503s]   465 |             if ([01;31m[Kmedium_font_[m[K)
[2.503s]       |                 [01;31m[K^~~~~~~~~~~~[m[K
[2.523s] [01m[K/home/matylda-hayne/mtrx3760_p2/MTRX3760_PROJECT_2/ros2_ws/src/user_interface/src/user_interface.cpp:487:17:[m[K [01;31m[Kerror: [m[Kâ€˜[01m[Kmode_locked_[m[Kâ€™ was not declared in this scope
[2.523s]   487 |                 [01;31m[Kmode_locked_[m[K = false;
[2.523s]       |                 [01;31m[K^~~~~~~~~~~~[m[K
[2.548s] [01m[K/home/matylda-hayne/mtrx3760_p2/MTRX3760_PROJECT_2/ros2_ws/src/user_interface/src/user_interface.cpp:488:17:[m[K [01;31m[Kerror: [m[Kâ€˜[01m[Kflagged_startup_[m[Kâ€™ was not declared in this scope
[2.548s]   488 |                 [01;31m[Kflagged_startup_[m[K = true;
[2.549s]       |                 [01;31m[K^~~~~~~~~~~~~~~~[m[K
[2.559s] [01m[K/home/matylda-hayne/mtrx3760_p2/MTRX3760_PROJECT_2/ros2_ws/src/user_interface/src/user_interface.cpp:490:22:[m[K [01;31m[Kerror: [m[Kâ€˜[01m[Kclient_[m[Kâ€™ was not declared in this scope
[2.559s]   490 |                 if (![01;31m[Kclient_[m[K->wait_for_service(std::chrono::seconds(1)))
[2.559s]       |                      [01;31m[K^~~~~~~[m[K
[2.559s] [01m[K/home/matylda-hayne/mtrx3760_p2/MTRX3760_PROJECT_2/ros2_ws/src/user_interface/src/user_interface.cpp:492:21:[m[K [01;31m[Kerror: [m[Ktemplate argument 1 is invalid
[2.559s]   492 |                     [01;31m[KRCLCPP_WARN[m[K(node_->get_logger(), "Service robot_type not available");
[2.559s]       |                     [01;31m[K^~~~~~~~~~~[m[K
[2.559s] [01m[K/home/matylda-hayne/mtrx3760_p2/MTRX3760_PROJECT_2/ros2_ws/src/user_interface/src/user_interface.cpp:492:21:[m[K [01;31m[Kerror: [m[Ktemplate argument 1 is invalid
[2.559s]   492 |                     [01;31m[KRCLCPP_WARN[m[K(node_->get_logger(), "Service robot_type not available");
[2.559s]       |                     [01;31m[K^~~~~~~~~~~[m[K
[2.559s] [01m[K/home/matylda-hayne/mtrx3760_p2/MTRX3760_PROJECT_2/ros2_ws/src/user_interface/src/user_interface.cpp:492:21:[m[K [01;31m[Kerror: [m[Ktemplate argument 1 is invalid
[2.559s]   492 |                     [01;31m[KRCLCPP_WARN[m[K(node_->get_logger(), "Service robot_type not available");
[2.559s]       |                     [01;31m[K^~~~~~~~~~~[m[K
[2.565s] [01m[K/home/matylda-hayne/mtrx3760_p2/MTRX3760_PROJECT_2/ros2_ws/src/user_interface/src/user_interface.cpp:[m[K In lambda function:
[2.565s] [01m[K/home/matylda-hayne/mtrx3760_p2/MTRX3760_PROJECT_2/ros2_ws/src/user_interface/src/user_interface.cpp:501:29:[m[K [01;31m[Kerror: [m[Ktemplate argument 1 is invalid
[2.565s]   501 |                             [01;31m[KRCLCPP_INFO[m[K(node_->get_logger(), "robot_type service succeeded");
[2.565s]       |                             [01;31m[K^~~~~~~~~~~[m[K
[2.565s] [01m[K/home/matylda-hayne/mtrx3760_p2/MTRX3760_PROJECT_2/ros2_ws/src/user_interface/src/user_interface.cpp:501:29:[m[K [01;31m[Kerror: [m[Ktemplate argument 1 is invalid
[2.565s]   501 |                             [01;31m[KRCLCPP_INFO[m[K(node_->get_logger(), "robot_type service succeeded");
[2.565s]       |                             [01;31m[K^~~~~~~~~~~[m[K
[2.565s] [01m[K/home/matylda-hayne/mtrx3760_p2/MTRX3760_PROJECT_2/ros2_ws/src/user_interface/src/user_interface.cpp:501:29:[m[K [01;31m[Kerror: [m[Ktemplate argument 1 is invalid
[2.566s]   501 |                             [01;31m[KRCLCPP_INFO[m[K(node_->get_logger(), "robot_type service succeeded");
[2.566s]       |                             [01;31m[K^~~~~~~~~~~[m[K
[2.566s] [01m[K/home/matylda-hayne/mtrx3760_p2/MTRX3760_PROJECT_2/ros2_ws/src/user_interface/src/user_interface.cpp:501:41:[m[K [01;31m[Kerror: [m[Kâ€˜[01m[Knode_[m[Kâ€™ is not captured
[2.566s]   501 |                             RCLCPP_INFO([01;31m[Knode_[m[K->get_logger(), "robot_type service succeeded");
[2.566s]       |                                         [01;31m[K^~~~~[m[K
[2.566s] [01m[K/home/matylda-hayne/mtrx3760_p2/MTRX3760_PROJECT_2/ros2_ws/src/user_interface/src/user_interface.cpp:496:59:[m[K [01;36m[Knote: [m[Kthe lambda has no capture-default
[2.566s]   496 |                     client_->async_send_request(req, [this[01;36m[K][m[K(RobotTypeClient::SharedFuture f)
[2.566s]       |                                                           [01;36m[K^[m[K
[2.566s] [01m[K/home/matylda-hayne/mtrx3760_p2/MTRX3760_PROJECT_2/ros2_ws/src/user_interface/src/user_interface.cpp:366:27:[m[K [01;36m[Knote: [m[Kâ€˜[01m[K<typeprefixerror>node_[m[Kâ€™ declared here
[2.566s]   366 |         rclcpp::spin_some([01;36m[Knode_[m[K);
[2.566s]       |                           [01;36m[K^~~~~[m[K
[2.566s] [01m[K/home/matylda-hayne/mtrx3760_p2/MTRX3760_PROJECT_2/ros2_ws/src/user_interface/src/user_interface.cpp:501:41:[m[K [01;31m[Kerror: [m[Kâ€˜[01m[Knode_[m[Kâ€™ is not captured
[2.566s]   501 |                             RCLCPP_INFO([01;31m[Knode_[m[K->get_logger(), "robot_type service succeeded");
[2.566s]       |                                         [01;31m[K^~~~~[m[K
[2.566s] [01m[K/home/matylda-hayne/mtrx3760_p2/MTRX3760_PROJECT_2/ros2_ws/src/user_interface/src/user_interface.cpp:496:59:[m[K [01;36m[Knote: [m[Kthe lambda has no capture-default
[2.566s]   496 |                     client_->async_send_request(req, [this[01;36m[K][m[K(RobotTypeClient::SharedFuture f)
[2.566s]       |                                                           [01;36m[K^[m[K
[2.566s] [01m[K/home/matylda-hayne/mtrx3760_p2/MTRX3760_PROJECT_2/ros2_ws/src/user_interface/src/user_interface.cpp:366:27:[m[K [01;36m[Knote: [m[Kâ€˜[01m[K<typeprefixerror>node_[m[Kâ€™ declared here
[2.566s]   366 |         rclcpp::spin_some([01;36m[Knode_[m[K);
[2.566s]       |                           [01;36m[K^~~~~[m[K
[2.566s] [01m[K/home/matylda-hayne/mtrx3760_p2/MTRX3760_PROJECT_2/ros2_ws/src/user_interface/src/user_interface.cpp:502:29:[m[K [01;31m[Kerror: [m[Kâ€˜[01m[Kmode_locked_[m[Kâ€™ is not captured
[2.566s]   502 |                             [01;31m[Kmode_locked_[m[K = false;
[2.566s]       |                             [01;31m[K^~~~~~~~~~~~[m[K
[2.566s] [01m[K/home/matylda-hayne/mtrx3760_p2/MTRX3760_PROJECT_2/ros2_ws/src/user_interface/src/user_interface.cpp:496:59:[m[K [01;36m[Knote: [m[Kthe lambda has no capture-default
[2.566s]   496 |                     client_->async_send_request(req, [this[01;36m[K][m[K(RobotTypeClient::SharedFuture f)
[2.566s]       |                                                           [01;36m[K^[m[K
[2.566s] [01m[K/home/matylda-hayne/mtrx3760_p2/MTRX3760_PROJECT_2/ros2_ws/src/user_interface/src/user_interface.cpp:487:17:[m[K [01;36m[Knote: [m[Kâ€˜[01m[K<typeprefixerror>mode_locked_[m[Kâ€™ declared here
[2.566s]   487 |                 [01;36m[Kmode_locked_[m[K = false;
[2.566s]       |                 [01;36m[K^~~~~~~~~~~~[m[K
[2.590s] [01m[K/home/matylda-hayne/mtrx3760_p2/MTRX3760_PROJECT_2/ros2_ws/src/user_interface/src/user_interface.cpp:503:29:[m[K [01;31m[Kerror: [m[Kâ€˜[01m[Ksequence_number_[m[Kâ€™ was not declared in this scope
[2.590s]   503 |                             [01;31m[Ksequence_number_[m[K++;
[2.590s]       |                             [01;31m[K^~~~~~~~~~~~~~~~[m[K
[2.590s] [01m[K/home/matylda-hayne/mtrx3760_p2/MTRX3760_PROJECT_2/ros2_ws/src/user_interface/src/user_interface.cpp:507:29:[m[K [01;31m[Kerror: [m[Ktemplate argument 1 is invalid
[2.590s]   507 |                             [01;31m[KRCLCPP_WARN[m[K(node_->get_logger(), "robot_type service failed");
[2.590s]       |                             [01;31m[K^~~~~~~~~~~[m[K
[2.590s] [01m[K/home/matylda-hayne/mtrx3760_p2/MTRX3760_PROJECT_2/ros2_ws/src/user_interface/src/user_interface.cpp:507:29:[m[K [01;31m[Kerror: [m[Ktemplate argument 1 is invalid
[2.590s]   507 |                             [01;31m[KRCLCPP_WARN[m[K(node_->get_logger(), "robot_type service failed");
[2.590s]       |                             [01;31m[K^~~~~~~~~~~[m[K
[2.590s] [01m[K/home/matylda-hayne/mtrx3760_p2/MTRX3760_PROJECT_2/ros2_ws/src/user_interface/src/user_interface.cpp:507:29:[m[K [01;31m[Kerror: [m[Ktemplate argument 1 is invalid
[2.590s]   507 |                             [01;31m[KRCLCPP_WARN[m[K(node_->get_logger(), "robot_type service failed");
[2.590s]       |                             [01;31m[K^~~~~~~~~~~[m[K
[2.590s] [01m[K/home/matylda-hayne/mtrx3760_p2/MTRX3760_PROJECT_2/ros2_ws/src/user_interface/src/user_interface.cpp:507:41:[m[K [01;31m[Kerror: [m[Kâ€˜[01m[Knode_[m[Kâ€™ is not captured
[2.590s]   507 |                             RCLCPP_WARN([01;31m[Knode_[m[K->get_logger(), "robot_type service failed");
[2.590s]       |                                         [01;31m[K^~~~~[m[K
[2.590s] [01m[K/home/matylda-hayne/mtrx3760_p2/MTRX3760_PROJECT_2/ros2_ws/src/user_interface/src/user_interface.cpp:496:59:[m[K [01;36m[Knote: [m[Kthe lambda has no capture-default
[2.590s]   496 |                     client_->async_send_request(req, [this[01;36m[K][m[K(RobotTypeClient::SharedFuture f)
[2.590s]       |                                                           [01;36m[K^[m[K
[2.590s] [01m[K/home/matylda-hayne/mtrx3760_p2/MTRX3760_PROJECT_2/ros2_ws/src/user_interface/src/user_interface.cpp:366:27:[m[K [01;36m[Knote: [m[Kâ€˜[01m[K<typeprefixerror>node_[m[Kâ€™ declared here
[2.590s]   366 |         rclcpp::spin_some([01;36m[Knode_[m[K);
[2.590s]       |                           [01;36m[K^~~~~[m[K
[2.590s] [01m[K/home/matylda-hayne/mtrx3760_p2/MTRX3760_PROJECT_2/ros2_ws/src/user_interface/src/user_interface.cpp:507:41:[m[K [01;31m[Kerror: [m[Kâ€˜[01m[Knode_[m[Kâ€™ is not captured
[2.590s]   507 |                             RCLCPP_WARN([01;31m[Knode_[m[K->get_logger(), "robot_type service failed");
[2.591s]       |                                         [01;31m[K^~~~~[m[K
[2.591s] [01m[K/home/matylda-hayne/mtrx3760_p2/MTRX3760_PROJECT_2/ros2_ws/src/user_interface/src/user_interface.cpp:496:59:[m[K [01;36m[Knote: [m[Kthe lambda has no capture-default
[2.591s]   496 |                     client_->async_send_request(req, [this[01;36m[K][m[K(RobotTypeClient::SharedFuture f)
[2.591s]       |                                                           [01;36m[K^[m[K
[2.591s] [01m[K/home/matylda-hayne/mtrx3760_p2/MTRX3760_PROJECT_2/ros2_ws/src/user_interface/src/user_interface.cpp:366:27:[m[K [01;36m[Knote: [m[Kâ€˜[01m[K<typeprefixerror>node_[m[Kâ€™ declared here
[2.591s]   366 |         rclcpp::spin_some([01;36m[Knode_[m[K);
[2.591s]       |                           [01;36m[K^~~~~[m[K
[2.606s] [01m[K/home/matylda-hayne/mtrx3760_p2/MTRX3760_PROJECT_2/ros2_ws/src/user_interface/src/user_interface.cpp:[m[K In member function â€˜[01m[Kvoid UserInterface::[01;32m[KRun[m[K()[m[Kâ€™:
[2.606s] [01m[K/home/matylda-hayne/mtrx3760_p2/MTRX3760_PROJECT_2/ros2_ws/src/user_interface/src/user_interface.cpp:512:34:[m[K [01;31m[Kerror: [m[Kâ€˜[01m[Kmode_locked_[m[Kâ€™ was not declared in this scope
[2.606s]   512 |             ImGui::BeginDisabled([01;31m[Kmode_locked_[m[K);
[2.606s]       |                                  [01;31m[K^~~~~~~~~~~~[m[K
[2.637s] [01m[K/home/matylda-hayne/mtrx3760_p2/MTRX3760_PROJECT_2/ros2_ws/src/user_interface/src/user_interface.cpp:538:29:[m[K [01;31m[Kerror: [m[Kâ€˜[01m[Kpackage_share_dir_[m[Kâ€™ was not declared in this scope
[2.637s]   538 |                 yaml_file = [01;31m[Kpackage_share_dir_[m[K + "/resources/defect_log.yaml";
[2.637s]       |                             [01;31m[K^~~~~~~~~~~~~~~~~~[m[K
[2.655s] [01m[K/home/matylda-hayne/mtrx3760_p2/MTRX3760_PROJECT_2/ros2_ws/src/user_interface/src/user_interface.cpp:539:57:[m[K [01;31m[Kerror: [m[Kâ€˜[01m[Ktemp_storage_[m[Kâ€™ was not declared in this scope
[2.655s]   539 |                 indexes = getIndexesFromYaml(yaml_file, [01;31m[Ktemp_storage_[m[K);
[2.655s]       |                                                         [01;31m[K^~~~~~~~~~~~~[m[K
[2.682s] [01m[K/home/matylda-hayne/mtrx3760_p2/MTRX3760_PROJECT_2/ros2_ws/src/user_interface/src/user_interface.cpp:547:29:[m[K [01;31m[Kerror: [m[Kâ€˜[01m[Kpackage_share_dir_[m[Kâ€™ was not declared in this scope
[2.682s]   547 |                 yaml_file = [01;31m[Kpackage_share_dir_[m[K + "/resources/delivery_log.yaml";
[2.682s]       |                             [01;31m[K^~~~~~~~~~~~~~~~~~[m[K
[2.698s] [01m[K/home/matylda-hayne/mtrx3760_p2/MTRX3760_PROJECT_2/ros2_ws/src/user_interface/src/user_interface.cpp:548:57:[m[K [01;31m[Kerror: [m[Kâ€˜[01m[Ktemp_storage_[m[Kâ€™ was not declared in this scope
[2.698s]   548 |                 indexes = getIndexesFromYaml(yaml_file, [01;31m[Ktemp_storage_[m[K);
[2.698s]       |                                                         [01;31m[K^~~~~~~~~~~~~[m[K
[2.709s] [01m[K/home/matylda-hayne/mtrx3760_p2/MTRX3760_PROJECT_2/ros2_ws/src/user_interface/src/user_interface.cpp:588:25:[m[K [01;31m[Kerror: [m[Kâ€˜[01m[Kclient_[m[Kâ€™ was not declared in this scope
[2.709s]   588 |                     if ([01;31m[Kclient_[m[K->wait_for_service(std::chrono::seconds(1)))
[2.709s]       |                         [01;31m[K^~~~~~~[m[K
[2.709s] [01m[K/home/matylda-hayne/mtrx3760_p2/MTRX3760_PROJECT_2/ros2_ws/src/user_interface/src/user_interface.cpp:[m[K In lambda function:
[2.709s] [01m[K/home/matylda-hayne/mtrx3760_p2/MTRX3760_PROJECT_2/ros2_ws/src/user_interface/src/user_interface.cpp:595:33:[m[K [01;31m[Kerror: [m[Ktemplate argument 1 is invalid
[2.709s]   595 |                                 [01;31m[KRCLCPP_INFO[m[K(node_->get_logger(), "inspect+explore ok");
[2.709s]       |                                 [01;31m[K^~~~~~~~~~~[m[K
[2.709s] [01m[K/home/matylda-hayne/mtrx3760_p2/MTRX3760_PROJECT_2/ros2_ws/src/user_interface/src/user_interface.cpp:595:33:[m[K [01;31m[Kerror: [m[Ktemplate argument 1 is invalid
[2.709s]   595 |                                 [01;31m[KRCLCPP_INFO[m[K(node_->get_logger(), "inspect+explore ok");
[2.709s]       |                                 [01;31m[K^~~~~~~~~~~[m[K
[2.709s] [01m[K/home/matylda-hayne/mtrx3760_p2/MTRX3760_PROJECT_2/ros2_ws/src/user_interface/src/user_interface.cpp:595:33:[m[K [01;31m[Kerror: [m[Ktemplate argument 1 is invalid
[2.709s]   595 |                                 [01;31m[KRCLCPP_INFO[m[K(node_->get_logger(), "inspect+explore ok");
[2.709s]       |                                 [01;31m[K^~~~~~~~~~~[m[K
[2.709s] [01m[K/home/matylda-hayne/mtrx3760_p2/MTRX3760_PROJECT_2/ros2_ws/src/user_interface/src/user_interface.cpp:595:45:[m[K [01;31m[Kerror: [m[Kâ€˜[01m[Knode_[m[Kâ€™ is not captured
[2.709s]   595 |                                 RCLCPP_INFO([01;31m[Knode_[m[K->get_logger(), "inspect+explore ok");
[2.709s]       |                                             [01;31m[K^~~~~[m[K
[2.709s] [01m[K/home/matylda-hayne/mtrx3760_p2/MTRX3760_PROJECT_2/ros2_ws/src/user_interface/src/user_interface.cpp:590:63:[m[K [01;36m[Knote: [m[Kthe lambda has no capture-default
[2.709s]   590 |                         client_->async_send_request(req, [this[01;36m[K][m[K(RobotTypeClient::SharedFuture f)
[2.709s]       |                                                               [01;36m[K^[m[K
[2.709s] [01m[K/home/matylda-hayne/mtrx3760_p2/MTRX3760_PROJECT_2/ros2_ws/src/user_interface/src/user_interface.cpp:366:27:[m[K [01;36m[Knote: [m[Kâ€˜[01m[K<typeprefixerror>node_[m[Kâ€™ declared here
[2.710s]   366 |         rclcpp::spin_some([01;36m[Knode_[m[K);
[2.710s]       |                           [01;36m[K^~~~~[m[K
[2.710s] [01m[K/home/matylda-hayne/mtrx3760_p2/MTRX3760_PROJECT_2/ros2_ws/src/user_interface/src/user_interface.cpp:595:45:[m[K [01;31m[Kerror: [m[Kâ€˜[01m[Knode_[m[Kâ€™ is not captured
[2.710s]   595 |                                 RCLCPP_INFO([01;31m[Knode_[m[K->get_logger(), "inspect+explore ok");
[2.710s]       |                                             [01;31m[K^~~~~[m[K
[2.710s] [01m[K/home/matylda-hayne/mtrx3760_p2/MTRX3760_PROJECT_2/ros2_ws/src/user_interface/src/user_interface.cpp:590:63:[m[K [01;36m[Knote: [m[Kthe lambda has no capture-default
[2.710s]   590 |                         client_->async_send_request(req, [this[01;36m[K][m[K(RobotTypeClient::SharedFuture f)
[2.710s]       |                                                               [01;36m[K^[m[K
[2.710s] [01m[K/home/matylda-hayne/mtrx3760_p2/MTRX3760_PROJECT_2/ros2_ws/src/user_interface/src/user_interface.cpp:366:27:[m[K [01;36m[Knote: [m[Kâ€˜[01m[K<typeprefixerror>node_[m[Kâ€™ declared here
[2.710s]   366 |         rclcpp::spin_some([01;36m[Knode_[m[K);
[2.710s]       |                           [01;36m[K^~~~~[m[K
[2.735s] [01m[K/home/matylda-hayne/mtrx3760_p2/MTRX3760_PROJECT_2/ros2_ws/src/user_interface/src/user_interface.cpp:596:33:[m[K [01;31m[Kerror: [m[Kâ€˜[01m[Ksequence_number_[m[Kâ€™ was not declared in this scope
[2.735s]   596 |                                 [01;31m[Ksequence_number_[m[K++;
[2.735s]       |                                 [01;31m[K^~~~~~~~~~~~~~~~[m[K
[2.735s] [01m[K/home/matylda-hayne/mtrx3760_p2/MTRX3760_PROJECT_2/ros2_ws/src/user_interface/src/user_interface.cpp:600:33:[m[K [01;31m[Kerror: [m[Ktemplate argument 1 is invalid
[2.735s]   600 |                                 [01;31m[KRCLCPP_WARN[m[K(node_->get_logger(), "inspect+explore failed");
[2.735s]       |                                 [01;31m[K^~~~~~~~~~~[m[K
[2.735s] [01m[K/home/matylda-hayne/mtrx3760_p2/MTRX3760_PROJECT_2/ros2_ws/src/user_interface/src/user_interface.cpp:600:33:[m[K [01;31m[Kerror: [m[Ktemplate argument 1 is invalid
[2.735s]   600 |                                 [01;31m[KRCLCPP_WARN[m[K(node_->get_logger(), "inspect+explore failed");
[2.735s]       |                                 [01;31m[K^~~~~~~~~~~[m[K
[2.736s] [01m[K/home/matylda-hayne/mtrx3760_p2/MTRX3760_PROJECT_2/ros2_ws/src/user_interface/src/user_interface.cpp:600:33:[m[K [01;31m[Kerror: [m[Ktemplate argument 1 is invalid
[2.736s]   600 |                                 [01;31m[KRCLCPP_WARN[m[K(node_->get_logger(), "inspect+explore failed");
[2.736s]       |                                 [01;31m[K^~~~~~~~~~~[m[K
[2.736s] [01m[K/home/matylda-hayne/mtrx3760_p2/MTRX3760_PROJECT_2/ros2_ws/src/user_interface/src/user_interface.cpp:600:45:[m[K [01;31m[Kerror: [m[Kâ€˜[01m[Knode_[m[Kâ€™ is not captured
[2.736s]   600 |                                 RCLCPP_WARN([01;31m[Knode_[m[K->get_logger(), "inspect+explore failed");
[2.736s]       |                                             [01;31m[K^~~~~[m[K
[2.736s] [01m[K/home/matylda-hayne/mtrx3760_p2/MTRX3760_PROJECT_2/ros2_ws/src/user_interface/src/user_interface.cpp:590:63:[m[K [01;36m[Knote: [m[Kthe lambda has no capture-default
[2.736s]   590 |                         client_->async_send_request(req, [this[01;36m[K][m[K(RobotTypeClient::SharedFuture f)
[2.736s]       |                                                               [01;36m[K^[m[K
[2.736s] [01m[K/home/matylda-hayne/mtrx3760_p2/MTRX3760_PROJECT_2/ros2_ws/src/user_interface/src/user_interface.cpp:366:27:[m[K [01;36m[Knote: [m[Kâ€˜[01m[K<typeprefixerror>node_[m[Kâ€™ declared here
[2.736s]   366 |         rclcpp::spin_some([01;36m[Knode_[m[K);
[2.736s]       |                           [01;36m[K^~~~~[m[K
[2.736s] [01m[K/home/matylda-hayne/mtrx3760_p2/MTRX3760_PROJECT_2/ros2_ws/src/user_interface/src/user_interface.cpp:600:45:[m[K [01;31m[Kerror: [m[Kâ€˜[01m[Knode_[m[Kâ€™ is not captured
[2.736s]   600 |                                 RCLCPP_WARN([01;31m[Knode_[m[K->get_logger(), "inspect+explore failed");
[2.736s]       |                                             [01;31m[K^~~~~[m[K
[2.736s] [01m[K/home/matylda-hayne/mtrx3760_p2/MTRX3760_PROJECT_2/ros2_ws/src/user_interface/src/user_interface.cpp:590:63:[m[K [01;36m[Knote: [m[Kthe lambda has no capture-default
[2.736s]   590 |                         client_->async_send_request(req, [this[01;36m[K][m[K(RobotTypeClient::SharedFuture f)
[2.736s]       |                                                               [01;36m[K^[m[K
[2.736s] [01m[K/home/matylda-hayne/mtrx3760_p2/MTRX3760_PROJECT_2/ros2_ws/src/user_interface/src/user_interface.cpp:366:27:[m[K [01;36m[Knote: [m[Kâ€˜[01m[K<typeprefixerror>node_[m[Kâ€™ declared here
[2.736s]   366 |         rclcpp::spin_some([01;36m[Knode_[m[K);
[2.736s]       |                           [01;36m[K^~~~~[m[K
[2.749s] [01m[K/home/matylda-hayne/mtrx3760_p2/MTRX3760_PROJECT_2/ros2_ws/src/user_interface/src/user_interface.cpp:[m[K In member function â€˜[01m[Kvoid UserInterface::[01;32m[KRun[m[K()[m[Kâ€™:
[2.749s] [01m[K/home/matylda-hayne/mtrx3760_p2/MTRX3760_PROJECT_2/ros2_ws/src/user_interface/src/user_interface.cpp:605:109:[m[K [01;31m[Kerror: [m[Kâ€˜[01m[Khas_click_[m[Kâ€™ was not declared in this scope
[2.749s]   605 |               else if (robot_mode == "Delivery" && strcmp(indexes[current_index], "Point on Map") == 0 && [01;31m[Khas_click_[m[K)
[2.749s]       |                                                                                                           [01;31m[K^~~~~~~~~~[m[K
[2.749s] 
[2.766s] [01m[K/home/matylda-hayne/mtrx3760_p2/MTRX3760_PROJECT_2/ros2_ws/src/user_interface/src/user_interface.cpp:610:49:[m[K [01;31m[Kerror: [m[Kâ€˜[01m[Klast_world_x_[m[Kâ€™ was not declared in this scope
[2.766s]   610 |                     req->pose.pose.position.x = [01;31m[Klast_world_x_[m[K;
[2.766s]       |                                                 [01;31m[K^~~~~~~~~~~~~[m[K
[2.783s] [01m[K/home/matylda-hayne/mtrx3760_p2/MTRX3760_PROJECT_2/ros2_ws/src/user_interface/src/user_interface.cpp:611:49:[m[K [01;31m[Kerror: [m[Kâ€˜[01m[Klast_world_y_[m[Kâ€™ was not declared in this scope
[2.783s]   611 |                     req->pose.pose.position.y = [01;31m[Klast_world_y_[m[K;
[2.783s]       |                                                 [01;31m[K^~~~~~~~~~~~~[m[K
[2.793s] [01m[K/home/matylda-hayne/mtrx3760_p2/MTRX3760_PROJECT_2/ros2_ws/src/user_interface/src/user_interface.cpp:613:25:[m[K [01;31m[Kerror: [m[Kâ€˜[01m[Kclient_[m[Kâ€™ was not declared in this scope
[2.793s]   613 |                     if ([01;31m[Kclient_[m[K->wait_for_service(std::chrono::seconds(1)))
[2.793s]       |                         [01;31m[K^~~~~~~[m[K
[2.793s] [01m[K/home/matylda-hayne/mtrx3760_p2/MTRX3760_PROJECT_2/ros2_ws/src/user_interface/src/user_interface.cpp:[m[K In lambda function:
[2.793s] [01m[K/home/matylda-hayne/mtrx3760_p2/MTRX3760_PROJECT_2/ros2_ws/src/user_interface/src/user_interface.cpp:620:33:[m[K [01;31m[Kerror: [m[Ktemplate argument 1 is invalid
[2.794s]   620 |                                 [01;31m[KRCLCPP_INFO[m[K(node_->get_logger(), "delivery+map ok");
[2.794s]       |                                 [01;31m[K^~~~~~~~~~~[m[K
[2.794s] [01m[K/home/matylda-hayne/mtrx3760_p2/MTRX3760_PROJECT_2/ros2_ws/src/user_interface/src/user_interface.cpp:620:33:[m[K [01;31m[Kerror: [m[Ktemplate argument 1 is invalid
[2.794s]   620 |                                 [01;31m[KRCLCPP_INFO[m[K(node_->get_logger(), "delivery+map ok");
[2.794s]       |                                 [01;31m[K^~~~~~~~~~~[m[K
[2.794s] [01m[K/home/matylda-hayne/mtrx3760_p2/MTRX3760_PROJECT_2/ros2_ws/src/user_interface/src/user_interface.cpp:620:33:[m[K [01;31m[Kerror: [m[Ktemplate argument 1 is invalid
[2.794s]   620 |                                 [01;31m[KRCLCPP_INFO[m[K(node_->get_logger(), "delivery+map ok");
[2.794s]       |                                 [01;31m[K^~~~~~~~~~~[m[K
[2.794s] [01m[K/home/matylda-hayne/mtrx3760_p2/MTRX3760_PROJECT_2/ros2_ws/src/user_interface/src/user_interface.cpp:620:45:[m[K [01;31m[Kerror: [m[Kâ€˜[01m[Knode_[m[Kâ€™ is not captured
[2.794s]   620 |                                 RCLCPP_INFO([01;31m[Knode_[m[K->get_logger(), "delivery+map ok");
[2.794s]       |                                             [01;31m[K^~~~~[m[K
[2.794s] [01m[K/home/matylda-hayne/mtrx3760_p2/MTRX3760_PROJECT_2/ros2_ws/src/user_interface/src/user_interface.cpp:615:63:[m[K [01;36m[Knote: [m[Kthe lambda has no capture-default
[2.794s]   615 |                         client_->async_send_request(req, [this[01;36m[K][m[K(RobotTypeClient::SharedFuture f)
[2.794s]       |                                                               [01;36m[K^[m[K
[2.795s] [01m[K/home/matylda-hayne/mtrx3760_p2/MTRX3760_PROJECT_2/ros2_ws/src/user_interface/src/user_interface.cpp:366:27:[m[K [01;36m[Knote: [m[Kâ€˜[01m[K<typeprefixerror>node_[m[Kâ€™ declared here
[2.795s]   366 |         rclcpp::spin_some([01;36m[Knode_[m[K);
[2.795s]       |                           [01;36m[K^~~~~[m[K
[2.795s] [01m[K/home/matylda-hayne/mtrx3760_p2/MTRX3760_PROJECT_2/ros2_ws/src/user_interface/src/user_interface.cpp:620:45:[m[K [01;31m[Kerror: [m[Kâ€˜[01m[Knode_[m[Kâ€™ is not captured
[2.795s]   620 |                                 RCLCPP_INFO([01;31m[Knode_[m[K->get_logger(), "delivery+map ok");
[2.795s]       |                                             [01;31m[K^~~~~[m[K
[2.795s] [01m[K/home/matylda-hayne/mtrx3760_p2/MTRX3760_PROJECT_2/ros2_ws/src/user_interface/src/user_interface.cpp:615:63:[m[K [01;36m[Knote: [m[Kthe lambda has no capture-default
[2.795s]   615 |                         client_->async_send_request(req, [this[01;36m[K][m[K(RobotTypeClient::SharedFuture f)
[2.795s]       |                                                               [01;36m[K^[m[K
[2.795s] [01m[K/home/matylda-hayne/mtrx3760_p2/MTRX3760_PROJECT_2/ros2_ws/src/user_interface/src/user_interface.cpp:366:27:[m[K [01;36m[Knote: [m[Kâ€˜[01m[K<typeprefixerror>node_[m[Kâ€™ declared here
[2.795s]   366 |         rclcpp::spin_some([01;36m[Knode_[m[K);
[2.795s]       |                           [01;36m[K^~~~~[m[K
[2.818s] [01m[K/home/matylda-hayne/mtrx3760_p2/MTRX3760_PROJECT_2/ros2_ws/src/user_interface/src/user_interface.cpp:621:33:[m[K [01;31m[Kerror: [m[Kâ€˜[01m[Ksequence_number_[m[Kâ€™ was not declared in this scope
[2.818s]   621 |                                 [01;31m[Ksequence_number_[m[K++;
[2.818s]       |                                 [01;31m[K^~~~~~~~~~~~~~~~[m[K
[2.819s] [01m[K/home/matylda-hayne/mtrx3760_p2/MTRX3760_PROJECT_2/ros2_ws/src/user_interface/src/user_interface.cpp:625:33:[m[K [01;31m[Kerror: [m[Ktemplate argument 1 is invalid
[2.819s]   625 |                                 [01;31m[KRCLCPP_WARN[m[K(node_->get_logger(), "delivery+map failed");
[2.819s]       |                                 [01;31m[K^~~~~~~~~~~[m[K
[2.819s] [01m[K/home/matylda-hayne/mtrx3760_p2/MTRX3760_PROJECT_2/ros2_ws/src/user_interface/src/user_interface.cpp:625:33:[m[K [01;31m[Kerror: [m[Ktemplate argument 1 is invalid
[2.819s]   625 |                                 [01;31m[KRCLCPP_WARN[m[K(node_->get_logger(), "delivery+map failed");
[2.819s]       |                                 [01;31m[K^~~~~~~~~~~[m[K
[2.819s] [01m[K/home/matylda-hayne/mtrx3760_p2/MTRX3760_PROJECT_2/ros2_ws/src/user_interface/src/user_interface.cpp:625:33:[m[K [01;31m[Kerror: [m[Ktemplate argument 1 is invalid
[2.819s]   625 |                                 [01;31m[KRCLCPP_WARN[m[K(node_->get_logger(), "delivery+map failed");
[2.819s]       |                                 [01;31m[K^~~~~~~~~~~[m[K
[2.819s] [01m[K/home/matylda-hayne/mtrx3760_p2/MTRX3760_PROJECT_2/ros2_ws/src/user_interface/src/user_interface.cpp:625:45:[m[K [01;31m[Kerror: [m[Kâ€˜[01m[Knode_[m[Kâ€™ is not captured
[2.819s]   625 |                                 RCLCPP_WARN([01;31m[Knode_[m[K->get_logger(), "delivery+map failed");
[2.819s]       |                                             [01;31m[K^~~~~[m[K
[2.820s] [01m[K/home/matylda-hayne/mtrx3760_p2/MTRX3760_PROJECT_2/ros2_ws/src/user_interface/src/user_interface.cpp:615:63:[m[K [01;36m[Knote: [m[Kthe lambda has no capture-default
[2.820s]   615 |                         client_->async_send_request(req, [this[01;36m[K][m[K(RobotTypeClient::SharedFuture f)
[2.820s]       |                                                               [01;36m[K^[m[K
[2.820s] [01m[K/home/matylda-hayne/mtrx3760_p2/MTRX3760_PROJECT_2/ros2_ws/src/user_interface/src/user_interface.cpp:366:27:[m[K [01;36m[Knote: [m[Kâ€˜[01m[K<typeprefixerror>node_[m[Kâ€™ declared here
[2.820s]   366 |         rclcpp::spin_some([01;36m[Knode_[m[K);
[2.820s]       |                           [01;36m[K^~~~~[m[K
[2.820s] [01m[K/home/matylda-hayne/mtrx3760_p2/MTRX3760_PROJECT_2/ros2_ws/src/user_interface/src/user_interface.cpp:625:45:[m[K [01;31m[Kerror: [m[Kâ€˜[01m[Knode_[m[Kâ€™ is not captured
[2.820s]   625 |                                 RCLCPP_WARN([01;31m[Knode_[m[K->get_logger(), "delivery+map failed");
[2.820s]       |                                             [01;31m[K^~~~~[m[K
[2.820s] [01m[K/home/matylda-hayne/mtrx3760_p2/MTRX3760_PROJECT_2/ros2_ws/src/user_interface/src/user_interface.cpp:615:63:[m[K [01;36m[Knote: [m[Kthe lambda has no capture-default
[2.820s]   615 |                         client_->async_send_request(req, [this[01;36m[K][m[K(RobotTypeClient::SharedFuture f)
[2.820s]       |                                                               [01;36m[K^[m[K
[2.820s] [01m[K/home/matylda-hayne/mtrx3760_p2/MTRX3760_PROJECT_2/ros2_ws/src/user_interface/src/user_interface.cpp:366:27:[m[K [01;36m[Knote: [m[Kâ€˜[01m[K<typeprefixerror>node_[m[Kâ€™ declared here
[2.820s]   366 |         rclcpp::spin_some([01;36m[Knode_[m[K);
[2.821s]       |                           [01;36m[K^~~~~[m[K
[2.821s] [01m[K/home/matylda-hayne/mtrx3760_p2/MTRX3760_PROJECT_2/ros2_ws/src/user_interface/src/user_interface.cpp:[m[K In member function â€˜[01m[Kvoid UserInterface::[01;32m[KRun[m[K()[m[Kâ€™:
[2.821s] [01m[K/home/matylda-hayne/mtrx3760_p2/MTRX3760_PROJECT_2/ros2_ws/src/user_interface/src/user_interface.cpp:631:21:[m[K [01;31m[Kerror: [m[Ktemplate argument 1 is invalid
[2.821s]   631 |                     [01;31m[KRCLCPP_INFO[m[K(node_->get_logger(), "Please click on the map first.");
[2.821s]       |                     [01;31m[K^~~~~~~~~~~[m[K
[2.821s] [01m[K/home/matylda-hayne/mtrx3760_p2/MTRX3760_PROJECT_2/ros2_ws/src/user_interface/src/user_interface.cpp:631:21:[m[K [01;31m[Kerror: [m[Ktemplate argument 1 is invalid
[2.821s]   631 |                     [01;31m[KRCLCPP_INFO[m[K(node_->get_logger(), "Please click on the map first.");
[2.821s]       |                     [01;31m[K^~~~~~~~~~~[m[K
[2.821s] [01m[K/home/matylda-hayne/mtrx3760_p2/MTRX3760_PROJECT_2/ros2_ws/src/user_interface/src/user_interface.cpp:631:21:[m[K [01;31m[Kerror: [m[Ktemplate argument 1 is invalid
[2.821s]   631 |                     [01;31m[KRCLCPP_INFO[m[K(node_->get_logger(), "Please click on the map first.");
[2.821s]       |                     [01;31m[K^~~~~~~~~~~[m[K
[2.833s] [01m[K/home/matylda-hayne/mtrx3760_p2/MTRX3760_PROJECT_2/ros2_ws/src/user_interface/src/user_interface.cpp:668:29:[m[K [01;31m[Kerror: [m[Kâ€˜[01m[Kclient_[m[Kâ€™ was not declared in this scope
[2.834s]   668 |                         if ([01;31m[Kclient_[m[K->wait_for_service(std::chrono::seconds(1)))
[2.834s]       |                             [01;31m[K^~~~~~~[m[K
[2.834s] [01m[K/home/matylda-hayne/mtrx3760_p2/MTRX3760_PROJECT_2/ros2_ws/src/user_interface/src/user_interface.cpp:[m[K In lambda function:
[2.834s] [01m[K/home/matylda-hayne/mtrx3760_p2/MTRX3760_PROJECT_2/ros2_ws/src/user_interface/src/user_interface.cpp:675:37:[m[K [01;31m[Kerror: [m[Ktemplate argument 1 is invalid
[2.834s]   675 |                                     [01;31m[KRCLCPP_INFO[m[K(node_->get_logger(), "yaml-based request ok");
[2.834s]       |                                     [01;31m[K^~~~~~~~~~~[m[K
[2.834s] [01m[K/home/matylda-hayne/mtrx3760_p2/MTRX3760_PROJECT_2/ros2_ws/src/user_interface/src/user_interface.cpp:675:37:[m[K [01;31m[Kerror: [m[Ktemplate argument 1 is invalid
[2.834s]   675 |                                     [01;31m[KRCLCPP_INFO[m[K(node_->get_logger(), "yaml-based request ok");
[2.835s]       |                                     [01;31m[K^~~~~~~~~~~[m[K
[2.835s] [01m[K/home/matylda-hayne/mtrx3760_p2/MTRX3760_PROJECT_2/ros2_ws/src/user_interface/src/user_interface.cpp:675:37:[m[K [01;31m[Kerror: [m[Ktemplate argument 1 is invalid
[2.835s]   675 |                                     [01;31m[KRCLCPP_INFO[m[K(node_->get_logger(), "yaml-based request ok");
[2.835s]       |                                     [01;31m[K^~~~~~~~~~~[m[K
[2.835s] [01m[K/home/matylda-hayne/mtrx3760_p2/MTRX3760_PROJECT_2/ros2_ws/src/user_interface/src/user_interface.cpp:675:49:[m[K [01;31m[Kerror: [m[Kâ€˜[01m[Knode_[m[Kâ€™ is not captured
[2.835s]   675 |                                     RCLCPP_INFO([01;31m[Knode_[m[K->get_logger(), "yaml-based request ok");
[2.835s]       |                                                 [01;31m[K^~~~~[m[K
[2.835s] [01m[K/home/matylda-hayne/mtrx3760_p2/MTRX3760_PROJECT_2/ros2_ws/src/user_interface/src/user_interface.cpp:670:67:[m[K [01;36m[Knote: [m[Kthe lambda has no capture-default
[2.835s]   670 |                             client_->async_send_request(req, [this[01;36m[K][m[K(RobotTypeClient::SharedFuture f)
[2.835s]       |                                                                   [01;36m[K^[m[K
[2.835s] [01m[K/home/matylda-hayne/mtrx3760_p2/MTRX3760_PROJECT_2/ros2_ws/src/user_interface/src/user_interface.cpp:366:27:[m[K [01;36m[Knote: [m[Kâ€˜[01m[K<typeprefixerror>node_[m[Kâ€™ declared here
[2.835s]   366 |         rclcpp::spin_some([01;36m[Knode_[m[K);
[2.835s]       |                           [01;36m[K^~~~~[m[K
[2.835s] [01m[K/home/matylda-hayne/mtrx3760_p2/MTRX3760_PROJECT_2/ros2_ws/src/user_interface/src/user_interface.cpp:675:49:[m[K [01;31m[Kerror: [m[Kâ€˜[01m[Knode_[m[Kâ€™ is not captured
[2.836s]   675 |                                     RCLCPP_INFO([01;31m[Knode_[m[K->get_logger(), "yaml-based request ok");
[2.836s]       |                                                 [01;31m[K^~~~~[m[K
[2.836s] [01m[K/home/matylda-hayne/mtrx3760_p2/MTRX3760_PROJECT_2/ros2_ws/src/user_interface/src/user_interface.cpp:670:67:[m[K [01;36m[Knote: [m[Kthe lambda has no capture-default
[2.836s]   670 |                             client_->async_send_request(req, [this[01;36m[K][m[K(RobotTypeClient::SharedFuture f)
[2.836s]       |                                                                   [01;36m[K^[m[K
[2.836s] [01m[K/home/matylda-hayne/mtrx3760_p2/MTRX3760_PROJECT_2/ros2_ws/src/user_interface/src/user_interface.cpp:366:27:[m[K [01;36m[Knote: [m[Kâ€˜[01m[K<typeprefixerror>node_[m[Kâ€™ declared here
[2.836s]   366 |         rclcpp::spin_some([01;36m[Knode_[m[K);
[2.836s]       |                           [01;36m[K^~~~~[m[K
[2.861s] [01m[K/home/matylda-hayne/mtrx3760_p2/MTRX3760_PROJECT_2/ros2_ws/src/user_interface/src/user_interface.cpp:676:37:[m[K [01;31m[Kerror: [m[Kâ€˜[01m[Ksequence_number_[m[Kâ€™ was not declared in this scope
[2.861s]   676 |                                     [01;31m[Ksequence_number_[m[K++;
[2.861s]       |                                     [01;31m[K^~~~~~~~~~~~~~~~[m[K
[2.861s] [01m[K/home/matylda-hayne/mtrx3760_p2/MTRX3760_PROJECT_2/ros2_ws/src/user_interface/src/user_interface.cpp:680:37:[m[K [01;31m[Kerror: [m[Ktemplate argument 1 is invalid
[2.861s]   680 |                                     [01;31m[KRCLCPP_WARN[m[K(node_->get_logger(), "yaml-based request failed");
[2.861s]       |                                     [01;31m[K^~~~~~~~~~~[m[K
[2.862s] [01m[K/home/matylda-hayne/mtrx3760_p2/MTRX3760_PROJECT_2/ros2_ws/src/user_interface/src/user_interface.cpp:680:37:[m[K [01;31m[Kerror: [m[Ktemplate argument 1 is invalid
[2.862s]   680 |                                     [01;31m[KRCLCPP_WARN[m[K(node_->get_logger(), "yaml-based request failed");
[2.862s]       |                                     [01;31m[K^~~~~~~~~~~[m[K
[2.862s] [01m[K/home/matylda-hayne/mtrx3760_p2/MTRX3760_PROJECT_2/ros2_ws/src/user_interface/src/user_interface.cpp:680:37:[m[K [01;31m[Kerror: [m[Ktemplate argument 1 is invalid
[2.862s]   680 |                                     [01;31m[KRCLCPP_WARN[m[K(node_->get_logger(), "yaml-based request failed");
[2.862s]       |                                     [01;31m[K^~~~~~~~~~~[m[K
[2.862s] [01m[K/home/matylda-hayne/mtrx3760_p2/MTRX3760_PROJECT_2/ros2_ws/src/user_interface/src/user_interface.cpp:680:49:[m[K [01;31m[Kerror: [m[Kâ€˜[01m[Knode_[m[Kâ€™ is not captured
[2.862s]   680 |                                     RCLCPP_WARN([01;31m[Knode_[m[K->get_logger(), "yaml-based request failed");
[2.862s]       |                                                 [01;31m[K^~~~~[m[K
[2.862s] [01m[K/home/matylda-hayne/mtrx3760_p2/MTRX3760_PROJECT_2/ros2_ws/src/user_interface/src/user_interface.cpp:670:67:[m[K [01;36m[Knote: [m[Kthe lambda has no capture-default
[2.862s]   670 |                             client_->async_send_request(req, [this[01;36m[K][m[K(RobotTypeClient::SharedFuture f)
[2.862s]       |                                                                   [01;36m[K^[m[K
[2.863s] [01m[K/home/matylda-hayne/mtrx3760_p2/MTRX3760_PROJECT_2/ros2_ws/src/user_interface/src/user_interface.cpp:366:27:[m[K [01;36m[Knote: [m[Kâ€˜[01m[K<typeprefixerror>node_[m[Kâ€™ declared here
[2.863s]   366 |         rclcpp::spin_some([01;36m[Knode_[m[K);
[2.863s]       |                           [01;36m[K^~~~~[m[K
[2.863s] [01m[K/home/matylda-hayne/mtrx3760_p2/MTRX3760_PROJECT_2/ros2_ws/src/user_interface/src/user_interface.cpp:680:49:[m[K [01;31m[Kerror: [m[Kâ€˜[01m[Knode_[m[Kâ€™ is not captured
[2.863s]   680 |                                     RCLCPP_WARN([01;31m[Knode_[m[K->get_logger(), "yaml-based request failed");
[2.863s]       |                                                 [01;31m[K^~~~~[m[K
[2.863s] [01m[K/home/matylda-hayne/mtrx3760_p2/MTRX3760_PROJECT_2/ros2_ws/src/user_interface/src/user_interface.cpp:670:67:[m[K [01;36m[Knote: [m[Kthe lambda has no capture-default
[2.863s]   670 |                             client_->async_send_request(req, [this[01;36m[K][m[K(RobotTypeClient::SharedFuture f)
[2.863s]       |                                                                   [01;36m[K^[m[K
[2.863s] [01m[K/home/matylda-hayne/mtrx3760_p2/MTRX3760_PROJECT_2/ros2_ws/src/user_interface/src/user_interface.cpp:366:27:[m[K [01;36m[Knote: [m[Kâ€˜[01m[K<typeprefixerror>node_[m[Kâ€™ declared here
[2.863s]   366 |         rclcpp::spin_some([01;36m[Knode_[m[K);
[2.863s]       |                           [01;36m[K^~~~~[m[K
[2.888s] [01m[K/home/matylda-hayne/mtrx3760_p2/MTRX3760_PROJECT_2/ros2_ws/src/user_interface/src/user_interface.cpp:[m[K In member function â€˜[01m[Kvoid UserInterface::[01;32m[KRun[m[K()[m[Kâ€™:
[2.888s] [01m[K/home/matylda-hayne/mtrx3760_p2/MTRX3760_PROJECT_2/ros2_ws/src/user_interface/src/user_interface.cpp:693:21:[m[K [01;31m[Kerror: [m[Kâ€˜[01m[Kmini_italic_font_[m[Kâ€™ was not declared in this scope
[2.888s]   693 |                 if ([01;31m[Kmini_italic_font_[m[K)
[2.888s]       |                     [01;31m[K^~~~~~~~~~~~~~~~~[m[K
[2.904s] [01m[K/home/matylda-hayne/mtrx3760_p2/MTRX3760_PROJECT_2/ros2_ws/src/user_interface/src/user_interface.cpp:695:92:[m[K [01;31m[Kerror: [m[Kâ€˜[01m[Kcurrent_type_[m[Kâ€™ was not declared in this scope; did you mean â€˜[01m[Kcurrent_index[m[Kâ€™?
[2.904s]   695 |                 ImVec2 ts = ImGui::CalcTextSize("Current type: %s  ~  Your selection: %s", [01;31m[Kcurrent_type_[m[K.c_str(), items[current_item]);
[2.904s]       |                                                                                            [01;31m[K^~~~~~~~~~~~~[m[K
[2.904s]       |                                                                                            [32m[Kcurrent_index[m[K
[2.938s] [01m[K/home/matylda-hayne/mtrx3760_p2/MTRX3760_PROJECT_2/ros2_ws/src/user_interface/src/user_interface.cpp:699:21:[m[K [01;31m[Kerror: [m[Kâ€˜[01m[Kmini_italic_font_[m[Kâ€™ was not declared in this scope
[2.938s]   699 |                 if ([01;31m[Kmini_italic_font_[m[K)
[2.938s]       |                     [01;31m[K^~~~~~~~~~~~~~~~~[m[K
[2.960s] [01m[K/home/matylda-hayne/mtrx3760_p2/MTRX3760_PROJECT_2/ros2_ws/src/user_interface/src/user_interface.cpp:714:21:[m[K [01;31m[Kerror: [m[Kâ€˜[01m[Kmedium_font_[m[Kâ€™ was not declared in this scope
[2.960s]   714 |                 if ([01;31m[Kmedium_font_[m[K)
[2.960s]       |                     [01;31m[K^~~~~~~~~~~~[m[K
[2.981s] [01m[K/home/matylda-hayne/mtrx3760_p2/MTRX3760_PROJECT_2/ros2_ws/src/user_interface/src/user_interface.cpp:720:21:[m[K [01;31m[Kerror: [m[Kâ€˜[01m[Kmedium_font_[m[Kâ€™ was not declared in this scope
[2.981s]   720 |                 if ([01;31m[Kmedium_font_[m[K)
[2.981s]       |                     [01;31m[K^~~~~~~~~~~~[m[K
[2.996s] [01m[K/home/matylda-hayne/mtrx3760_p2/MTRX3760_PROJECT_2/ros2_ws/src/user_interface/src/user_interface.cpp:723:21:[m[K [01;31m[Kerror: [m[Kâ€˜[01m[Kmap_texture_[m[Kâ€™ was not declared in this scope
[2.997s]   723 |                 if ([01;31m[Kmap_texture_[m[K != 0)
[2.997s]       |                     [01;31m[K^~~~~~~~~~~~[m[K
[3.007s] [01m[K/home/matylda-hayne/mtrx3760_p2/MTRX3760_PROJECT_2/ros2_ws/src/user_interface/src/user_interface.cpp:726:36:[m[K [01;31m[Kerror: [m[Kâ€˜[01m[Kmap_w_[m[Kâ€™ was not declared in this scope; did you mean â€˜[01m[Kmax_w[m[Kâ€™?
[3.007s]   726 |                     float draw_w = [01;31m[Kmap_w_[m[K * 5.0f;
[3.007s]       |                                    [01;31m[K^~~~~~[m[K
[3.007s]       |                                    [32m[Kmax_w[m[K
[3.017s] [01m[K/home/matylda-hayne/mtrx3760_p2/MTRX3760_PROJECT_2/ros2_ws/src/user_interface/src/user_interface.cpp:727:36:[m[K [01;31m[Kerror: [m[Kâ€˜[01m[Kmap_h_[m[Kâ€™ was not declared in this scope
[3.017s]   727 |                     float draw_h = [01;31m[Kmap_h_[m[K * 5.0f;
[3.017s]       |                                    [01;31m[K^~~~~~[m[K
[3.032s] [01m[K/home/matylda-hayne/mtrx3760_p2/MTRX3760_PROJECT_2/ros2_ws/src/user_interface/src/user_interface.cpp:756:34:[m[K [01;31m[Kerror: [m[Kâ€˜[01m[Kmap_data_[m[Kâ€™ was not declared in this scope
[3.032s]   756 |                             if (![01;31m[Kmap_data_[m[K.empty())
[3.032s]       |                                  [01;31m[K^~~~~~~~~[m[K
[3.050s] [01m[K/home/matylda-hayne/mtrx3760_p2/MTRX3760_PROJECT_2/ros2_ws/src/user_interface/src/user_interface.cpp:761:37:[m[K [01;31m[Kerror: [m[Kâ€˜[01m[Kmap_markers_[m[Kâ€™ was not declared in this scope
[3.050s]   761 |                                     [01;31m[Kmap_markers_[m[K.clear();
[3.050s]       |                                     [01;31m[K^~~~~~~~~~~~[m[K
[3.068s] [01m[K/home/matylda-hayne/mtrx3760_p2/MTRX3760_PROJECT_2/ros2_ws/src/user_interface/src/user_interface.cpp:764:37:[m[K [01;31m[Kerror: [m[Kâ€˜[01m[Klast_world_x_[m[Kâ€™ was not declared in this scope
[3.068s]   764 |                                     [01;31m[Klast_world_x_[m[K = map_origin_[0] + (px * map_resolution_);
[3.069s]       |                                     [01;31m[K^~~~~~~~~~~~~[m[K
[3.081s] [01m[K/home/matylda-hayne/mtrx3760_p2/MTRX3760_PROJECT_2/ros2_ws/src/user_interface/src/user_interface.cpp:764:53:[m[K [01;31m[Kerror: [m[Kâ€˜[01m[Kmap_origin_[m[Kâ€™ was not declared in this scope; did you mean â€˜[01m[Kmap_region_w[m[Kâ€™?
[3.081s]   764 |                                     last_world_x_ = [01;31m[Kmap_origin_[m[K[0] + (px * map_resolution_);
[3.081s]       |                                                     [01;31m[K^~~~~~~~~~~[m[K
[3.081s]       |                                                     [32m[Kmap_region_w[m[K
[3.100s] [01m[K/home/matylda-hayne/mtrx3760_p2/MTRX3760_PROJECT_2/ros2_ws/src/user_interface/src/user_interface.cpp:764:76:[m[K [01;31m[Kerror: [m[Kâ€˜[01m[Kmap_resolution_[m[Kâ€™ was not declared in this scope
[3.101s]   764 |                                     last_world_x_ = map_origin_[0] + (px * [01;31m[Kmap_resolution_[m[K);
[3.101s]       |                                                                            [01;31m[K^~~~~~~~~~~~~~~[m[K
[3.120s] [01m[K/home/matylda-hayne/mtrx3760_p2/MTRX3760_PROJECT_2/ros2_ws/src/user_interface/src/user_interface.cpp:765:37:[m[K [01;31m[Kerror: [m[Kâ€˜[01m[Klast_world_y_[m[Kâ€™ was not declared in this scope
[3.120s]   765 |                                     [01;31m[Klast_world_y_[m[K = map_origin_[1] + ((map_h_ - py) * map_resolution_);
[3.120s]       |                                     [01;31m[K^~~~~~~~~~~~~[m[K
[3.135s] [01m[K/home/matylda-hayne/mtrx3760_p2/MTRX3760_PROJECT_2/ros2_ws/src/user_interface/src/user_interface.cpp:766:37:[m[K [01;31m[Kerror: [m[Kâ€˜[01m[Khas_click_[m[Kâ€™ was not declared in this scope
[3.135s]   766 |                                     [01;31m[Khas_click_[m[K = true;
[3.135s]       |                                     [01;31m[K^~~~~~~~~~[m[K
[3.154s] [01m[K/home/matylda-hayne/mtrx3760_p2/MTRX3760_PROJECT_2/ros2_ws/src/user_interface/src/user_interface.cpp:776:37:[m[K [01;31m[Kerror: [m[Kâ€˜[01m[Kmap_markers_[m[Kâ€™ was not declared in this scope
[3.154s]   776 |                     for (auto &pt : [01;31m[Kmap_markers_[m[K)
[3.154s]       |                                     [01;31m[K^~~~~~~~~~~~[m[K
[3.173s] [01m[K/home/matylda-hayne/mtrx3760_p2/MTRX3760_PROJECT_2/ros2_ws/src/user_interface/src/user_interface.cpp:788:25:[m[K [01;31m[Kerror: [m[Kâ€˜[01m[Kmap_markers_[m[Kâ€™ was not declared in this scope
[3.173s]   788 |                         [01;31m[Kmap_markers_[m[K.clear();
[3.173s]       |                         [01;31m[K^~~~~~~~~~~~[m[K
[3.185s] [01m[K/home/matylda-hayne/mtrx3760_p2/MTRX3760_PROJECT_2/ros2_ws/src/user_interface/src/user_interface.cpp:789:25:[m[K [01;31m[Kerror: [m[Kâ€˜[01m[Khas_click_[m[Kâ€™ was not declared in this scope
[3.185s]   789 |                         [01;31m[Khas_click_[m[K = false;
[3.186s]       |                         [01;31m[K^~~~~~~~~~[m[K
[3.212s] [01m[K/home/matylda-hayne/mtrx3760_p2/MTRX3760_PROJECT_2/ros2_ws/src/user_interface/src/user_interface.cpp:792:26:[m[K [01;31m[Kerror: [m[Kâ€˜[01m[Kflagged_startup_[m[Kâ€™ was not declared in this scope
[3.212s]   792 |                 else if ([01;31m[Kflagged_startup_[m[K)
[3.212s]       |                          [01;31m[K^~~~~~~~~~~~~~~~[m[K
[3.246s] [01m[K/home/matylda-hayne/mtrx3760_p2/MTRX3760_PROJECT_2/ros2_ws/src/user_interface/src/user_interface.cpp:812:43:[m[K [01;31m[Kerror: [m[Kâ€˜[01m[Kpackage_share_dir_[m[Kâ€™ was not declared in this scope
[3.246s]   812 |                 std::string defect_yaml = [01;31m[Kpackage_share_dir_[m[K + "/resources/defect_log.yaml";
[3.246s]       |                                           [01;31m[K^~~~~~~~~~~~~~~~~~[m[K
[3.261s] [01m[K/home/matylda-hayne/mtrx3760_p2/MTRX3760_PROJECT_2/ros2_ws/src/user_interface/src/user_interface.cpp:819:37:[m[K [01;31m[Kerror: [m[Kâ€˜[01m[Kmini_font_[m[Kâ€™ was not declared in this scope
[3.261s]   819 |                     ImGui::PushFont([01;31m[Kmini_font_[m[K);
[3.261s]       |                                     [01;31m[K^~~~~~~~~~[m[K
[3.275s] [01m[K/home/matylda-hayne/mtrx3760_p2/MTRX3760_PROJECT_2/ros2_ws/src/user_interface/src/user_interface.cpp:846:37:[m[K [01;31m[Kerror: [m[Kâ€˜[01m[Kmini_font_[m[Kâ€™ was not declared in this scope
[3.275s]   846 |                     ImGui::PushFont([01;31m[Kmini_font_[m[K);
[3.275s]       |                                     [01;31m[K^~~~~~~~~~[m[K
[3.276s] [01m[K/home/matylda-hayne/mtrx3760_p2/MTRX3760_PROJECT_2/ros2_ws/src/user_interface/src/user_interface.cpp:899:12:[m[K [01;31m[Kerror: [m[Kreturn-statement with a value, in function returning â€˜[01m[Kvoid[m[Kâ€™ [[01;31m[K]8;;https://gcc.gnu.org/onlinedocs/gcc/Warning-Options.html#index-fpermissive-fpermissive]8;;[m[K]
[3.276s]   899 |     return [01;31m[K0[m[K;
[3.276s]       |            [01;31m[K^[m[K
[3.487s] In file included from [01m[K/usr/include/yaml-cpp/yaml.h:17[m[K,
[3.487s]                  from [01m[K/home/matylda-hayne/mtrx3760_p2/MTRX3760_PROJECT_2/ros2_ws/src/user_interface/include/user_interface/user_interface.hpp:13[m[K:
[3.487s] /usr/include/yaml-cpp/node/impl.h: In instantiation of â€˜[01m[Kvoid YAML::Node::[01;32m[KAssign[m[K(const T&) [35m[K[with T = YAML::detail::iterator_value][m[K[m[Kâ€™:
[3.487s] [01m[K/usr/include/yaml-cpp/node/impl.h:205:9:[m[K   required from â€˜[01m[KYAML::Node& YAML::Node::[01;32m[Koperator=[m[K(const T&) [35m[K[with T = YAML::detail::iterator_value][m[K[m[Kâ€™
[3.487s] [01m[K/home/matylda-hayne/mtrx3760_p2/MTRX3760_PROJECT_2/ros2_ws/src/user_interface/src/user_interface.cpp:648:42:[m[K   required from here
[3.487s] [01m[K/usr/include/yaml-cpp/node/impl.h:227:32:[m[K [01;31m[Kerror: [m[Kincomplete type â€˜[01m[KYAML::convert<YAML::detail::iterator_value>[m[Kâ€™ used in nested name specifier
[3.487s]   227 |   AssignData([01;31m[Kconvert<T>::encode(rhs)[m[K);
[3.487s]       |              [01;31m[K~~~~~~~~~~~~~~~~~~^~~~~[m[K
[3.943s] [01m[K/home/matylda-hayne/mtrx3760_p2/MTRX3760_PROJECT_2/ros2_ws/src/user_interface/src/user_interface.cpp:[m[K At global scope:
[3.943s] [01m[K/home/matylda-hayne/mtrx3760_p2/MTRX3760_PROJECT_2/ros2_ws/src/user_interface/src/user_interface.cpp:119:34:[m[K [01;35m[Kwarning: [m[Kâ€˜[01m[Kstd::vector<const char*>[01;32m[K getIndexesFromYaml[m[K(const std::string&, std::vector<std::__cxx11::basic_string<char>, std::allocator<std::__cxx11::basic_string<char> > >&)[m[Kâ€™ defined but not used [[01;35m[K]8;;https://gcc.gnu.org/onlinedocs/gcc/Warning-Options.html#index-Wunused-function-Wunused-function]8;;[m[K]
[3.943s]   119 | static std::vector<const char *> [01;35m[KgetIndexesFromYaml[m[K(const std::string &filename, std::vector<std::string> &tempStorage)
[3.943s]       |                                  [01;35m[K^~~~~~~~~~~~~~~~~~[m[K
[3.943s] [01m[K/home/matylda-hayne/mtrx3760_p2/MTRX3760_PROJECT_2/ros2_ws/src/user_interface/src/user_interface.cpp:93:35:[m[K [01;35m[Kwarning: [m[Kâ€˜[01m[Kstd::vector<unsigned char, std::allocator<unsigned char> >[01;32m[K loadPGM[m[K(const std::string&, int&, int&)[m[Kâ€™ defined but not used [[01;35m[K]8;;https://gcc.gnu.org/onlinedocs/gcc/Warning-Options.html#index-Wunused-function-Wunused-function]8;;[m[K]
[3.943s]    93 | static std::vector<unsigned char> [01;35m[KloadPGM[m[K(const std::string &filename, int &width, int &height)
[3.943s]       |                                   [01;35m[K^~~~~~~[m[K
[3.943s] [01m[K/home/matylda-hayne/mtrx3760_p2/MTRX3760_PROJECT_2/ros2_ws/src/user_interface/src/user_interface.cpp:81:13:[m[K [01;35m[Kwarning: [m[Kâ€˜[01m[Kbool[01;32m[K ConvertPGMToPNG[m[K(const std::string&, const std::string&)[m[Kâ€™ defined but not used [[01;35m[K]8;;https://gcc.gnu.org/onlinedocs/gcc/Warning-Options.html#index-Wunused-function-Wunused-function]8;;[m[K]
[3.943s]    81 | static bool [01;35m[KConvertPGMToPNG[m[K(const std::string &pgm_path, const std::string &png_path)
[3.943s]       |             [01;35m[K^~~~~~~~~~~~~~~[m[K
[3.943s] [01m[K/home/matylda-hayne/mtrx3760_p2/MTRX3760_PROJECT_2/ros2_ws/src/user_interface/src/user_interface.cpp:55:13:[m[K [01;35m[Kwarning: [m[Kâ€˜[01m[Kbool[01;32m[K LoadTextureFromFile[m[K(const char*, GLuint*, int*, int*)[m[Kâ€™ defined but not used [[01;35m[K]8;;https://gcc.gnu.org/onlinedocs/gcc/Warning-Options.html#index-Wunused-function-Wunused-function]8;;[m[K]
[3.944s]    55 | static bool [01;35m[KLoadTextureFromFile[m[K(const char *filename, GLuint *out_texture, int *out_width, int *out_height)
[3.944s]       |             [01;35m[K^~~~~~~~~~~~~~~~~~~[m[K
[3.971s] gmake[2]: *** [CMakeFiles/user_interface_lib.dir/build.make:76: CMakeFiles/user_interface_lib.dir/src/user_interface.cpp.o] Error 1
[3.971s] gmake[1]: *** [CMakeFiles/Makefile2:139: CMakeFiles/user_interface_lib.dir/all] Error 2
[3.971s] gmake: *** [Makefile:146: all] Error 2
[3.974s] Invoked command in '/home/matylda-hayne/mtrx3760_p2/MTRX3760_PROJECT_2/build/user_interface' returned '2': CMAKE_PREFIX_PATH=/home/matylda-hayne/mtrx3760_p2/MTRX3760_PROJECT_2/install/shared_interfaces:/home/matylda-hayne/mtrx3760_p2/MTRX3760_PROJECT_2/install/user_interface:/home/matylda-hayne/mtrx3760_p2/MTRX3760_PROJECT_2/install/robot:/home/matylda-hayne/turtlebot3_ws/install/turtlebot3:/home/matylda-hayne/turtlebot3_ws/install/turtlebot3_simulations:/home/matylda-hayne/turtlebot3_ws/install/turtlebot3_bringup:/home/matylda-hayne/turtlebot3_ws/install/turtlebot3_node:/home/matylda-hayne/turtlebot3_ws/install/turtlebot3_navigation2:/home/matylda-hayne/turtlebot3_ws/install/turtlebot3_fake_node:/home/matylda-hayne/turtlebot3_ws/install/turtlebot3_msgs:/home/matylda-hayne/turtlebot3_ws/install/turtlebot3_gazebo:/home/matylda-hayne/turtlebot3_ws/install/turtlebot3_description:/home/matylda-hayne/turtlebot3_ws/install/turtlebot3_cartographer:/home/matylda-hayne/turtlebot3_ws/install/dynamixel_sdk_examples:/home/matylda-hayne/turtlebot3_ws/install/dynamixel_sdk_custom_interfaces:/home/matylda-hayne/turtlebot3_ws/install/dynamixel_sdk:/home/matylda-hayne/install/turtlebot_maze_solver:/home/matylda-hayne/install/polygon_plugins:/home/matylda-hayne/install/polygon_base:/home/matylda-hayne/mtrx3760_ws/install/turtlebot_maze_solver:/opt/ros/jazzy/opt/gz_sim_vendor:/opt/ros/jazzy/opt/gz_sensors_vendor:/opt/ros/jazzy/opt/gz_physics_vendor:/opt/ros/jazzy/opt/sdformat_vendor:/opt/ros/jazzy/opt/gz_gui_vendor:/opt/ros/jazzy/opt/gz_transport_vendor:/opt/ros/jazzy/opt/gz_rendering_vendor:/opt/ros/jazzy/opt/gz_plugin_vendor:/opt/ros/jazzy/opt/gz_fuel_tools_vendor:/opt/ros/jazzy/opt/gz_msgs_vendor:/opt/ros/jazzy/opt/gz_common_vendor:/opt/ros/jazzy/opt/gz_math_vendor:/opt/ros/jazzy/opt/gz_utils_vendor:/opt/ros/jazzy/opt/gz_tools_vendor:/opt/ros/jazzy/opt/gz_ogre_next_vendor:/opt/ros/jazzy/opt/gz_dartsim_vendor:/opt/ros/jazzy/opt/gz_cmake_vendor:/home/matylda-hayne/turtlebot3_ws/install/turtlebot3_teleop:/home/matylda-hayne/turtlebot3_ws/install/turtlebot3_example:/opt/ros/jazzy DEBUGINFOD_URLS=https://debuginfod.ubuntu.com /usr/bin/cmake --build /home/matylda-hayne/mtrx3760_p2/MTRX3760_PROJECT_2/build/user_interface -- -j20 -l20
