[0.009s] Invoking command in '/home/matylda-hayne/mtrx3760_p2/MTRX3760_PROJECT_2/build/robot': CMAKE_PREFIX_PATH=${CMAKE_PREFIX_PATH}:/home/matylda-hayne/turtlebot3_ws/install/turtlebot3_teleop:/home/matylda-hayne/turtlebot3_ws/install/turtlebot3_example:/opt/ros/jazzy DEBUGINFOD_URLS=https://debuginfod.ubuntu.com /usr/bin/cmake --build /home/matylda-hayne/mtrx3760_p2/MTRX3760_PROJECT_2/build/robot -- -j20 -l20
[0.034s] -- Found ament_cmake: 2.5.4 (/opt/ros/jazzy/share/ament_cmake/cmake)
[0.203s] -- Found rclcpp: 28.1.11 (/opt/ros/jazzy/share/rclcpp/cmake)
[0.221s] -- Found rosidl_generator_c: 4.6.6 (/opt/ros/jazzy/share/rosidl_generator_c/cmake)
[0.228s] -- Found rosidl_generator_cpp: 4.6.6 (/opt/ros/jazzy/share/rosidl_generator_cpp/cmake)
[0.235s] -- Using all available rosidl_typesupport_c: rosidl_typesupport_fastrtps_c;rosidl_typesupport_introspection_c
[0.243s] -- Using all available rosidl_typesupport_cpp: rosidl_typesupport_fastrtps_cpp;rosidl_typesupport_introspection_cpp
[0.279s] -- Found rmw_implementation_cmake: 7.3.2 (/opt/ros/jazzy/share/rmw_implementation_cmake/cmake)
[0.280s] -- Found rmw_fastrtps_cpp: 8.4.3 (/opt/ros/jazzy/share/rmw_fastrtps_cpp/cmake)
[0.337s] -- Using RMW implementation 'rmw_fastrtps_cpp' as default
[0.377s] -- Found std_msgs: 5.3.6 (/opt/ros/jazzy/share/std_msgs/cmake)
[0.384s] -- Found example_interfaces: 0.12.0 (/opt/ros/jazzy/share/example_interfaces/cmake)
[0.416s] -- Found geometry_msgs: 5.3.6 (/opt/ros/jazzy/share/geometry_msgs/cmake)
[0.426s] -- Found nav_msgs: 5.3.6 (/opt/ros/jazzy/share/nav_msgs/cmake)
[0.443s] -- Found rosidl_default_generators: 1.6.0 (/opt/ros/jazzy/share/rosidl_default_generators/cmake)
[0.449s] -- Found rosidl_adapter: 4.6.6 (/opt/ros/jazzy/share/rosidl_adapter/cmake)
[0.461s] [33mCMake Warning (dev) at /usr/share/cmake-3.28/Modules/FindOpenGL.cmake:381 (message):
[0.461s]   Policy CMP0072 is not set: FindOpenGL prefers GLVND by default when
[0.461s]   available.  Run "cmake --help-policy CMP0072" for policy details.  Use the
[0.461s]   cmake_policy command to set the policy and suppress this warning.
[0.461s] 
[0.461s]   FindOpenGL found both a legacy GL library:
[0.461s] 
[0.461s]     OPENGL_gl_LIBRARY: /usr/lib/x86_64-linux-gnu/libGL.so
[0.461s] 
[0.461s]   and GLVND libraries for OpenGL and GLX:
[0.461s] 
[0.461s]     OPENGL_opengl_LIBRARY: /usr/lib/x86_64-linux-gnu/libOpenGL.so
[0.461s]     OPENGL_glx_LIBRARY: /usr/lib/x86_64-linux-gnu/libGLX.so
[0.461s] 
[0.461s]   OpenGL_GL_PREFERENCE has not been set to "GLVND" or "LEGACY", so for
[0.461s]   compatibility with CMake 3.10 and below the legacy GL library will be used.
[0.461s] Call Stack (most recent call first):
[0.461s]   CMakeLists.txt:18 (find_package)
[0.461s] This warning is for project developers.  Use -Wno-dev to suppress it.
[0.461s] [0m
[0.461s] -- Found OpenGL: /usr/lib/x86_64-linux-gnu/libOpenGL.so   
[0.461s] -- Found ament_lint_auto: 0.17.3 (/opt/ros/jazzy/share/ament_lint_auto/cmake)
[0.556s] -- Added test 'cppcheck' to perform static code analysis on C / C++ code
[0.556s] -- Configured cppcheck include dirs: $<BUILD_INTERFACE:/home/matylda-hayne/mtrx3760_p2/MTRX3760_PROJECT_2/ros2_ws/src/robot/include>;/home/matylda-hayne/mtrx3760_p2/MTRX3760_PROJECT_2/ros2_ws/src/robot/vendor/imgui;/home/matylda-hayne/mtrx3760_p2/MTRX3760_PROJECT_2/ros2_ws/src/robot/vendor/imgui/backends;/home/matylda-hayne/mtrx3760_p2/MTRX3760_PROJECT_2/ros2_ws/src/robot/vendor
[0.556s] -- Configured cppcheck exclude dirs and/or files: 
[0.560s] -- Added test 'flake8' to check Python code syntax and style conventions
[0.560s] -- Configured 'flake8' exclude dirs and/or files: 
[0.567s] -- Added test 'lint_cmake' to check CMake code style
[0.570s] -- Added test 'pep257' to check Python code against some of the docstring style conventions in PEP 257
[0.597s] -- Added test 'uncrustify' to check C / C++ code style
[0.597s] -- Configured uncrustify additional arguments: 
[0.600s] -- Added test 'xmllint' to check XML markup files
[0.601s] -- Configuring done (0.6s)
[0.611s] -- Generating done (0.0s)
[0.614s] -- Build files have been written to: /home/matylda-hayne/mtrx3760_p2/MTRX3760_PROJECT_2/build/robot
[0.652s] [ 10%] [32mBuilding CXX object CMakeFiles/robot_gui.dir/src/robot_gui.cpp.o[0m
[0.652s] [ 20%] [32mBuilding CXX object CMakeFiles/robot_gui.dir/vendor/imgui/backends/imgui_impl_glfw.cpp.o[0m
[0.655s] [ 50%] Built target robot_node
[0.664s] [01m[K/home/matylda-hayne/mtrx3760_p2/MTRX3760_PROJECT_2/ros2_ws/src/robot/src/robot_gui.cpp:4:10:[m[K [01;31m[Kfatal error: [m[KGLFW/glfw3.h: No such file or directory
[0.664s]     4 | #include [01;31m[K<GLFW/glfw3.h>[m[K
[0.664s]       |          [01;31m[K^~~~~~~~~~~~~~[m[K
[0.664s] compilation terminated.
[0.665s] gmake[2]: *** [CMakeFiles/robot_gui.dir/build.make:76: CMakeFiles/robot_gui.dir/src/robot_gui.cpp.o] Error 1
[0.665s] gmake[2]: *** Waiting for unfinished jobs....
[0.665s] [01m[K/home/matylda-hayne/mtrx3760_p2/MTRX3760_PROJECT_2/ros2_ws/src/robot/vendor/imgui/backends/imgui_impl_glfw.cpp:113:10:[m[K [01;31m[Kfatal error: [m[KGLFW/glfw3.h: No such file or directory
[0.665s]   113 | #include [01;31m[K<GLFW/glfw3.h>[m[K
[0.665s]       |          [01;31m[K^~~~~~~~~~~~~~[m[K
[0.665s] compilation terminated.
[0.666s] gmake[2]: *** [CMakeFiles/robot_gui.dir/build.make:132: CMakeFiles/robot_gui.dir/vendor/imgui/backends/imgui_impl_glfw.cpp.o] Error 1
[0.666s] gmake[1]: *** [CMakeFiles/Makefile2:165: CMakeFiles/robot_gui.dir/all] Error 2
[0.666s] gmake: *** [Makefile:146: all] Error 2
[0.668s] Invoked command in '/home/matylda-hayne/mtrx3760_p2/MTRX3760_PROJECT_2/build/robot' returned '2': CMAKE_PREFIX_PATH=${CMAKE_PREFIX_PATH}:/home/matylda-hayne/turtlebot3_ws/install/turtlebot3_teleop:/home/matylda-hayne/turtlebot3_ws/install/turtlebot3_example:/opt/ros/jazzy DEBUGINFOD_URLS=https://debuginfod.ubuntu.com /usr/bin/cmake --build /home/matylda-hayne/mtrx3760_p2/MTRX3760_PROJECT_2/build/robot -- -j20 -l20
